============================= test session starts ==============================
platform linux -- Python 3.12.3, pytest-8.4.1, pluggy-1.6.0 -- /opt/venv/bin/python
cachedir: .pytest_cache
metadata: {'Python': '3.12.3', 'Platform': 'Linux-5.15.0-1084-aws-x86_64-with-glibc2.39', 'Packages': {'pytest': '8.4.1', 'pluggy': '1.6.0'}, 'Plugins': {'json-report': '1.5.0', 'cov': '6.2.1', 'metadata': '3.1.1', 'durations': '1.5.2'}}
rootdir: /workspace/repo
configfile: pyproject.toml
testpaths: tests
plugins: json-report-1.5.0, cov-6.2.1, metadata-3.1.1, durations-1.5.2
collecting ... collected 778 items

tests/batchsolving/arrays/test_basearraymanager.py::TestArrayContainer::test_attach_existing_label PASSED
tests/batchsolving/arrays/test_basearraymanager.py::TestArrayContainer::test_attach_nonexistent_label PASSED
tests/batchsolving/arrays/test_basearraymanager.py::TestArrayContainer::test_delete_existing_label PASSED
tests/batchsolving/arrays/test_basearraymanager.py::TestArrayContainer::test_delete_nonexistent_label PASSED
tests/batchsolving/arrays/test_basearraymanager.py::TestArrayContainer::test_delete_all PASSED
tests/batchsolving/arrays/test_basearraymanager.py::TestBaseArrayManager::test_initialization PASSED
tests/batchsolving/arrays/test_basearraymanager.py::TestBaseArrayManager::test_register_with_memory_manager PASSED
tests/batchsolving/arrays/test_basearraymanager.py::TestBaseArrayManager::test_on_allocation_complete PASSED
tests/batchsolving/arrays/test_basearraymanager.py::TestBaseArrayManager::test_request_allocation_single_force PASSED
tests/batchsolving/arrays/test_basearraymanager.py::TestBaseArrayManager::test_request_allocation_group_force PASSED
tests/batchsolving/arrays/test_basearraymanager.py::TestBaseArrayManager::test_request_allocation_auto_single PASSED
tests/batchsolving/arrays/test_basearraymanager.py::TestBaseArrayManager::test_request_allocation_auto_group PASSED
tests/batchsolving/arrays/test_basearraymanager.py::TestBaseArrayManager::test_invalidate_hook_functionality PASSED
tests/batchsolving/arrays/test_basearraymanager.py::TestBaseArrayManager::test_arrays_equal_both_none PASSED
tests/batchsolving/arrays/test_basearraymanager.py::TestBaseArrayManager::test_arrays_equal_one_none PASSED
tests/batchsolving/arrays/test_basearraymanager.py::TestBaseArrayManager::test_arrays_equal_same_arrays PASSED
tests/batchsolving/arrays/test_basearraymanager.py::TestBaseArrayManager::test_arrays_equal_different_arrays PASSED
tests/batchsolving/arrays/test_basearraymanager.py::TestBaseArrayManager::test_update_host_array_no_change PASSED
tests/batchsolving/arrays/test_basearraymanager.py::TestBaseArrayManager::test_update_host_array_shape_change PASSED
tests/batchsolving/arrays/test_basearraymanager.py::TestBaseArrayManager::test_update_host_array_zero_shape PASSED
tests/batchsolving/arrays/test_basearraymanager.py::TestBaseArrayManager::test_update_host_array_value_change PASSED
tests/batchsolving/arrays/test_basearraymanager.py::TestBaseArrayManager::test_chunk_placeholders PASSED
tests/batchsolving/arrays/test_basearraymanager.py::TestBaseArrayManager::test_initialize_device_zeros PASSED
tests/batchsolving/arrays/test_basearraymanager.py::TestCheckSizesAndTypes::test_check_type_returns_dict PASSED
tests/batchsolving/arrays/test_basearraymanager.py::TestCheckSizesAndTypes::test_check_type_all_correct PASSED
tests/batchsolving/arrays/test_basearraymanager.py::TestCheckSizesAndTypes::test_check_type_with_none_arrays PASSED
tests/batchsolving/arrays/test_basearraymanager.py::TestCheckSizesAndTypes::test_check_sizes_returns_dict PASSED
tests/batchsolving/arrays/test_basearraymanager.py::TestCheckSizesAndTypes::test_check_sizes_correct_shapes PASSED
tests/batchsolving/arrays/test_basearraymanager.py::TestCheckSizesAndTypes::test_check_sizes_wrong_shapes PASSED
tests/batchsolving/arrays/test_basearraymanager.py::TestCheckSizesAndTypes::test_check_sizes_with_chunking PASSED
tests/batchsolving/arrays/test_basearraymanager.py::TestCheckSizesAndTypes::test_check_sizes_invalid_location PASSED
tests/batchsolving/arrays/test_basearraymanager.py::TestCheckIncomingArrays::test_check_incoming_arrays_all_pass PASSED
tests/batchsolving/arrays/test_basearraymanager.py::TestCheckIncomingArrays::test_check_incoming_arrays_size_fail PASSED
tests/batchsolving/arrays/test_basearraymanager.py::TestCheckIncomingArrays::test_check_incoming_arrays_type_fail PASSED
tests/batchsolving/arrays/test_basearraymanager.py::TestAttachExternalArrays::test_attach_external_arrays_success PASSED
tests/batchsolving/arrays/test_basearraymanager.py::TestAttachExternalArrays::test_attach_external_arrays_with_failures PASSED
tests/batchsolving/arrays/test_basearraymanager.py::TestUpdateHostArrays::test_update_host_arrays_success PASSED
tests/batchsolving/arrays/test_basearraymanager.py::TestUpdateHostArrays::test_update_host_arrays_shape_change PASSED
tests/batchsolving/arrays/test_basearraymanager.py::TestUpdateHostArrays::test_update_host_arrays_size_mismatch PASSED
tests/batchsolving/arrays/test_basearraymanager.py::TestUpdateHostArrays::test_update_host_arrays_nonexistent_array PASSED
tests/batchsolving/arrays/test_basearraymanager.py::TestUpdateHostArrays::test_update_host_arrays_no_change PASSED
tests/batchsolving/arrays/test_basearraymanager.py::TestUpdateSizes::test_update_sizes_success PASSED
tests/batchsolving/arrays/test_basearraymanager.py::TestUpdateSizes::test_update_sizes_wrong_type PASSED
tests/batchsolving/arrays/test_basearraymanager.py::TestMemoryManagerIntegration::test_memory_manager_registration PASSED
tests/batchsolving/arrays/test_basearraymanager.py::TestMemoryManagerIntegration::test_memory_manager_proportion_handling[arraytest_overrides0] PASSED
tests/batchsolving/arrays/test_basearraymanager.py::TestMemoryManagerIntegration::test_memory_manager_proportion_handling[arraytest_overrides1] PASSED
tests/batchsolving/arrays/test_basearraymanager.py::TestMemoryManagerIntegration::test_memory_manager_proportion_handling[arraytest_overrides2] PASSED
tests/batchsolving/arrays/test_basearraymanager.py::TestMemoryManagerIntegration::test_stream_group_management[arraytest_overrides0] PASSED
tests/batchsolving/arrays/test_basearraymanager.py::TestMemoryManagerIntegration::test_stream_group_management[arraytest_overrides1] PASSED
tests/batchsolving/arrays/test_basearraymanager.py::TestMemoryManagerIntegration::test_allocation_with_settings PASSED
tests/batchsolving/arrays/test_basearraymanager.py::test_array_manager_with_different_configs[arraytest_overrides0] PASSED
tests/batchsolving/arrays/test_basearraymanager.py::test_array_manager_with_different_configs[arraytest_overrides1] PASSED
tests/batchsolving/arrays/test_basearraymanager.py::test_array_manager_with_different_configs[arraytest_overrides2] PASSED
tests/batchsolving/arrays/test_basearraymanager.py::test_array_manager_with_different_configs[arraytest_overrides3] PASSED
tests/batchsolving/arrays/test_basearraymanager.py::test_allocation_response_matches_settings[arraytest_overrides0] PASSED
tests/batchsolving/arrays/test_basearraymanager.py::test_allocation_response_matches_settings[arraytest_overrides1] PASSED
tests/batchsolving/arrays/test_basearraymanager.py::test_memory_integration_with_settings[arraytest_overrides0] PASSED
tests/batchsolving/arrays/test_basearraymanager.py::test_memory_integration_with_settings[arraytest_overrides1] PASSED
tests/batchsolving/arrays/test_batchinputarrays.py::TestInputArrayContainer::test_container_arrays_after_init PASSED
tests/batchsolving/arrays/test_batchinputarrays.py::TestInputArrayContainer::test_container_stride_order PASSED
tests/batchsolving/arrays/test_batchinputarrays.py::TestInputArrayContainer::test_host_factory PASSED
tests/batchsolving/arrays/test_batchinputarrays.py::TestInputArrayContainer::test_device_factory PASSED
tests/batchsolving/arrays/test_batchinputarrays.py::TestInputArrays::test_initialization_container_types PASSED
tests/batchsolving/arrays/test_batchinputarrays.py::TestInputArrays::test_from_solver_factory PASSED
tests/batchsolving/arrays/test_batchinputarrays.py::TestInputArrays::test_allocation_and_getters_not_none PASSED
tests/batchsolving/arrays/test_batchinputarrays.py::TestInputArrays::test_call_method_updates_host_arrays PASSED
tests/batchsolving/arrays/test_batchinputarrays.py::TestInputArrays::test_call_method_size_change_triggers_reallocation PASSED
tests/batchsolving/arrays/test_batchinputarrays.py::TestInputArrays::test_update_from_solver PASSED
tests/batchsolving/arrays/test_batchinputarrays.py::TestInputArrays::test_initialise_method PASSED
tests/batchsolving/arrays/test_batchinputarrays.py::TestInputArrays::test_finalise_method PASSED
tests/batchsolving/arrays/test_batchinputarrays.py::TestInputArrays::test_dtype[float32] PASSED
tests/batchsolving/arrays/test_batchinputarrays.py::TestInputArrays::test_dtype[float64] PASSED
tests/batchsolving/arrays/test_batchinputarrays.py::test_input_arrays_with_different_configs[input_test_overrides0] PASSED
tests/batchsolving/arrays/test_batchinputarrays.py::test_input_arrays_with_different_configs[input_test_overrides1] PASSED
tests/batchsolving/arrays/test_batchinputarrays.py::test_input_arrays_with_different_configs[input_test_overrides2] PASSED
tests/batchsolving/arrays/test_batchinputarrays.py::test_input_arrays_with_different_systems[three_chamber] PASSED
tests/batchsolving/arrays/test_batchinputarrays.py::test_input_arrays_with_different_systems[stiff] PASSED
tests/batchsolving/arrays/test_batchinputarrays.py::test_input_arrays_with_different_systems[linear] PASSED
tests/batchsolving/arrays/test_batchoutputarrays.py::TestOutputArrayContainer::test_container_arrays_after_init PASSED
tests/batchsolving/arrays/test_batchoutputarrays.py::TestOutputArrayContainer::test_container_stride_order PASSED
tests/batchsolving/arrays/test_batchoutputarrays.py::TestOutputArrayContainer::test_container_memory_type_default PASSED
tests/batchsolving/arrays/test_batchoutputarrays.py::TestOutputArrayContainer::test_host_factory PASSED
tests/batchsolving/arrays/test_batchoutputarrays.py::TestOutputArrayContainer::test_device_factory PASSED
tests/batchsolving/arrays/test_batchoutputarrays.py::TestActiveOutputs::test_active_outputs_initialization PASSED
tests/batchsolving/arrays/test_batchoutputarrays.py::TestActiveOutputs::test_update_from_outputarrays_all_active PASSED
tests/batchsolving/arrays/test_batchoutputarrays.py::TestActiveOutputs::test_update_from_outputarrays_size_one_arrays PASSED
tests/batchsolving/arrays/test_batchoutputarrays.py::TestOutputArrays::test_initialization_container_types PASSED
tests/batchsolving/arrays/test_batchoutputarrays.py::TestOutputArrays::test_from_solver_factory PASSED
tests/batchsolving/arrays/test_batchoutputarrays.py::TestOutputArrays::test_allocation_and_getters_not_none PASSED
tests/batchsolving/arrays/test_batchoutputarrays.py::TestOutputArrays::test_getters_return_none_before_allocation PASSED
tests/batchsolving/arrays/test_batchoutputarrays.py::TestOutputArrays::test_call_method_allocates_arrays PASSED
tests/batchsolving/arrays/test_batchoutputarrays.py::TestOutputArrays::test_reallocation_on_size_change PASSED
tests/batchsolving/arrays/test_batchoutputarrays.py::TestOutputArrays::test_chunking_affects_device_array_size PASSED
tests/batchsolving/arrays/test_batchoutputarrays.py::TestOutputArrays::test_active_outputs_property PASSED
tests/batchsolving/arrays/test_batchoutputarrays.py::TestOutputArrays::test_update_from_solver PASSED
tests/batchsolving/arrays/test_batchoutputarrays.py::TestOutputArrays::test_initialise_method PASSED
tests/batchsolving/arrays/test_batchoutputarrays.py::TestOutputArrays::test_finalise_method_copies_device_to_host PASSED
tests/batchsolving/arrays/test_batchoutputarrays.py::test_dtype[float32] PASSED
tests/batchsolving/arrays/test_batchoutputarrays.py::test_dtype[float64] PASSED
tests/batchsolving/arrays/test_batchoutputarrays.py::test_output_arrays_with_different_configs[output_test_overrides0] PASSED
tests/batchsolving/arrays/test_batchoutputarrays.py::test_output_arrays_with_different_configs[output_test_overrides1] PASSED
tests/batchsolving/arrays/test_batchoutputarrays.py::test_output_arrays_with_different_configs[output_test_overrides2] PASSED
tests/batchsolving/arrays/test_batchoutputarrays.py::test_output_arrays_with_different_systems[three_chamber-solver_settings_override0] PASSED
tests/batchsolving/arrays/test_batchoutputarrays.py::test_output_arrays_with_different_systems[stiff-solver_settings_override0] PASSED
tests/batchsolving/arrays/test_batchoutputarrays.py::test_output_arrays_with_different_systems[linear-solver_settings_override0] PASSED
tests/batchsolving/arrays/test_batchoutputarrays.py::TestOutputArraysSpecialCases::test_allocation_with_different_solver_sizes PASSED
tests/batchsolving/arrays/test_batchoutputarrays.py::TestOutputArraysSpecialCases::test_active_outputs_after_allocation PASSED
tests/batchsolving/test_SolverKernel.py::test_kernel_builds PASSED
tests/batchsolving/test_SolverKernel.py::test_run[smoke_test] PASSED
tests/batchsolving/test_SolverKernel.py::test_run[fire_test (all outputs)] PASSED
tests/batchsolving/test_SolverKernel.py::test_run[solveresult_emulator] PASSED
tests/batchsolving/test_SolverKernel.py::test_algorithm_change PASSED
tests/batchsolving/test_SolverKernel.py::test_getters_get PASSED
tests/batchsolving/test_SolverKernel.py::test_all_lower_plumbing PASSED
tests/batchsolving/test_SolverKernel.py::test_bogus_update_fails PASSED
tests/batchsolving/test_batch_grid_builder.py::test_combinatorial_and_verbatim_grid PASSED
tests/batchsolving/test_batch_grid_builder.py::test_grid_arrays PASSED
tests/batchsolving/test_batch_grid_builder.py::test_call_with_request PASSED
tests/batchsolving/test_batch_grid_builder.py::test_unique_cartesian_product PASSED
tests/batchsolving/test_batch_grid_builder.py::test_combinatorial_grid PASSED
tests/batchsolving/test_batch_grid_builder.py::test_verbatim_grid PASSED
tests/batchsolving/test_batch_grid_builder.py::test_generate_grid PASSED
tests/batchsolving/test_batch_grid_builder.py::test_grid_size_errors PASSED
tests/batchsolving/test_batch_grid_builder.py::test_combine_grids PASSED
tests/batchsolving/test_batch_grid_builder.py::test_extend_grid_to_array PASSED
tests/batchsolving/test_batch_grid_builder.py::test_generate_array PASSED
tests/batchsolving/test_batch_grid_builder.py::test_grid_arrays_1each[batch_settings0] PASSED
tests/batchsolving/test_batch_grid_builder.py::test_grid_arrays_1each[batch_settings1] PASSED
tests/batchsolving/test_batch_grid_builder.py::test_grid_arrays_2and2[batch_settings0] PASSED
tests/batchsolving/test_batch_grid_builder.py::test_grid_arrays_2and2[batch_settings1] PASSED
tests/batchsolving/test_batch_grid_builder.py::test_grid_arrays_verbatim_mismatch[batch_settings0] PASSED
tests/batchsolving/test_batch_grid_builder.py::test_grid_arrays_empty_inputs[batch_settings0] PASSED
tests/batchsolving/test_batch_grid_builder.py::test_grid_arrays_empty_inputs[batch_settings1] PASSED
tests/batchsolving/test_batch_grid_builder.py::test_call_input_types[linear-dict-dict-dict] PASSED
tests/batchsolving/test_batch_grid_builder.py::test_call_input_types[linear-dict-dict-seq] PASSED
tests/batchsolving/test_batch_grid_builder.py::test_call_input_types[linear-dict-dict-array] PASSED
tests/batchsolving/test_batch_grid_builder.py::test_call_input_types[linear-dict-seq-dict] PASSED
tests/batchsolving/test_batch_grid_builder.py::test_call_input_types[linear-dict-seq-seq] PASSED
tests/batchsolving/test_batch_grid_builder.py::test_call_input_types[linear-dict-seq-array] PASSED
tests/batchsolving/test_batch_grid_builder.py::test_call_input_types[linear-dict-array-dict] PASSED
tests/batchsolving/test_batch_grid_builder.py::test_call_input_types[linear-dict-array-seq] PASSED
tests/batchsolving/test_batch_grid_builder.py::test_call_input_types[linear-dict-array-array] PASSED
tests/batchsolving/test_batch_grid_builder.py::test_call_input_types[linear-seq-dict-dict] PASSED
tests/batchsolving/test_batch_grid_builder.py::test_call_input_types[linear-seq-dict-seq] PASSED
tests/batchsolving/test_batch_grid_builder.py::test_call_input_types[linear-seq-dict-array] PASSED
tests/batchsolving/test_batch_grid_builder.py::test_call_input_types[linear-seq-seq-dict] PASSED
tests/batchsolving/test_batch_grid_builder.py::test_call_input_types[linear-seq-seq-seq] PASSED
tests/batchsolving/test_batch_grid_builder.py::test_call_input_types[linear-seq-seq-array] PASSED
tests/batchsolving/test_batch_grid_builder.py::test_call_input_types[linear-seq-array-dict] PASSED
tests/batchsolving/test_batch_grid_builder.py::test_call_input_types[linear-seq-array-seq] PASSED
tests/batchsolving/test_batch_grid_builder.py::test_call_input_types[linear-seq-array-array] PASSED
tests/batchsolving/test_batch_grid_builder.py::test_call_input_types[linear-array-dict-dict] PASSED
tests/batchsolving/test_batch_grid_builder.py::test_call_input_types[linear-array-dict-seq] PASSED
tests/batchsolving/test_batch_grid_builder.py::test_call_input_types[linear-array-dict-array] PASSED
tests/batchsolving/test_batch_grid_builder.py::test_call_input_types[linear-array-seq-dict] PASSED
tests/batchsolving/test_batch_grid_builder.py::test_call_input_types[linear-array-seq-seq] PASSED
tests/batchsolving/test_batch_grid_builder.py::test_call_input_types[linear-array-seq-array] PASSED
tests/batchsolving/test_batch_grid_builder.py::test_call_input_types[linear-array-array-dict] PASSED
tests/batchsolving/test_batch_grid_builder.py::test_call_input_types[linear-array-array-seq] PASSED
tests/batchsolving/test_batch_grid_builder.py::test_call_input_types[linear-array-array-array] PASSED
tests/batchsolving/test_batch_grid_builder.py::test_call_outputs[linear] PASSED
tests/batchsolving/test_batch_grid_builder.py::test_docstring_examples PASSED
tests/batchsolving/test_solver.py::test_solver_initialization PASSED
tests/batchsolving/test_solver.py::test_solver_properties PASSED
tests/batchsolving/test_solver.py::test_manual_proportion[solver_settings_override0] PASSED
tests/batchsolving/test_solver.py::test_variable_indices_methods PASSED
tests/batchsolving/test_solver.py::test_saved_variables_properties PASSED
tests/batchsolving/test_solver.py::test_summarised_variables_properties PASSED
tests/batchsolving/test_solver.py::test_output_properties PASSED
tests/batchsolving/test_solver.py::test_solve_info_property PASSED
tests/batchsolving/test_solver.py::test_solve_basic[default_system] PASSED
tests/batchsolving/test_solver.py::test_solve_basic[three_chamber_system] PASSED
tests/batchsolving/test_solver.py::test_solve_basic[stiff_system] PASSED
tests/batchsolving/test_solver.py::test_solve_with_different_grid_types PASSED
tests/batchsolving/test_solver.py::test_solve_with_different_result_types PASSED
tests/batchsolving/test_solver.py::test_update_basic PASSED
tests/batchsolving/test_solver.py::test_update_with_kwargs PASSED
tests/batchsolving/test_solver.py::test_update_unrecognized_keys PASSED
tests/batchsolving/test_solver.py::test_update_silent_mode PASSED
tests/batchsolving/test_solver.py::test_update_saved_variables PASSED
tests/batchsolving/test_solver.py::test_profiling_methods PASSED
tests/batchsolving/test_solver.py::test_memory_settings_update PASSED
tests/batchsolving/test_solver.py::test_data_properties_after_solve PASSED
tests/batchsolving/test_solver.py::test_output_length_and_summaries_length PASSED
tests/batchsolving/test_solver.py::test_chunk_related_properties PASSED
tests/batchsolving/test_solver.py::test_variable_labels_properties PASSED
tests/batchsolving/test_solver.py::test_solve_ivp_function PASSED
tests/batchsolving/test_solver.py::test_solver_with_different_algorithms PASSED
tests/batchsolving/test_solver.py::test_solver_precision_types[float32] PASSED
tests/batchsolving/test_solver.py::test_solver_precision_types[float64] PASSED
tests/batchsolving/test_solver.py::test_solver_output_types PASSED
tests/batchsolving/test_solver.py::test_solver_with_different_systems[three_chamber] PASSED
tests/batchsolving/test_solver.py::test_solver_with_different_systems[stiff] PASSED
tests/batchsolving/test_solver.py::test_solver_with_different_systems[linear] PASSED
tests/batchsolving/test_solver.py::test_solver_summary_legend PASSED
tests/batchsolving/test_solver.py::test_solver_save_time_property PASSED
tests/batchsolving/test_solver.py::test_solver_state_and_observable_summaries PASSED
tests/batchsolving/test_solver.py::test_solver_summaries_buffer_sizes PASSED
tests/batchsolving/test_solver.py::test_solver_num_runs_property PASSED
tests/batchsolving/test_solveresult.py::TestSolveResultStaticMethods::test_combine_time_domain_arrays[True-True-<lambda>] PASSED
tests/batchsolving/test_solveresult.py::TestSolveResultStaticMethods::test_combine_time_domain_arrays[True-False-<lambda>] PASSED
tests/batchsolving/test_solveresult.py::TestSolveResultStaticMethods::test_combine_time_domain_arrays[False-True-<lambda>] PASSED
tests/batchsolving/test_solveresult.py::TestSolveResultStaticMethods::test_combine_time_domain_arrays[False-False-<lambda>] PASSED
tests/batchsolving/test_solveresult.py::TestSolveResultStaticMethods::test_combine_summaries_array[True-True-<lambda>] PASSED
tests/batchsolving/test_solveresult.py::TestSolveResultStaticMethods::test_combine_summaries_array[True-False-<lambda>] PASSED
tests/batchsolving/test_solveresult.py::TestSolveResultStaticMethods::test_combine_summaries_array[False-True-<lambda>] PASSED
tests/batchsolving/test_solveresult.py::TestSolveResultStaticMethods::test_combine_summaries_array[False-False-<lambda>] PASSED
tests/batchsolving/test_solveresult.py::TestSolveResultStaticMethods::test_cleave_time_with_time_saved PASSED
tests/batchsolving/test_solveresult.py::TestSolveResultStaticMethods::test_cleave_time_without_time_saved PASSED
tests/batchsolving/test_solveresult.py::TestSolveResultInstantiation::test_instantiation_type_equivalence[solver_settings_override0] PASSED
tests/batchsolving/test_solveresult.py::TestSolveResultInstantiation::test_from_solver_full_instantiation[solver_settings_override0] PASSED
tests/batchsolving/test_solveresult.py::TestSolveResultInstantiation::test_from_solver_numpy_instantiation[solver_settings_override0] PASSED
tests/batchsolving/test_solveresult.py::TestSolveResultInstantiation::test_from_solver_numpy_per_summary_instantiation[solver_settings_override0] PASSED
tests/batchsolving/test_solveresult.py::TestSolveResultInstantiation::test_from_solver_pandas_instantiation[solver_settings_override0] PASSED
tests/batchsolving/test_solveresult.py::TestSolveResultFromSolver::test_time_domain_legend_from_solver[linear-solver_settings_override0] PASSED
tests/batchsolving/test_solveresult.py::TestSolveResultFromSolver::test_summary_legend_from_solver[solver_settings_override0] PASSED
tests/batchsolving/test_solveresult.py::TestSolveResultFromSolver::test_stride_order_from_solver[solver_settings_override0] PASSED
tests/batchsolving/test_solveresult.py::TestSolveResultFromSolver::test_full_result_matches_cpu_outputs[solver_settings_override0] PASSED
tests/batchsolving/test_solveresult.py::TestSolveResultProperties::test_as_numpy_property[solver_settings_override0] PASSED
tests/batchsolving/test_solveresult.py::TestSolveResultProperties::test_per_summary_arrays_property[solver_settings_override0] PASSED
tests/batchsolving/test_solveresult.py::TestSolveResultProperties::test_as_pandas_property[solver_settings_override0] PASSED
tests/batchsolving/test_solveresult.py::TestSolveResultProperties::test_active_outputs_property[solver_settings_override0] PASSED
tests/batchsolving/test_solveresult.py::TestSolveResultDefaultBehavior::test_default_instantiation PASSED
tests/batchsolving/test_solveresult.py::TestSolveResultDefaultBehavior::test_custom_stride_order PASSED
tests/batchsolving/test_solveresult.py::TestSolveResultPandasIntegration::test_pandas_shape_consistency[solver_settings_override0] PASSED
tests/batchsolving/test_solveresult.py::TestSolveResultPandasIntegration::test_pandas_time_indexing[solver_settings_override0] PASSED
tests/batchsolving/test_solveresult.py::TestSolveResultErrorHandling::test_empty_summaries_per_summary_arrays PASSED
tests/batchsolving/test_system_interface.py::test_from_system PASSED
tests/batchsolving/test_system_interface.py::test_update[updates0-linear] PASSED
tests/batchsolving/test_system_interface.py::test_update[updates1-linear] PASSED
tests/batchsolving/test_system_interface.py::test_update[updates2-linear] PASSED
tests/batchsolving/test_system_interface.py::test_update_invalid[updates0] PASSED
tests/batchsolving/test_system_interface.py::test_update_invalid[updates1] PASSED
tests/batchsolving/test_system_interface.py::test_state_indices PASSED
tests/batchsolving/test_system_interface.py::test_observable_indices PASSED
tests/batchsolving/test_system_interface.py::test_parameter_indices PASSED
tests/batchsolving/test_utils.py::TestEnsureNonzeroSize::test_int_zero PASSED
tests/batchsolving/test_utils.py::TestEnsureNonzeroSize::test_int_positive PASSED
tests/batchsolving/test_utils.py::TestEnsureNonzeroSize::test_int_negative PASSED
tests/batchsolving/test_utils.py::TestEnsureNonzeroSize::test_tuple_with_zeros PASSED
tests/batchsolving/test_utils.py::TestEnsureNonzeroSize::test_tuple_without_zeros PASSED
tests/batchsolving/test_utils.py::TestEnsureNonzeroSize::test_tuple_empty PASSED
tests/batchsolving/test_utils.py::TestEnsureNonzeroSize::test_tuple_single_zero PASSED
tests/batchsolving/test_utils.py::TestEnsureNonzeroSize::test_tuple_single_nonzero PASSED
tests/batchsolving/test_utils.py::TestEnsureNonzeroSize::test_other_types PASSED
tests/batchsolving/test_utils.py::TestIsCudaArray::test_cuda_array_detection PASSED
tests/batchsolving/test_utils.py::TestIsCudaArray::test_numpy_array_detection PASSED
tests/batchsolving/test_utils.py::TestIsCudaArray::test_non_array_detection PASSED
tests/batchsolving/test_utils.py::TestIsCudaArray::test_mock_array_like_in_cudasim PASSED
tests/batchsolving/test_utils.py::TestCudaArrayValidator::test_valid_cuda_array_no_dimensions PASSED
tests/batchsolving/test_utils.py::TestCudaArrayValidator::test_valid_cuda_array_correct_dimensions PASSED
tests/batchsolving/test_utils.py::TestCudaArrayValidator::test_valid_cuda_array_wrong_dimensions PASSED
tests/batchsolving/test_utils.py::TestCudaArrayValidator::test_invalid_non_cuda_array PASSED
tests/batchsolving/test_utils.py::TestCudaArrayValidator::test_invalid_non_array PASSED
tests/batchsolving/test_utils.py::TestOptionalCudaArrayValidator::test_none_value PASSED
tests/batchsolving/test_utils.py::TestOptionalCudaArrayValidator::test_none_value_with_dimensions PASSED
tests/batchsolving/test_utils.py::TestOptionalCudaArrayValidator::test_valid_cuda_array PASSED
tests/batchsolving/test_utils.py::TestOptionalCudaArrayValidator::test_valid_cuda_array_correct_dimensions PASSED
tests/batchsolving/test_utils.py::TestOptionalCudaArrayValidator::test_valid_cuda_array_wrong_dimensions PASSED
tests/batchsolving/test_utils.py::TestOptionalCudaArrayValidator::test_invalid_non_array PASSED
tests/batchsolving/test_utils.py::TestOptionalCudaArrayValidator3D::test_none_value PASSED
tests/batchsolving/test_utils.py::TestOptionalCudaArrayValidator3D::test_valid_3d_cuda_array PASSED
tests/batchsolving/test_utils.py::TestOptionalCudaArrayValidator3D::test_invalid_2d_cuda_array PASSED
tests/batchsolving/test_utils.py::TestOptionalCudaArrayValidator3D::test_invalid_non_array PASSED
tests/batchsolving/test_utils.py::TestOptionalCudaArrayValidator2D::test_none_value PASSED
tests/batchsolving/test_utils.py::TestOptionalCudaArrayValidator2D::test_valid_2d_cuda_array PASSED
tests/batchsolving/test_utils.py::TestOptionalCudaArrayValidator2D::test_invalid_3d_cuda_array PASSED
tests/batchsolving/test_utils.py::TestOptionalCudaArrayValidator2D::test_invalid_non_array PASSED
tests/batchsolving/test_utils.py::TestCudaArrayValidator3D::test_valid_3d_cuda_array PASSED
tests/batchsolving/test_utils.py::TestCudaArrayValidator3D::test_invalid_2d_cuda_array PASSED
tests/batchsolving/test_utils.py::TestCudaArrayValidator3D::test_invalid_non_array PASSED
tests/batchsolving/test_utils.py::TestCudaArrayValidator2D::test_valid_2d_cuda_array PASSED
tests/batchsolving/test_utils.py::TestCudaArrayValidator2D::test_invalid_3d_cuda_array PASSED
tests/batchsolving/test_utils.py::TestCudaArrayValidator2D::test_invalid_1d_cuda_array PASSED
tests/batchsolving/test_utils.py::TestCudaArrayValidator2D::test_invalid_non_array PASSED
tests/integrators/algorithms/test_step_algorithms.py::test_algorithm[euler] PASSED
tests/integrators/algorithms/test_step_algorithms.py::test_algorithm[backwards_euler] PASSED
tests/integrators/algorithms/test_step_algorithms.py::test_algorithm[backwards_euler_pc] PASSED
tests/integrators/algorithms/test_step_algorithms.py::test_algorithm[crank_nicolson] PASSED
tests/integrators/loops/test_ode_loop.py::test_build[solver_settings_override0-three_chamber] PASSED
tests/integrators/loops/test_ode_loop.py::test_build[solver_settings_override1-three_chamber] PASSED
tests/integrators/loops/test_ode_loop.py::test_build[solver_settings_override2-three_chamber] PASSED
tests/integrators/loops/test_ode_loop.py::test_build[solver_settings_override3-three_chamber] PASSED
tests/integrators/loops/test_ode_loop.py::test_initial_observable_seed_matches_reference[solver_settings_override0] PASSED
tests/integrators/loops/test_ode_loop.py::test_initial_observable_seed_matches_reference[solver_settings_override1] PASSED
tests/integrators/matrix_free_solvers/test_linear_solver.py::test_neumann_preconditioner[linear-1] PASSED
tests/integrators/matrix_free_solvers/test_linear_solver.py::test_neumann_preconditioner[linear-2] PASSED
tests/integrators/matrix_free_solvers/test_linear_solver.py::test_linear_solver_placeholder[steepest_descent] PASSED
tests/integrators/matrix_free_solvers/test_linear_solver.py::test_linear_solver_placeholder[minimal_residual] PASSED
tests/integrators/matrix_free_solvers/test_linear_solver.py::test_linear_solver_symbolic[0-steepest_descent-linear] PASSED
tests/integrators/matrix_free_solvers/test_linear_solver.py::test_linear_solver_symbolic[0-steepest_descent-coupled_linear] PASSED
tests/integrators/matrix_free_solvers/test_linear_solver.py::test_linear_solver_symbolic[0-minimal_residual-linear] PASSED
tests/integrators/matrix_free_solvers/test_linear_solver.py::test_linear_solver_symbolic[0-minimal_residual-coupled_linear] PASSED
tests/integrators/matrix_free_solvers/test_linear_solver.py::test_linear_solver_symbolic[1-steepest_descent-linear] PASSED
tests/integrators/matrix_free_solvers/test_linear_solver.py::test_linear_solver_symbolic[1-steepest_descent-coupled_linear] PASSED
tests/integrators/matrix_free_solvers/test_linear_solver.py::test_linear_solver_symbolic[1-minimal_residual-linear] PASSED
tests/integrators/matrix_free_solvers/test_linear_solver.py::test_linear_solver_symbolic[1-minimal_residual-coupled_linear] PASSED
tests/integrators/matrix_free_solvers/test_linear_solver.py::test_linear_solver_symbolic[2-steepest_descent-linear] PASSED
tests/integrators/matrix_free_solvers/test_linear_solver.py::test_linear_solver_symbolic[2-steepest_descent-coupled_linear] PASSED
tests/integrators/matrix_free_solvers/test_linear_solver.py::test_linear_solver_symbolic[2-minimal_residual-linear] PASSED
tests/integrators/matrix_free_solvers/test_linear_solver.py::test_linear_solver_symbolic[2-minimal_residual-coupled_linear] PASSED
tests/integrators/matrix_free_solvers/test_linear_solver.py::test_linear_solver_max_iters_exceeded PASSED
tests/integrators/matrix_free_solvers/test_newton_krylov.py::test_newton_krylov_placeholder PASSED
tests/integrators/matrix_free_solvers/test_newton_krylov.py::test_newton_krylov_symbolic[0-linear] PASSED
tests/integrators/matrix_free_solvers/test_newton_krylov.py::test_newton_krylov_symbolic[0-nonlinear] PASSED
tests/integrators/matrix_free_solvers/test_newton_krylov.py::test_newton_krylov_symbolic[0-stiff] PASSED
tests/integrators/matrix_free_solvers/test_newton_krylov.py::test_newton_krylov_symbolic[0-coupled_linear] PASSED
tests/integrators/matrix_free_solvers/test_newton_krylov.py::test_newton_krylov_symbolic[0-coupled_nonlinear] PASSED
tests/integrators/matrix_free_solvers/test_newton_krylov.py::test_newton_krylov_symbolic[1-linear] PASSED
tests/integrators/matrix_free_solvers/test_newton_krylov.py::test_newton_krylov_symbolic[1-nonlinear] PASSED
tests/integrators/matrix_free_solvers/test_newton_krylov.py::test_newton_krylov_symbolic[1-stiff] PASSED
tests/integrators/matrix_free_solvers/test_newton_krylov.py::test_newton_krylov_symbolic[1-coupled_linear] PASSED
tests/integrators/matrix_free_solvers/test_newton_krylov.py::test_newton_krylov_symbolic[1-coupled_nonlinear] PASSED
tests/integrators/matrix_free_solvers/test_newton_krylov.py::test_newton_krylov_symbolic[2-linear] PASSED
tests/integrators/matrix_free_solvers/test_newton_krylov.py::test_newton_krylov_symbolic[2-nonlinear] PASSED
tests/integrators/matrix_free_solvers/test_newton_krylov.py::test_newton_krylov_symbolic[2-stiff] PASSED
tests/integrators/matrix_free_solvers/test_newton_krylov.py::test_newton_krylov_symbolic[2-coupled_linear] PASSED
tests/integrators/matrix_free_solvers/test_newton_krylov.py::test_newton_krylov_symbolic[2-coupled_nonlinear] PASSED
tests/integrators/matrix_free_solvers/test_newton_krylov.py::test_newton_krylov_failure PASSED
tests/integrators/matrix_free_solvers/test_newton_krylov.py::test_newton_krylov_max_newton_iters_exceeded PASSED
tests/integrators/matrix_free_solvers/test_newton_krylov.py::test_newton_krylov_linear_solver_failure_propagates PASSED
tests/integrators/step_control/test_controllers.py::TestControllers::test_controller_builds[i] PASSED
tests/integrators/step_control/test_controllers.py::TestControllers::test_controller_builds[pi] PASSED
tests/integrators/step_control/test_controllers.py::TestControllers::test_controller_builds[pid] PASSED
tests/integrators/step_control/test_controllers.py::TestControllers::test_controller_builds[gustafsson] PASSED
tests/integrators/step_control/test_controllers.py::TestControllers::test_dt_clamps[max_limit-i] PASSED
tests/integrators/step_control/test_controllers.py::TestControllers::test_dt_clamps[max_limit-pi] PASSED
tests/integrators/step_control/test_controllers.py::TestControllers::test_dt_clamps[max_limit-pid] PASSED
tests/integrators/step_control/test_controllers.py::TestControllers::test_dt_clamps[max_limit-gustafsson] PASSED
tests/integrators/step_control/test_controllers.py::TestControllers::test_dt_clamps[min_limit-i] PASSED
tests/integrators/step_control/test_controllers.py::TestControllers::test_dt_clamps[min_limit-pi] PASSED
tests/integrators/step_control/test_controllers.py::TestControllers::test_dt_clamps[min_limit-pid] PASSED
tests/integrators/step_control/test_controllers.py::TestControllers::test_dt_clamps[min_limit-gustafsson] PASSED
tests/integrators/step_control/test_controllers.py::TestControllers::test_gain_clamps[gain_max_clamp-i] PASSED
tests/integrators/step_control/test_controllers.py::TestControllers::test_gain_clamps[gain_max_clamp-pi] PASSED
tests/integrators/step_control/test_controllers.py::TestControllers::test_gain_clamps[gain_max_clamp-pid] PASSED
tests/integrators/step_control/test_controllers.py::TestControllers::test_gain_clamps[gain_max_clamp-gustafsson] PASSED
tests/integrators/step_control/test_controllers.py::TestControllers::test_gain_clamps[gain_min_clamp-i] PASSED
tests/integrators/step_control/test_controllers.py::TestControllers::test_gain_clamps[gain_min_clamp-pi] PASSED
tests/integrators/step_control/test_controllers.py::TestControllers::test_gain_clamps[gain_min_clamp-pid] PASSED
tests/integrators/step_control/test_controllers.py::TestControllers::test_gain_clamps[gain_min_clamp-gustafsson] PASSED
tests/integrators/step_control/test_controllers.py::TestControllers::test_matches_cpu[step_controller_settings_override0-low_err-i] PASSED
tests/integrators/step_control/test_controllers.py::TestControllers::test_matches_cpu[step_controller_settings_override0-low_err-pi] PASSED
tests/integrators/step_control/test_controllers.py::TestControllers::test_matches_cpu[step_controller_settings_override0-low_err-pid] PASSED
tests/integrators/step_control/test_controllers.py::TestControllers::test_matches_cpu[step_controller_settings_override0-low_err-gustafsson] PASSED
tests/integrators/step_control/test_controllers.py::TestControllers::test_matches_cpu[step_controller_settings_override0-high_err-i] PASSED
tests/integrators/step_control/test_controllers.py::TestControllers::test_matches_cpu[step_controller_settings_override0-high_err-pi] PASSED
tests/integrators/step_control/test_controllers.py::TestControllers::test_matches_cpu[step_controller_settings_override0-high_err-pid] PASSED
tests/integrators/step_control/test_controllers.py::TestControllers::test_matches_cpu[step_controller_settings_override0-high_err-gustafsson] PASSED
tests/integrators/step_control/test_controllers.py::TestControllers::test_matches_cpu[step_controller_settings_override0-low_err_with_mem-i] PASSED
tests/integrators/step_control/test_controllers.py::TestControllers::test_matches_cpu[step_controller_settings_override0-low_err_with_mem-pi] PASSED
tests/integrators/step_control/test_controllers.py::TestControllers::test_matches_cpu[step_controller_settings_override0-low_err_with_mem-pid] PASSED
tests/integrators/step_control/test_controllers.py::TestControllers::test_matches_cpu[step_controller_settings_override0-low_err_with_mem-gustafsson] PASSED
tests/integrators/step_control/test_controllers.py::TestControllers::test_matches_cpu[step_controller_settings_override0-high_err_with_mem-i] PASSED
tests/integrators/step_control/test_controllers.py::TestControllers::test_matches_cpu[step_controller_settings_override0-high_err_with_mem-pi] PASSED
tests/integrators/step_control/test_controllers.py::TestControllers::test_matches_cpu[step_controller_settings_override0-high_err_with_mem-pid] PASSED
tests/integrators/step_control/test_controllers.py::TestControllers::test_matches_cpu[step_controller_settings_override0-high_err_with_mem-gustafsson] PASSED
tests/integrators/step_control/test_controllers.py::TestControllers::test_cpu_gpu_sequence_agree[i] PASSED
tests/integrators/step_control/test_controllers.py::TestControllers::test_cpu_gpu_sequence_agree[pi] PASSED
tests/integrators/step_control/test_controllers.py::TestControllers::test_cpu_gpu_sequence_agree[pid] PASSED
tests/integrators/step_control/test_controllers.py::TestControllers::test_cpu_gpu_sequence_agree[gustafsson] PASSED
tests/integrators/test_SingleIntegratorRun.py::TestSingleIntegratorRun::test_build_getters_and_equivalence[solver_settings_override0-None] PASSED
tests/integrators/test_SingleIntegratorRun.py::TestSingleIntegratorRun::test_build_getters_and_equivalence[solver_settings_override1-float64] PASSED
tests/integrators/test_SingleIntegratorRun.py::test_update_routes_to_children[linear] PASSED
tests/memory/test_array_requests.py::TestArrayRequests::test_size[array_request_override0] PASSED
tests/memory/test_array_requests.py::TestArrayRequests::test_size[array_request_override1] PASSED
tests/memory/test_array_requests.py::TestArrayRequests::test_size[array_request_override2] PASSED
tests/memory/test_array_requests.py::TestArrayRequests::test_instantiation[array_request_override0] PASSED
tests/memory/test_array_requests.py::TestArrayRequests::test_default_stride_ordering PASSED
tests/memory/test_array_requests.py::TestArrayRequests::test_array_response[array_request_override0] PASSED
tests/memory/test_array_requests.py::TestArrayRequests::test_array_response[array_request_override1] PASSED
tests/memory/test_array_requests.py::TestArrayRequests::test_array_response[array_request_override2] PASSED
tests/memory/test_cupyemm.py::test_numba_stream_ptr PASSED
tests/memory/test_cupyemm.py::test_cupy_stream_wrapper PASSED
tests/memory/test_cupyemm.py::test_cupy_wrapper_mgr_check PASSED
tests/memory/test_cupyemm.py::test_correct_memalloc PASSED
tests/memory/test_cupyemm.py::test_allocation[NumbaCUDAMemoryManager] PASSED
tests/memory/test_cupyemm.py::test_allocation[CuPySyncNumbaManager] PASSED
tests/memory/test_cupyemm.py::test_allocation[CuPyAsyncNumbaManager] PASSED
tests/memory/test_memmgmt.py::TestInstanceMemorySettings::test_instantiation PASSED
tests/memory/test_memmgmt.py::TestInstanceMemorySettings::test_add_allocation PASSED
tests/memory/test_memmgmt.py::TestInstanceMemorySettings::test_free PASSED
tests/memory/test_memmgmt.py::TestInstanceMemorySettings::test_free_all PASSED
tests/memory/test_memmgmt.py::TestInstanceMemorySettings::test_allocated_bytes PASSED
tests/memory/test_memmgmt.py::TestMemoryManager::test_instantiation PASSED
tests/memory/test_memmgmt.py::TestMemoryManager::test_register PASSED
tests/memory/test_memmgmt.py::TestMemoryManager::test_set_allocator PASSED
tests/memory/test_memmgmt.py::TestMemoryManager::test_set_limit_mode PASSED
tests/memory/test_memmgmt.py::TestMemoryManager::test_get_stream PASSED
tests/memory/test_memmgmt.py::TestMemoryManager::test_change_stream_group PASSED
tests/memory/test_memmgmt.py::TestMemoryManager::test_reinit_streams PASSED
tests/memory/test_memmgmt.py::TestMemoryManager::test_invalidate_all PASSED
tests/memory/test_memmgmt.py::TestMemoryManager::test_set_manual_limit_mode[registered_instance_override0] PASSED
tests/memory/test_memmgmt.py::TestMemoryManager::test_set_auto_limit_mode PASSED
tests/memory/test_memmgmt.py::TestMemoryManager::test_proportion[registered_instance_override0] PASSED
tests/memory/test_memmgmt.py::TestMemoryManager::test_cap PASSED
tests/memory/test_memmgmt.py::TestMemoryManager::test_pool_proportions[registered_instance_override0] PASSED
tests/memory/test_memmgmt.py::TestMemoryManager::test_set_strides PASSED
tests/memory/test_memmgmt.py::TestMemoryManager::test_set_global_stride_ordering PASSED
tests/memory/test_memmgmt.py::TestMemoryManager::test_process_request PASSED
tests/memory/test_memmgmt.py::TestMemoryManager::test_allocate_all PASSED
tests/memory/test_memmgmt.py::TestMemoryManager::test_allocate PASSED
tests/memory/test_memmgmt.py::TestMemoryManager::test_free PASSED
tests/memory/test_memmgmt.py::TestMemoryManager::test_free_all PASSED
tests/memory/test_memmgmt.py::TestMemoryManager::test_get_chunks PASSED
tests/memory/test_memmgmt.py::TestMemoryManager::test_get_memory_info PASSED
tests/memory/test_memmgmt.py::TestMemoryManager::test_get_strides PASSED
tests/memory/test_memmgmt.py::TestMemoryManager::test_manual_pool_proportion[registered_instance_override0] PASSED
tests/memory/test_memmgmt.py::TestMemoryManager::test_auto_pool_proportion PASSED
tests/memory/test_memmgmt.py::TestMemoryManager::test_set_manual_proportion PASSED
tests/memory/test_memmgmt.py::TestMemoryManager::test_rebalance_auto_pool PASSED
tests/memory/test_memmgmt.py::TestMemoryManager::test_get_available_single PASSED
tests/memory/test_memmgmt.py::TestMemoryManager::test_get_available_group PASSED
tests/memory/test_memmgmt.py::TestMemoryManager::test_get_stream_group PASSED
tests/memory/test_memmgmt.py::TestMemoryManager::test_check_requests PASSED
tests/memory/test_memmgmt.py::TestMemoryManager::test_queue_request PASSED
tests/memory/test_memmgmt.py::TestMemoryManager::test_chunk_arrays PASSED
tests/memory/test_memmgmt.py::TestMemoryManager::test_single_request PASSED
tests/memory/test_memmgmt.py::TestMemoryManager::test_allocate_queue_single_instance PASSED
tests/memory/test_memmgmt.py::TestMemoryManager::test_allocate_queue_multiple_instances_group_limit PASSED
tests/memory/test_memmgmt.py::TestMemoryManager::test_allocate_queue_multiple_instances_instance_limit[fixed_mem_override0-instance-run] PASSED
tests/memory/test_memmgmt.py::TestMemoryManager::test_allocate_queue_multiple_instances_instance_limit[fixed_mem_override1-group-run] PASSED
tests/memory/test_memmgmt.py::TestMemoryManager::test_allocate_queue_multiple_instances_instance_limit[fixed_mem_override2-instance-time] PASSED
tests/memory/test_memmgmt.py::TestMemoryManager::test_allocate_queue_multiple_instances_instance_limit[fixed_mem_override3-group-time] PASSED
tests/memory/test_memmgmt.py::TestMemoryManager::test_allocate_queue_empty_queue PASSED
tests/memory/test_memmgmt.py::TestMemoryManager::test_is_grouped PASSED
tests/memory/test_memmgmt.py::TestMemoryManager::test_get_available_single_low_memory_warning[fixed_mem_override0] PASSED
tests/memory/test_memmgmt.py::TestMemoryManager::test_get_available_group_low_memory_warning[fixed_mem_override0] PASSED
tests/memory/test_memmgmt.py::TestMemoryManager::test_to_device PASSED
tests/memory/test_memmgmt.py::TestMemoryManager::test_from_device PASSED
tests/memory/test_memmgmt.py::test_get_total_request_size PASSED
tests/memory/test_stream_groups.py::TestStreamGroups::test_add_instance PASSED
tests/memory/test_stream_groups.py::TestStreamGroups::test_get_group PASSED
tests/memory/test_stream_groups.py::TestStreamGroups::test_change_group PASSED
tests/memory/test_stream_groups.py::TestStreamGroups::test_get_stream PASSED
tests/memory/test_stream_groups.py::TestStreamGroups::test_reinit_streams PASSED
tests/memory/test_stream_groups.py::TestStreamGroups::test_get_instances_in_group PASSED
tests/odesystems/symbolic/test_cellml.py::test_cellml_import_error PASSED
tests/odesystems/symbolic/test_cuda_printer.py::TestCUDAPrinter::test_init_default PASSED
tests/odesystems/symbolic/test_cuda_printer.py::TestCUDAPrinter::test_init_with_symbol_map PASSED
tests/odesystems/symbolic/test_cuda_printer.py::TestCUDAPrinter::test_print_symbol_without_mapping PASSED
tests/odesystems/symbolic/test_cuda_printer.py::TestCUDAPrinter::test_print_symbol_with_mapping PASSED
tests/odesystems/symbolic/test_cuda_printer.py::TestCUDAPrinter::test_replace_square_powers_simple PASSED
tests/odesystems/symbolic/test_cuda_printer.py::TestCUDAPrinter::test_replace_square_powers_indexed PASSED
tests/odesystems/symbolic/test_cuda_printer.py::TestCUDAPrinter::test_replace_square_powers_multiple PASSED
tests/odesystems/symbolic/test_cuda_printer.py::TestCUDAPrinter::test_replace_cube_powers_simple PASSED
tests/odesystems/symbolic/test_cuda_printer.py::TestCUDAPrinter::test_replace_cube_powers_indexed PASSED
tests/odesystems/symbolic/test_cuda_printer.py::TestCUDAPrinter::test_replace_powers_with_multiplication PASSED
tests/odesystems/symbolic/test_cuda_printer.py::TestCUDAPrinter::test_replace_powers_ignores_higher_powers PASSED
tests/odesystems/symbolic/test_cuda_printer.py::TestCUDAPrinter::test_doprint_simple_expression PASSED
tests/odesystems/symbolic/test_cuda_printer.py::TestCUDAPrinter::test_doprint_with_symbol_mapping PASSED
tests/odesystems/symbolic/test_cuda_printer.py::TestCUDAPrinter::test_ifelse_to_selp PASSED
tests/odesystems/symbolic/test_cuda_printer.py::TestCUDAPrinter::test_ifelse_to_selp_complex PASSED
tests/odesystems/symbolic/test_cuda_printer.py::TestPrintCudaFunction::test_print_cuda_simple PASSED
tests/odesystems/symbolic/test_cuda_printer.py::TestPrintCudaFunction::test_print_cuda_with_symbol_map PASSED
tests/odesystems/symbolic/test_cuda_printer.py::TestPrintCudaFunction::test_print_cuda_complex_expression PASSED
tests/odesystems/symbolic/test_cuda_printer.py::TestPrintCudaMultiple::test_print_cuda_multiple_simple PASSED
tests/odesystems/symbolic/test_cuda_printer.py::TestPrintCudaMultiple::test_print_cuda_multiple_with_symbol_map PASSED
tests/odesystems/symbolic/test_cuda_printer.py::TestPrintCudaMultiple::test_print_cuda_multiple_empty PASSED
tests/odesystems/symbolic/test_cuda_printer.py::TestPrintCudaMultiple::test_print_cuda_multiple_single PASSED
tests/odesystems/symbolic/test_cuda_printer.py::TestEdgeCases::test_power_replacement_with_whitespace PASSED
tests/odesystems/symbolic/test_cuda_printer.py::TestEdgeCases::test_power_replacement_with_tabs PASSED
tests/odesystems/symbolic/test_cuda_printer.py::TestEdgeCases::test_power_replacement_mixed_whitespace PASSED
tests/odesystems/symbolic/test_cuda_printer.py::TestEdgeCases::test_nested_indexed_variables PASSED
tests/odesystems/symbolic/test_cuda_printer.py::TestEdgeCases::test_symbol_map_with_complex_indexing PASSED
tests/odesystems/symbolic/test_cuda_printer.py::test_piecewise_assignment_is_wrapped_outside PASSED
tests/odesystems/symbolic/test_cuda_printer.py::test_piecewise_inside_expression_assignment PASSED
tests/odesystems/symbolic/test_cuda_printer.py::test_functions PASSED
tests/odesystems/symbolic/test_dxdt.py::TestDxdtTemplate::test_dxdt_template_format PASSED
tests/odesystems/symbolic/test_dxdt.py::TestDxdtTemplate::test_dxdt_template_structure PASSED
tests/odesystems/symbolic/test_dxdt.py::TestGenerateDxdtFacCode::test_simple_equations PASSED
tests/odesystems/symbolic/test_dxdt.py::TestGenerateDxdtFacCode::test_custom_function_name PASSED
tests/odesystems/symbolic/test_dxdt.py::TestGenerateDxdtFacCode::test_complex_equations PASSED
tests/odesystems/symbolic/test_dxdt.py::TestGenerateDxdtFacCode::test_linear_system PASSED
tests/odesystems/symbolic/test_dxdt.py::TestGenerateDxdtFacCode::test_nonlinear_equations PASSED
tests/odesystems/symbolic/test_dxdt.py::TestGenerateDxdtFacCode::test_empty_equations PASSED
tests/odesystems/symbolic/test_dxdt.py::TestGenerateDxdtFacCode::test_single_equation PASSED
tests/odesystems/symbolic/test_dxdt.py::TestGenerateDxdtFacCode::test_equations_with_constants PASSED
tests/odesystems/symbolic/test_dxdt.py::TestGenerateDxdtFacCode::test_equations_with_functions PASSED
tests/odesystems/symbolic/test_dxdt.py::TestGenerateDxdtFacCode::test_code_contains_cuda_signatures PASSED
tests/odesystems/symbolic/test_dxdt.py::TestGenerateDxdtFacCode::test_code_parameter_order PASSED
tests/odesystems/symbolic/test_dxdt.py::TestGenerateDxdtFacCode::test_constants_unpacked PASSED
tests/odesystems/symbolic/test_dxdt.py::TestDxdtIntegration::test_realistic_ode_system PASSED
tests/odesystems/symbolic/test_dxdt.py::TestDxdtIntegration::test_with_auxiliary_variables PASSED
tests/odesystems/symbolic/test_dxdt.py::TestDxdtIntegration::test_dxdt_reuses_observables_buffer PASSED
tests/odesystems/symbolic/test_dxdt.py::TestGenerateObservablesFacCode::test_observables_factory_structure PASSED
tests/odesystems/symbolic/test_dxdt.py::TestGenerateObservablesFacCode::test_observables_factory_includes_cse_dependencies PASSED
tests/odesystems/symbolic/test_dxdt.py::TestObservablesDeviceParity::test_dxdt_preserves_observables[state_values0-param_values0-0.25] PASSED
tests/odesystems/symbolic/test_dxdt.py::TestObservablesDeviceParity::test_dxdt_preserves_observables[state_values1-param_values1--0.4] PASSED
tests/odesystems/symbolic/test_dxdt.py::test_recompile_updates_constants PASSED
tests/odesystems/symbolic/test_indexedbasemaps.py::TestIndexedBaseMap::test_init_basic PASSED
tests/odesystems/symbolic/test_indexedbasemaps.py::TestIndexedBaseMap::test_init_with_defaults PASSED
tests/odesystems/symbolic/test_indexedbasemaps.py::TestIndexedBaseMap::test_init_with_custom_length PASSED
tests/odesystems/symbolic/test_indexedbasemaps.py::TestIndexedBaseMap::test_init_not_real PASSED
tests/odesystems/symbolic/test_indexedbasemaps.py::TestIndexedBaseMap::test_init_defaults_length_mismatch PASSED
tests/odesystems/symbolic/test_indexedbasemaps.py::TestIndexedBaseMap::test_pop_symbol PASSED
tests/odesystems/symbolic/test_indexedbasemaps.py::TestIndexedBaseMap::test_push_symbol PASSED
tests/odesystems/symbolic/test_indexedbasemaps.py::TestIndexedBaseMap::test_update_values_with_string_keys PASSED
tests/odesystems/symbolic/test_indexedbasemaps.py::TestIndexedBaseMap::test_update_values_with_symbol_keys PASSED
tests/odesystems/symbolic/test_indexedbasemaps.py::TestIndexedBaseMap::test_update_values_with_kwargs PASSED
tests/odesystems/symbolic/test_indexedbasemaps.py::TestIndexedBaseMap::test_update_values_kwargs_override_dict PASSED
tests/odesystems/symbolic/test_indexedbasemaps.py::TestIndexedBaseMap::test_update_values_ignores_unknown_keys PASSED
tests/odesystems/symbolic/test_indexedbasemaps.py::TestIndexedBaseMap::test_update_values_empty_updates PASSED
tests/odesystems/symbolic/test_indexedbasemaps.py::TestIndexedBases::test_init PASSED
tests/odesystems/symbolic/test_indexedbasemaps.py::TestIndexedBases::test_from_user_inputs PASSED
tests/odesystems/symbolic/test_indexedbasemaps.py::TestIndexedBases::test_from_user_inputs_with_defaults PASSED
tests/odesystems/symbolic/test_indexedbasemaps.py::TestIndexedBases::test_getters PASSED
tests/odesystems/symbolic/test_indexedbasemaps.py::TestIndexedBases::test_properties PASSED
tests/odesystems/symbolic/test_indexedbasemaps.py::TestIndexedBases::test_getitem PASSED
tests/odesystems/symbolic/test_indexedbasemaps.py::TestIndexedBases::test_all_symbols PASSED
tests/odesystems/symbolic/test_indexedbasemaps.py::TestIndexedBases::test_update_constants_with_dict PASSED
tests/odesystems/symbolic/test_indexedbasemaps.py::TestIndexedBases::test_update_constants_with_kwargs PASSED
tests/odesystems/symbolic/test_indexedbasemaps.py::TestIndexedBases::test_update_constants_kwargs_override_dict PASSED
tests/odesystems/symbolic/test_indexedbasemaps.py::TestIndexedBases::test_update_constants_ignores_unknown_keys PASSED
tests/odesystems/symbolic/test_indexedbasemaps.py::TestIndexedBases::test_update_constants_empty_updates PASSED
tests/odesystems/symbolic/test_indexedbasemaps.py::TestIndexedBases::test_update_constants_only_affects_constants PASSED
tests/odesystems/symbolic/test_jacobian.py::test_generate_jacobian_with_auxiliary PASSED
tests/odesystems/symbolic/test_jacobian.py::test_generate_jacobian_coupled_nonlinear PASSED
tests/odesystems/symbolic/test_jacobian.py::test_jacobian_caching PASSED
tests/odesystems/symbolic/test_odefile.py::test_header_contains_notice PASSED
tests/odesystems/symbolic/test_odefile.py::test_import_generates_and_returns PASSED
tests/odesystems/symbolic/test_odefile.py::test_import_uses_cache PASSED
tests/odesystems/symbolic/test_odefile.py::test_import_missing_without_code_raises PASSED
tests/odesystems/symbolic/test_odefile.py::test_import_reinitialises_on_hash_change PASSED
tests/odesystems/symbolic/test_odefile.py::test_creates_generated_dir_when_missing PASSED
tests/odesystems/symbolic/test_odefile.py::test_cache_persists_across_instances_same_hash PASSED
tests/odesystems/symbolic/test_odefile.py::test_multiple_factories_appended_and_importable PASSED
tests/odesystems/symbolic/test_odefile.py::test_malformed_cached_function_triggers_regeneration PASSED
tests/odesystems/symbolic/test_odefile.py::test_header_contains_required_imports PASSED
tests/odesystems/symbolic/test_parser.py::TestInputCleaning::test_sanitise_input_math_simple_if PASSED
tests/odesystems/symbolic/test_parser.py::TestInputCleaning::test_sanitise_input_math_nested_if PASSED
tests/odesystems/symbolic/test_parser.py::TestInputCleaning::test_replace_if_simple PASSED
tests/odesystems/symbolic/test_parser.py::TestInputCleaning::test_replace_if_complex_condition PASSED
tests/odesystems/symbolic/test_parser.py::TestInputCleaning::test_replace_if_no_match PASSED
tests/odesystems/symbolic/test_parser.py::TestProcessCalls::test_process_calls_sympy_functions PASSED
tests/odesystems/symbolic/test_parser.py::TestProcessCalls::test_process_calls_user_functions PASSED
tests/odesystems/symbolic/test_parser.py::TestProcessCalls::test_process_calls_unknown_function PASSED
tests/odesystems/symbolic/test_parser.py::TestProcessCalls::test_process_calls_no_functions PASSED
tests/odesystems/symbolic/test_parser.py::TestProcessParameters::test_process_parameters_basic PASSED
tests/odesystems/symbolic/test_parser.py::TestProcessParameters::test_process_parameters_with_dicts PASSED
tests/odesystems/symbolic/test_parser.py::TestLhsPass::test_lhs_pass_basic PASSED
tests/odesystems/symbolic/test_parser.py::TestLhsPass::test_lhs_pass_strict_unlisted_auxiliary PASSED
tests/odesystems/symbolic/test_parser.py::TestLhsPass::test_lhs_pass_relaxes_to_anonymous_aux_non_strict PASSED
tests/odesystems/symbolic/test_parser.py::TestLhsPass::test_lhs_pass_state_derivative PASSED
tests/odesystems/symbolic/test_parser.py::TestLhsPass::test_lhs_pass_observable_to_state_conversion PASSED
tests/odesystems/symbolic/test_parser.py::TestLhsPass::test_lhs_pass_invalid_state_assignment PASSED
tests/odesystems/symbolic/test_parser.py::TestLhsPass::test_lhs_pass_immutable_assignment PASSED
tests/odesystems/symbolic/test_parser.py::TestLhsPass::test_lhs_pass_missing_observables PASSED
tests/odesystems/symbolic/test_parser.py::TestRhsPass::test_rhs_pass_basic PASSED
tests/odesystems/symbolic/test_parser.py::TestRhsPass::test_rhs_pass_undefined_symbol PASSED
tests/odesystems/symbolic/test_parser.py::TestRhsPass::test_rhs_pass_with_if_else PASSED
tests/odesystems/symbolic/test_parser.py::TestRhsPass::test_rhs_pass_recognises_time_symbol PASSED
tests/odesystems/symbolic/test_parser.py::TestHashSystemDefinition::test_hash_system_definition_string PASSED
tests/odesystems/symbolic/test_parser.py::TestHashSystemDefinition::test_hash_system_definition_list PASSED
tests/odesystems/symbolic/test_parser.py::TestHashSystemDefinition::test_hash_system_definition_tuple PASSED
tests/odesystems/symbolic/test_parser.py::TestHashSystemDefinition::test_hash_system_definition_consistency PASSED
tests/odesystems/symbolic/test_parser.py::TestHashSystemDefinition::test_hash_system_definition_different_content PASSED
tests/odesystems/symbolic/test_parser.py::TestHashSystemDefinition::test_hash_system_definition_with_constants PASSED
tests/odesystems/symbolic/test_parser.py::TestParseInput::test_parse_input_basic PASSED
tests/odesystems/symbolic/test_parser.py::TestParseInput::test_parse_input_with_list PASSED
tests/odesystems/symbolic/test_parser.py::TestParseInput::test_parse_input_with_user_functions PASSED
tests/odesystems/symbolic/test_parser.py::TestParseInput::test_parse_input_includes_time_symbol PASSED
tests/odesystems/symbolic/test_parser.py::TestParseInput::test_parse_input_invalid_dxdt_type PASSED
tests/odesystems/symbolic/test_parser.py::TestParseInput::test_parse_input_empty_lines_filtered PASSED
tests/odesystems/symbolic/test_parser.py::TestIntegrationWithFixtures::test_with_simple_system_defaults PASSED
tests/odesystems/symbolic/test_parser.py::TestIntegrationWithFixtures::test_equation_parsing_with_fixture PASSED
tests/odesystems/symbolic/test_parser.py::TestNonStrictInput::test_simple PASSED
tests/odesystems/symbolic/test_parser.py::TestFunctions::test_sympyfuncs PASSED
tests/odesystems/symbolic/test_parser.py::TestFunctions::test_userfunc_priority PASSED
tests/odesystems/symbolic/test_parser.py::TestFunctions::test_device_userfunc_derivative_mapping PASSED
tests/odesystems/symbolic/test_solver_helpers.py::test_operator_apply_dense[1.0-1.0-1.0-M0-float64] PASSED
tests/odesystems/symbolic/test_solver_helpers.py::test_operator_apply_dense[1.0-1.0-1.0-M1-float64] PASSED
tests/odesystems/symbolic/test_solver_helpers.py::test_operator_apply_dense[0.5-2.0-1.0-M2-float64] PASSED
tests/odesystems/symbolic/test_solver_helpers.py::test_operator_apply_constant_unpacking PASSED
tests/odesystems/symbolic/test_solver_helpers.py::test_neumann_preconditioner_expression[1.0-1.0-0.25-0-float64] PASSED
tests/odesystems/symbolic/test_solver_helpers.py::test_neumann_preconditioner_expression[1.0-1.0-0.25-1-float64] PASSED
tests/odesystems/symbolic/test_solver_helpers.py::test_neumann_preconditioner_expression[1.0-1.0-0.25-2-float64] PASSED
tests/odesystems/symbolic/test_solver_helpers.py::test_neumann_preconditioner_expression[0.5-2.0-0.1-3-float64] PASSED
tests/odesystems/symbolic/test_solver_helpers.py::test_residual_end_state[1.0-1.0-1.0-M0-float64] PASSED
tests/odesystems/symbolic/test_solver_helpers.py::test_residual_end_state[1.0-1.0-1.0-M1-float64] PASSED
tests/odesystems/symbolic/test_solver_helpers.py::test_residual_end_state[0.5-2.0-1.0-M2-float64] PASSED
tests/odesystems/symbolic/test_solver_helpers.py::test_stage_residual[1.0-1.0-1.0-1.0-M0-float64] PASSED
tests/odesystems/symbolic/test_solver_helpers.py::test_stage_residual[1.0-1.0-1.0-0.5-M1-float64] PASSED
tests/odesystems/symbolic/test_solver_helpers.py::test_stage_residual[0.5-2.0-1.0-0.25-M2-float64] PASSED
tests/odesystems/symbolic/test_sym_utils.py::TestTopologicalSort::test_topological_sort_simple_list PASSED
tests/odesystems/symbolic/test_sym_utils.py::TestTopologicalSort::test_topological_sort_dict_input PASSED
tests/odesystems/symbolic/test_sym_utils.py::TestTopologicalSort::test_topological_sort_no_dependencies PASSED
tests/odesystems/symbolic/test_sym_utils.py::TestTopologicalSort::test_topological_sort_complex_dependencies PASSED
tests/odesystems/symbolic/test_sym_utils.py::TestTopologicalSort::test_topological_sort_circular_dependency PASSED
tests/odesystems/symbolic/test_sym_utils.py::TestTopologicalSort::test_topological_sort_self_reference PASSED
tests/odesystems/symbolic/test_sym_utils.py::TestTopologicalSort::test_topological_sort_external_symbols PASSED
tests/odesystems/symbolic/test_sym_utils.py::TestTopologicalSort::test_topological_sort_empty_input PASSED
tests/odesystems/symbolic/test_sym_utils.py::TestTopologicalSort::test_topological_sort_single_assignment PASSED
tests/odesystems/symbolic/test_sym_utils.py::TestTopologicalSort::test_topological_sort_with_functions PASSED
tests/odesystems/symbolic/test_sym_utils.py::TestCseAndStack::test_cse_and_stack_simple PASSED
tests/odesystems/symbolic/test_sym_utils.py::TestCseAndStack::test_cse_and_stack_no_common_subexpressions PASSED
tests/odesystems/symbolic/test_sym_utils.py::TestCseAndStack::test_cse_and_stack_complex_expressions PASSED
tests/odesystems/symbolic/test_sym_utils.py::TestCseAndStack::test_cse_and_stack_custom_symbol_prefix PASSED
tests/odesystems/symbolic/test_sym_utils.py::TestCseAndStack::test_cse_and_stack_symbol_collision_warning PASSED
tests/odesystems/symbolic/test_sym_utils.py::TestCseAndStack::test_cse_and_stack_with_dependencies PASSED
tests/odesystems/symbolic/test_sym_utils.py::TestCseAndStack::test_cse_and_stack_empty_input PASSED
tests/odesystems/symbolic/test_sym_utils.py::TestCseAndStack::test_cse_and_stack_single_equation PASSED
tests/odesystems/symbolic/test_sym_utils.py::TestCseAndStack::test_cse_and_stack_with_functions PASSED
tests/odesystems/symbolic/test_sym_utils.py::TestCseAndStack::test_cse_and_stack_maintains_expression_equivalence PASSED
tests/odesystems/symbolic/test_symbolicode.py::test_create_ODE_system_strict PASSED
tests/odesystems/symbolic/test_symbolicode.py::test_create_ODE_system_nonstrict PASSED
tests/odesystems/symbolic/test_symbolicode.py::test_simple_strict_builds PASSED
tests/odesystems/symbolic/test_symbolicode.py::test_simple_nonstrict_builds PASSED
tests/odesystems/symbolic/test_symbolicode.py::test_solver_helper_cached PASSED
tests/odesystems/symbolic/test_symbolicode.py::test_observables_helper_available PASSED
tests/odesystems/test_SystemValues.py::test_init_edge_cases PASSED
tests/odesystems/test_SystemValues.py::test_param_array_and_indices_match_supplied_dict PASSED
tests/odesystems/test_SystemValues.py::test_get_index_of_key PASSED
tests/odesystems/test_SystemValues.py::test_get_indices PASSED
tests/odesystems/test_SystemValues.py::test_get_values_edge_cases PASSED
tests/odesystems/test_SystemValues.py::test_set_values_edge_cases PASSED
tests/odesystems/test_SystemValues.py::test_get_values_and_set_values PASSED
tests/odesystems/test_SystemValues.py::test_update_from_dict PASSED
tests/odesystems/test_SystemValues.py::test_indexing_as_array_or_dict PASSED
tests/odesystems/test_SystemValues.py::test_init_with_invalid_precision PASSED
tests/odesystems/test_SystemValues.py::test_set_values_with_mismatched_lengths PASSED
tests/odesystems/test_SystemValues.py::test_set_values_with_non_list_values PASSED
tests/odesystems/test_SystemValues.py::test_update_from_dict_with_empty_dict PASSED
tests/odesystems/test_SystemValues.py::test_init_with_conflicting_keys PASSED
tests/odesystems/test_SystemValues.py::test_with_large_dictionary PASSED
tests/outputhandling/summarymetrics/test_summary_metrics.py::test_register_metrics_success PASSED
tests/outputhandling/summarymetrics/test_summary_metrics.py::test_register_metric_duplicate_name_raises_error PASSED
tests/outputhandling/summarymetrics/test_summary_metrics.py::test_buffer_offsets_returns_correct_tuple PASSED
tests/outputhandling/summarymetrics/test_summary_metrics.py::test_output_offsets_returns_correct_tuple PASSED
tests/outputhandling/summarymetrics/test_summary_metrics.py::test_buffer_sizes_returns_correct_tuple PASSED
tests/outputhandling/summarymetrics/test_summary_metrics.py::test_output_sizes_returns_correct_tuple PASSED
tests/outputhandling/summarymetrics/test_summary_metrics.py::test_tuple_ordering_alignment PASSED
tests/outputhandling/summarymetrics/test_summary_metrics.py::test_parametrized_metric_with_valid_parameter PASSED
tests/outputhandling/summarymetrics/test_summary_metrics.py::test_parametrized_metric_without_parameter_raises_error PASSED
tests/outputhandling/summarymetrics/test_summary_metrics.py::test_parametrized_metric_with_invalid_parameter_raises_error PASSED
tests/outputhandling/summarymetrics/test_summary_metrics.py::test_invalid_metric_name_raises_warning PASSED
tests/outputhandling/summarymetrics/test_summary_metrics.py::test_mixed_valid_invalid_metrics_with_warning PASSED
tests/outputhandling/summarymetrics/test_summary_metrics.py::test_empty_request_returns_empty_tuple PASSED
tests/outputhandling/summarymetrics/test_summary_metrics.py::test_parse_string_for_params_valid_formats PASSED
tests/outputhandling/summarymetrics/test_summary_metrics.py::test_parse_string_for_params_invalid_formats PASSED
tests/outputhandling/summarymetrics/test_summary_metrics.py::test_save_functions_returns_correct_tuple PASSED
tests/outputhandling/summarymetrics/test_summary_metrics.py::test_update_functions_returns_correct_tuple PASSED
tests/outputhandling/summarymetrics/test_summary_metrics.py::test_complex_parameter_scenarios PASSED
tests/outputhandling/summarymetrics/test_summary_metrics.py::test_edge_case_bracket_parsing PASSED
tests/outputhandling/summarymetrics/test_summary_metrics.py::test_real_metrics_integration PASSED
tests/outputhandling/summarymetrics/test_summary_metrics.py::test_real_summary_metrics_available_metrics PASSED
tests/outputhandling/summarymetrics/test_summary_metrics.py::test_real_summary_metrics_simple_metrics_sizes PASSED
tests/outputhandling/summarymetrics/test_summary_metrics.py::test_real_summary_metrics_peaks_parametrized PASSED
tests/outputhandling/summarymetrics/test_summary_metrics.py::test_real_summary_metrics_peaks_without_parameter_raises_warning PASSED
tests/outputhandling/summarymetrics/test_summary_metrics.py::test_real_summary_metrics_offset_calculations PASSED
tests/outputhandling/summarymetrics/test_summary_metrics.py::test_real_summary_metrics_tuple_ordering_consistency PASSED
tests/outputhandling/summarymetrics/test_summary_metrics.py::test_real_summary_metrics_edge_cases PASSED
tests/outputhandling/summarymetrics/test_summary_metrics.py::test_column_headings PASSED
tests/outputhandling/summarymetrics/test_summary_metrics.py::test_summary_buffer_size_returns_correct_total PASSED
tests/outputhandling/test_output_config.py::TestInitialization::test_minimal_initialization PASSED
tests/outputhandling/test_output_config.py::TestInitialization::test_full_initialization PASSED
tests/outputhandling/test_output_config.py::TestInitialization::test_no_output_raises_error PASSED
tests/outputhandling/test_output_config.py::TestInitialization::test_out_of_bounds_indices_raise_error PASSED
tests/outputhandling/test_output_config.py::TestInitialization::test_duplicate_indices_raise_error PASSED
tests/outputhandling/test_output_config.py::TestProperties::test_max_dimensions_setters PASSED
tests/outputhandling/test_output_config.py::TestProperties::test_saved_indices_setters PASSED
tests/outputhandling/test_output_config.py::TestProperties::test_summarised_indices_setters PASSED
tests/outputhandling/test_output_config.py::TestProperties::test_array_conversion PASSED
tests/outputhandling/test_output_config.py::TestProperties::test_none_indices_conversion PASSED
tests/outputhandling/test_output_config.py::TestFlagBehavior::test_flag_affects_returned_indices PASSED
tests/outputhandling/test_output_config.py::TestFlagBehavior::test_indices_emptied_if_no_output PASSED
tests/outputhandling/test_output_config.py::TestSummaryMetrics::test_valid_summary_types PASSED
tests/outputhandling/test_output_config.py::TestSummaryMetrics::test_multiple_summary_types PASSED
tests/outputhandling/test_output_config.py::TestSummaryMetrics::test_empty_summary_types PASSED
tests/outputhandling/test_output_config.py::TestSummaryMetrics::test_summary_parameters PASSED
tests/outputhandling/test_output_config.py::TestSummaryMetrics::test_summary_memory_requirements PASSED
tests/outputhandling/test_output_config.py::TestUpdateMethods::test_basic_output_types PASSED
tests/outputhandling/test_output_config.py::TestUpdateMethods::test_summary_types PASSED
tests/outputhandling/test_output_config.py::TestUpdateMethods::test_mixed_outputs PASSED
tests/outputhandling/test_output_config.py::TestUpdateMethods::test_unknown_summary_type_warning PASSED
tests/outputhandling/test_output_config.py::TestFromLoopSettings::test_basic_creation PASSED
tests/outputhandling/test_output_config.py::TestFromLoopSettings::test_with_specified_indices PASSED
tests/outputhandling/test_output_config.py::TestFromLoopSettings::test_with_summary_metrics PASSED
tests/outputhandling/test_output_config.py::TestFromLoopSettings::test_with_parametrized_metrics PASSED
tests/outputhandling/test_output_config.py::TestFromLoopSettings::test_summarised_indices_default_to_saved PASSED
tests/outputhandling/test_output_config.py::TestFromLoopSettings::test_mixed_output_types PASSED
tests/outputhandling/test_output_config.py::TestUtilityProperties::test_save_summaries_property PASSED
tests/outputhandling/test_output_config.py::TestUtilityProperties::test_summarise_states_property PASSED
tests/outputhandling/test_output_config.py::TestUtilityProperties::test_summarise_observables_property PASSED
tests/outputhandling/test_output_config.py::TestUtilityProperties::test_n_saved_states_property PASSED
tests/outputhandling/test_output_config.py::TestUtilityProperties::test_n_saved_observables_property PASSED
tests/outputhandling/test_output_config.py::TestUtilityProperties::test_n_summarised_states_property PASSED
tests/outputhandling/test_output_config.py::TestUtilityProperties::test_n_summarised_observables_property PASSED
tests/outputhandling/test_output_functions.py::test_save_time[output_test_settings_overrides0] PASSED
tests/outputhandling/test_output_functions.py::test_save_time[output_test_settings_overrides1] PASSED
tests/outputhandling/test_output_functions.py::test_output_functions_build[no_summaries] PASSED
tests/outputhandling/test_output_functions.py::test_output_functions_build[all_summaries] PASSED
tests/outputhandling/test_output_functions.py::test_output_functions_build[single_saved] PASSED
tests/outputhandling/test_output_functions.py::test_output_functions_build[saved_index_out_of_bounds] PASSED
tests/outputhandling/test_output_functions.py::test_output_functions_build[saved_empty] PASSED
tests/outputhandling/test_output_functions.py::test_output_functions_build[no_output_types] PASSED
tests/outputhandling/test_output_functions.py::test_all_summaries_long_run[large_dataset-float32] PASSED
tests/outputhandling/test_output_functions.py::test_all_summaries_long_run[large_dataset-float64] PASSED
tests/outputhandling/test_output_functions.py::test_all_summaries_long_window[large_dataset-float32] PASSED
tests/outputhandling/test_output_functions.py::test_all_summaries_long_window[large_dataset-float64] PASSED
tests/outputhandling/test_output_functions.py::test_memory_types[local_mem-float32] PASSED
tests/outputhandling/test_output_functions.py::test_memory_types[shared_mem-float32] PASSED
tests/outputhandling/test_output_functions.py::test_input_value_ranges[tiny_values-float32] PASSED
tests/outputhandling/test_output_functions.py::test_input_value_ranges[large_values-float32] PASSED
tests/outputhandling/test_output_functions.py::test_input_value_ranges[wide_range-float32] PASSED
tests/outputhandling/test_output_functions.py::test_no_summarys[state_obs-float32] PASSED
tests/outputhandling/test_output_functions.py::test_no_summarys[obs_only-float32] PASSED
tests/outputhandling/test_output_functions.py::test_no_summarys[obs_time-float32] PASSED
tests/outputhandling/test_output_functions.py::test_no_summarys[time_only-float32] PASSED
tests/outputhandling/test_output_functions.py::test_no_summarys[state_obs_time-float32] PASSED
tests/outputhandling/test_output_functions.py::test_various_summaries[basic_summaries-float32] PASSED
tests/outputhandling/test_output_functions.py::test_various_summaries[peaks_only-float32] PASSED
tests/outputhandling/test_output_functions.py::test_various_summaries[all-float32] PASSED
tests/outputhandling/test_output_functions.py::test_various_summaries[state_and_mean-float32] PASSED
tests/outputhandling/test_output_functions.py::test_various_summaries[obs_and_mean-float32] PASSED
tests/outputhandling/test_output_functions.py::test_big_and_small_systems[1_1-float32] PASSED
tests/outputhandling/test_output_functions.py::test_big_and_small_systems[10_5-float32] PASSED
tests/outputhandling/test_output_functions.py::test_big_and_small_systems[50_20-float32] PASSED
tests/outputhandling/test_output_functions.py::test_big_and_small_systems[100_100-float32] PASSED
tests/outputhandling/test_output_functions.py::test_frequent_summaries[output_test_settings_overrides0-float32] PASSED
tests/outputhandling/test_output_functions.py::test_summaries_buffer_sizes_property PASSED
tests/outputhandling/test_output_functions.py::test_output_array_heights_property PASSED
tests/outputhandling/test_output_sizes.py::TestNonzeroProperty::test_nonzero_property_int_values PASSED
tests/outputhandling/test_output_sizes.py::TestNonzeroProperty::test_nonzero_property_tuple_values PASSED
tests/outputhandling/test_output_sizes.py::TestNonzeroProperty::test_nonzero_property_preserves_original PASSED
tests/outputhandling/test_output_sizes.py::TestSummariesBufferSizes::test_explicit_initialization[normal_values] PASSED
tests/outputhandling/test_output_sizes.py::TestSummariesBufferSizes::test_explicit_initialization[zeros] PASSED
tests/outputhandling/test_output_sizes.py::TestSummariesBufferSizes::test_explicit_initialization[larger_values] PASSED
tests/outputhandling/test_output_sizes.py::TestSummariesBufferSizes::test_nonzero_functionality PASSED
tests/outputhandling/test_output_sizes.py::TestSummariesBufferSizes::test_from_output_fns_default[solver_settings_override0] PASSED
tests/outputhandling/test_output_sizes.py::TestSummariesBufferSizes::test_explicit_vs_from_output_fns[solver_settings_override0] PASSED
tests/outputhandling/test_output_sizes.py::TestLoopBufferSizes::test_explicit_initialization[normal_values] PASSED
tests/outputhandling/test_output_sizes.py::TestLoopBufferSizes::test_explicit_initialization[zeros] PASSED
tests/outputhandling/test_output_sizes.py::TestLoopBufferSizes::test_nonzero_functionality PASSED
tests/outputhandling/test_output_sizes.py::TestLoopBufferSizes::test_from_system_and_output_fns_default[solver_settings_override0] PASSED
tests/outputhandling/test_output_sizes.py::TestLoopBufferSizes::test_explicit_vs_from_system_and_output_fns[solver_settings_override0] PASSED
tests/outputhandling/test_output_sizes.py::TestOutputArrayHeights::test_explicit_initialization[normal_values] PASSED
tests/outputhandling/test_output_sizes.py::TestOutputArrayHeights::test_explicit_initialization[zeros] PASSED
tests/outputhandling/test_output_sizes.py::TestOutputArrayHeights::test_nonzero_functionality PASSED
tests/outputhandling/test_output_sizes.py::TestOutputArrayHeights::test_from_output_fns_default[solver_settings_override0] PASSED
tests/outputhandling/test_output_sizes.py::TestOutputArrayHeights::test_explicit_vs_from_output_fns[solver_settings_override0] PASSED
tests/outputhandling/test_output_sizes.py::TestSingleRunOutputSizes::test_explicit_initialization[normal_values] PASSED
tests/outputhandling/test_output_sizes.py::TestSingleRunOutputSizes::test_explicit_initialization[zeros] PASSED
tests/outputhandling/test_output_sizes.py::TestSingleRunOutputSizes::test_nonzero_functionality PASSED
tests/outputhandling/test_output_sizes.py::TestSingleRunOutputSizes::test_from_output_fns_and_run_settings_default[solver_settings_override0] PASSED
tests/outputhandling/test_output_sizes.py::TestSingleRunOutputSizes::test_from_solver_with_nonzero[solver_settings_override0] PASSED
tests/outputhandling/test_output_sizes.py::TestSingleRunOutputSizes::test_explicit_vs_from_solver[solver_settings_override0] PASSED
tests/outputhandling/test_output_sizes.py::TestBatchInputSizes::test_explicit_initialization[normal_values] PASSED
tests/outputhandling/test_output_sizes.py::TestBatchInputSizes::test_explicit_initialization[zeros] PASSED
tests/outputhandling/test_output_sizes.py::TestBatchInputSizes::test_nonzero_functionality PASSED
tests/outputhandling/test_output_sizes.py::TestBatchInputSizes::test_stride_order_default PASSED
tests/outputhandling/test_output_sizes.py::TestBatchOutputSizes::test_explicit_initialization[normal_values] PASSED
tests/outputhandling/test_output_sizes.py::TestBatchOutputSizes::test_explicit_initialization[zeros] PASSED
tests/outputhandling/test_output_sizes.py::TestBatchOutputSizes::test_nonzero_functionality PASSED
tests/outputhandling/test_output_sizes.py::TestIntegrationScenarios::test_realistic_scenario_no_zeros[solver_settings_override0] PASSED
tests/outputhandling/test_output_sizes.py::TestIntegrationScenarios::test_edge_case_all_zeros_with_nonzero[solver_settings_override0] PASSED
tests/test_CUDAFactory.py::test_setup_compile_settings PASSED
tests/test_CUDAFactory.py::test_update_compile_settings PASSED
tests/test_CUDAFactory.py::test_update_compile_settings_reports_correct_key PASSED
tests/test_CUDAFactory.py::test_cache_invalidation PASSED
tests/test_CUDAFactory.py::test_build PASSED
tests/test_CUDAFactory.py::test_build_with_dict_output PASSED
tests/test_CUDAFactory.py::test_device_function_from_dict PASSED
tests/test_CUDAFactory.py::test_get_cached_output_not_implemented_error PASSED
tests/test_CUDAFactory.py::test_get_cached_output_not_implemented_error_multiple PASSED
tests/test_utils.py::test_clamp_kernel_float64[float64] PASSED
tests/test_utils.py::test_clamp_kernel_float32[float32] PASSED
tests/test_utils.py::test_get_noise_64[float64] PASSED
tests/test_utils.py::test_get_noise_32[float32] PASSED
tests/test_utils.py::test_slice_variable_dimension PASSED
tests/test_utils.py::test_in_attr PASSED
tests/test_utils.py::test_is_attrs_class PASSED
tests/test_utils.py::test_update_dicts_from_kwargs PASSED
tests/test_utils.py::test_timing_decorator PASSED
tests/test_utils.py::test_round_sf PASSED
tests/test_utils.py::test_round_list_sf PASSED
tests/test_utils.py::test_get_readonly_view PASSED
tests/test_utils.py::test_is_devfnc PASSED

=============================== warnings summary ===============================
tests/batchsolving/arrays/test_basearraymanager.py:41
  /workspace/repo/tests/batchsolving/arrays/test_basearraymanager.py:41: PytestCollectionWarning: cannot collect test class 'TestArrays' because it has a __init__ constructor (from: tests/batchsolving/arrays/test_basearraymanager.py)
    @attrs.define(slots=False)

tests/batchsolving/arrays/test_basearraymanager.py:49
[...]
==================================================== test call duration top ====================================================
total          name                                                                           num  avg            min           
0:00:43.822978                                                    test_newton_krylov_symbolic   15 0:00:02.435826 0:00:02.023717
0:00:35.579842                                                                       test_run    3 0:00:10.088227 0:00:03.670714
0:00:34.857555                    TestSingleIntegratorRun::test_build_getters_and_equivalence    2 0:00:17.428777 0:00:02.981654
0:00:12.668262                                                               test_solve_basic    3 0:00:03.790526 0:00:03.561298
0:00:12.464321                                                    test_linear_solver_symbolic   12 0:00:01.070909 0:00:00.733325
0:00:09.992442                                   TestControllers::test_cpu_gpu_sequence_agree    4 0:00:02.452084 0:00:02.029680
0:00:04.101278                                                             test_kernel_builds    1 0:00:04.101278 0:00:04.101278
0:00:03.996798                                         test_solve_with_different_result_types    1 0:00:03.996798 0:00:03.996798
0:00:03.939181                                           test_solve_with_different_grid_types    1 0:00:03.939181 0:00:03.939181
0:00:03.695571                                                        test_solve_ivp_function    1 0:00:03.695571 0:00:03.695571
0:00:01.972537                                                              test_get_noise_64    1 0:00:01.972537 0:00:01.972537
0:00:01.564936                                         test_neumann_preconditioner_expression    4 0:00:00.391659 0:00:00.387625
0:00:01.485985                                                 test_newton_krylov_placeholder    1 0:00:01.485985 0:00:01.485985
0:00:01.468108                                                     test_newton_krylov_failure    1 0:00:01.468108 0:00:01.468108
0:00:01.440981                            test_newton_krylov_linear_solver_failure_propagates    1 0:00:01.440981 0:00:01.440981
0:00:01.420143                                   test_newton_krylov_max_newton_iters_exceeded    1 0:00:01.420143 0:00:01.420143
0:00:01.166280                                                 test_linear_solver_placeholder    2 0:00:00.583140 0:00:00.581991
0:00:00.959151                                                        test_residual_end_state    3 0:00:00.303169 0:00:00.288111
0:00:00.823720                   TestObservablesDeviceParity::test_dxdt_preserves_observables    2 0:00:00.411860 0:00:00.400817
0:00:00.815231                                                      test_operator_apply_dense    3 0:00:00.268574 0:00:00.267541
0:00:00.801889                                                            test_stage_residual    3 0:00:00.260855 0:00:00.255241
0:00:00.796666                                                    test_neumann_preconditioner    2 0:00:00.398333 0:00:00.398286
0:00:00.686672                                                              test_get_noise_32    1 0:00:00.686672 0:00:00.686672
0:00:00.614426                                          test_linear_solver_max_iters_exceeded    1 0:00:00.614426 0:00:00.614426
0:00:00.432973                                        TestInputArrays::test_initialise_method    1 0:00:00.432973 0:00:00.432973
0:00:00.381172                                                                test_allocation    3 0:00:00.126934 0:00:00.123214
0:00:00.375703                                                      test_clamp_kernel_float64    1 0:00:00.375703 0:00:00.375703
0:00:00.375199                                                      test_clamp_kernel_float32    1 0:00:00.375199 0:00:00.375199
0:00:00.358188                                                    test_solver_precision_types    2 0:00:00.179094 0:00:00.178755
0:00:00.337622                             TestBaseArrayManager::test_initialize_device_zeros    1 0:00:00.337622 0:00:00.337622
0:03:06.751862                                                                    grand total  778 0:00:00.000406 0:00:00.000128
=================================================== test setup duration top ====================================================
total          name                                                                           num  avg            min           
0:01:45.886994                                                                     test_build    5 0:00:11.155567 0:00:00.001061
0:01:21.960443                                                                 test_algorithm    4 0:00:18.294213 0:00:05.635368
0:00:38.138813                                 test_initial_observable_seed_matches_reference    2 0:00:19.069406 0:00:07.038657
0:00:16.225157                TestSolveResultFromSolver::test_full_result_matches_cpu_outputs    1 0:00:16.225157 0:00:16.225157
0:00:14.572797                                                         test_various_summaries    5 0:00:01.929638 0:00:01.410983
0:00:13.037587                                                    test_newton_krylov_symbolic   15 0:00:00.936679 0:00:00.653389
0:00:10.658718                TestSolveResultPandasIntegration::test_pandas_shape_consistency    1 0:00:10.658718 0:00:10.658718
0:00:10.443209                             TestSolveResultProperties::test_as_pandas_property    1 0:00:10.443209 0:00:10.443209
0:00:10.414362              TestSolveResultInstantiation::test_instantiation_type_equivalence    1 0:00:10.414362 0:00:10.414362
0:00:10.333543                    TestSolveResultProperties::test_per_summary_arrays_property    1 0:00:10.333543 0:00:10.333543
0:00:10.093784                       TestSolveResultFromSolver::test_stride_order_from_solver    1 0:00:10.093784 0:00:10.093784
0:00:10.090028                 TestSolveResultFromSolver::test_time_domain_legend_from_solver    1 0:00:10.090028 0:00:10.090028
0:00:09.951385 TestSolveResultInstantiation::test_from_solver_numpy_per_summary_instantiation    1 0:00:09.951385 0:00:09.951385
0:00:09.906177            TestSolveResultInstantiation::test_from_solver_pandas_instantiation    1 0:00:09.906177 0:00:09.906177
0:00:09.695535             TestSolveResultInstantiation::test_from_solver_numpy_instantiation    1 0:00:09.695535 0:00:09.695535
0:00:09.691319                                                    test_linear_solver_symbolic   12 0:00:00.802459 0:00:00.659586
0:00:09.690010              TestSolveResultInstantiation::test_from_solver_full_instantiation    1 0:00:09.690010 0:00:09.690010
0:00:08.881254                        TestSolveResultProperties::test_active_outputs_property    1 0:00:08.881254 0:00:08.881254
0:00:08.865874                    TestSolveResultPandasIntegration::test_pandas_time_indexing    1 0:00:08.865874 0:00:08.865874
0:00:08.820889                     TestSolveResultFromSolver::test_summary_legend_from_solver    1 0:00:08.820889 0:00:08.820889
0:00:08.791961                              TestSolveResultProperties::test_as_numpy_property    1 0:00:08.791961 0:00:08.791961
0:00:08.714308                                              TestControllers::test_matches_cpu   16 0:00:00.533072 0:00:00.445379
0:00:07.648721                                                    test_all_summaries_long_run    2 0:00:03.824360 0:00:03.814407
0:00:07.639913                                                 test_all_summaries_long_window    2 0:00:03.819956 0:00:03.815171
0:00:06.050127                                                              test_memory_types    2 0:00:03.025063 0:00:02.945258
0:00:04.319561                                              TestControllers::test_gain_clamps    8 0:00:00.531460 0:00:00.444842
0:00:04.297152                                                TestControllers::test_dt_clamps    8 0:00:00.529163 0:00:00.441915
0:00:04.284312                                                  test_chunk_related_properties    1 0:00:04.284312 0:00:04.284312
0:00:03.549746                                               test_data_properties_after_solve    1 0:00:03.549746 0:00:03.549746
0:00:03.443089                                                               test_no_summarys    5 0:00:00.692445 0:00:00.612624
0:08:16.759195                                                                    grand total  778 0:00:00.000690 0:00:00.000113
================================================== test teardown duration top ==================================================
total          name                                                                           num  avg            min           
0:00:00.022102                                                          test_call_input_types   27 0:00:00.000812 0:00:00.000787
0:00:00.013914                                              TestControllers::test_matches_cpu   16 0:00:00.000869 0:00:00.000849
0:00:00.008371                                                                 test_algorithm    4 0:00:00.002076 0:00:00.002055
0:00:00.007043                                                                     test_build    5 0:00:00.001680 0:00:00.000167
0:00:00.005856                                                TestControllers::test_dt_clamps    8 0:00:00.000730 0:00:00.000715
0:00:00.005770                                              TestControllers::test_gain_clamps    8 0:00:00.000721 0:00:00.000700
0:00:00.005001                                                               test_no_summarys    5 0:00:00.000994 0:00:00.000973
0:00:00.284775                                                                    grand total  778 0:00:00.000176 0:00:00.000056
================================ tests coverage ================================
_______________ coverage: platform linux, python 3.12.3-final-0 ________________

Name                                                                  Stmts   Miss Branch BrPart  Cover   Missing
-----------------------------------------------------------------------------------------------------------------
src/cubie/CUDAFactory.py                                                 73      6     34      6    89%   97, 159, 162, 235, 237, 239
src/cubie/__init__.py                                                    13      2      0      0    85%   28-30
src/cubie/_utils.py                                                     113     10     40      5    90%   44, 58, 245-247, 374, 385, 404, 407, 421
src/cubie/batchsolving/BatchGridBuilder.py                              123     26     60     16    72%   416, 456, 459, 650, 661-662, 670-671, 680-681, 683-686, 689-701, 731-732, 762, 764, 766, 770, 772->779, 780
src/cubie/batchsolving/BatchSolverConfig.py                              25      0      0      0   100%
src/cubie/batchsolving/BatchSolverKernel.py                             294     25     28      5    89%   346-359, 371-381, 403-404, 457, 626, 811, 859, 1239, 1251, 1263
src/cubie/batchsolving/SystemInterface.py                                60      5     22      5    88%   109, 111, 113, 184, 287
src/cubie/batchsolving/__init__.py                                        7      0      0      0   100%
src/cubie/batchsolving/_utils.py                                         26      0     10      0   100%
src/cubie/batchsolving/arrays/BaseArrayManager.py                       210     18     90     10    90%   109, 489-490, 495, 504-510, 522->534, 526->534, 535, 621, 623-625, 686, 706-707, 711-714
src/cubie/batchsolving/arrays/BatchInputArrays.py                        88      5      8      2    93%   336-344, 347->346
src/cubie/batchsolving/arrays/BatchOutputArrays.py                       97      0     10      0   100%
src/cubie/batchsolving/arrays/__init__.py                                 0      0      0      0   100%
src/cubie/batchsolving/solver.py                                        213     16     44     12    89%   239, 245, 312, 349, 354, 421, 423, 449, 452, 454, 464-467, 473, 663, 669, 675
src/cubie/batchsolving/solveresult.py                                   180      5     48      4    96%   215, 235-236, 267->279, 275, 294
src/cubie/cuda_simsafe.py                                                52     26      8      3    52%   101-119, 151, 160, 178, 186-196
src/cubie/integrators/IntegratorRunSettings.py                           12      1      0      0    92%   47
src/cubie/integrators/SingleIntegratorRun.py                            321      4      4      0    99%   47, 167, 173, 358
src/cubie/integrators/SingleIntegratorRunCore.py                        120      6     44      8    91%   192, 295, 432, 436, 438, 445->452, 458->469, 535
src/cubie/integrators/__init__.py                                        15      0      0      0   100%
src/cubie/integrators/algorithms/__init__.py                             19      1      8      1    93%   56
src/cubie/integrators/algorithms/backwards_euler.py                      42      2      0      0    95%   270, 281
src/cubie/integrators/algorithms/backwards_euler_predict_correct.py       5      0      0      0   100%
src/cubie/integrators/algorithms/base_algorithm_step.py                  85      7     10      3    89%   86, 170, 173, 199, 210, 216, 222
src/cubie/integrators/algorithms/crank_nicolson.py                       36      0      0      0   100%
src/cubie/integrators/algorithms/explicit_euler.py                       41      7      2      0    79%   150-177
src/cubie/integrators/algorithms/ode_explicitstep.py                     28      0      0      0   100%
src/cubie/integrators/algorithms/ode_implicitstep.py                    111      4      2      1    96%   99-116, 216
src/cubie/integrators/loops/__init__.py                                   2      0      0      0   100%
src/cubie/integrators/loops/ode_loop.py                                 137     10      8      4    90%   111, 117, 534, 540, 546, 552, 583, 586, 588, 593
src/cubie/integrators/loops/ode_loop_config.py                          139     10      4      0    90%   70-71, 230-236, 309, 447, 472
src/cubie/integrators/matrix_free_solvers/__init__.py                     9      0      0      0   100%
src/cubie/integrators/matrix_free_solvers/linear_solver.py               16      1      2      1    89%   67
src/cubie/integrators/matrix_free_solvers/newton_krylov.py               16      1      2      1    89%   68
src/cubie/integrators/step_control/__init__.py                           20      3     10      3    80%   46, 48, 53
src/cubie/integrators/step_control/adaptive_I_controller.py              15      0      0      0   100%
src/cubie/integrators/step_control/adaptive_PID_controller.py            43      3      0      0    93%   122-126
src/cubie/integrators/step_control/adaptive_PI_controller.py             39      3      0      0    92%   126-129
src/cubie/integrators/step_control/adaptive_step_controller.py           84     10     10      4    83%   49-51, 97, 99-105, 118, 149-157
src/cubie/integrators/step_control/base_step_controller.py               70      7     10      2    89%   64, 69, 129, 135, 141, 215, 242
src/cubie/integrators/step_control/fixed_step_controller.py              45      0      0      0   100%
src/cubie/integrators/step_control/gustafsson_controller.py              41      3      0      0    93%   47-50
src/cubie/memory/__init__.py                                              4      0      0      0   100%
src/cubie/memory/array_requests.py                                       26      0      6      0   100%
src/cubie/memory/cupy_emm.py                                            115     11     20      6    87%   53, 56, 60-63, 122->125, 153->exit, 185-186, 286, 323->exit, 343-344
src/cubie/memory/mem_manager.py                                         351     17    118     10    94%   38, 168-172, 261-274, 328, 487, 546, 641, 653, 690, 773->772, 958, 1284->1293
src/cubie/memory/stream_groups.py                                        51      4     20      4    89%   64, 66, 94, 195
src/cubie/odesystems/ODEData.py                                          51      1      0      0    98%   149
src/cubie/odesystems/SystemValues.py                                    129      7     70      9    92%   98, 143, 148->145, 194->exit, 259, 427, 429, 452, 494
src/cubie/odesystems/__init__.py                                          5      0      0      0   100%
src/cubie/odesystems/baseODE.py                                          90      8      8      4    88%   158, 216, 219, 221, 229, 280, 305, 357
src/cubie/odesystems/symbolic/__init__.py                                 9      0      0      0   100%
src/cubie/odesystems/symbolic/cellml.py                                   8      5      0      0    38%   34-38
src/cubie/odesystems/symbolic/dxdt.py                                    45      3     10      4    87%   86, 88->99, 137, 151
src/cubie/odesystems/symbolic/indexedbasemaps.py                        137      0     22      0   100%
src/cubie/odesystems/symbolic/jacobian.py                               145     13     68     12    86%   36->38, 38->33, 42-48, 85, 130, 136->142, 168->170, 173, 191->198, 194, 300, 364
src/cubie/odesystems/symbolic/numba_cuda_printer.py                      72      5     18      3    91%   99->exit, 271-273, 283-284
src/cubie/odesystems/symbolic/odefile.py                                 46      1     12      1    97%   127
src/cubie/odesystems/symbolic/parser.py                                 230     15     96      7    92%   210-211, 263->267, 268, 271, 279, 424, 475-492, 687->691
src/cubie/odesystems/symbolic/solver_helpers.py                         134      5     42      5    94%   115, 297, 381, 466, 470
src/cubie/odesystems/symbolic/sym_utils.py                               56      0     26      1    99%   164->168
src/cubie/odesystems/symbolic/symbolicODE.py                             82      7     14      3    90%   150, 154-157, 411-418
src/cubie/outputhandling/__init__.py                                      5      0      0      0   100%
src/cubie/outputhandling/output_config.py                               240      3     56      6    97%   45->exit, 47, 318->323, 350->355, 747, 749
src/cubie/outputhandling/output_functions.py                            117      5     10      5    92%   93, 141, 144, 146, 157
src/cubie/outputhandling/output_sizes.py                                120      9      4      1    92%   56->54, 400-422
src/cubie/outputhandling/save_state.py                                    9      0      0      0   100%
src/cubie/outputhandling/save_summaries.py                               39      1      2      0    98%   56
src/cubie/outputhandling/summarymetrics/__init__.py                       7      0      0      0   100%
src/cubie/outputhandling/summarymetrics/max.py                            9      0      0      0   100%
src/cubie/outputhandling/summarymetrics/mean.py                           9      0      0      0   100%
src/cubie/outputhandling/summarymetrics/metrics.py                      149      8     30      0    94%   383-391
src/cubie/outputhandling/summarymetrics/peaks.py                          9      0      0      0   100%
src/cubie/outputhandling/summarymetrics/rms.py                           10      0      0      0   100%
src/cubie/outputhandling/update_summaries.py                             32      1      2      0    97%   57
-----------------------------------------------------------------------------------------------------------------
TOTAL                                                                  5626    356   1172    177    92%
Coverage XML written to file coverage.xml
================ 778 passed, 302 warnings in 692.80s (0:11:32) =================
