<?xml version="1.0" encoding="utf-8"?><testsuites name="pytest tests"><testsuite name="pytest" errors="0" failures="2" skipped="0" tests="2238" time="682.514" timestamp="2026-02-13T16:57:06.575003+00:00" hostname="ip-10-192-11-136"><testcase classname="tests.batchsolving.arrays.test_basearraymanager" name="test_managed_array_no_chunked_slice_fn_field" time="0.006" /><testcase classname="tests.batchsolving.arrays.test_basearraymanager.TestArrayContainer" name="test_attach_existing_label" time="0.005" /><testcase classname="tests.batchsolving.arrays.test_basearraymanager.TestArrayContainer" name="test_attach_nonexistent_label" time="0.010" /><testcase classname="tests.batchsolving.arrays.test_basearraymanager.TestNumRunsAttribute" name="test_set_array_runs_sets_attribute" time="0.004" /><testcase classname="tests.batchsolving.arrays.test_basearraymanager.TestNumRunsAttribute" name="test_set_array_runs_validates_type" time="0.006" /><testcase classname="tests.batchsolving.arrays.test_basearraymanager.TestNumRunsAttribute" name="test_set_array_runs_validates_range" time="0.007" /><testcase classname="tests.batchsolving.arrays.test_basearraymanager.TestArrayContainer" name="test_delete_all" time="0.001" /><testcase classname="tests.batchsolving.arrays.test_basearraymanager.TestChunkMetadataFlow2" name="test_allocation_complete_sets_chunk_metadata" time="0.005" /><testcase classname="tests.batchsolving.arrays.test_basearraymanager.TestBaseArrayManager" name="test_initialization" time="0.008" /><testcase classname="tests.batchsolving.arrays.test_basearraymanager.TestBaseArrayManager" name="test_register_with_memory_manager" time="0.006" /><testcase classname="tests.batchsolving.arrays.test_basearraymanager.TestChunkMetadataFlow2" name="test_chunk_slice_uses_chunk_metadata_from_response" time="0.004" /><testcase classname="tests.batchsolving.arrays.test_basearraymanager.TestChunkMetadataFlow2" name="test_chunk_metadata_flow_integration" time="0.014" /><testcase classname="tests.batchsolving.arrays.test_basearraymanager.TestBaseArrayManager" name="test_on_allocation_complete" time="0.011" /><testcase classname="tests.batchsolving.arrays.test_batchinputarrays" name="test_container_three_managed_array_fields" time="0.002" /><testcase classname="tests.batchsolving.arrays.test_batchinputarrays" name="test_container_field_stride_orders_and_defaults" time="0.002" /><testcase classname="tests.batchsolving.arrays.test_batchinputarrays" name="test_host_factory_sets_pinned_memory" time="0.002" /><testcase classname="tests.batchsolving.arrays.test_basearraymanager.TestBaseArrayManager" name="test_request_allocation_auto" time="0.011" /><testcase classname="tests.batchsolving.arrays.test_basearraymanager.TestBaseArrayManager" name="test_invalidate_hook_functionality" time="0.008" /><testcase classname="tests.batchsolving.arrays.test_batchinputarrays" name="test_host_factory_custom_memory_type" time="0.001" /><testcase classname="tests.batchsolving.arrays.test_batchinputarrays" name="test_device_factory_sets_device_memory" time="0.001" /><testcase classname="tests.batchsolving.arrays.test_basearraymanager.TestBaseArrayManager" name="test_arrays_equal_both_none" time="0.015" /><testcase classname="tests.batchsolving.arrays.test_basearraymanager.TestBaseArrayManager" name="test_arrays_equal_one_none" time="0.010" /><testcase classname="tests.batchsolving.arrays.test_basearraymanager.TestBaseArrayManager" name="test_arrays_equal_same_arrays" time="0.011" /><testcase classname="tests.batchsolving.arrays.test_basearraymanager.TestBaseArrayManager" name="test_arrays_equal_different_arrays" time="0.007" /><testcase classname="tests.batchsolving.arrays.test_basearraymanager.TestBaseArrayManager" name="test_arrays_equal_shape_only_same_shape" time="0.006" /><testcase classname="tests.batchsolving.arrays.test_basearraymanager.TestBaseArrayManager" name="test_arrays_equal_shape_only_different_shape" time="0.008" /><testcase classname="tests.batchsolving.arrays.test_basearraymanager.TestBaseArrayManager" name="test_arrays_equal_shape_only_3d" time="0.006" /><testcase classname="tests.batchsolving.arrays.test_basearraymanager.TestBaseArrayManager" name="test_arrays_equal_shape_only_different_dtype" time="0.006" /><testcase classname="tests.batchsolving.arrays.test_basearraymanager.TestBaseArrayManager" name="test_update_host_array_no_change" time="0.007" /><testcase classname="tests.batchsolving.arrays.test_basearraymanager.TestBaseArrayManager" name="test_update_host_array_shape_change" time="0.006" /><testcase classname="tests.batchsolving.arrays.test_basearraymanager.TestBaseArrayManager" name="test_update_host_array_zero_shape" time="0.008" /><testcase classname="tests.batchsolving.arrays.test_basearraymanager.TestBaseArrayManager" name="test_update_host_array_value_change" time="0.006" /><testcase classname="tests.batchsolving.arrays.test_basearraymanager.TestBaseArrayManager" name="test_chunk_placeholders" time="0.006" /><testcase classname="tests.batchsolving.arrays.test_basearraymanager.TestCheckSizesAndTypes" name="test_check_type_returns_dict" time="0.006" /><testcase classname="tests.batchsolving.arrays.test_basearraymanager.TestCheckSizesAndTypes" name="test_check_type_all_correct" time="0.006" /><testcase classname="tests.batchsolving.arrays.test_basearraymanager.TestCheckSizesAndTypes" name="test_check_type_with_none_arrays" time="0.005" /><testcase classname="tests.batchsolving.arrays.test_basearraymanager.TestCheckSizesAndTypes" name="test_check_sizes_returns_dict" time="0.005" /><testcase classname="tests.batchsolving.arrays.test_basearraymanager.TestCheckSizesAndTypes" name="test_check_sizes_correct_shapes" time="0.006" /><testcase classname="tests.batchsolving.arrays.test_basearraymanager.TestCheckSizesAndTypes" name="test_check_sizes_wrong_shapes" time="0.005" /><testcase classname="tests.batchsolving.arrays.test_basearraymanager.TestCheckSizesAndTypes" name="test_check_sizes_invalid_location" time="0.009" /><testcase classname="tests.batchsolving.arrays.test_basearraymanager.TestCheckIncomingArrays" name="test_check_incoming_arrays_all_pass" time="0.006" /><testcase classname="tests.batchsolving.arrays.test_basearraymanager.TestCheckIncomingArrays" name="test_check_incoming_arrays_size_fail" time="0.006" /><testcase classname="tests.batchsolving.arrays.test_basearraymanager.TestCheckIncomingArrays" name="test_check_incoming_arrays_type_fail" time="0.006" /><testcase classname="tests.batchsolving.arrays.test_basearraymanager.TestUpdateHostArrays" name="test_update_host_arrays_success" time="0.007" /><testcase classname="tests.batchsolving.arrays.test_basearraymanager.TestUpdateHostArrays" name="test_update_host_arrays_shape_change" time="0.006" /><testcase classname="tests.batchsolving.arrays.test_basearraymanager.TestUpdateHostArrays" name="test_update_host_arrays_size_mismatch" time="0.011" /><testcase classname="tests.batchsolving.test_SystemInterface" name="test_state_indices_by_name" time="0.414" /><testcase classname="tests.batchsolving.arrays.test_basearraymanager.TestUpdateHostArrays" name="test_update_host_arrays_nonexistent_array" time="0.026" /><testcase classname="tests.batchsolving.test_system_interface" name="test_state_indices_delegates" time="0.422" /><testcase classname="tests.batchsolving.test_system_interface" name="test_observable_indices_none_returns_all" time="0.002" /><testcase classname="tests.batchsolving.test_SystemInterface" name="test_observable_indices_none_returns_all" time="0.002" /><testcase classname="tests.batchsolving.test_system_interface" name="test_observable_indices_delegates" time="0.002" /><testcase classname="tests.batchsolving.test_system_interface" name="test_parameter_indices_delegates" time="0.002" /><testcase classname="tests.batchsolving.test_batch_input_handler" name="test_is_1d_or_none[dict]" time="0.490" /><testcase classname="tests.batchsolving.test_batch_input_handler" name="test_is_1d_or_none[1d_ndarray]" time="0.002" /><testcase classname="tests.batchsolving.test_batch_input_handler" name="test_is_1d_or_none[flat_list]" time="0.002" /><testcase classname="tests.batchsolving.test_batch_input_handler" name="test_is_1d_or_none[2d_ndarray]" time="0.002" /><testcase classname="tests.batchsolving.test_batch_input_handler" name="test_to_defaults_column" time="0.003" /><testcase classname="tests.batchsolving.arrays.test_basearraymanager.TestUpdateHostArrays" name="test_update_host_arrays_no_change" time="0.029" /><testcase classname="tests.batchsolving.arrays.test_basearraymanager.TestUpdateSizes" name="test_update_sizes_success" time="0.016" /><testcase classname="tests.batchsolving.test_SystemInterface" name="test_observable_indices_by_name" time="0.002" /><testcase classname="tests.batchsolving.test_SystemInterface" name="test_parameter_indices_by_name" time="0.002" /><testcase classname="tests.batchsolving.test_SystemInterface" name="test_get_labels_delegates" time="0.002" /><testcase classname="tests.batchsolving.test_SystemInterface" name="test_labels_none_returns_all[states]" time="0.003" /><testcase classname="tests.batchsolving.test_SystemInterface" name="test_labels_none_returns_all[observables]" time="0.003" /><testcase classname="tests.batchsolving.arrays.test_basearraymanager.TestUpdateSizes" name="test_update_sizes_wrong_type" time="0.046" /><testcase classname="tests.batchsolving.test_system_interface" name="test_get_labels_delegates" time="0.002" /><testcase classname="tests.batchsolving.test_system_interface" name="test_labels_none_returns_all_names[state]" time="0.002" /><testcase classname="tests.batchsolving.test_system_interface" name="test_labels_none_returns_all_names[observable]" time="0.002" /><testcase classname="tests.batchsolving.test_system_interface" name="test_labels_none_returns_all_names[parameter]" time="0.002" /><testcase classname="tests.batchsolving.test_system_interface" name="test_labels_with_indices[state]" time="0.002" /><testcase classname="tests.batchsolving.test_system_interface" name="test_labels_with_indices[observable]" time="0.002" /><testcase classname="tests.batchsolving.test_SystemInterface" name="test_labels_none_returns_all[parameters]" time="0.003" /><testcase classname="tests.batchsolving.test_batch_input_handler" name="test_fast_return_right_sized_matching" time="0.006" /><testcase classname="tests.batchsolving.test_batch_input_handler" name="test_fast_return_none_when_no_path" time="0.002" /><testcase classname="tests.batchsolving.test_system_interface" name="test_labels_with_indices[parameter]" time="0.002" /><testcase classname="tests.batchsolving.test_system_interface" name="test_resolve_variable_labels_none" time="0.002" /><testcase classname="tests.batchsolving.test_system_interface" name="test_resolve_variable_labels_empty" time="0.002" /><testcase classname="tests.batchsolving.test_system_interface" name="test_resolve_variable_labels_states" time="0.002" /><testcase classname="tests.batchsolving.test_system_interface" name="test_resolve_variable_labels_raises_on_invalid" time="0.005" /><testcase classname="tests.batchsolving.test_batch_input_handler" name="test_fast_return_states_ok_params_small" time="0.002" /><testcase classname="tests.batchsolving.test_batch_input_handler" name="test_fast_return_params_ok_states_small" time="0.002" /><testcase classname="tests.batchsolving.test_system_interface" name="test_resolve_variable_labels_silent_invalid" time="0.011" /><testcase classname="tests.batchsolving.test_system_interface" name="test_merge_variable_inputs_all_none" time="0.002" /><testcase classname="tests.batchsolving.test_batch_input_handler" name="test_get_run_count_2d" time="0.036" /><testcase classname="tests.batchsolving.arrays.test_basearraymanager.TestMemoryManagerIntegration" name="test_memory_manager_registration" time="0.014" /><testcase classname="tests.batchsolving.test_SystemInterface" name="test_labels_with_indices[states]" time="0.003" /><testcase classname="tests.batchsolving.test_SystemInterface" name="test_labels_with_indices[observables]" time="0.006" /><testcase classname="tests.batchsolving.test_system_interface" name="test_merge_variable_inputs_replaces_none_with_empty" time="0.002" /><testcase classname="tests.batchsolving.test_system_interface" name="test_merge_variable_inputs_union" time="0.011" /><testcase classname="tests.batchsolving.test_system_interface" name="test_merge_labels_and_idxs_pops_keys" time="0.002" /><testcase classname="tests.batchsolving.test_system_interface" name="test_merge_labels_and_idxs_sets_all_four_keys" time="0.006" /><testcase classname="tests.batchsolving.test_system_interface" name="test_merge_labels_and_idxs_summarise_defaults_to_saved" time="0.007" /><testcase classname="tests.batchsolving.test_system_interface" name="test_merge_labels_and_idxs_explicit_summarise" time="0.002" /><testcase classname="tests.batchsolving.test_batch_input_handler" name="test_get_run_count_non_2d" time="0.002" /><testcase classname="tests.batchsolving.test_batch_input_handler" name="test_get_run_count_none" time="0.002" /><testcase classname="tests.batchsolving.test_batch_input_handler" name="test_get_run_count_device_array" time="0.002" /><testcase classname="tests.batchsolving.test_batch_input_handler" name="test_align_run_counts_delegates" time="0.002" /><testcase classname="tests.batchsolving.test_batch_input_handler" name="test_call_none_returns_defaults" time="0.003" /><testcase classname="tests.batchsolving.test_batch_input_handler" name="test_call_verbatim_mismatch_raises" time="0.002" /><testcase classname="tests.batchsolving.test_system_interface" name="test_all_input_labels" time="0.006" /><testcase classname="tests.batchsolving.test_system_interface" name="test_all_output_labels" time="0.002" /><testcase classname="tests.batchsolving.arrays.test_basearraymanager.TestMemoryManagerIntegration" name="test_memory_manager_proportion_handling[arraytest_overrides0]" time="0.020" /><testcase classname="tests.batchsolving.arrays.test_basearraymanager.TestMemoryManagerIntegration" name="test_memory_manager_proportion_handling[arraytest_overrides1]" time="0.009" /><testcase classname="tests.batchsolving.arrays.test_basearraymanager.TestMemoryManagerIntegration" name="test_memory_manager_proportion_handling[arraytest_overrides2]" time="0.013" /><testcase classname="tests.batchsolving.test_SystemInterface" name="test_labels_with_indices[parameters]" time="0.003" /><testcase classname="tests.batchsolving.test_SystemInterface" name="test_resolve_variable_labels_none" time="0.002" /><testcase classname="tests.batchsolving.test_SystemInterface" name="test_resolve_variable_labels_empty" time="0.002" /><testcase classname="tests.batchsolving.test_SystemInterface" name="test_resolve_variable_labels_resolves" time="0.002" /><testcase classname="tests.batchsolving.test_SystemInterface" name="test_resolve_variable_labels_error_on_unknown" time="0.004" /><testcase classname="tests.batchsolving.test_SystemInterface" name="test_merge_variable_inputs_all_none" time="0.004" /><testcase classname="tests.batchsolving.test_utils" name="test_utils_module_has_no_public_exports" time="0.001" /><testcase classname="tests.batchsolving.test_writeback_watcher" name="test_pending_buffer_stores_all_fields" time="0.001" /><testcase classname="tests.batchsolving.test_batch_input_handler" name="test_call_combinatorial_dict_both" time="0.006" /><testcase classname="tests.batchsolving.test_batch_input_handler" name="test_call_verbatim_broadcast_single" time="0.006" /><testcase classname="tests.batchsolving.test_batch_input_handler" name="test_call_single_param_sweep" time="0.007" /><testcase classname="tests.batchsolving.test_batch_input_handler" name="test_call_1d_array_single_run" time="0.011" /><testcase classname="tests.batchsolving.test_batch_input_handler" name="test_call_positional_args" time="0.008" /><testcase classname="tests.batchsolving.test_writeback_watcher" name="test_writeback_task_stores_all_fields" time="0.001" /><testcase classname="tests.batchsolving.test_writeback_watcher" name="test_writeback_task_data_shape_defaults_none" time="0.021" /><testcase classname="tests.batchsolving.arrays.test_basearraymanager.TestMemoryManagerIntegration" name="test_stream_group_management[arraytest_overrides0]" time="0.019" /><testcase classname="tests.batchsolving.test_batch_input_handler" name="test_process_empty_values_none_input" time="0.003" /><testcase classname="tests.batchsolving.test_writeback_watcher" name="test_from_pending_buffer_transfers_all_fields" time="0.028" /><testcase classname="tests.batchsolving.test_writeback_watcher" name="test_watcher_init_defaults" time="0.001" /><testcase classname="tests.batchsolving.test_batch_input_handler" name="test_process_empty_values_nonempty_raises" time="0.002" /><testcase classname="tests.batchsolving.arrays.test_basearraymanager.TestMemoryManagerIntegration" name="test_stream_group_management[arraytest_overrides1]" time="0.016" /><testcase classname="tests.batchsolving.arrays.test_basearraymanager.TestMemoryManagerIntegration" name="test_allocation_with_settings" time="0.028" /><testcase classname="tests.batchsolving.test_writeback_watcher" name="test_watcher_init_custom_poll_interval" time="0.011" /><testcase classname="tests.batchsolving.test_writeback_watcher" name="test_start_creates_daemon_thread" time="0.014" /><testcase classname="tests.batchsolving.test_SystemInterface" name="test_merge_variable_inputs_union" time="0.003" /><testcase classname="tests.batchsolving.test_SystemInterface" name="test_merge_variable_inputs_none_replaced_with_empty" time="0.002" /><testcase classname="tests.batchsolving.test_SystemInterface" name="test_merge_variable_labels_and_idxs_pops_keys" time="0.002" /><testcase classname="tests.batchsolving.test_SystemInterface" name="test_merge_variable_labels_and_idxs_defaults_summarise_to_saved" time="0.002" /><testcase classname="tests.batchsolving.test_writeback_watcher" name="test_start_noop_when_already_running" time="0.054" /><testcase classname="tests.batchsolving.test_SystemInterface" name="test_merge_variable_labels_and_idxs_separate_summarise" time="0.003" /><testcase classname="tests.batchsolving.test_SystemInterface" name="test_merge_variable_labels_and_idxs_updates_all_four_keys" time="0.003" /><testcase classname="tests.batchsolving.arrays.test_basearraymanager" name="test_array_manager_with_different_configs[arraytest_overrides0]" time="0.019" /><testcase classname="tests.batchsolving.test_SystemInterface" name="test_all_input_labels" time="0.002" /><testcase classname="tests.batchsolving.test_SystemInterface" name="test_all_output_labels" time="0.006" /><testcase classname="tests.batchsolving.arrays.test_basearraymanager" name="test_array_manager_with_different_configs[arraytest_overrides1]" time="0.017" /><testcase classname="tests.batchsolving.test_batch_input_handler" name="test_unique_cartesian_product_deduplicates" time="0.003" /><testcase classname="tests.batchsolving.test_batch_input_handler" name="test_unique_cartesian_product_format" time="0.002" /><testcase classname="tests.batchsolving.test_writeback_watcher" name="test_submit_task_starts_thread_and_processes" time="0.005" /><testcase classname="tests.batchsolving.test_writeback_watcher" name="test_submit_from_pending_buffer" time="0.018" /><testcase classname="tests.batchsolving.arrays.test_basearraymanager" name="test_array_manager_with_different_configs[arraytest_overrides2]" time="0.024" /><testcase classname="tests.batchsolving.test_batch_input_handler" name="test_combinatorial_grid_filters_empty" time="0.006" /><testcase classname="tests.batchsolving.arrays.test_basearraymanager" name="test_array_manager_with_different_configs[arraytest_overrides3]" time="0.027" /><testcase classname="tests.batchsolving.test_writeback_watcher" name="test_submit_with_individual_args" time="0.144" /><testcase classname="tests.batchsolving.arrays.test_basearraymanager" name="test_allocation_response_matches_settings[arraytest_overrides0]" time="0.022" /><testcase classname="tests.batchsolving.test_batch_input_handler" name="test_combinatorial_grid_resolves_indices" time="0.002" /><testcase classname="tests.batchsolving.test_batch_input_handler" name="test_verbatim_grid_filters_empty" time="0.015" /><testcase classname="tests.batchsolving.test_batch_input_handler" name="test_verbatim_grid_stacks_rows" time="0.060" /><testcase classname="tests.batchsolving.arrays.test_basearraymanager" name="test_allocation_response_matches_settings[arraytest_overrides1]" time="0.008" /><testcase classname="tests.batchsolving.arrays.test_basearraymanager" name="test_memory_integration_with_settings[arraytest_overrides0]" time="0.019" /><testcase classname="tests.batchsolving.test_batch_input_handler" name="test_generate_grid_combinatorial" time="0.003" /><testcase classname="tests.batchsolving.test_batch_input_handler" name="test_generate_grid_verbatim" time="0.003" /><testcase classname="tests.batchsolving.test_batch_input_handler" name="test_generate_grid_unknown_kind_raises" time="0.007" /><testcase classname="tests.batchsolving.arrays.test_basearraymanager" name="test_memory_integration_with_settings[arraytest_overrides1]" time="0.023" /><testcase classname="tests.batchsolving.test_writeback_watcher" name="test_wait_all_returns_immediately_when_no_pending" time="0.001" /><testcase classname="tests.batchsolving.test_writeback_watcher" name="test_wait_all_polls_until_complete" time="0.048" /><testcase classname="tests.batchsolving.test_batch_input_handler" name="test_combine_grids_combinatorial" time="0.013" /><testcase classname="tests.integrated_numerical_tests.test_step_algorithms" name="test_against_euler[backwards_euler_pc]" time="59.766" /><testcase classname="tests.batchsolving.arrays.test_basearraymanager.TestChunkedHostSliceTransfers" name="test_noncontiguous_host_slice_detected" time="0.001" /><testcase classname="tests.batchsolving.arrays.test_basearraymanager.TestChunkedHostSliceTransfers" name="test_contiguous_copy_matches_shape" time="0.014" /><testcase classname="tests.batchsolving.test_batch_input_handler" name="test_combine_grids_verbatim_broadcast_g1" time="0.013" /><testcase classname="tests.batchsolving.test_writeback_watcher" name="test_wait_all_raises_timeout_error" time="0.058" /><testcase classname="tests.batchsolving.test_batch_input_handler" name="test_combine_grids_verbatim_broadcast_g2" time="0.002" /><testcase classname="tests.batchsolving.arrays.test_basearraymanager.TestManagedArrayChunkedShape" name="test_managed_array_has_chunked_shape_field" time="0.008" /><testcase classname="tests.batchsolving.test_batch_input_handler" name="test_combine_grids_verbatim_mismatch_raises" time="0.012" /><testcase classname="tests.batchsolving.test_writeback_watcher" name="test_shutdown_sets_stop_event_and_clears_thread" time="0.007" /><testcase classname="tests.batchsolving.arrays.test_basearraymanager.TestManagedArrayChunkedShape" name="test_managed_array_needs_chunked_transfer_false_when_none" time="0.011" /><testcase classname="tests.batchsolving.test_writeback_watcher" name="test_process_task_copies_full_buffer_when_no_data_shape" time="0.002" /><testcase classname="tests.batchsolving.arrays.test_basearraymanager.TestManagedArrayChunkedShape" name="test_managed_array_needs_chunked_transfer_false_when_equal" time="0.002" /><testcase classname="tests.batchsolving.test_writeback_watcher" name="test_process_task_copies_sliced_buffer_when_data_shape_provided" time="0.012" /><testcase classname="tests.batchsolving.test_batch_input_handler" name="test_combine_grids_unknown_kind_raises" time="0.004" /><testcase classname="tests.batchsolving.arrays.test_basearraymanager.TestManagedArrayChunkedShape" name="test_managed_array_needs_chunked_transfer_true_when_different" time="0.004" /><testcase classname="tests.batchsolving.test_batch_input_handler" name="test_extend_grid_tiled_defaults_empty_indices" time="0.036" /><testcase classname="tests.batchsolving.test_writeback_watcher" name="test_process_task_releases_buffer_to_pool" time="0.024" /><testcase classname="tests.batchsolving.arrays.test_basearraymanager.TestChunkedShapePropagation" name="test_on_allocation_complete_stores_chunked_shape" time="0.011" /><testcase classname="tests.batchsolving.test_batch_input_handler" name="test_extend_grid_1d_defaults" time="0.002" /><testcase classname="tests.batchsolving.test_batch_input_handler" name="test_extend_grid_shape_mismatch_raises" time="0.007" /><testcase classname="tests.batchsolving.arrays.test_basearraymanager" name="test_chunked_shape_propagates_through_allocation" time="0.025" /><testcase classname="tests.batchsolving.test_batch_input_handler" name="test_extend_grid_all_swept" time="0.002" /><testcase classname="tests.batchsolving.test_writeback_watcher" name="test_process_task_returns_false_for_incomplete" time="0.011"><failure message="TypeError: an integer is required">def test_process_task_returns_false_for_incomplete():
        """_process_task returns False when event not yet complete (item 26).
    
        Under CUDASIM, CUDA_SIMULATION is True so _process_task treats all
        events as immediately complete — this test verifies the non-CUDASIM
        branch and will fail under CUDASIM (flagged in batch report).
        """
        w = WritebackWatcher()
        buf = _make_pinned_buffer()
        target = np.zeros((4, 3), dtype=np.float32)
        pool = _make_pool()
        event = cuda.event()
        task = WritebackTask(
            event=event, buffer=buf, target_array=target,
            buffer_pool=pool, array_name="state",
        )
        if CUDA_SIMULATION:
            # Under CUDASIM, all events complete immediately
            assert w._process_task(task) is True
        else:
&gt;           assert w._process_task(task) is False
                   ^^^^^^^^^^^^^^^^^^^^^

tests/batchsolving/test_writeback_watcher.py:344: 
_ _ _ _ _ _ _ _ _ _ _ _ _ _ _ _ _ _ _ _ _ _ _ _ _ _ _ _ _ _ _ _ _ _ _ _ _ _ _ _ 
src/cubie/batchsolving/writeback_watcher.py:316: in _process_task
    is_complete = task.event.query()
                  ^^^^^^^^^^^^^^^^^^
/tmp/numba-cuda/numba_cuda/numba/cuda/cudadrv/driver.py:2120: in query
    driver.cuEventQuery(self.handle)
/tmp/numba-cuda/numba_cuda/numba/cuda/cudadrv/driver.py:356: in safe_cuda_api_call
    return self._check_cuda_python_error(fname, libfn(*args))
                                                ^^^^^^^^^^^^
cuda/bindings/driver.pyx:32345: in cuda.bindings.driver.cuEventQuery
    ???
_ _ _ _ _ _ _ _ _ _ _ _ _ _ _ _ _ _ _ _ _ _ _ _ _ _ _ _ _ _ _ _ _ _ _ _ _ _ _ _ 

&gt;   ???
E   TypeError: an integer is required

cuda/bindings/driver.pyx:5572: TypeError</failure></testcase><testcase classname="tests.batchsolving.test_batch_input_handler" name="test_extend_grid_partial_sweep" time="0.003" /><testcase classname="tests.batchsolving.test_batch_input_handler" name="test_init_stores_attributes" time="0.002" /><testcase classname="tests.batchsolving.test_batch_input_handler" name="test_from_system_creates_handler" time="0.023" /><testcase classname="tests.batchsolving.test_batch_input_handler" name="test_call_updates_precision" time="0.003" /><testcase classname="tests.batchsolving.arrays.test_basearraymanager.TestAllocationCallbackSimplifiedResponse" name="test_allocation_callback_works_with_simplified_response" time="0.004" /><testcase classname="tests.batchsolving.test_batch_input_handler" name="test_call_fast_return_device_arrays" time="0.005" /><testcase classname="tests.batchsolving.arrays.test_basearraymanager.TestChunkSliceMethod" name="test_chunk_slice_no_chunking_returns_full_array" time="0.003" /><testcase classname="tests.batchsolving.arrays.test_basearraymanager.TestChunkSliceMethod" name="test_chunk_slice_computes_correct_slices" time="0.003" /><testcase classname="tests.batchsolving.test_batch_input_handler" name="test_call_processes_inputs" time="0.002" /><testcase classname="tests.batchsolving.arrays.test_basearraymanager.TestChunkSliceMethod" name="test_chunk_slice_handles_final_chunk_dynamically" time="0.002" /><testcase classname="tests.batchsolving.test_batch_input_handler" name="test_call_aligns_run_counts" time="0.004" /><testcase classname="tests.batchsolving.arrays.test_basearraymanager.TestChunkSliceMethod" name="test_chunk_slice_none_chunk_axis_returns_full_array" time="0.002" /><testcase classname="tests.batchsolving.test_batch_input_handler" name="test_call_casts_to_precision" time="0.002" /><testcase classname="tests.batchsolving.test_batch_input_handler" name="test_trim_or_extend_fewer_rows" time="0.003" /><testcase classname="tests.batchsolving.arrays.test_basearraymanager.TestChunkSliceMethod" name="test_chunk_slice_none_parameters_returns_full_array" time="0.002" /><testcase classname="tests.batchsolving.arrays.test_basearraymanager.TestChunkSliceMethod" name="test_chunk_slice_different_axis_indices" time="0.002" /><testcase classname="tests.batchsolving.test_batch_input_handler" name="test_trim_or_extend_more_rows" time="0.018" /><testcase classname="tests.batchsolving.test_batch_input_handler" name="test_trim_or_extend_exact" time="0.008" /><testcase classname="tests.batchsolving.arrays.test_basearraymanager" name="test_on_allocation_complete_stores_chunk_parameters" time="0.017" /><testcase classname="tests.batchsolving.test_batch_input_handler" name="test_sanitise_none_passthrough" time="0.002" /><testcase classname="tests.batchsolving.test_batch_input_handler" name="test_sanitise_coerces_non_ndarray" time="0.002" /><testcase classname="tests.batchsolving.test_batch_input_handler" name="test_sanitise_raises_for_3d" time="0.004" /><testcase classname="tests.batchsolving.test_batch_input_handler" name="test_sanitise_1d_to_column" time="0.002" /><testcase classname="tests.batchsolving.test_batch_input_handler" name="test_sanitise_warns_on_row_mismatch" time="0.011" /><testcase classname="tests.batchsolving.test_batch_input_handler" name="test_sanitise_returns_none_for_empty" time="0.002" /><testcase classname="tests.batchsolving.test_batch_input_handler" name="test_process_none_returns_defaults" time="0.002" /><testcase classname="tests.batchsolving.test_batch_input_handler" name="test_process_dict_combinatorial" time="0.002" /><testcase classname="tests.batchsolving.test_batch_input_handler" name="test_process_arraylike" time="0.002" /><testcase classname="tests.batchsolving.test_batch_input_handler" name="test_process_empty_sanitised_returns_defaults" time="0.002" /><testcase classname="tests.batchsolving.test_batch_input_handler" name="test_process_invalid_type_raises" time="0.009" /><testcase classname="tests.batchsolving.test_batch_input_handler" name="test_is_right_sized_none_empty_values" time="0.007" /><testcase classname="tests.batchsolving.test_batch_input_handler" name="test_is_right_sized_non_ndarray" time="0.002" /><testcase classname="tests.batchsolving.test_batch_input_handler" name="test_is_right_sized_non_2d" time="0.012" /><testcase classname="tests.batchsolving.test_batch_input_handler" name="test_is_right_sized_correct" time="0.014" /><testcase classname="tests.batchsolving.test_batch_input_handler" name="test_is_1d_or_none[none]" time="0.003" /><testcase classname="tests.integrators.algorithms.test_step_algorithms" name="test_tableau_controller_defaults[GenericRosenbrockWStep-tableau6-expected_dict6]" time="0.008" /><testcase classname="tests.integrators.algorithms.test_tableau_properties" name="test_b_matches_a_row_radauiia5" time="0.001" /><testcase classname="tests.integrators.algorithms.test_tableau_properties" name="test_b_matches_a_row_ros3p_none" time="0.001" /><testcase classname="tests.integrators.algorithms.test_tableau_properties" name="test_b_hat_matches_a_row_none_when_no_b_hat" time="0.002" /><testcase classname="tests.integrators.algorithms.test_tableau_properties" name="test_floating_point_tolerance" time="0.002" /><testcase classname="tests.integrators.cpu_reference.test_cpu_utils" name="test_cpu_driver_evaluator_matches_gpu_time_alignment[float32-5e-06-5e-06]" time="12.685" /><testcase classname="tests.batchsolving.test_writeback_watcher" name="test_process_task_cudasim_immediate_complete" time="0.002"><failure message="AttributeError: 'str' object has no attribute 'query'">def test_process_task_cudasim_immediate_complete():
        """_process_task treats as immediately complete in CUDA_SIMULATION (item 21)."""
        w = WritebackWatcher()
        buf = _make_pinned_buffer(fill=42.0)
        target = np.zeros((4, 3), dtype=np.float32)
        pool = _make_pool()
        task = WritebackTask(
            event="not_a_real_event",  # Not None, not a cuda.Event
            buffer=buf, target_array=target,
            buffer_pool=pool, array_name="state",
        )
        # Under CUDASIM this completes immediately regardless of event type
        if CUDA_SIMULATION:
            assert w._process_task(task) is True
            np.testing.assert_array_equal(target, 42.0)
        else:
            # Under real CUDA, non-event objects can't be queried —
            # verify the task is NOT treated as complete
&gt;           assert w._process_task(task) is False
                   ^^^^^^^^^^^^^^^^^^^^^

tests/batchsolving/test_writeback_watcher.py:365: 
_ _ _ _ _ _ _ _ _ _ _ _ _ _ _ _ _ _ _ _ _ _ _ _ _ _ _ _ _ _ _ _ _ _ _ _ _ _ _ _ 

self = &lt;cubie.batchsolving.writeback_watcher.WritebackWatcher object at 0x79e188194080&gt;
task = WritebackTask(event='not_a_real_event', buffer=PinnedBuffer(buffer_id=0, array=array([[42., 42., 42.],
       [42., 42...(_buffers={}, _lock=&lt;unlocked _thread.lock object at 0x79e183f05d40&gt;, _next_id=0), array_name='state', data_shape=None)

    def _process_task(self, task: WritebackTask) -&gt; bool:
        """Process a single writeback task.
    
        Parameters
        ----------
        task
            Task to process.
    
        Returns
        -------
        bool
            True if task completed, False if still pending.
        """
        # In CUDASIM mode or event is None, treat as immediately complete
        if CUDA_SIMULATION or task.event is None:
            is_complete = True
        else:
            # Query event for completion (returns True when complete)
&gt;           is_complete = task.event.query()
                          ^^^^^^^^^^^^^^^^
E           AttributeError: 'str' object has no attribute 'query'

src/cubie/batchsolving/writeback_watcher.py:316: AttributeError</failure></testcase><testcase classname="tests.batchsolving.test_writeback_watcher" name="test_process_task_none_event_immediate_complete" time="0.005" /><testcase classname="tests.batchsolving.test_writeback_watcher" name="test_shutdown_drains_and_completes_remaining_tasks" time="0.004" /><testcase classname="tests.batchsolving.test_writeback_watcher" name="test_multiple_tasks_all_complete" time="0.011" /><testcase classname="tests.integrated_numerical_tests.test_step_algorithms" name="test_two_steps[backwards_euler]" time="100.804" /><testcase classname="tests.batchsolving.test_config_plumbing" name="test_comprehensive_config_plumbing[backwards_euler-fixed]" time="9.104" /><testcase classname="tests.batchsolving.arrays.test_batchinputarrays" name="test_post_init_host_pinned_device_device" time="8.499" /><testcase classname="tests.batchsolving.arrays.test_batchinputarrays" name="test_update_sets_host_arrays" time="0.019" /><testcase classname="tests.batchsolving.arrays.test_batchinputarrays" name="test_update_includes_driver_coefficients" time="0.020" /><testcase classname="tests.batchsolving.arrays.test_batchinputarrays" name="test_forwarding_properties[initial_values-host-initial_values]" time="0.003" /><testcase classname="tests.batchsolving.arrays.test_batchinputarrays" name="test_forwarding_properties[parameters-host-parameters]" time="0.003" /><testcase classname="tests.batchsolving.arrays.test_batchinputarrays" name="test_forwarding_properties[driver_coefficients-host-driver_coefficients]" time="0.003" /><testcase classname="tests.batchsolving.arrays.test_batchinputarrays" name="test_forwarding_properties[device_initial_values-device-initial_values]" time="0.003" /><testcase classname="tests.batchsolving.arrays.test_batchinputarrays" name="test_forwarding_properties[device_parameters-device-parameters]" time="0.003" /><testcase classname="tests.batchsolving.arrays.test_batchinputarrays" name="test_forwarding_properties[device_driver_coefficients-device-driver_coefficients]" time="0.003" /><testcase classname="tests.batchsolving.arrays.test_batchinputarrays" name="test_from_solver_sizes_precision_manager" time="0.003" /><testcase classname="tests.batchsolving.arrays.test_batchinputarrays" name="test_update_from_solver_sizes_precision_runs" time="0.019" /><testcase classname="tests.batchsolving.arrays.test_batchinputarrays" name="test_finalise_releases_buffers" time="0.018" /><testcase classname="tests.batchsolving.arrays.test_batchinputarrays" name="test_initialise_non_chunked_clears_overwrite_list" time="0.022" /><testcase classname="tests.batchsolving.arrays.test_batchinputarrays" name="test_release_buffers_clears_active_buffers" time="0.018" /><testcase classname="tests.batchsolving.arrays.test_batchinputarrays" name="test_reset_clears_pool_and_buffers" time="0.019" /><testcase classname="tests.batchsolving.arrays.test_batchoutputarrays.TestOutputArrayContainer" name="test_container_arrays_after_init" time="0.003" /><testcase classname="tests.batchsolving.arrays.test_batchoutputarrays.TestOutputArrayContainer" name="test_container_memory_type_default" time="0.002" /><testcase classname="tests.batchsolving.arrays.test_batchoutputarrays.TestOutputArrayContainer" name="test_host_factory" time="0.002" /><testcase classname="tests.batchsolving.arrays.test_batchoutputarrays.TestOutputArrayContainer" name="test_device_factory" time="0.002" /><testcase classname="tests.integrators.algorithms.test_step_algorithms" name="test_algorithm[erk]" time="7.560" /><testcase classname="tests.batchsolving.arrays.test_batchoutputarrays.TestOutputArrays" name="test_initialization_container_types" time="0.444" /><testcase classname="tests.batchsolving.arrays.test_batchoutputarrays.TestOutputArrays" name="test_from_solver_factory" time="0.005" /><testcase classname="tests.batchsolving.arrays.test_batchoutputarrays.TestOutputArrays" name="test_allocation_and_getters_not_none" time="0.020" /><testcase classname="tests.batchsolving.arrays.test_batchoutputarrays.TestOutputArrays" name="test_getters_return_none_before_allocation" time="0.005" /><testcase classname="tests.batchsolving.arrays.test_batchoutputarrays.TestOutputArrays" name="test_call_method_allocates_arrays" time="0.028" /><testcase classname="tests.batchsolving.arrays.test_batchoutputarrays.TestOutputArrays" name="test_reallocation_on_size_change" time="0.031" /><testcase classname="tests.batchsolving.arrays.test_batchoutputarrays.TestOutputArrays" name="test_chunking_affects_device_array_size" time="0.017" /><testcase classname="tests.batchsolving.arrays.test_batchoutputarrays.TestOutputArrays" name="test_update_from_solver" time="0.011" /><testcase classname="tests.batchsolving.arrays.test_batchoutputarrays.TestOutputArrays" name="test_update_from_solver_sets_num_runs" time="0.017" /><testcase classname="tests.batchsolving.arrays.test_batchoutputarrays.TestOutputArrays" name="test_update_from_solver_fast_path" time="0.019" /><testcase classname="tests.batchsolving.arrays.test_batchoutputarrays.TestOutputArrays" name="test_initialise_method" time="0.025" /><testcase classname="tests.batchsolving.arrays.test_batchoutputarrays.TestOutputArrays" name="test_finalise_method_copies_device_to_host" time="8.488" /><testcase classname="tests.batchsolving.test_solver" name="test_solver_state_and_observable_summaries" time="10.438" /><testcase classname="tests.batchsolving.test_solver" name="test_solver_num_runs_property" time="0.002" /><testcase classname="tests.batchsolving.test_solver" name="test_build_grid_returns_correct_shape" time="0.010" /><testcase classname="tests.batchsolving.test_solver" name="test_build_grid_combinatorial" time="0.009" /><testcase classname="tests.batchsolving.test_solver" name="test_build_grid_precision" time="0.005" /><testcase classname="tests.batchsolving.test_solver" name="test_solve_array_path_matches_dict_path" time="40.845" /><testcase classname="tests.batchsolving.test_config_plumbing" name="test_comprehensive_config_plumbing[crank_nicolson-i]" time="1.596" /><testcase classname="tests.batchsolving.test_config_plumbing" name="test_comprehensive_config_plumbing[rk23-gustafsson]" time="0.570" /><testcase classname="tests.batchsolving.test_config_plumbing" name="test_comprehensive_config_plumbing[rk45-pid]" time="0.778" /><testcase classname="tests.batchsolving.test_config_plumbing" name="test_comprehensive_config_plumbing[dopri54-pi]" time="0.549" /><testcase classname="tests.batchsolving.test_config_plumbing" name="test_comprehensive_config_plumbing[tsit5-pi]" time="0.891" /><testcase classname="tests.batchsolving.test_runparams" name="test_runparams_creation" time="0.001" /><testcase classname="tests.batchsolving.test_runparams" name="test_runparams_creation_validates_duration" time="0.001" /><testcase classname="tests.batchsolving.test_runparams" name="test_runparams_creation_validates_warmup" time="0.001" /><testcase classname="tests.batchsolving.test_runparams" name="test_runparams_creation_validates_runs" time="0.008" /><testcase classname="tests.batchsolving.test_runparams" name="test_runparams_creation_validates_num_chunks" time="0.001" /><testcase classname="tests.batchsolving.test_runparams" name="test_runparams_getitem_single_chunk" time="0.003" /><testcase classname="tests.batchsolving.test_runparams" name="test_runparams_getitem_multiple_chunks" time="0.001" /><testcase classname="tests.batchsolving.test_runparams" name="test_runparams_getitem_dangling_chunk" time="0.001" /><testcase classname="tests.batchsolving.test_runparams" name="test_runparams_getitem_exact_division" time="0.002" /><testcase classname="tests.batchsolving.test_runparams" name="test_runparams_getitem_out_of_bounds" time="0.003" /><testcase classname="tests.batchsolving.test_runparams" name="test_runparams_update_from_allocation" time="0.002" /><testcase classname="tests.batchsolving.test_runparams" name="test_runparams_update_from_allocation_single_chunk" time="0.002" /><testcase classname="tests.batchsolving.test_runparams" name="test_runparams_update_from_allocation_dangling_chunk" time="0.001" /><testcase classname="tests.batchsolving.test_runparams" name="test_runparams_immutability" time="0.001" /><testcase classname="tests.batchsolving.test_runparams" name="test_runparams_evolve_pattern" time="0.002" /><testcase classname="tests.integrators.cpu_reference.test_cpu_utils" name="test_cpu_driver_evaluator_matches_gpu_time_alignment[float64-1e-12-1e-12]" time="2.876" /><testcase classname="tests.batchsolving.test_solver" name="test_solver_initialization" time="0.635" /><testcase classname="tests.batchsolving.test_solver" name="test_solver_properties" time="0.003" /><testcase classname="tests.batchsolving.test_solver" name="test_variable_indices_methods" time="0.003" /><testcase classname="tests.batchsolving.test_solver" name="test_saved_variables_properties" time="0.003" /><testcase classname="tests.batchsolving.test_solver" name="test_summarised_variables_properties" time="0.002" /><testcase classname="tests.batchsolving.test_solver" name="test_output_properties" time="0.005" /><testcase classname="tests.batchsolving.test_solver" name="test_solve_info_property" time="0.007" /><testcase classname="tests.batchsolving.test_solver" name="test_solve_basic" time="39.462" /><testcase classname="tests.integrators.loops.test_buffer_settings.TestIVPLoopBufferRegistration" name="test_ivploop_registers_buffers" time="0.006" /><testcase classname="tests.integrators.loops.test_buffer_settings.TestIVPLoopBufferRegistration" name="test_ivploop_accepts_location_parameters" time="0.004" /><testcase classname="tests.integrators.loops.test_buffer_settings.TestIVPLoopBufferRegistration" name="test_ivploop_all_local_zero_shared" time="0.004" /><testcase classname="tests.integrators.loops.test_buffer_settings.TestBufferRegistryIntegration" name="test_get_allocator_returns_callable" time="0.005" /><testcase classname="tests.integrators.loops.test_buffer_settings.TestBufferRegistryIntegration" name="test_clear_factory_removes_registrations" time="0.004" /><testcase classname="tests.batchsolving.arrays.test_batchoutputarrays" name="test_dtype[solver_settings_override0]" time="3.068" /><testcase classname="tests.batchsolving.arrays.test_batchoutputarrays" name="test_output_arrays_with_different_systems[solver_settings_override0]" time="4.553" /><testcase classname="tests.batchsolving.test_batch_input_handler" name="test_cast_to_precision_both_dtypes[float32]" time="0.115" /><testcase classname="tests.batchsolving.test_solver" name="test_manual_proportion[solver_settings_override0]" time="2.271" /><testcase classname="tests.integrators.loops.test_interp_vs_symbolic" name="test_time_driver_array_matches_function" time="45.217" /><testcase classname="tests.batchsolving.test_solver" name="test_time_precision_independent_of_state_precision[solver_settings_override0]" time="3.498" /><testcase classname="tests.batchsolving.test_solver" name="test_solve_ivp_positional_argument_order" time="20.102" /><testcase classname="tests.integrated_numerical_tests.test_chunking" name="test_chunked_solver_produces_correct_results[860]" time="49.189" /><testcase classname="tests.integrated_numerical_tests.test_chunking" name="test_chunked_solver_produces_correct_results[1024]" time="0.447" /><testcase classname="tests.batchsolving.test_solver" name="test_solve_with_different_grid_types" time="0.152" /><testcase classname="tests.batchsolving.test_solver" name="test_solve_with_different_result_types" time="0.127" /><testcase classname="tests.batchsolving.test_solver" name="test_update_basic" time="0.257" /><testcase classname="tests.batchsolving.test_solver" name="test_update_with_kwargs" time="0.192" /><testcase classname="tests.integrated_numerical_tests.test_chunking" name="test_chunked_solver_produces_correct_results[1240]" time="2.612" /><testcase classname="tests.batchsolving.test_solver" name="test_update_unrecognized_keys" time="0.267" /><testcase classname="tests.batchsolving.test_solver" name="test_update_silent_mode" time="0.149" /><testcase classname="tests.batchsolving.test_solver" name="test_update_saved_variables" time="0.206" /><testcase classname="tests.batchsolving.test_solver" name="test_memory_settings_update" time="0.141" /><testcase classname="tests.batchsolving.test_solver" name="test_data_properties_after_solve" time="0.143" /><testcase classname="tests.batchsolving.test_solver" name="test_output_length_and_summaries_length" time="0.004" /><testcase classname="tests.batchsolving.test_solver" name="test_chunk_related_properties" time="0.002" /><testcase classname="tests.batchsolving.test_solver" name="test_variable_labels_properties" time="0.003" /><testcase classname="tests.batchsolving.test_solver" name="test_solve_ivp_function" time="32.111" /><testcase classname="tests.integrated_numerical_tests.test_chunking" name="test_chunked_solver_produces_correct_results[1460]" time="1.275" /><testcase classname="tests.integrated_numerical_tests.test_chunking" name="test_chunked_solver_produces_correct_results[2048]" time="2.069" /><testcase classname="tests.integrated_numerical_tests.test_dt_min_hang" name="test_f32_save_drift_does_not_hang" time="110.325" /><testcase classname="tests.integrated_numerical_tests.test_step_controllers.TestControllerEquivalence" name="test_sequential_acceptance_matches[pid]" time="10.303" /><testcase classname="tests.integrated_numerical_tests.test_numerical_equivalence" name="test_numerical_equivalence[solver_settings_override0]" time="29.407" /><testcase classname="tests.integrators.loops.test_ode_loop" name="test_getters" time="1.543" /><testcase classname="tests.integrators.loops.test_ode_loop_config" name="test_system_size_defaults" time="0.003" /><testcase classname="tests.integrators.loops.test_ode_loop_config" name="test_system_size_custom_values" time="0.003" /><testcase classname="tests.integrators.loops.test_ode_loop_config" name="test_buffer_height_defaults" time="0.003" /><testcase classname="tests.integrators.loops.test_ode_loop_config" name="test_buffer_height_custom" time="0.003" /><testcase classname="tests.integrators.loops.test_ode_loop_config" name="test_buffer_location_defaults_to_local[state_location]" time="0.003" /><testcase classname="tests.integrators.loops.test_ode_loop_config" name="test_buffer_location_defaults_to_local[proposed_state_location]" time="0.003" /><testcase classname="tests.integrators.loops.test_ode_loop_config" name="test_buffer_location_defaults_to_local[parameters_location]" time="0.003" /><testcase classname="tests.integrators.loops.test_ode_loop_config" name="test_buffer_location_defaults_to_local[drivers_location]" time="0.003" /><testcase classname="tests.integrators.loops.test_ode_loop_config" name="test_buffer_location_defaults_to_local[proposed_drivers_location]" time="0.003" /><testcase classname="tests.integrators.loops.test_ode_loop_config" name="test_buffer_location_defaults_to_local[observables_location]" time="0.003" /><testcase classname="tests.integrators.loops.test_ode_loop_config" name="test_buffer_location_defaults_to_local[proposed_observables_location]" time="0.003" /><testcase classname="tests.integrators.loops.test_ode_loop_config" name="test_buffer_location_defaults_to_local[error_location]" time="0.003" /><testcase classname="tests.integrators.loops.test_ode_loop_config" name="test_buffer_location_defaults_to_local[counters_location]" time="0.003" /><testcase classname="tests.integrators.loops.test_ode_loop_config" name="test_buffer_location_defaults_to_local[state_summary_location]" time="0.003" /><testcase classname="tests.integrators.loops.test_ode_loop_config" name="test_buffer_location_defaults_to_local[observable_summary_location]" time="0.003" /><testcase classname="tests.integrators.loops.test_ode_loop_config" name="test_buffer_location_defaults_to_local[dt_location]" time="0.003" /><testcase classname="tests.integrators.loops.test_ode_loop_config" name="test_buffer_location_defaults_to_local[accept_step_location]" time="0.003" /><testcase classname="tests.integrators.loops.test_ode_loop_config" name="test_buffer_location_defaults_to_local[proposed_counters_location]" time="0.003" /><testcase classname="tests.integrators.loops.test_ode_loop_config" name="test_buffer_location_accepts_shared[state_location]" time="0.003" /><testcase classname="tests.integrators.loops.test_ode_loop_config" name="test_buffer_location_accepts_shared[proposed_state_location]" time="0.003" /><testcase classname="tests.integrators.loops.test_ode_loop_config" name="test_buffer_location_accepts_shared[parameters_location]" time="0.003" /><testcase classname="tests.integrators.loops.test_ode_loop_config" name="test_buffer_location_accepts_shared[drivers_location]" time="0.003" /><testcase classname="tests.integrators.loops.test_ode_loop_config" name="test_buffer_location_accepts_shared[proposed_drivers_location]" time="0.003" /><testcase classname="tests.integrators.loops.test_ode_loop_config" name="test_buffer_location_accepts_shared[observables_location]" time="0.003" /><testcase classname="tests.integrators.loops.test_ode_loop_config" name="test_buffer_location_accepts_shared[proposed_observables_location]" time="0.003" /><testcase classname="tests.integrators.loops.test_ode_loop_config" name="test_buffer_location_accepts_shared[error_location]" time="0.003" /><testcase classname="tests.integrators.loops.test_ode_loop_config" name="test_buffer_location_accepts_shared[counters_location]" time="0.003" /><testcase classname="tests.integrators.loops.test_ode_loop_config" name="test_buffer_location_accepts_shared[state_summary_location]" time="0.003" /><testcase classname="tests.integrators.loops.test_ode_loop_config" name="test_buffer_location_accepts_shared[observable_summary_location]" time="0.003" /><testcase classname="tests.integrators.loops.test_ode_loop_config" name="test_buffer_location_accepts_shared[dt_location]" time="0.003" /><testcase classname="tests.integrators.loops.test_ode_loop_config" name="test_buffer_location_accepts_shared[accept_step_location]" time="0.003" /><testcase classname="tests.integrators.loops.test_ode_loop_config" name="test_buffer_location_accepts_shared[proposed_counters_location]" time="0.003" /><testcase classname="tests.integrators.loops.test_ode_loop_config" name="test_buffer_location_rejects_invalid[state_location]" time="0.002" /><testcase classname="tests.integrators.loops.test_ode_loop_config" name="test_buffer_location_rejects_invalid[proposed_state_location]" time="0.002" /><testcase classname="tests.integrators.loops.test_ode_loop_config" name="test_buffer_location_rejects_invalid[parameters_location]" time="0.002" /><testcase classname="tests.integrators.loops.test_ode_loop_config" name="test_buffer_location_rejects_invalid[drivers_location]" time="0.002" /><testcase classname="tests.integrators.loops.test_ode_loop_config" name="test_buffer_location_rejects_invalid[proposed_drivers_location]" time="0.002" /><testcase classname="tests.integrators.loops.test_ode_loop_config" name="test_buffer_location_rejects_invalid[observables_location]" time="0.002" /><testcase classname="tests.integrators.loops.test_ode_loop_config" name="test_buffer_location_rejects_invalid[proposed_observables_location]" time="0.002" /><testcase classname="tests.integrators.loops.test_ode_loop_config" name="test_buffer_location_rejects_invalid[error_location]" time="0.002" /><testcase classname="tests.integrators.loops.test_ode_loop_config" name="test_buffer_location_rejects_invalid[counters_location]" time="0.002" /><testcase classname="tests.integrators.loops.test_ode_loop_config" name="test_buffer_location_rejects_invalid[state_summary_location]" time="0.002" /><testcase classname="tests.integrators.loops.test_ode_loop_config" name="test_buffer_location_rejects_invalid[observable_summary_location]" time="0.002" /><testcase classname="tests.integrators.loops.test_ode_loop_config" name="test_buffer_location_rejects_invalid[dt_location]" time="0.002" /><testcase classname="tests.integrators.loops.test_ode_loop_config" name="test_buffer_location_rejects_invalid[accept_step_location]" time="0.002" /><testcase classname="tests.integrators.loops.test_ode_loop_config" name="test_buffer_location_rejects_invalid[proposed_counters_location]" time="0.002" /><testcase classname="tests.integrators.loops.test_ode_loop_config" name="test_compile_flags_default_is_output_compile_flags" time="0.003" /><testcase classname="tests.integrators.loops.test_ode_loop_config" name="test_timing_defaults_none" time="0.003" /><testcase classname="tests.integrators.loops.test_ode_loop_config" name="test_flag_defaults" time="0.003" /><testcase classname="tests.integrators.loops.test_ode_loop_config" name="test_device_function_defaults_none" time="0.003" /><testcase classname="tests.integrators.loops.test_ode_loop_config" name="test_dt_default" time="0.003" /><testcase classname="tests.integrators.loops.test_ode_loop_config" name="test_is_adaptive_default" time="0.003" /><testcase classname="tests.integrators.loops.test_ode_loop_config" name="test_samples_per_summary_returns_zero_when_none[summarise_none]" time="0.009" /><testcase classname="tests.integrators.loops.test_ode_loop_config" name="test_samples_per_summary_returns_zero_when_none[sample_none]" time="0.004" /><testcase classname="tests.integrators.loops.test_ode_loop_config" name="test_samples_per_summary_returns_zero_when_none[both_none]" time="0.004" /><testcase classname="tests.integrators.loops.test_ode_loop_config" name="test_samples_per_summary_computes_ratio" time="0.003" /><testcase classname="tests.integrators.loops.test_ode_loop_config" name="test_samples_per_summary_warns_on_adjustment" time="0.004" /><testcase classname="tests.integrators.loops.test_ode_loop_config" name="test_save_every_returns_precision_cast[float32]" time="0.004" /><testcase classname="tests.integrators.loops.test_ode_loop_config" name="test_save_every_returns_precision_cast[float64]" time="0.005" /><testcase classname="tests.integrators.loops.test_ode_loop_config" name="test_summarise_every_returns_precision_cast[float32]" time="0.005" /><testcase classname="tests.integrators.loops.test_ode_loop_config" name="test_summarise_every_returns_precision_cast[float64]" time="0.005" /><testcase classname="tests.integrators.loops.test_ode_loop_config" name="test_sample_summaries_every_returns_precision_cast[float32]" time="0.005" /><testcase classname="tests.integrators.loops.test_ode_loop_config" name="test_sample_summaries_every_returns_precision_cast[float64]" time="0.005" /><testcase classname="tests.integrators.loops.test_ode_loop_config" name="test_dt_returns_precision_cast[float32]" time="0.003" /><testcase classname="tests.integrators.loops.test_ode_loop_config" name="test_dt_returns_precision_cast[float64]" time="0.004" /><testcase classname="tests.integrators.matrix_free_solvers.test_base_solver" name="test_matrix_free_solver_config_precision_property" time="0.003" /><testcase classname="tests.integrators.matrix_free_solvers.test_base_solver" name="test_matrix_free_solver_config_validation" time="0.002" /><testcase classname="tests.integrators.matrix_free_solvers.test_base_solver" name="test_matrix_free_solver_config_max_iters_default" time="0.003" /><testcase classname="tests.integrators.matrix_free_solvers.test_base_solver" name="test_matrix_free_solver_config_max_iters_validation" time="0.002" /><testcase classname="tests.integrators.matrix_free_solvers.test_base_solver" name="test_matrix_free_solver_config_norm_device_function_field" time="0.002" /><testcase classname="tests.integrators.matrix_free_solvers.test_base_solver" name="test_matrix_free_solver_creates_norm" time="0.002" /><testcase classname="tests.integrators.matrix_free_solvers.test_base_solver" name="test_matrix_free_solver_forwards_kwargs_to_norm" time="0.003" /><testcase classname="tests.integrators.matrix_free_solvers.test_init" name="test_reexport_available[MatrixFreeSolverConfig-cubie.integrators.matrix_free_solvers]" time="0.002" /><testcase classname="tests.integrators.matrix_free_solvers.test_init" name="test_reexport_available[LinearSolver-cubie.integrators.matrix_free_solvers]" time="0.002" /><testcase classname="tests.integrators.matrix_free_solvers.test_init" name="test_reexport_available[LinearSolverConfig-cubie.integrators.matrix_free_solvers]" time="0.003" /><testcase classname="tests.integrators.matrix_free_solvers.test_init" name="test_reexport_available[LinearSolverCache-cubie.integrators.matrix_free_solvers]" time="0.002" /><testcase classname="tests.integrators.matrix_free_solvers.test_init" name="test_reexport_available[NewtonKrylov-cubie.integrators.matrix_free_solvers]" time="0.003" /><testcase classname="tests.integrators.matrix_free_solvers.test_init" name="test_reexport_available[NewtonKrylovConfig-cubie.integrators.matrix_free_solvers]" time="0.002" /><testcase classname="tests.integrators.matrix_free_solvers.test_init" name="test_reexport_available[NewtonKrylovCache-cubie.integrators.matrix_free_solvers]" time="0.002" /><testcase classname="tests.integrators.matrix_free_solvers.test_init" name="test_solver_ret_code_values[SUCCESS-0]" time="0.002" /><testcase classname="tests.integrators.matrix_free_solvers.test_init" name="test_solver_ret_code_values[NEWTON_BACKTRACKING_NO_SUITABLE_STEP-1]" time="0.002" /><testcase classname="tests.integrators.matrix_free_solvers.test_init" name="test_solver_ret_code_values[MAX_NEWTON_ITERATIONS_EXCEEDED-2]" time="0.003" /><testcase classname="tests.integrators.matrix_free_solvers.test_newton_krylov" name="test_newton_krylov_symbolic[2-coupled_nonlinear]" time="29.007" /><testcase classname="tests.integrated_numerical_tests.test_step_controllers.TestControllerEquivalence" name="test_rejection_retains_previous_state[pid]" time="1.611" /><testcase classname="tests.batchsolving.test_solver" name="test_output_variable_labels_separated_for_states_only[save_variables-saved]" time="0.004" /><testcase classname="tests.batchsolving.test_solver" name="test_output_variable_labels_separated_for_states_only[summarise_variables-summarised]" time="0.003" /><testcase classname="tests.batchsolving.test_solver" name="test_output_variable_labels_separated_for_observables_only[save_variables-saved]" time="0.004" /><testcase classname="tests.batchsolving.test_solver" name="test_output_variable_labels_separated_for_observables_only[summarise_variables-summarised]" time="0.003" /><testcase classname="tests.batchsolving.test_solver" name="test_output_variable_labels_separated_for_mixed[save_variables-saved]" time="0.003" /><testcase classname="tests.batchsolving.test_solver" name="test_output_variable_labels_separated_for_mixed[summarise_variables-summarised]" time="0.003" /><testcase classname="tests.batchsolving.test_solver" name="test_output_variable_labels_union_with_existing_indices[save_variables-saved-saved_state_indices]" time="0.003" /><testcase classname="tests.batchsolving.test_solver" name="test_output_variable_labels_union_with_existing_indices[summarise_variables-summarised-summarised_state_indices]" time="0.004" /><testcase classname="tests.batchsolving.test_solver" name="test_output_variable_labels_empty_list_explicit_none[save_variables-saved]" time="0.003" /><testcase classname="tests.batchsolving.test_solver" name="test_output_variable_labels_empty_list_explicit_none[summarise_variables-summarised]" time="0.004" /><testcase classname="tests.batchsolving.test_solver" name="test_output_variable_labels_none_means_use_all_defaults" time="0.002" /><testcase classname="tests.batchsolving.test_solver" name="test_output_variable_labels_invalid_name_raises[save_variables]" time="0.006" /><testcase classname="tests.batchsolving.test_solver" name="test_output_variable_labels_invalid_name_raises[summarise_variables]" time="0.003" /><testcase classname="tests.batchsolving.test_solver" name="test_save_variables_error_includes_available_names" time="0.002" /><testcase classname="tests.batchsolving.test_solver" name="test_array_only_fast_path" time="0.089" /><testcase classname="tests.batchsolving.test_solver" name="test_solve_ivp_with_save_variables" time="22.932" /><testcase classname="tests.integrators.algorithms.test_step_algorithms" name="test_algorithm[backwards_euler_pc]" time="2.687" /><testcase classname="tests.batchsolving.arrays.test_batchoutputarrays.TestOutputArraysSpecialCases" name="test_allocation_with_different_solver_sizes" time="0.893" /><testcase classname="tests.batchsolving.arrays.test_chunking" name="test_run_executes_with_chunking" time="0.795" /><testcase classname="tests.batchsolving.arrays.test_chunking" name="test_chunked_solve_produces_valid_output" time="0.859" /><testcase classname="tests.batchsolving.arrays.test_chunking" name="test_input_buffers_released_after_kernel" time="0.496" /><testcase classname="tests.batchsolving.arrays.test_chunking" name="test_non_chunked_uses_pinned_host" time="0.411" /><testcase classname="tests.batchsolving.arrays.test_chunking" name="test_chunked_uses_numpy_host" time="0.456" /><testcase classname="tests.batchsolving.arrays.test_chunking" name="test_pinned_buffers_created" time="0.453" /><testcase classname="tests.batchsolving.arrays.test_chunking" name="test_watcher_completes_all_tasks" time="0.507" /><testcase classname="tests.batchsolving.arrays.test_chunking" name="test_writeback_task_creation" time="0.002" /><testcase classname="tests.batchsolving.arrays.test_chunking" name="test_writeback_task_validates_buffer_type" time="0.002" /><testcase classname="tests.batchsolving.arrays.test_chunking" name="test_writeback_watcher_starts_and_stops" time="0.013" /><testcase classname="tests.batchsolving.arrays.test_chunking" name="test_writeback_watcher_submit_and_wait_completes_writeback" time="0.006" /><testcase classname="tests.batchsolving.arrays.test_chunking" name="test_writeback_watcher_wait_all_blocks_until_complete" time="0.008" /><testcase classname="tests.batchsolving.arrays.test_chunking" name="test_writeback_watcher_multiple_concurrent_tasks" time="0.016" /><testcase classname="tests.batchsolving.arrays.test_chunking" name="test_writeback_watcher_wait_all_timeout_raises" time="0.103" /><testcase classname="tests.batchsolving.arrays.test_chunking" name="test_writeback_watcher_buffer_released_after_completion" time="0.004" /><testcase classname="tests.batchsolving.arrays.test_chunking" name="test_writeback_watcher_start_is_idempotent" time="0.004" /><testcase classname="tests.batchsolving.arrays.test_chunking" name="test_writeback_watcher_2d_array_slice" time="0.004" /><testcase classname="tests.batchsolving.arrays.test_chunking" name="test_is_chunked_false_when_single_chunk" time="0.003" /><testcase classname="tests.batchsolving.arrays.test_chunking" name="test_is_chunked_true_when_multiple_chunks" time="0.002" /><testcase classname="tests.batchsolving.arrays.test_chunking" name="test_output_container_host_factory_default_pinned" time="0.002" /><testcase classname="tests.batchsolving.arrays.test_chunking" name="test_output_container_host_factory_accepts_host" time="0.002" /><testcase classname="tests.batchsolving.arrays.test_chunking" name="test_input_container_host_factory_default_pinned" time="0.002" /><testcase classname="tests.batchsolving.arrays.test_chunking" name="test_input_container_host_factory_accepts_host" time="0.002" /><testcase classname="tests.batchsolving.arrays.test_chunking" name="test_finalise_uses_buffer_pool_when_chunked" time="0.480" /><testcase classname="tests.batchsolving.arrays.test_chunking" name="test_reset_clears_buffer_pool_and_watcher" time="1.610" /><testcase classname="tests.batchsolving.arrays.test_chunking" name="test_convert_host_to_numpy_uses_needs_chunked_transfer" time="0.928" /><testcase classname="tests.batchsolving.arrays.test_chunking" name="test_chunked_shape_differs_from_shape_when_chunking" time="0.521" /><testcase classname="tests.batchsolving.arrays.test_chunking" name="test_chunked_shape_equals_shape_when_not_chunking" time="0.003" /><testcase classname="tests.batchsolving.arrays.test_chunking" name="test_chunk_axis_index_in_array_requests" time="1.721" /><testcase classname="tests.batchsolving.arrays.test_managed_array" name="test_managed_array_chunk_fields_default_none" time="0.002" /><testcase classname="tests.batchsolving.arrays.test_managed_array" name="test_managed_array_chunk_fields_accept_valid_values" time="0.001" /><testcase classname="tests.batchsolving.test_BatchSolverConfig" name="test_active_outputs_defaults_all_false" time="0.002" /><testcase classname="tests.batchsolving.test_BatchSolverConfig" name="test_active_outputs_fields_accept_true" time="0.002" /><testcase classname="tests.batchsolving.test_BatchSolverConfig" name="test_from_compile_flags_mapping[save_state_only]" time="0.004" /><testcase classname="tests.batchsolving.test_BatchSolverConfig" name="test_from_compile_flags_mapping[save_observables_only]" time="0.004" /><testcase classname="tests.batchsolving.test_BatchSolverConfig" name="test_from_compile_flags_mapping[summarise_state_only]" time="0.004" /><testcase classname="tests.batchsolving.test_BatchSolverConfig" name="test_from_compile_flags_mapping[summarise_observables_only]" time="0.004" /><testcase classname="tests.batchsolving.test_BatchSolverConfig" name="test_from_compile_flags_mapping[save_counters_only]" time="0.003" /><testcase classname="tests.batchsolving.test_BatchSolverConfig" name="test_from_compile_flags_mapping[all_false_status_codes_still_true]" time="0.003" /><testcase classname="tests.batchsolving.test_BatchSolverConfig" name="test_batch_solver_config_defaults" time="0.003" /><testcase classname="tests.batchsolving.test_BatchSolverConfig" name="test_batch_solver_config_precision" time="0.003" /><testcase classname="tests.batchsolving.test_BatchSolverConfig" name="test_active_outputs_property_derives_from_compile_flags" time="0.003" /><testcase classname="tests.batchsolving.test_SolverKernel" name="test_kernel_builds" time="0.043" /><testcase classname="tests.batchsolving.test_SolverKernel" name="test_algorithm_change" time="0.102" /><testcase classname="tests.batchsolving.test_SolverKernel" name="test_getters_get" time="0.005" /><testcase classname="tests.batchsolving.test_SolverKernel" name="test_all_lower_plumbing" time="84.937" /><testcase classname="tests.batchsolving.test_solver" name="test_solver_with_different_algorithms" time="0.217" /><testcase classname="tests.batchsolving.test_solver" name="test_solver_output_types" time="0.382" /><testcase classname="tests.batchsolving.test_solver" name="test_solver_summary_legend" time="0.003" /><testcase classname="tests.batchsolving.test_solver" name="test_solver_save_time_property" time="0.002" /><testcase classname="tests.integrators.algorithms.test_init" name="test_dirk_aliases_registered[l_stable_sdirk_4]" time="0.004" /><testcase classname="tests.integrators.algorithms.test_init" name="test_firk_aliases_registered[firk_gauss_legendre_2]" time="0.002" /><testcase classname="tests.integrators.algorithms.test_init" name="test_firk_aliases_registered[radau_iia_5]" time="0.002" /><testcase classname="tests.integrators.algorithms.test_init" name="test_firk_aliases_registered[radau]" time="0.002" /><testcase classname="tests.integrators.algorithms.test_init" name="test_rosenbrock_aliases_registered[ros3p]" time="0.002" /><testcase classname="tests.integrators.algorithms.test_init" name="test_rosenbrock_aliases_registered[rodas3p]" time="0.002" /><testcase classname="tests.integrators.algorithms.test_init" name="test_rosenbrock_aliases_registered[rosenbrock23]" time="0.002" /><testcase classname="tests.integrators.algorithms.test_init" name="test_rosenbrock_aliases_registered[ode23s]" time="0.025" /><testcase classname="tests.integrators.algorithms.test_init" name="test_rosenbrock_aliases_registered[rosenbrock23_sciml]" time="0.002" /><testcase classname="tests.integrators.algorithms.test_init" name="test_resolve_alias_lowercases" time="0.001" /><testcase classname="tests.integrators.algorithms.test_init" name="test_resolve_alias_returns_tuple" time="0.001" /><testcase classname="tests.integrators.algorithms.test_init" name="test_resolve_alias_unknown_raises" time="0.002" /><testcase classname="tests.integrators.algorithms.test_init" name="test_resolve_supplied_tableau_erk" time="0.001" /><testcase classname="tests.integrators.algorithms.test_init" name="test_resolve_supplied_tableau_dirk" time="0.001" /><testcase classname="tests.integrators.algorithms.test_init" name="test_resolve_supplied_tableau_firk" time="0.001" /><testcase classname="tests.integrators.algorithms.test_init" name="test_resolve_supplied_tableau_rosenbrock" time="0.001" /><testcase classname="tests.integrators.algorithms.test_init" name="test_resolve_supplied_tableau_unknown_raises" time="0.005" /><testcase classname="tests.integrators.algorithms.test_init" name="test_get_algorithm_step_missing_algorithm" time="0.005" /><testcase classname="tests.integrators.algorithms.test_init" name="test_get_algorithm_step_unknown_string" time="0.005" /><testcase classname="tests.integrators.algorithms.test_init" name="test_get_algorithm_step_invalid_type" time="0.005" /><testcase classname="tests.integrators.algorithms.test_init" name="test_get_algorithm_step_kwargs_override_settings" time="0.004" /><testcase classname="tests.integrators.algorithms.test_init" name="test_get_algorithm_step_string_returns_instance" time="0.014" /><testcase classname="tests.integrators.algorithms.test_init" name="test_get_algorithm_step_tableau_injects_tableau" time="0.003" /><testcase classname="tests.integrators.algorithms.test_init" name="test_get_algorithm_step_no_tableau_for_base" time="0.003" /><testcase classname="tests.integrators.algorithms.test_init" name="test_get_algorithm_step_injects_precision" time="0.002" /><testcase classname="tests.integrators.algorithms.test_last_step_caching_integration" name="test_firk_last_step_caching_properties" time="0.002" /><testcase classname="tests.integrators.algorithms.test_ode_explicitstep" name="test_explicit_step_config_is_subclass_of_base_step_config" time="0.001" /><testcase classname="tests.integrators.algorithms.test_ode_explicitstep" name="test_build_delegates_to_build_step" time="0.004" /><testcase classname="tests.integrators.algorithms.test_ode_explicitstep" name="test_build_unpacks_config_fields" time="0.002" /><testcase classname="tests.integrators.algorithms.test_ode_explicitstep" name="test_build_step_is_abstract" time="0.001" /><testcase classname="tests.integrators.algorithms.test_ode_explicitstep" name="test_is_implicit_returns_false" time="0.003" /><testcase classname="tests.integrators.algorithms.test_ode_implicitstep" name="test_implicit_step_accepts_tolerance_arrays" time="0.007" /><testcase classname="tests.integrators.algorithms.test_ode_implicitstep" name="test_implicit_step_exposes_tolerance_properties" time="0.012" /><testcase classname="tests.integrators.algorithms.test_ode_implicitstep" name="test_implicit_step_linear_solver_newton_atol_returns_none" time="0.005" /><testcase classname="tests.integrators.algorithms.test_rosenbrock_tableaus" name="test_rosenbrock_registry_contains_expected_tableaus" time="0.001" /><testcase classname="tests.integrators.algorithms.test_rosenbrock_tableaus" name="test_rosenbrock_step_function_accepts_registry_key" time="0.052" /><testcase classname="tests.integrators.algorithms.test_step_algorithms" name="test_algorithm_factory_resolves_tableau_alias[erk]" time="0.005" /><testcase classname="tests.integrators.algorithms.test_step_algorithms" name="test_algorithm_factory_resolves_tableau_alias[dirk]" time="0.009" /><testcase classname="tests.integrators.algorithms.test_step_algorithms" name="test_algorithm_factory_resolves_tableau_alias[firk]" time="0.013" /><testcase classname="tests.integrators.algorithms.test_step_algorithms" name="test_algorithm_factory_resolves_tableau_alias[rosenbrock]" time="0.006" /><testcase classname="tests.integrators.algorithms.test_step_algorithms" name="test_cpu_reference_resolves_tableau_alias[erk]" time="0.005" /><testcase classname="tests.integrators.algorithms.test_step_algorithms" name="test_cpu_reference_resolves_tableau_alias[dirk]" time="0.004" /><testcase classname="tests.integrators.algorithms.test_step_algorithms" name="test_cpu_reference_resolves_tableau_alias[firk]" time="0.004" /><testcase classname="tests.integrators.algorithms.test_step_algorithms" name="test_cpu_reference_resolves_tableau_alias[rosenbrock]" time="0.004" /><testcase classname="tests.integrators.algorithms.test_step_algorithms" name="test_tableau_controller_defaults[ERKStep-tableau0-expected_dict0]" time="0.003" /><testcase classname="tests.integrators.algorithms.test_step_algorithms" name="test_tableau_controller_defaults[ERKStep-tableau1-expected_dict1]" time="0.004" /><testcase classname="tests.integrators.algorithms.test_step_algorithms" name="test_tableau_controller_defaults[ERKStep-tableau2-expected_dict2]" time="0.003" /><testcase classname="tests.integrators.algorithms.test_step_algorithms" name="test_tableau_controller_defaults[ERKStep-tableau3-expected_dict3]" time="0.004" /><testcase classname="tests.integrators.algorithms.test_step_algorithms" name="test_tableau_controller_defaults[DIRKStep-tableau4-expected_dict4]" time="0.008" /><testcase classname="tests.integrators.algorithms.test_step_algorithms" name="test_tableau_controller_defaults[FIRKStep-tableau5-expected_dict5]" time="0.013" /><testcase classname="tests.integrators.test_SingleIntegratorRun" name="test_compile_settings_forwarding" time="0.002" /><testcase classname="tests.integrators.test_SingleIntegratorRun" name="test_loop_forwarding" time="0.003" /><testcase classname="tests.integrators.test_SingleIntegratorRun" name="test_step_controller_forwarding" time="0.003" /><testcase classname="tests.integrators.test_SingleIntegratorRun" name="test_algo_step_forwarding" time="0.003" /><testcase classname="tests.integrators.test_SingleIntegratorRun" name="test_output_functions_forwarding" time="0.011" /><testcase classname="tests.integrators.test_SingleIntegratorRun" name="test_system_forwarding" time="0.003" /><testcase classname="tests.integrators.test_SingleIntegratorRun" name="test_save_summaries_func_chain" time="0.002" /><testcase classname="tests.integrators.test_SingleIntegratorRun" name="test_output_length_periodic" time="0.003" /><testcase classname="tests.integrators.test_SingleIntegratorRun" name="test_device_function_callable" time="0.016" /><testcase classname="tests.integrators.test_SingleIntegratorRun" name="test_cache_valid_after_build" time="0.002" /><testcase classname="tests.integrators.test_SingleIntegratorRunCore" name="test_construction_minimal" time="0.010" /><testcase classname="tests.integrators.test_SingleIntegratorRunCore" name="test_default_controller_settings_from_algorithm" time="0.011" /><testcase classname="tests.integrators.test_SingleIntegratorRunCore" name="test_precision_popped_from_output_settings" time="0.011" /><testcase classname="tests.integrators.test_SingleIntegratorRunCore" name="test_dt_from_step_control_reaches_controller" time="0.012" /><testcase classname="tests.integrators.test_SingleIntegratorRunCore" name="test_user_step_control_overrides_algorithm_defaults[crank_nicolson-overrides0]" time="0.018" /><testcase classname="tests.integrators.test_SingleIntegratorRunCore" name="test_n_error_fixed" time="0.002" /><testcase classname="tests.integrators.test_SingleIntegratorRunCore" name="test_errorless_euler_with_adaptive_warns_and_replaces" time="0.012" /><testcase classname="tests.integrators.test_SingleIntegratorRunCore" name="test_replacement_controller_uses_original_dt" time="0.012" /><testcase classname="tests.integrators.test_SingleIntegratorRunCore" name="test_errorless_rk4_with_adaptive_warns" time="0.012" /><testcase classname="tests.integrators.test_SingleIntegratorRunCore" name="test_adaptive_algo_with_adaptive_controller_no_warning" time="0.011" /><testcase classname="tests.integrators.test_SingleIntegratorRunCore" name="test_errorless_euler_with_fixed_no_warning" time="0.011" /><testcase classname="tests.integrators.test_SingleIntegratorRunCore" name="test_update_routes_to_children" time="0.024" /><testcase classname="tests.integrators.test_SingleIntegratorRunCore" name="test_update_empty_dict_noop" time="0.012" /><testcase classname="tests.integrators.test_SingleIntegratorRunCore" name="test_update_unrecognised_raises" time="0.019" /><testcase classname="tests.integrators.test_SingleIntegratorRunCore" name="test_update_unrecognised_silent" time="0.018" /><testcase classname="tests.integrators.test_SingleIntegratorRunCore" name="test_update_kwargs_merged" time="0.019" /><testcase classname="tests.integrators.test_SingleIntegratorRunCore" name="test_update_nested_dict_flattened" time="0.019" /><testcase classname="tests.integrators.test_SingleIntegratorRunCore" name="test_update_switch_algorithm" time="0.019" /><testcase classname="tests.integrators.test_SingleIntegratorRunCore" name="test_update_switch_controller" time="0.026" /><testcase classname="tests.integrators.test_SingleIntegratorRunCore" name="test_update_switch_algorithm_carries_old_settings" time="0.018" /><testcase classname="tests.integrators.test_Singl
[...]
ame="tests.integrators.matrix_free_solvers.test_linear_solver" name="test_linear_solver_symbolic[2-steepest_descent-linear]" time="3.954" /><testcase classname="tests.integrated_numerical_tests.test_step_controllers.TestControllerEquivalence" name="test_sequential_acceptance_matches[gustafsson]" time="7.386" /><testcase classname="tests.integrators.matrix_free_solvers.test_linear_solver" name="test_linear_solver_symbolic[2-steepest_descent-coupled_linear]" time="4.932" /><testcase classname="tests.integrated_numerical_tests.test_step_controllers.TestControllerEquivalence" name="test_rejection_retains_previous_state[gustafsson]" time="1.261" /><testcase classname="tests.integrators.matrix_free_solvers.test_linear_solver" name="test_linear_solver_symbolic[2-minimal_residual-linear]" time="4.236" /><testcase classname="tests.integrators.algorithms.test_step_algorithms" name="test_algorithm[crank_nicolson]" time="0.249" /><testcase classname="tests.integrators.matrix_free_solvers.test_linear_solver" name="test_linear_solver_symbolic[2-minimal_residual-coupled_linear]" time="4.968" /><testcase classname="tests.integrators.matrix_free_solvers.test_linear_solver" name="test_linear_solver_max_iters_exceeded" time="3.403" /><testcase classname="tests.integrators.matrix_free_solvers.test_linear_solver" name="test_linear_solver_config_scalar_tolerance_broadcast" time="0.002" /><testcase classname="tests.integrators.matrix_free_solvers.test_linear_solver" name="test_linear_solver_config_array_tolerance_accepted" time="0.002" /><testcase classname="tests.integrators.matrix_free_solvers.test_linear_solver" name="test_linear_solver_config_wrong_length_raises" time="0.003" /><testcase classname="tests.integrators.matrix_free_solvers.test_linear_solver" name="test_linear_solver_scaled_tolerance_converges[steepest_descent]" time="2.254" /><testcase classname="tests.integrators.matrix_free_solvers.test_linear_solver" name="test_linear_solver_scaled_tolerance_converges[minimal_residual]" time="2.337" /><testcase classname="tests.integrators.algorithms.test_step_algorithms" name="test_algorithm[firk]" time="0.200" /><testcase classname="tests.integrated_numerical_tests.test_ode_loop" name="test_finish_check_no_float32_stagnation" time="7.732" /><testcase classname="tests.integrators.matrix_free_solvers.test_linear_solver" name="test_linear_solver_uses_scaled_norm" time="0.003" /><testcase classname="tests.integrators.matrix_free_solvers.test_linear_solver" name="test_linear_solver_tolerance_update_propagates" time="0.003" /><testcase classname="tests.integrators.matrix_free_solvers.test_linear_solver" name="test_linear_solver_config_no_tolerance_fields" time="0.002" /><testcase classname="tests.integrators.matrix_free_solvers.test_linear_solver" name="test_linear_solver_config_settings_dict_excludes_tolerance_arrays" time="0.002" /><testcase classname="tests.integrators.matrix_free_solvers.test_linear_solver" name="test_linear_solver_inherits_from_matrix_free_solver" time="0.002" /><testcase classname="tests.integrators.matrix_free_solvers.test_linear_solver" name="test_linear_solver_update_preserves_original_dict" time="0.003" /><testcase classname="tests.integrators.matrix_free_solvers.test_linear_solver" name="test_linear_solver_no_manual_cache_invalidation" time="0.004" /><testcase classname="tests.integrators.matrix_free_solvers.test_linear_solver" name="test_linear_solver_settings_dict_includes_tolerance_arrays" time="0.002" /><testcase classname="tests.integrators.matrix_free_solvers.test_linear_solver" name="test_linear_solver_init_with_krylov_prefixed_kwargs" time="0.002" /><testcase classname="tests.integrators.matrix_free_solvers.test_linear_solver" name="test_linear_solver_forwards_kwargs_to_norm" time="0.002" /><testcase classname="tests.integrators.matrix_free_solvers.test_newton_krylov" name="test_newton_krylov_placeholder" time="5.486" /><testcase classname="tests.integrators.matrix_free_solvers.test_newton_krylov" name="test_newton_krylov_symbolic[0-linear]" time="8.280" /><testcase classname="tests.integrated_numerical_tests.test_output_functions" name="test_memory_types[shared_mem]" time="1.404" /><testcase classname="tests.integrated_numerical_tests.test_output_functions" name="test_input_value_ranges[large_values]" time="1.332" /><testcase classname="tests.integrated_numerical_tests.test_output_functions" name="test_no_summarys[obs_only]" time="1.369" /><testcase classname="tests.integrated_numerical_tests.test_output_functions" name="test_various_summaries[peaks_only]" time="1.197" /><testcase classname="tests.integrated_numerical_tests.test_output_functions" name="test_big_and_small_systems[10_5]" time="1.339" /><testcase classname="tests.integrated_numerical_tests.test_output_functions" name="test_input_value_ranges[wide_range]" time="1.341" /><testcase classname="tests.integrators.matrix_free_solvers.test_newton_krylov" name="test_newton_krylov_symbolic[0-nonlinear]" time="10.123" /><testcase classname="tests.integrated_numerical_tests.test_output_functions" name="test_no_summarys[obs_time]" time="1.394" /><testcase classname="tests.integrated_numerical_tests.test_output_functions" name="test_various_summaries[all]" time="1.545" /><testcase classname="tests.integrated_numerical_tests.test_output_functions" name="test_big_and_small_systems[50_20]" time="1.376" /><testcase classname="tests.integrated_numerical_tests.test_output_functions" name="test_no_summarys[time_only]" time="1.242" /><testcase classname="tests.integrated_numerical_tests.test_output_functions" name="test_various_summaries[state_and_mean]" time="1.331" /><testcase classname="tests.integrated_numerical_tests.test_output_functions" name="test_big_and_small_systems[100_100]" time="1.423" /><testcase classname="tests.integrated_numerical_tests.test_output_functions" name="test_no_summarys[state_obs_time]" time="1.439" /><testcase classname="tests.integrators.matrix_free_solvers.test_newton_krylov" name="test_newton_krylov_symbolic[0-stiff]" time="8.446" /><testcase classname="tests.integrated_numerical_tests.test_output_functions" name="test_various_summaries[obs_and_mean]" time="1.341" /><testcase classname="tests.integrated_numerical_tests.test_step_controllers.TestControllerNumerical" name="test_matches_cpu[low_err-i]" time="0.654" /><testcase classname="tests.integrated_numerical_tests.test_step_controllers.TestControllerNumerical" name="test_matches_cpu[high_err-i]" time="0.652" /><testcase classname="tests.integrated_numerical_tests.test_step_controllers.TestControllerNumerical" name="test_matches_cpu[low_err_with_mem-i]" time="0.634" /><testcase classname="tests.integrated_numerical_tests.test_step_controllers.TestControllerNumerical" name="test_matches_cpu[high_err_with_mem-i]" time="0.625" /><testcase classname="tests.integrated_numerical_tests.test_step_controllers.TestControllerNumerical" name="test_cpu_gpu_sequence_agree[i]" time="3.126" /><testcase classname="tests.integrators.step_control.test_controllers.TestControllers" name="test_controller_builds[i]" time="0.002" /><testcase classname="tests.integrators.step_control.test_controllers.TestControllers" name="test_dt_clamps[max_limit-i]" time="0.649" /><testcase classname="tests.integrators.step_control.test_controllers.TestControllers" name="test_dt_clamps[min_limit-i]" time="0.648" /><testcase classname="tests.integrated_numerical_tests.test_step_controllers.TestControllerNumerical" name="test_matches_cpu[low_err-pi]" time="0.846" /><testcase classname="tests.integrators.matrix_free_solvers.test_newton_krylov" name="test_newton_krylov_symbolic[0-coupled_linear]" time="9.983" /><testcase classname="tests.integrated_numerical_tests.test_ode_loop" name="test_loop[rosenbrock]" time="49.595" /><testcase classname="tests.integrated_numerical_tests.test_step_algorithms" name="test_two_steps[rosenbrock]" time="55.322" /><testcase classname="tests.integrated_numerical_tests.test_step_controllers.TestControllerNumerical" name="test_matches_cpu[high_err-pi]" time="1.982" /><testcase classname="tests.integrated_numerical_tests.test_step_controllers.TestControllerNumerical" name="test_matches_cpu[low_err_with_mem-pi]" time="0.879" /><testcase classname="tests.integrated_numerical_tests.test_step_controllers.TestControllerNumerical" name="test_matches_cpu[high_err_with_mem-pi]" time="0.846" /><testcase classname="tests.integrated_numerical_tests.test_step_controllers.TestControllerNumerical" name="test_cpu_gpu_sequence_agree[pi]" time="4.052" /><testcase classname="tests.integrators.step_control.test_controllers.TestControllers" name="test_controller_builds[pi]" time="0.002" /><testcase classname="tests.integrators.step_control.test_controllers.TestControllers" name="test_dt_clamps[max_limit-pi]" time="0.845" /><testcase classname="tests.integrators.step_control.test_controllers.TestControllers" name="test_dt_clamps[min_limit-pi]" time="0.857" /><testcase classname="tests.integrated_numerical_tests.test_step_controllers.TestControllerNumerical" name="test_matches_cpu[low_err-pid]" time="0.911" /><testcase classname="tests.integrators.matrix_free_solvers.test_newton_krylov" name="test_newton_krylov_symbolic[0-coupled_nonlinear]" time="11.056" /><testcase classname="tests.integrated_numerical_tests.test_step_controllers.TestControllerNumerical" name="test_matches_cpu[high_err-pid]" time="0.908" /><testcase classname="tests.integrated_numerical_tests.test_step_controllers.TestControllerNumerical" name="test_matches_cpu[low_err_with_mem-pid]" time="0.896" /><testcase classname="tests.integrated_numerical_tests.test_step_controllers.TestControllerNumerical" name="test_matches_cpu[high_err_with_mem-pid]" time="0.899" /><testcase classname="tests.integrated_numerical_tests.test_step_controllers.TestControllerNumerical" name="test_cpu_gpu_sequence_agree[pid]" time="4.461" /><testcase classname="tests.integrators.step_control.test_controllers.TestControllers" name="test_controller_builds[pid]" time="0.002" /><testcase classname="tests.integrators.step_control.test_controllers.TestControllers" name="test_dt_clamps[max_limit-pid]" time="0.930" /><testcase classname="tests.integrators.step_control.test_controllers.TestControllers" name="test_dt_clamps[min_limit-pid]" time="0.938" /><testcase classname="tests.integrated_numerical_tests.test_step_controllers.TestControllerNumerical" name="test_matches_cpu[low_err-gustafsson]" time="1.074" /><testcase classname="tests.integrators.matrix_free_solvers.test_newton_krylov" name="test_newton_krylov_symbolic[1-linear]" time="10.392" /><testcase classname="tests.integrated_numerical_tests.test_step_controllers.TestControllerNumerical" name="test_matches_cpu[high_err-gustafsson]" time="1.044" /><testcase classname="tests.integrated_numerical_tests.test_step_controllers.TestControllerNumerical" name="test_matches_cpu[low_err_with_mem-gustafsson]" time="1.100" /><testcase classname="tests.integrated_numerical_tests.test_step_controllers.TestControllerNumerical" name="test_matches_cpu[high_err_with_mem-gustafsson]" time="1.050" /><testcase classname="tests.integrated_numerical_tests.test_step_controllers.TestControllerNumerical" name="test_cpu_gpu_sequence_agree[gustafsson]" time="5.184" /><testcase classname="tests.integrators.step_control.test_controllers.TestControllers" name="test_controller_builds[gustafsson]" time="0.018" /><testcase classname="tests.integrators.matrix_free_solvers.test_newton_krylov" name="test_newton_krylov_symbolic[1-nonlinear]" time="10.954" /><testcase classname="tests.integrators.matrix_free_solvers.test_newton_krylov" name="test_newton_krylov_symbolic[1-stiff]" time="8.864" /><testcase classname="tests.integrators.matrix_free_solvers.test_newton_krylov" name="test_newton_krylov_symbolic[1-coupled_linear]" time="10.687" /><testcase classname="tests.integrated_numerical_tests.test_step_algorithms" name="test_against_euler[rosenbrock]" time="29.645" /><testcase classname="tests.integrators.matrix_free_solvers.test_newton_krylov" name="test_newton_krylov_symbolic[1-coupled_nonlinear]" time="11.944" /><testcase classname="tests.integrators.matrix_free_solvers.test_newton_krylov" name="test_newton_krylov_symbolic[2-linear]" time="8.734" /><testcase classname="tests.integrators.matrix_free_solvers.test_newton_krylov" name="test_newton_krylov_symbolic[2-nonlinear]" time="11.113" /><testcase classname="tests.integrators.algorithms.test_step_algorithms" name="test_algorithm[rosenbrock]" time="0.306" /><testcase classname="tests.integrators.matrix_free_solvers.test_newton_krylov" name="test_newton_krylov_symbolic[2-stiff]" time="8.855" /><testcase classname="tests.integrators.matrix_free_solvers.test_newton_krylov" name="test_newton_krylov_symbolic[2-coupled_linear]" time="12.421" /><testcase classname="tests.integrated_numerical_tests.test_ode_loop" name="test_loop[erk]" time="22.506" /><testcase classname="tests.integrated_numerical_tests.test_step_algorithms" name="test_two_steps[erk]" time="9.588" /><testcase classname="tests.integrated_numerical_tests.test_step_algorithms" name="test_against_euler[erk]" time="6.461" /><testcase classname="tests.integrators.step_control.test_controllers.TestControllers" name="test_dt_clamps[max_limit-gustafsson]" time="1.205" /><testcase classname="tests.integrators.step_control.test_controllers.TestControllers" name="test_dt_clamps[min_limit-gustafsson]" time="1.204" /><testcase classname="tests.integrators.algorithms.test_dirk_tableaus" name="test_dirk_tableau_registry_contains_expected_entries[implicit_midpoint]" time="0.002" /><testcase classname="tests.integrators.algorithms.test_dirk_tableaus" name="test_dirk_tableau_registry_contains_expected_entries[trapezoidal_dirk]" time="0.001" /><testcase classname="tests.integrators.algorithms.test_dirk_tableaus" name="test_dirk_tableau_registry_contains_expected_entries[lobatto_iiic_3]" time="0.001" /><testcase classname="tests.integrators.algorithms.test_dirk_tableaus" name="test_dirk_tableau_registry_contains_expected_entries[sdirk_2_2]" time="0.001" /><testcase classname="tests.integrators.algorithms.test_dirk_tableaus" name="test_dirk_tableau_default_matches_registry" time="0.001" /><testcase classname="tests.integrators.algorithms.test_dirk_tableaus" name="test_dirk_step_accepts_tableau_instance" time="0.006" /><testcase classname="tests.integrators.algorithms.test_explicit_euler" name="test_init_creates_explicit_step_config" time="0.058" /><testcase classname="tests.integrators.algorithms.test_explicit_euler" name="test_build_returns_step_cache" time="0.025" /><testcase classname="tests.integrators.algorithms.test_explicit_euler" name="test_properties[threads_per_step-1]" time="0.005" /><testcase classname="tests.integrators.algorithms.test_explicit_euler" name="test_properties[is_multistage-False]" time="0.006" /><testcase classname="tests.integrators.algorithms.test_explicit_euler" name="test_properties[is_adaptive-False]" time="0.006" /><testcase classname="tests.integrators.algorithms.test_explicit_euler" name="test_properties[order-1]" time="0.002" /><testcase classname="tests.integrators.algorithms.test_generic_erk_tableaus" name="test_registry_contains_expected_tableaus" time="0.001" /><testcase classname="tests.integrators.algorithms.test_generic_erk_tableaus" name="test_default_tableau_is_registered" time="0.001" /><testcase classname="tests.integrators.algorithms.test_generic_erk_tableaus" name="test_step_accepts_registered_tableau[erk_step_settings_override0]" time="0.003" /><testcase classname="tests.integrators.algorithms.test_init" name="test_algorithm_registry_entries[euler-ExplicitEulerStep]" time="0.002" /><testcase classname="tests.integrators.algorithms.test_init" name="test_algorithm_registry_entries[backwards_euler-BackwardsEulerStep]" time="0.001" /><testcase classname="tests.integrators.algorithms.test_init" name="test_algorithm_registry_entries[backwards_euler_pc-BackwardsEulerPCStep]" time="0.001" /><testcase classname="tests.integrators.algorithms.test_init" name="test_algorithm_registry_entries[crank_nicolson-CrankNicolsonStep]" time="0.002" /><testcase classname="tests.integrators.algorithms.test_init" name="test_algorithm_registry_entries[dirk-DIRKStep]" time="0.002" /><testcase classname="tests.integrators.algorithms.test_init" name="test_algorithm_registry_entries[firk-FIRKStep]" time="0.001" /><testcase classname="tests.integrators.algorithms.test_init" name="test_algorithm_registry_entries[erk-ERKStep]" time="0.001" /><testcase classname="tests.integrators.algorithms.test_init" name="test_algorithm_registry_entries[rosenbrock-GenericRosenbrockWStep]" time="0.002" /><testcase classname="tests.integrators.algorithms.test_init" name="test_algorithm_registry_size" time="0.001" /><testcase classname="tests.integrators.algorithms.test_init" name="test_base_algorithms_have_none_tableau" time="0.001" /><testcase classname="tests.integrators.algorithms.test_init" name="test_erk_aliases_registered[heun-21]" time="0.001" /><testcase classname="tests.integrators.algorithms.test_init" name="test_erk_aliases_registered[ralston-33]" time="0.002" /><testcase classname="tests.integrators.algorithms.test_init" name="test_erk_aliases_registered[bogacki-shampine-32]" time="0.001" /><testcase classname="tests.integrators.algorithms.test_init" name="test_erk_aliases_registered[rk23]" time="0.001" /><testcase classname="tests.integrators.algorithms.test_init" name="test_erk_aliases_registered[ode23]" time="0.001" /><testcase classname="tests.integrators.algorithms.test_init" name="test_erk_aliases_registered[dormand-prince-54]" time="0.002" /><testcase classname="tests.integrators.algorithms.test_init" name="test_erk_aliases_registered[dopri54]" time="0.001" /><testcase classname="tests.integrators.algorithms.test_init" name="test_erk_aliases_registered[rk45]" time="0.001" /><testcase classname="tests.integrators.algorithms.test_init" name="test_erk_aliases_registered[ode45]" time="0.001" /><testcase classname="tests.integrators.algorithms.test_init" name="test_erk_aliases_registered[classical-rk4]" time="0.001" /><testcase classname="tests.integrators.algorithms.test_init" name="test_erk_aliases_registered[rk4]" time="0.001" /><testcase classname="tests.integrators.algorithms.test_init" name="test_erk_aliases_registered[cash-karp-54]" time="0.001" /><testcase classname="tests.integrators.algorithms.test_init" name="test_erk_aliases_registered[fehlberg-45]" time="0.001" /><testcase classname="tests.integrators.algorithms.test_init" name="test_erk_aliases_registered[dormand-prince-853]" time="0.001" /><testcase classname="tests.integrators.algorithms.test_init" name="test_erk_aliases_registered[dop853]" time="0.001" /><testcase classname="tests.integrators.algorithms.test_init" name="test_erk_aliases_registered[tsit5]" time="0.001" /><testcase classname="tests.integrators.algorithms.test_init" name="test_erk_aliases_registered[Tsit5]" time="0.001" /><testcase classname="tests.integrators.algorithms.test_init" name="test_erk_aliases_registered[vern7]" time="0.001" /><testcase classname="tests.integrators.algorithms.test_init" name="test_erk_aliases_registered[Vern7]" time="0.001" /><testcase classname="tests.integrators.algorithms.test_init" name="test_dirk_aliases_registered[implicit_midpoint]" time="0.001" /><testcase classname="tests.integrators.algorithms.test_init" name="test_dirk_aliases_registered[trapezoidal_dirk]" time="0.001" /><testcase classname="tests.integrators.algorithms.test_init" name="test_dirk_aliases_registered[ode23t]" time="0.001" /><testcase classname="tests.integrators.algorithms.test_init" name="test_dirk_aliases_registered[lobatto_iiic_3]" time="0.001" /><testcase classname="tests.integrators.algorithms.test_init" name="test_dirk_aliases_registered[sdirk_2_2]" time="0.001" /><testcase classname="tests.integrators.algorithms.test_init" name="test_dirk_aliases_registered[l_stable_dirk_3]" time="0.011" /></testsuite></testsuites>