<?xml version="1.0" encoding="utf-8"?><testsuites name="pytest tests"><testsuite name="pytest" errors="0" failures="0" skipped="1" tests="810" time="797.615" timestamp="2025-10-11T16:15:43.501192+00:00" hostname="ip-10-192-12-227"><testcase classname="tests.batchsolving.arrays.test_basearraymanager.TestArrayContainer" name="test_attach_existing_label" time="0.003" /><testcase classname="tests.batchsolving.arrays.test_basearraymanager.TestArrayContainer" name="test_attach_nonexistent_label" time="0.005" /><testcase classname="tests.batchsolving.arrays.test_basearraymanager.TestArrayContainer" name="test_delete_existing_label" time="0.001" /><testcase classname="tests.batchsolving.arrays.test_basearraymanager.TestArrayContainer" name="test_delete_nonexistent_label" time="0.004" /><testcase classname="tests.batchsolving.arrays.test_basearraymanager.TestArrayContainer" name="test_delete_all" time="0.001" /><testcase classname="tests.batchsolving.arrays.test_basearraymanager.TestBaseArrayManager" name="test_initialization" time="0.004" /><testcase classname="tests.batchsolving.arrays.test_basearraymanager.TestBaseArrayManager" name="test_register_with_memory_manager" time="0.003" /><testcase classname="tests.batchsolving.arrays.test_basearraymanager.TestBaseArrayManager" name="test_on_allocation_complete" time="0.003" /><testcase classname="tests.batchsolving.arrays.test_basearraymanager.TestBaseArrayManager" name="test_request_allocation_single_force" time="0.004" /><testcase classname="tests.batchsolving.arrays.test_basearraymanager.TestBaseArrayManager" name="test_request_allocation_group_force" time="0.004" /><testcase classname="tests.batchsolving.arrays.test_basearraymanager.TestBaseArrayManager" name="test_request_allocation_auto_single" time="0.004" /><testcase classname="tests.batchsolving.arrays.test_basearraymanager.TestBaseArrayManager" name="test_request_allocation_auto_group" time="0.005" /><testcase classname="tests.batchsolving.arrays.test_basearraymanager.TestBaseArrayManager" name="test_invalidate_hook_functionality" time="0.003" /><testcase classname="tests.batchsolving.arrays.test_basearraymanager.TestBaseArrayManager" name="test_arrays_equal_both_none" time="0.003" /><testcase classname="tests.batchsolving.arrays.test_basearraymanager.TestBaseArrayManager" name="test_arrays_equal_one_none" time="0.003" /><testcase classname="tests.batchsolving.arrays.test_basearraymanager.TestBaseArrayManager" name="test_arrays_equal_same_arrays" time="0.003" /><testcase classname="tests.batchsolving.arrays.test_basearraymanager.TestBaseArrayManager" name="test_arrays_equal_different_arrays" time="0.003" /><testcase classname="tests.batchsolving.arrays.test_basearraymanager.TestBaseArrayManager" name="test_update_host_array_no_change" time="0.004" /><testcase classname="tests.batchsolving.arrays.test_basearraymanager.TestBaseArrayManager" name="test_update_host_array_shape_change" time="0.003" /><testcase classname="tests.batchsolving.arrays.test_basearraymanager.TestBaseArrayManager" name="test_update_host_array_zero_shape" time="0.003" /><testcase classname="tests.batchsolving.arrays.test_basearraymanager.TestBaseArrayManager" name="test_update_host_array_value_change" time="0.004" /><testcase classname="tests.batchsolving.arrays.test_basearraymanager.TestBaseArrayManager" name="test_chunk_placeholders" time="0.004" /><testcase classname="tests.batchsolving.arrays.test_basearraymanager.TestBaseArrayManager" name="test_initialize_device_zeros" time="0.353" /><testcase classname="tests.batchsolving.arrays.test_basearraymanager.TestCheckSizesAndTypes" name="test_check_type_returns_dict" time="0.004" /><testcase classname="tests.batchsolving.arrays.test_basearraymanager.TestCheckSizesAndTypes" name="test_check_type_all_correct" time="0.003" /><testcase classname="tests.batchsolving.arrays.test_basearraymanager.TestCheckSizesAndTypes" name="test_check_type_with_none_arrays" time="0.003" /><testcase classname="tests.batchsolving.arrays.test_basearraymanager.TestCheckSizesAndTypes" name="test_check_sizes_returns_dict" time="0.004" /><testcase classname="tests.batchsolving.arrays.test_basearraymanager.TestCheckSizesAndTypes" name="test_check_sizes_correct_shapes" time="0.003" /><testcase classname="tests.batchsolving.arrays.test_basearraymanager.TestCheckSizesAndTypes" name="test_check_sizes_wrong_shapes" time="0.003" /><testcase classname="tests.batchsolving.arrays.test_basearraymanager.TestCheckSizesAndTypes" name="test_check_sizes_with_chunking" time="0.003" /><testcase classname="tests.batchsolving.arrays.test_basearraymanager.TestCheckSizesAndTypes" name="test_check_sizes_invalid_location" time="0.005" /><testcase classname="tests.batchsolving.arrays.test_basearraymanager.TestCheckIncomingArrays" name="test_check_incoming_arrays_all_pass" time="0.003" /><testcase classname="tests.batchsolving.arrays.test_basearraymanager.TestCheckIncomingArrays" name="test_check_incoming_arrays_size_fail" time="0.003" /><testcase classname="tests.batchsolving.arrays.test_basearraymanager.TestCheckIncomingArrays" name="test_check_incoming_arrays_type_fail" time="0.003" /><testcase classname="tests.batchsolving.arrays.test_basearraymanager.TestAttachExternalArrays" name="test_attach_external_arrays_success" time="0.003" /><testcase classname="tests.batchsolving.arrays.test_basearraymanager.TestAttachExternalArrays" name="test_attach_external_arrays_with_failures" time="0.009" /><testcase classname="tests.batchsolving.arrays.test_basearraymanager.TestUpdateHostArrays" name="test_update_host_arrays_success" time="0.003" /><testcase classname="tests.batchsolving.arrays.test_basearraymanager.TestUpdateHostArrays" name="test_update_host_arrays_shape_change" time="0.003" /><testcase classname="tests.batchsolving.arrays.test_basearraymanager.TestUpdateHostArrays" name="test_update_host_arrays_size_mismatch" time="0.006" /><testcase classname="tests.batchsolving.arrays.test_basearraymanager.TestUpdateHostArrays" name="test_update_host_arrays_nonexistent_array" time="0.004" /><testcase classname="tests.batchsolving.arrays.test_basearraymanager.TestUpdateHostArrays" name="test_update_host_arrays_no_change" time="0.003" /><testcase classname="tests.batchsolving.arrays.test_basearraymanager.TestUpdateSizes" name="test_update_sizes_success" time="0.005" /><testcase classname="tests.batchsolving.arrays.test_basearraymanager.TestUpdateSizes" name="test_update_sizes_wrong_type" time="0.006" /><testcase classname="tests.batchsolving.arrays.test_basearraymanager.TestMemoryManagerIntegration" name="test_memory_manager_registration" time="0.003" /><testcase classname="tests.batchsolving.arrays.test_basearraymanager.TestMemoryManagerIntegration" name="test_memory_manager_proportion_handling[arraytest_overrides0]" time="0.003" /><testcase classname="tests.batchsolving.arrays.test_basearraymanager.TestMemoryManagerIntegration" name="test_memory_manager_proportion_handling[arraytest_overrides1]" time="0.003" /><testcase classname="tests.batchsolving.arrays.test_basearraymanager.TestMemoryManagerIntegration" name="test_memory_manager_proportion_handling[arraytest_overrides2]" time="0.003" /><testcase classname="tests.batchsolving.arrays.test_basearraymanager.TestMemoryManagerIntegration" name="test_stream_group_management[arraytest_overrides0]" time="0.004" /><testcase classname="tests.batchsolving.arrays.test_basearraymanager.TestMemoryManagerIntegration" name="test_stream_group_management[arraytest_overrides1]" time="0.004" /><testcase classname="tests.batchsolving.arrays.test_basearraymanager.TestMemoryManagerIntegration" name="test_allocation_with_settings" time="0.004" /><testcase classname="tests.batchsolving.arrays.test_basearraymanager" name="test_array_manager_with_different_configs[arraytest_overrides0]" time="0.003" /><testcase classname="tests.batchsolving.arrays.test_basearraymanager" name="test_array_manager_with_different_configs[arraytest_overrides1]" time="0.003" /><testcase classname="tests.batchsolving.arrays.test_basearraymanager" name="test_array_manager_with_different_configs[arraytest_overrides2]" time="0.003" /><testcase classname="tests.batchsolving.arrays.test_basearraymanager" name="test_array_manager_with_different_configs[arraytest_overrides3]" time="0.003" /><testcase classname="tests.batchsolving.arrays.test_basearraymanager" name="test_allocation_response_matches_settings[arraytest_overrides0]" time="0.002" /><testcase classname="tests.batchsolving.arrays.test_basearraymanager" name="test_allocation_response_matches_settings[arraytest_overrides1]" time="0.002" /><testcase classname="tests.batchsolving.arrays.test_basearraymanager" name="test_memory_integration_with_settings[arraytest_overrides0]" time="0.003" /><testcase classname="tests.batchsolving.arrays.test_basearraymanager" name="test_memory_integration_with_settings[arraytest_overrides1]" time="0.003" /><testcase classname="tests.batchsolving.arrays.test_batchinputarrays.TestInputArrayContainer" name="test_container_arrays_after_init" time="0.001" /><testcase classname="tests.batchsolving.arrays.test_batchinputarrays.TestInputArrayContainer" name="test_container_stride_order" time="0.001" /><testcase classname="tests.batchsolving.arrays.test_batchinputarrays.TestInputArrayContainer" name="test_host_factory" time="0.001" /><testcase classname="tests.batchsolving.arrays.test_batchinputarrays.TestInputArrayContainer" name="test_device_factory" time="0.001" /><testcase classname="tests.batchsolving.arrays.test_batchinputarrays.TestInputArrays" name="test_initialization_container_types" time="1.062" /><testcase classname="tests.batchsolving.arrays.test_batchinputarrays.TestInputArrays" name="test_from_solver_factory" time="0.002" /><testcase classname="tests.batchsolving.arrays.test_batchinputarrays.TestInputArrays" name="test_allocation_and_getters_not_none" time="0.004" /><testcase classname="tests.batchsolving.arrays.test_batchinputarrays.TestInputArrays" name="test_call_method_updates_host_arrays" time="0.004" /><testcase classname="tests.batchsolving.arrays.test_batchinputarrays.TestInputArrays" name="test_call_method_size_change_triggers_reallocation" time="0.005" /><testcase classname="tests.batchsolving.arrays.test_batchinputarrays.TestInputArrays" name="test_update_from_solver" time="0.002" /><testcase classname="tests.batchsolving.arrays.test_batchinputarrays.TestInputArrays" name="test_initialise_method" time="0.313" /><testcase classname="tests.batchsolving.arrays.test_batchinputarrays.TestInputArrays" name="test_finalise_method" time="0.007" /><testcase classname="tests.batchsolving.arrays.test_batchinputarrays.TestInputArrays" name="test_dtype[float32]" time="0.893" /><testcase classname="tests.batchsolving.arrays.test_batchoutputarrays" name="test_dtype[float32]" time="0.005" /><testcase classname="tests.batchsolving.test_solver" name="test_solver_precision_types[float32]" time="0.011" /><testcase classname="tests.odesystems.symbolic.test_solver_helpers" name="test_operator_apply_dense[1.0-1.0-1.0-M0-float64]" time="0.375" /><testcase classname="tests.odesystems.symbolic.test_solver_helpers" name="test_operator_apply_dense[1.0-1.0-1.0-M1-float64]" time="0.292" /><testcase classname="tests.odesystems.symbolic.test_solver_helpers" name="test_operator_apply_dense[0.5-2.0-1.0-M2-float64]" time="0.291" /><testcase classname="tests.odesystems.symbolic.test_solver_helpers" name="test_neumann_preconditioner_expression[1.0-1.0-0.25-0-float64]" time="0.416" /><testcase classname="tests.odesystems.symbolic.test_solver_helpers" name="test_neumann_preconditioner_expression[1.0-1.0-0.25-1-float64]" time="0.422" /><testcase classname="tests.odesystems.symbolic.test_solver_helpers" name="test_neumann_preconditioner_expression[1.0-1.0-0.25-2-float64]" time="0.423" /><testcase classname="tests.odesystems.symbolic.test_solver_helpers" name="test_neumann_preconditioner_expression[0.5-2.0-0.1-3-float64]" time="0.603" /><testcase classname="tests.odesystems.symbolic.test_solver_helpers" name="test_residual_end_state[1.0-1.0-1.0-M0-float64]" time="0.445" /><testcase classname="tests.odesystems.symbolic.test_solver_helpers" name="test_residual_end_state[1.0-1.0-1.0-M1-float64]" time="0.416" /><testcase classname="tests.odesystems.symbolic.test_solver_helpers" name="test_residual_end_state[0.5-2.0-1.0-M2-float64]" time="0.501" /><testcase classname="tests.odesystems.symbolic.test_solver_helpers" name="test_stage_residual[1.0-1.0-1.0-1.0-M0-float64]" time="0.388" /><testcase classname="tests.odesystems.symbolic.test_solver_helpers" name="test_stage_residual[1.0-1.0-1.0-0.5-M1-float64]" time="0.386" /><testcase classname="tests.odesystems.symbolic.test_solver_helpers" name="test_stage_residual[0.5-2.0-1.0-0.25-M2-float64]" time="0.422" /><testcase classname="tests.outputhandling.test_output_functions" name="test_all_summaries_long_run[large_dataset-float32]" time="5.084" /><testcase classname="tests.outputhandling.test_output_functions" name="test_all_summaries_long_window[large_dataset-float32]" time="4.279" /><testcase classname="tests.outputhandling.test_output_functions" name="test_memory_types[local_mem-float32]" time="3.433" /><testcase classname="tests.outputhandling.test_output_functions" name="test_memory_types[shared_mem-float32]" time="3.288" /><testcase classname="tests.outputhandling.test_output_functions" name="test_input_value_ranges[tiny_values-float32]" time="0.727" /><testcase classname="tests.outputhandling.test_output_functions" name="test_input_value_ranges[large_values-float32]" time="1.070" /><testcase classname="tests.outputhandling.test_output_functions" name="test_input_value_ranges[wide_range-float32]" time="0.718" /><testcase classname="tests.outputhandling.test_output_functions" name="test_no_summarys[state_obs-float32]" time="0.772" /><testcase classname="tests.outputhandling.test_output_functions" name="test_no_summarys[obs_only-float32]" time="0.726" /><testcase classname="tests.outputhandling.test_output_functions" name="test_no_summarys[obs_time-float32]" time="0.731" /><testcase classname="tests.outputhandling.test_output_functions" name="test_no_summarys[time_only-float32]" time="0.655" /><testcase classname="tests.outputhandling.test_output_functions" name="test_no_summarys[state_obs_time-float32]" time="0.775" /><testcase classname="tests.outputhandling.test_output_functions" name="test_various_summaries[basic_summaries-float32]" time="2.969" /><testcase classname="tests.outputhandling.test_output_functions" name="test_various_summaries[peaks_only-float32]" time="2.024" /><testcase classname="tests.outputhandling.test_output_functions" name="test_various_summaries[all-float32]" time="4.501" /><testcase classname="tests.outputhandling.test_output_functions" name="test_various_summaries[state_and_mean-float32]" time="1.488" /><testcase classname="tests.outputhandling.test_output_functions" name="test_various_summaries[obs_and_mean-float32]" time="1.489" /><testcase classname="tests.outputhandling.test_output_functions" name="test_big_and_small_systems[1_1-float32]" time="0.723" /><testcase classname="tests.outputhandling.test_output_functions" name="test_big_and_small_systems[10_5-float32]" time="0.732" /><testcase classname="tests.outputhandling.test_output_functions" name="test_big_and_small_systems[50_20-float32]" time="0.775" /><testcase classname="tests.outputhandling.test_output_functions" name="test_big_and_small_systems[100_100-float32]" time="1.346" /><testcase classname="tests.outputhandling.test_output_functions" name="test_frequent_summaries[output_test_settings_overrides0-float32]" time="0.728" /><testcase classname="tests.batchsolving.arrays.test_batchinputarrays.TestInputArrays" name="test_dtype[float64]" time="0.702" /><testcase classname="tests.batchsolving.arrays.test_batchoutputarrays" name="test_dtype[float64]" time="0.005" /><testcase classname="tests.batchsolving.test_solver" name="test_solver_precision_types[float64]" time="0.011" /><testcase classname="tests.outputhandling.test_output_functions" name="test_all_summaries_long_run[large_dataset-float64]" time="4.041" /><testcase classname="tests.outputhandling.test_output_functions" name="test_all_summaries_long_window[large_dataset-float64]" time="4.648" /><testcase classname="tests.batchsolving.arrays.test_batchinputarrays" name="test_input_arrays_with_different_configs[input_test_overrides0]" time="0.737" /><testcase classname="tests.batchsolving.arrays.test_batchinputarrays" name="test_input_arrays_with_different_configs[input_test_overrides1]" time="0.004" /><testcase classname="tests.batchsolving.arrays.test_batchinputarrays" name="test_input_arrays_with_different_configs[input_test_overrides2]" time="0.003" /><testcase classname="tests.batchsolving.arrays.test_batchinputarrays" name="test_input_arrays_with_different_systems[three_chamber]" time="1.101" /><testcase classname="tests.batchsolving.arrays.test_batchoutputarrays" name="test_output_arrays_with_different_systems[three_chamber-solver_settings_override0]" time="0.600" /><testcase classname="tests.batchsolving.test_SolverKernel" name="test_run[smoke_test]" time="23.634" /><testcase classname="tests.batchsolving.test_solver" name="test_solve_basic[default_system]" time="10.881" /><testcase classname="tests.batchsolving.test_solveresult.TestSolveResultFromSolver" name="test_time_domain_legend_from_solver[linear-solver_settings_override0]" time="13.144" /><testcase classname="tests.integrators.loops.test_ode_loop" name="test_loop[euler-3cm]" time="5.916" /><testcase classname="tests.integrators.step_control.test_controller_equivalence_sequences.TestControllerEquivalence" name="test_sequential_acceptance_matches[three_chamber-solver_settings_override0-i]" time="2.897" /><testcase classname="tests.integrators.step_control.test_controller_equivalence_sequences.TestControllerEquivalence" name="test_rejection_retains_previous_state[three_chamber-solver_settings_override0-i]" time="0.474" /><testcase classname="tests.integrators.step_control.test_controllers.TestControllers" name="test_matches_cpu[solver_settings_override0-low_err-i]" time="1.995" /><testcase classname="tests.integrators.step_control.test_controllers.TestControllers" name="test_matches_cpu[solver_settings_override0-high_err-i]" time="0.477" /><testcase classname="tests.integrators.step_control.test_controllers.TestControllers" name="test_matches_cpu[solver_settings_override0-low_err_with_mem-i]" time="0.476" /><testcase classname="tests.integrators.step_control.test_controllers.TestControllers" name="test_matches_cpu[solver_settings_override0-high_err_with_mem-i]" time="0.476" /><testcase classname="tests.integrators.step_control.test_controllers.TestControllers" name="test_cpu_gpu_sequence_agree[solver_settings_override0-i]" time="2.475" /><testcase classname="tests.integrators.step_control.test_controllers.TestControllers" name="test_controller_builds[i]" time="0.102" /><testcase classname="tests.integrators.step_control.test_controllers.TestControllers" name="test_dt_clamps[max_limit-i]" time="0.579" /><testcase classname="tests.integrators.step_control.test_controllers.TestControllers" name="test_dt_clamps[min_limit-i]" time="0.570" /><testcase classname="tests.integrators.step_control.test_controllers.TestControllers" name="test_gain_clamps[gain_max_clamp-i]" time="0.573" /><testcase classname="tests.integrators.step_control.test_controllers.TestControllers" name="test_gain_clamps[gain_min_clamp-i]" time="0.571" /><testcase classname="tests.integrators.step_control.test_controller_equivalence_sequences.TestControllerEquivalence" name="test_sequential_acceptance_matches[three_chamber-solver_settings_override0-pi]" time="3.714" /><testcase classname="tests.integrators.step_control.test_controller_equivalence_sequences.TestControllerEquivalence" name="test_rejection_retains_previous_state[three_chamber-solver_settings_override0-pi]" time="0.532" /><testcase classname="tests.integrators.step_control.test_controllers.TestControllers" name="test_matches_cpu[solver_settings_override0-low_err-pi]" time="0.888" /><testcase classname="tests.integrators.step_control.test_controllers.TestControllers" name="test_matches_cpu[solver_settings_override0-high_err-pi]" time="0.528" /><testcase classname="tests.integrators.step_control.test_controllers.TestControllers" name="test_matches_cpu[solver_settings_override0-low_err_with_mem-pi]" time="0.526" /><testcase classname="tests.integrators.step_control.test_controllers.TestControllers" name="test_matches_cpu[solver_settings_override0-high_err_with_mem-pi]" time="0.532" /><testcase classname="tests.integrators.step_control.test_controllers.TestControllers" name="test_cpu_gpu_sequence_agree[solver_settings_override0-pi]" time="2.771" /><testcase classname="tests.integrators.step_control.test_controllers.TestControllers" name="test_controller_builds[pi]" time="0.100" /><testcase classname="tests.integrators.step_control.test_controllers.TestControllers" name="test_dt_clamps[max_limit-pi]" time="0.646" /><testcase classname="tests.integrators.step_control.test_controllers.TestControllers" name="test_dt_clamps[min_limit-pi]" time="0.631" /><testcase classname="tests.integrators.step_control.test_controllers.TestControllers" name="test_gain_clamps[gain_max_clamp-pi]" time="0.640" /><testcase classname="tests.integrators.step_control.test_controllers.TestControllers" name="test_gain_clamps[gain_min_clamp-pi]" time="0.641" /><testcase classname="tests.integrators.step_control.test_controller_equivalence_sequences.TestControllerEquivalence" name="test_sequential_acceptance_matches[three_chamber-solver_settings_override0-pid]" time="5.390" /><testcase classname="tests.integrators.step_control.test_controller_equivalence_sequences.TestControllerEquivalence" name="test_rejection_retains_previous_state[three_chamber-solver_settings_override0-pid]" time="0.602" /><testcase classname="tests.integrators.step_control.test_controllers.TestControllers" name="test_matches_cpu[solver_settings_override0-low_err-pid]" time="0.958" /><testcase classname="tests.integrators.step_control.test_controllers.TestControllers" name="test_matches_cpu[solver_settings_override0-high_err-pid]" time="0.597" /><testcase classname="tests.integrators.step_control.test_controllers.TestControllers" name="test_matches_cpu[solver_settings_override0-low_err_with_mem-pid]" time="0.600" /><testcase classname="tests.integrators.step_control.test_controllers.TestControllers" name="test_matches_cpu[solver_settings_override0-high_err_with_mem-pid]" time="0.592" /><testcase classname="tests.integrators.step_control.test_controllers.TestControllers" name="test_cpu_gpu_sequence_agree[solver_settings_override0-pid]" time="3.083" /><testcase classname="tests.integrators.step_control.test_controllers.TestControllers" name="test_controller_builds[pid]" time="0.102" /><testcase classname="tests.integrators.step_control.test_controllers.TestControllers" name="test_dt_clamps[max_limit-pid]" time="0.707" /><testcase classname="tests.integrators.step_control.test_controllers.TestControllers" name="test_dt_clamps[min_limit-pid]" time="0.703" /><testcase classname="tests.integrators.step_control.test_controllers.TestControllers" name="test_gain_clamps[gain_max_clamp-pid]" time="0.701" /><testcase classname="tests.integrators.step_control.test_controllers.TestControllers" name="test_gain_clamps[gain_min_clamp-pid]" time="0.699" /><testcase classname="tests.integrators.step_control.test_controller_equivalence_sequences.TestControllerEquivalence" name="test_sequential_acceptance_matches[three_chamber-solver_settings_override0-gustafsson]" time="4.661" /><testcase classname="tests.integrators.step_control.test_controller_equivalence_sequences.TestControllerEquivalence" name="test_rejection_retains_previous_state[three_chamber-solver_settings_override0-gustafsson]" time="2.033" /><testcase classname="tests.integrators.step_control.test_controllers.TestControllers" name="test_matches_cpu[solver_settings_override0-low_err-gustafsson]" time="1.060" /><testcase classname="tests.integrators.step_control.test_controllers.TestControllers" name="test_matches_cpu[solver_settings_override0-high_err-gustafsson]" time="0.687" /><testcase classname="tests.integrators.step_control.test_controllers.TestControllers" name="test_matches_cpu[solver_settings_override0-low_err_with_mem-gustafsson]" time="0.688" /><testcase classname="tests.integrators.step_control.test_controllers.TestControllers" name="test_matches_cpu[solver_settings_override0-high_err_with_mem-gustafsson]" time="0.702" /><testcase classname="tests.integrators.step_control.test_controllers.TestControllers" name="test_cpu_gpu_sequence_agree[solver_settings_override0-gustafsson]" time="3.553" /><testcase classname="tests.integrators.step_control.test_controllers.TestControllers" name="test_controller_builds[gustafsson]" time="0.101" /><testcase classname="tests.integrators.step_control.test_controllers.TestControllers" name="test_dt_clamps[max_limit-gustafsson]" time="0.793" /><testcase classname="tests.integrators.step_control.test_controllers.TestControllers" name="test_dt_clamps[min_limit-gustafsson]" time="0.795" /><testcase classname="tests.integrators.step_control.test_controllers.TestControllers" name="test_gain_clamps[gain_max_clamp-gustafsson]" time="0.797" /><testcase classname="tests.integrators.step_control.test_controllers.TestControllers" name="test_gain_clamps[gain_min_clamp-gustafsson]" time="0.797" /><testcase classname="tests.batchsolving.arrays.test_batchoutputarrays" name="test_output_arrays_with_different_systems[stiff-solver_settings_override0]" time="0.972" /><testcase classname="tests.batchsolving.arrays.test_batchinputarrays" name="test_input_arrays_with_different_systems[stiff]" time="0.590" /><testcase classname="tests.batchsolving.test_SolverKernel" name="test_run[fire_test]" time="14.449" /><testcase classname="tests.batchsolving.test_solver" name="test_solve_basic[three_chamber_system]" time="12.578" /><testcase classname="tests.integrators.loops.test_ode_loop" name="test_loop[bweuler-3cm]" time="22.974" /><testcase classname="tests.integrators.algorithms.test_step_algorithms" name="test_algorithm[backwards_euler]" time="14.894" /><testcase classname="tests.integrators.test_SingleIntegratorRun.TestSingleIntegratorRun" name="test_build_getters_and_equivalence[solver_settings_override1]" time="48.345" /><testcase classname="tests.batchsolving.test_solver" name="test_solver_with_different_systems[stiff]" time="0.960" /><testcase classname="tests.batchsolving.arrays.test_batchoutputarrays" name="test_output_arrays_with_different_systems[linear-solver_settings_override0]" time="0.691" /><testcase classname="tests.batchsolving.arrays.test_batchinputarrays" name="test_input_arrays_with_different_systems[linear]" time="0.493" /><testcase classname="tests.batchsolving.test_solver" name="test_solver_with_different_systems[linear]" time="0.001" /><testcase classname="tests.batchsolving.test_solver" name="test_manual_proportion[solver_settings_override0]" time="0.774" /><testcase classname="tests.batchsolving.test_solver" name="test_solve_with_different_grid_types[solver_settings_override0]" time="11.336" /><testcase classname="tests.batchsolving.test_solver" name="test_solve_with_different_result_types[solver_settings_override0]" time="0.070" /><testcase classname="tests.batchsolving.test_solveresult.TestSolveResultInstantiation" name="test_instantiation_type_equivalence[solver_settings_override0]" time="11.014" /><testcase classname="tests.batchsolving.test_solveresult.TestSolveResultInstantiation" name="test_from_solver_full_instantiation[solver_settings_override0]" time="13.256" /><testcase classname="tests.batchsolving.test_solveresult.TestSolveResultInstantiation" name="test_from_solver_numpy_instantiation[solver_settings_override0]" time="13.191" /><testcase classname="tests.batchsolving.test_solveresult.TestSolveResultInstantiation" name="test_from_solver_numpy_per_summary_instantiation[solver_settings_override0]" time="0.039" /><testcase classname="tests.batchsolving.test_solveresult.TestSolveResultInstantiation" name="test_from_solver_pandas_instantiation[solver_settings_override0]" time="0.072" /><testcase classname="tests.batchsolving.test_solveresult.TestSolveResultFromSolver" name="test_summary_legend_from_solver[solver_settings_override0]" time="0.040" /><testcase classname="tests.batchsolving.test_solveresult.TestSolveResultFromSolver" name="test_stride_order_from_solver[solver_settings_override0]" time="0.039" /><testcase classname="tests.batchsolving.test_solveresult.TestSolveResultProperties" name="test_as_numpy_property[solver_settings_override0]" time="0.040" /><testcase classname="tests.batchsolving.test_solveresult.TestSolveResultProperties" name="test_per_summary_arrays_property[solver_settings_override0]" time="0.039" /><testcase classname="tests.batchsolving.test_solveresult.TestSolveResultProperties" name="test_as_pandas_property[solver_settings_override0]" time="0.075" /><testcase classname="tests.batchsolving.test_solveresult.TestSolveResultProperties" name="test_active_outputs_property[solver_settings_override0]" time="0.040" /><testcase classname="tests.batchsolving.test_solveresult.TestSolveResultPandasIntegration" name="test_pandas_shape_consistency[solver_settings_override0]" time="0.101" /><testcase classname="tests.batchsolving.test_solveresult.TestSolveResultPandasIntegration" name="test_pandas_time_indexing[solver_settings_override0]" time="0.072" /><testcase classname="tests.integrators.algorithms.test_step_algorithms" name="test_algorithm[euler]" time="1.791" /><testcase classname="tests.integrators.loops.test_ode_loop" name="test_initial_observable_seed_matches_reference[solver_settings_override0]" time="33.784" /><testcase classname="tests.integrators.test_SingleIntegratorRun.TestSingleIntegratorRun" name="test_build_getters_and_equivalence[solver_settings_override0]" time="9.037" /><testcase classname="tests.outputhandling.test_output_sizes.TestSummariesBufferSizes" name="test_from_output_fns_default[solver_settings_override0]" time="0.005" /><testcase classname="tests.outputhandling.test_output_sizes.TestSummariesBufferSizes" name="test_explicit_vs_from_output_fns[solver_settings_override0]" time="0.001" /><testcase classname="tests.outputhandling.test_output_sizes.TestLoopBufferSizes" name="test_from_system_and_output_fns_default[solver_settings_override0]" time="0.001" /><testcase classname="tests.outputhandling.test_output_sizes.TestLoopBufferSizes" name="test_explicit_vs_from_system_and_output_fns[solver_settings_override0]" time="0.001" /><testcase classname="tests.outputhandling.test_output_sizes.TestOutputArrayHeights" name="test_from_output_fns_default[solver_settings_override0]" time="0.001" /><testcase classname="tests.outputhandling.test_output_sizes.TestOutputArrayHeights" name="test_explicit_vs_from_output_fns[solver_settings_override0]" time="0.001" /><testcase classname="tests.outputhandling.test_output_sizes.TestSingleRunOutputSizes" name="test_from_output_fns_and_run_settings_default[solver_settings_override0]" time="0.021" /><testcase classname="tests.outputhandling.test_output_sizes.TestSingleRunOutputSizes" name="test_from_solver_with_nonzero[solver_settings_override0]" time="0.023" /><testcase classname="tests.outputhandling.test_output_sizes.TestSingleRunOutputSizes" name="test_explicit_vs_from_solver[solver_settings_override0]" time="0.027" /><testcase classname="tests.outputhandling.test_output_sizes.TestIntegrationScenarios" name="test_realistic_scenario_no_zeros[solver_settings_override0]" time="0.057" /><testcase classname="tests.outputhandling.test_output_sizes.TestIntegrationScenarios" name="test_edge_case_all_zeros_with_nonzero[solver_settings_override0]" time="0.026" /><testcase classname="tests.batchsolving.test_batch_grid_builder" name="test_call_input_types[linear-dict-dict-dict]" time="0.046" /><testcase classname="tests.batchsolving.test_batch_grid_builder" name="test_call_input_types[linear-dict-dict-seq]" time="0.006" /><testcase classname="tests.batchsolving.test_batch_grid_builder" name="test_call_input_types[linear-dict-dict-array]" time="0.006" /><testcase classname="tests.batchsolving.test_batch_grid_builder" name="test_call_input_types[linear-dict-seq-dict]" time="0.006" /><testcase classname="tests.batchsolving.test_batch_grid_builder" name="test_call_input_types[linear-dict-seq-seq]" time="0.006" /><testcase classname="tests.batchsolving.test_batch_grid_builder" name="test_call_input_types[linear-dict-seq-array]" time="0.005" /><testcase classname="tests.batchsolving.test_batch_grid_builder" name="test_call_input_types[linear-dict-array-dict]" time="0.003" /><testcase classname="tests.batchsolving.test_batch_grid_builder" name="test_call_input_types[linear-dict-array-seq]" time="0.003" /><testcase classname="tests.batchsolving.test_batch_grid_builder" name="test_call_input_types[linear-dict-array-array]" time="0.003" /><testcase classname="tests.batchsolving.test_batch_grid_builder" name="test_call_input_types[linear-seq-dict-dict]" time="0.003" /><testcase classname="tests.batchsolving.test_batch_grid_builder" name="test_call_input_types[linear-seq-dict-seq]" time="0.003" /><testcase classname="tests.batchsolving.test_batch_grid_builder" name="test_call_input_types[linear-seq-dict-array]" time="0.003" /><testcase classname="tests.batchsolving.test_batch_grid_builder" name="test_call_input_types[linear-seq-seq-dict]" time="0.003" /><testcase classname="tests.batchsolving.test_batch_grid_builder" name="test_call_input_types[linear-seq-seq-seq]" time="0.003" /><testcase classname="tests.batchsolving.test_batch_grid_builder" name="test_call_input_types[linear-seq-seq-array]" time="0.003" /><testcase classname="tests.batchsolving.test_batch_grid_builder" name="test_call_input_types[linear-seq-array-dict]" time="0.003" /><testcase classname="tests.batchsolving.test_batch_grid_builder" name="test_call_input_types[linear-seq-array-seq]" time="0.003" /><testcase classname="tests.batchsolving.test_batch_grid_builder" name="test_call_input_types[linear-seq-array-array]" time="0.004" /><testcase classname="tests.batchsolving.test_batch_grid_builder" name="test_call_input_types[linear-array-dict-dict]" time="0.003" /><testcase classname="tests.batchsolving.test_batch_grid_builder" name="test_call_input_types[linear-array-dict-seq]" time="0.003" /><testcase classname="tests.batchsolving.test_batch_grid_builder" name="test_call_input_types[linear-array-dict-array]" time="0.003" /><testcase classname="tests.batchsolving.test_batch_grid_builder" name="test_call_input_types[linear-array-seq-dict]" time="0.003" /><testcase classname="tests.batchsolving.test_batch_grid_builder" name="test_call_input_types[linear-array-seq-seq]" time="0.003" /><testcase classname="tests.batchsolving.test_batch_grid_builder" name="test_call_input_types[linear-array-seq-array]" time="0.003" /><testcase classname="tests.batchsolving.test_batch_grid_builder" name="test_call_input_types[linear-array-array-dict]" time="0.003" /><testcase classname="tests.batchsolving.test_batch_grid_builder" name="test_call_input_types[linear-array-array-seq]" time="0.003" /><testcase classname="tests.batchsolving.test_batch_grid_builder" name="test_call_input_types[linear-array-array-array]" time="0.003" /><testcase classname="tests.batchsolving.test_batch_grid_builder" name="test_call_outputs[linear]" time="0.005" /><testcase classname="tests.batchsolving.test_solver" name="test_solver_with_different_systems[three_chamber]" time="1.100" /><testcase classname="tests.integrators.loops.test_ode_loop" name="test_loop[bweulerpc-3cm]" time="22.932" /><testcase classname="tests.integrators.algorithms.test_step_algorithms" name="test_algorithm[backwards_euler_pc]" time="15.912" /><testcase classname="tests.integrators.loops.test_ode_loop" name="test_loop[cnpid-3cm]" time="45.352" /><testcase classname="tests.integrators.algorithms.test_step_algorithms" name="test_algorithm[crank_nicolson]" time="25.656" /><testcase classname="tests.integrators.loops.test_ode_loop" name="test_loop[cnpi-3cm]" time="49.848" /><testcase classname="tests.integrators.loops.test_ode_loop" name="test_loop[cni-3cm]" time="43.916" /><testcase classname="tests.integrators.loops.test_ode_loop" name="test_loop[cngust-3cm]" time="42.445" /><testcase classname="tests.integrators.test_SingleIntegratorRun" name="test_update_routes_to_children[linear]" time="0.269" /><testcase classname="tests.batchsolving.arrays.test_batchoutputarrays.TestOutputArrayContainer" name="test_container_arrays_after_init" time="0.002" /><testcase classname="tests.batchsolving.arrays.test_batchoutputarrays.TestOutputArrayContainer" name="test_container_stride_order" time="0.001" /><testcase classname="tests.batchsolving.arrays.test_batchoutputarrays.TestOutputArrayContainer" name="test_container_memory_type_default" time="0.001" /><testcase classname="tests.batchsolving.arrays.test_batchoutputarrays.TestOutputArrayContainer" name="test_host_factory" time="0.001" /><testcase classname="tests.batchsolving.arrays.test_batchoutputarrays.TestOutputArrayContainer" name="test_device_factory" time="0.001" /><testcase classname="tests.batchsolving.arrays.test_batchoutputarrays.TestActiveOutputs" name="test_active_outputs_initialization" time="0.001" /><testcase classname="tests.batchsolving.arrays.test_batchoutputarrays.TestActiveOutputs" name="test_update_from_outputarrays_all_active" time="0.784" /><testcase classname="tests.batchsolving.arrays.test_batchoutputarrays.TestActiveOutputs" name="test_update_from_outputarrays_size_one_arrays" time="0.003" /><testcase classname="tests.batchsolving.arrays.test_batchoutputarrays.TestOutputArrays" name="test_initialization_container_types" time="0.002" /><testcase classname="tests.batchsolving.arrays.test_batchoutputarrays.TestOutputArrays" name="test_from_solver_factory" time="0.002" /><testcase classname="tests.batchsolving.arrays.test_batchoutputarrays.TestOutputArrays" name="test_allocation_and_getters_not_none" time="0.005" /><testcase classname="tests.batchsolving.arrays.test_batchoutputarrays.TestOutputArrays" name="test_getters_return_none_before_allocation" time="0.002" /><testcase classname="tests.batchsolving.arrays.test_batchoutputarrays.TestOutputArrays" name="test_call_method_allocates_arrays" time="0.005" /><testcase classname="tests.batchsolving.arrays.test_batchoutputarrays.TestOutputArrays" name="test_reallocation_on_size_change" time="0.005" /><testcase classname="tests.batchsolving.arrays.test_batchoutputarrays.TestOutputArrays" name="test_chunking_affects_device_array_size" time="0.005" /><testcase classname="tests.batchsolving.arrays.test_batchoutputarrays.TestOutputArrays" name="test_active_outputs_property" time="0.005" /><testcase classname="tests.batchsolving.arrays.test_batchoutputarrays.TestOutputArrays" name="test_update_from_solver" time="0.003" /><testcase classname="tests.batchsolving.arrays.test_batchoutputarrays.TestOutputArrays" name="test_initialise_method" time="0.005" /><testcase classname="tests.batchsolving.arrays.test_batchoutputarrays.TestOutputArrays" name="test_finalise_method_copies_device_to_host" time="0.005" /><testcase classname="tests.batchsolving.arrays.test_batchoutputarrays" name="test_output_arrays_with_different_configs[output_test_overrides0]" time="0.005" /><testcase classname="tests.batchsolving.arrays.test_batchoutputarrays" name="test_output_arrays_with_different_configs[output_test_overrides1]" time="0.006" /><testcase classname="tests.batchsolving.arrays.test_batchoutputarrays" name="test_output_arrays_with_different_configs[output_test_overrides2]" time="0.005" /><testcase classname="tests.batchsolving.arrays.test_batchoutputarrays.TestOutputArraysSpecialCases" name="test_allocation_with_different_solver_sizes" time="0.005" /><testcase classname="tests.batchsolving.arrays.test_batchoutputarrays.TestOutputArraysSpecialCases" name="test_active_outputs_after_allocation" time="0.005" /><testcase classname="tests.batchsolving.test_SolverKernel" name="test_kernel_builds" time="8.517" /><testcase classname="tests.batchsolving.test_SolverKernel" name="test_algorithm_change" time="5.884" /><testcase classname="tests.batchsolving.test_SolverKernel" name="test_getters_get" time="0.002" /><testcase classname="tests.batchsolving.test_SolverKernel" name="test_all_lower_plumbing" time="0.480" /><testcase classname="tests.batchsolving.test_SolverKernel" name="test_bogus_update_fails" time="0.468" /><testcase classname="tests.batchsolving.test_batch_grid_builder" name="test_combinatorial_and_verbatim_grid" time="0.001" /><testcase classname="tests.batchsolving.test_batch_grid_builder" name="test_grid_arrays" time="0.001" /><testcase classname="tests.batchsolving.test_batch_grid_builder" name="test_call_with_request" time="0.001" /><testcase classname="tests.batchsolving.test_batch_grid_builder" name="test_unique_cartesian_product" time="0.001" /><testcase classname="tests.batchsolving.test_batch_grid_builder" name="test_combinatorial_grid" time="0.002" /><testcase classname="tests.batchsolving.test_batch_grid_builder" name="test_verbatim_grid" time="0.001" /><testcase classname="tests.batchsolving.test_batch_grid_builder" name="test_generate_grid" time="0.001" /><testcase classname="tests.batchsolving.test_batch_grid_builder" name="test_grid_size_errors" time="0.001" /><testcase classname="tests.batchsolving.test_batch_grid_builder" name="test_combine_grids" time="0.001" /><testcase classname="tests.batchsolving.test_batch_grid_builder" name="test_extend_grid_to_array" time="0.001" /><testcase classname="tests.batchsolving.test_batch_grid_builder" name="test_generate_array" time="0.001" /><testcase classname="tests.batchsolving.test_batch_grid_builder" name="test_grid_arrays_1each[batch_settings0]" time="0.001" /><testcase classname="tests.batchsolving.test_batch_grid_builder" name="test_grid_arrays_1each[batch_settings1]" time="0.001" /><testcase classname="tests.batchsolving.test_batch_grid_builder" name="test_grid_arrays_2and2[batch_settings0]" time="0.001" /><testcase classname="tests.batchsolving.test_batch_grid_builder" name="test_grid_arrays_2and2[batch_settings1]" time="0.001" /><testcase classname="tests.batchsolving.test_batch_grid_builder" name="test_grid_arrays_verbatim_mismatch[batch_settings0]" time="0.001" /><testcase classname="tests.batchsolving.test_batch_grid_builder" name="test_grid_arrays_empty_inputs[batch_settings0]" time="0.002" /><testcase classname="tests.batchsolving.test_batch_grid_builder" name="test_grid_arrays_empty_inputs[batch_settings1]" time="0.001" /><testcase classname="tests.batchsolving.test_batch_grid_builder" name="test_docstring_examples" time="0.005" /><testcase classname="tests.batchsolving.test_solver" name="test_solver_initialization" time="0.001" /><testcase classname="tests.batchsolving.test_solver" name="test_solver_properties" time="0.001" /><testcase classname="tests.batchsolving.test_solver" name="test_variable_indices_methods" time="0.001" /><testcase classname="tests.batchsolving.test_solver" name="test_saved_variables_properties" time="0.001" /><testcase classname="tests.batchsolving.test_solver" name="test_summarised_variables_properties" time="0.001" /><testcase classname="tests.batchsolving.test_solver" name="test_output_properties" time="0.001" /><testcase classname="tests.batchsolving.test_solver" name="test_solve_info_property" time="0.003" /><testcase classname="tests.batchsolving.test_solver" name="test_update_basic" time="0.905" /><testcase classname="tests.batchsolving.test_solver" name="test_update_with_kwargs" time="0.910" /><testcase classname="tests.batchsolving.test_solver" name="test_update_unrecognized_keys" time="0.525" /><testcase classname="tests.batchsolving.test_solver" name="test_update_silent_mode" time="0.899" /><testcase classname="tests.batchsolving.test_solver" name="test_update_saved_variables" time="0.526" /><testcase classname="tests.batchsolving.test_solver" name="test_profiling_methods" time="0.001" /><testcase classname="tests.batchsolving.test_solver" name="test_memory_settings_update" time="0.522" /><testcase classname="tests.batchsolving.test_solver" name="test_data_properties_after_solve" time="4.932" /><testcase classname="tests.batchsolving.test_solver" name="test_output_length_and_summaries_length" time="0.001" /><testcase classname="tests.batchsolving.test_solver" name="test_chunk_related_properties" time="0.064" /><testcase classname="tests.batchsolving.test_solver" name="test_variable_labels_properties" time="0.001" /><testcase classname="tests.batchsolving.test_solver" name="test_solve_ivp_function" time="9.652" /><testcase classname="tests.batchsolving.test_solver" name="test_solver_with_different_algorithms" time="0.033" /><testcase classname="tests.batchsolving.test_solver" name="test_solver_output_types" time="0.091" /><testcase classname="tests.batchsolving.test_solver" name="test_solver_summary_legend" time="0.002" /><testcase classname="tests.batchsolving.test_solver" name="test_solver_save_time_property" time="0.002" /><testcase classname="tests.batchsolving.test_solver" name="test_solver_state_and_observable_summaries" time="0.002" /><testcase classname="tests.batchsolving.test_solver" name="test_solver_summaries_buffer_sizes" time="0.002" /><testcase classname="tests.batchsolving.test_solver" name="test_solver_num_runs_property" time="0.002" /><testcase classname="tests.batchsolving.test_solveresult.TestSolveResultStaticMethods" name="test_combine_time_domain_arrays[True-True-&lt;lambda&gt;]" time="0.003" /><testcase classname="tests.batchsolving.test_solveresult.TestSolveResultStaticMethods" name="test_combine_time_domain_arrays[True-False-&lt;lambda&gt;]" time="0.002" /><testcase classname="tests.batchsolving.test_solveresult.TestSolveResultStaticMethods" name="test_combine_time_domain_arrays[False-True-&lt;lambda&gt;]" time="0.002" /><testcase classname="tests.batchsolving.test_solveresult.TestSolveResultStaticMethods" name="test_combine_time_domain_arrays[False-False-&lt;lambda&gt;]" time="0.002" /><testcase classname="tests.batchsolving.test_solveresult.TestSolveResultStaticMethods" name="test_combine_summaries_array[True-True-&lt;lambda&gt;]" time="0.002" /><testcase classname="tests.batchsolving.test_solveresult.TestSolveResultStaticMethods" name="test_combine_summaries_array[True-False-&lt;lambda&gt;]" time="0.002" /><testcase classname="tests.batchsolving.test_solveresult.TestSolveResultStaticMethods" name="test_combine_summaries_array[False-True-&lt;lambda&gt;]" time="0.002" /><testcase classname="tests.batchsolving.test_solveresult.TestSolveResultStaticMethods" name="test_combine_summaries_array[False-False-&lt;lambda&gt;]" time="0.002" /><testcase classname="tests.batchsolving.test_solveresult.TestSolveResultStaticMethods" name="test_cleave_time_with_time_saved" time="0.002" /><testcase classname="tests.batchsolving.test_solveresult.TestSolveResultStaticMethods" name="test_cleave_time_without_time_saved" time="0.002" /><testcase classname="tests.batchsolving.test_solveresult.TestSolveResultDefaultBehavior" name="test_default_instantiation" time="0.002" /><testcase classname="tests.batchsolving.test_solveresult.TestSolveResultDefaultBehavior" name="test_custom_stride_order" time="0.002" /><testcase classname="tests.batchsolving.test_solveresult.TestSolveResultErrorHandling" name="test_empty_summaries_per_summary_arrays" time="0.002" /><testcase classname="tests.batchsolving.test_system_interface" name="test_from_system" time="0.002" /><testcase classname="tests.batchsolving.test_system_interface" name="test_update[updates0-linear]" time="0.020" /><testcase classname="tests.batchsolving.test_system_interface" name="test_update[updates1-linear]" time="0.013" /><testcase classname="tests.batchsolving.test_system_interface" name="test_update[updates2-linear]" time="0.016" /><testcase classname="tests.batchsolving.test_system_interface" name="test_update_invalid[updates0]" time="0.012" /><testcase classname="tests.batchsolving.test_system_interface" name="test_update_invalid[updates1]" time="0.001" /><testcase classname="tests.batchsolving.test_system_interface" name="test_state_indices" time="0.001" /><testcase classname="tests.batchsolving.test_system_interface" name="test_observable_indices" time="0.001" /><testcase classname="tests.batchsolving.test_system_interface" name="test_parameter_indices" time="0.001" /><testcase classname="tests.batchsolving.test_utils.TestEnsureNonzeroSize" name="test_int_zero" time="0.001" /><testcase classname="tests.batchsolving.test_utils.TestEnsureNonzeroSize" name="test_int_positive" time="0.001" /><testcase classname="tests.batchsolving.test_utils.TestEnsureNonzeroSize" name="test_int_negative" time="0.001" /><testcase classname="tests.batchsolving.test_utils.TestEnsureNonzeroSize" name="test_tuple_with_zeros" time="0.001" /><testcase classname="tests.batchsolving.test_utils.TestEnsureNonzeroSize" name="test_tuple_without_zeros" time="0.001" /><testcase classname="tests.batchsolving.test_utils.TestEnsureNonzeroSize" name="test_tuple_empty" time="0.001" /><testcase classname="tests.batchsolving.test_utils.TestEnsureNonzeroSize" name="test_tuple_single_zero" time="0.001" /><testcase classname="tests.batchsolving.test_utils.TestEnsureNonzeroSize" name="test_tuple_single_nonzero" time="0.001" /><testcase classname="tests.batchsolving.test_utils.TestEnsureNonzeroSize" name="test_other_types" time="0.001" /><testcase classname="tests.batchsolving.test_utils.TestIsCudaArray" name="test_cuda_array_detection" time="0.002" /><testcase classname="tests.batchsolving.test_utils.TestIsCudaArray" name="test_numpy_array_detection" time="0.001" /><testcase classname="tests.batchsolving.test_utils.TestIsCudaArray" name="test_non_array_detection" time="0.001" /><testcase classname="tests.batchsolving.test_utils.TestIsCudaArray" name="test_mock_array_like_in_cudasim" time="0.001" /><testcase classname="tests.batchsolving.test_utils.TestCudaArrayValidator" name="test_valid_cuda_array_no_dimensions" time="0.002" /><testcase classname="tests.batchsolving.test_utils.TestCudaArrayValidator" name="test_valid_cuda_array_correct_dimensions" time="0.002" /><testcase classname="tests.batchsolving.test_utils.TestCudaArrayValidator" name="test_valid_cuda_array_wrong_dimensions" time="0.002" /><testcase classname="tests.batchsolving.test_utils.TestCudaArrayValidator" name="test_invalid_non_cuda_array" time="0.001" /><testcase classname="tests.batchsolving.test_utils.TestCudaArrayValidator" name="test_invalid_non_array" time="0.001" /><testcase classname="tests.batchsolving.test_utils.TestOptionalCudaArrayValidator" name="test_none_value" time="0.001" /><testcase classname="tests.batchsolving.test_utils.TestOptionalCudaArrayValidator" name="test_none_value_with_dimensions" time="0.001" /><testcase classname="tests.batchsolving.test_utils.TestOptionalCudaArrayValidator" name="test_valid_cuda_array" time="0.002" /><testcase classname="tests.batchsolving.test_utils.TestOptionalCudaArrayValidator" name="test_valid_cuda_array_correct_dimensions" time="0.002" /><testcase classname="tests.batchsolving.test_utils.TestOptionalCudaArrayValidator" name="test_valid_cuda_array_wrong_dimensions" time="0.002" /><testcase classname="tests.batchsolving.test_utils.TestOptionalCudaArrayValidator" name="test_invalid_non_array" time="0.001" /><testcase classname="tests.batchsolving.test_utils.TestOptionalCudaArrayValidator3D" name="test_none_value" time="0.001" /><testcase classname="tests.batchsolving.test_utils.TestOptionalCudaArrayValidator3D" name="test_valid_3d_cuda_array" time="0.002" /><testcase classname="tests.batchsolving.test_utils.TestOptionalCudaArrayValidator3D" name="test_invalid_2d_cuda_array" time="0.002" /><testcase classname="tests.batchsolving.test_utils.TestOptionalCudaArrayValidator3D" name="test_invalid_non_array" time="0.001" /><testcase classname="tests.batchsolving.test_utils.TestOptionalCudaArrayValidator2D" name="test_none_value" time="0.001" /><testcase classname="tests.batchsolving.test_utils.TestOptionalCudaArrayValidator2D" name="test_valid_2d_cuda_array" time="0.002" /><testcase classname="tests.batchsolving.test_utils.TestOptionalCudaArrayValidator2D" name="test_invalid_3d_cuda_array" time="0.002" /><testcase classname="tests.batchsolving.test_utils.TestOptionalCudaArrayValidator2D" name="test_invalid_non_array" time="0.001" /><testcase classname="tests.batchsolving.test_utils.TestCudaArrayValidator3D" name="test_valid_3d_cuda_array" time="0.002" /><testcase classname="tests.batchsolving.test_utils.TestCudaArrayValidator3D" name="test_invalid_2d_cuda_array" time="0.002" /><testcase classname="tests.batchsolving.test_utils.TestCudaArrayValidator3D" name="test_invalid_non_array" time="0.001" /><testcase classname="tests.batchsolving.test_utils.TestCudaArrayValidator2D" name="test_valid_2d_cuda_array" time="0.002" /><testcase classname="tests.batchsolving.test_utils.TestCudaArrayValidator2D" name="test_invalid_3d_cuda_array" time="0.002" /><testcase classname="tests.batchsolving.test_utils.TestCudaArrayValidator2D" name="test_invalid_1d_cuda_array" time="0.002" /><testcase classname="tests.batchsolving.test_utils.TestCudaArrayValidator2D" name="test_invalid_non_array" time="0.001" /><testcase classname="tests.integrators.loops.test_interp_vs_symbolic" name="test_time_driver_array_matches_function" time="11.150" /><testcase classname="tests.integrators.loops.test_ode_loop" name="test_getters" time="0.465" /><testcase classname="tests.integrators.matrix_free_solvers.test_linear_solver" name="test_neumann_preconditioner[linear-1]" time="1.204" /><testcase classname="tests.integrators.matrix_free_solvers.test_linear_solver" name="test_neumann_preconditioner[linear-2]" time="1.138" /><testcase classname="tests.integrators.matrix_free_solvers.test_linear_solver" name="test_linear_solver_placeholder[steepest_descent]" time="0.727" /><testcase classname="tests.integrators.matrix_free_solvers.test_linear_solver" name="test_linear_solver_placeholder[minimal_residual]" time="0.732" /><testcase classname="tests.integrators.matrix_free_solvers.test_linear_solver" name="test_linear_solver_symbolic[0-steepest_descent-linear]" time="1.519" /><testcase classname="tests.integrators.matrix_free_solvers.test_linear_solver" name="test_linear_solver_symbolic[0-steepest_descent-coupled_linear]" time="1.998" /><testcase classname="tests.integrators.matrix_free_solvers.test_linear_solver" name="test_linear_solver_symbolic[0-minimal_residual-linear]" time="1.526" /><testcase classname="tests.integrators.matrix_free_solvers.test_linear_solver" name="test_linear_solver_symbolic[0-minimal_residual-coupled_linear]" time="1.945" /><testcase classname="tests.integrators.matrix_free_solvers.test_linear_solver" name="test_linear_solver_symbolic[1-steepest_descent-linear]" time="1.872" /><testcase classname="tests.integrators.matrix_free_solvers.test_linear_solver" name="test_linear_solver_symbolic[1-steepest_descent-coupled_linear]" time="2.372" /><testcase classname="tests.integrators.matrix_free_solvers.test_linear_solver" name="test_linear_solver_symbolic[1-minimal_residual-linear]" time="1.885" /><testcase classname="tests.integrators.matrix_free_solvers.test_linear_solver" name="test_linear_solver_symbolic[1-minimal_residual-coupled_linear]" time="2.379" /><testcase classname="tests.integrators.matrix_free_solvers.test_linear_solver" name="test_linear_solver_symbolic[2-steepest_descent-linear]" time="1.885" /><testcase classname="tests.integrators.matrix_free_solvers.test_linear_solver" name="test_linear_solver_symbolic[2-steepest_descent-coupled_linear]" time="2.392" /><testcase classname="tests.integrators.matrix_free_solvers.test_linear_solver" name="test_linear_solver_symbolic[2-minimal_residual-linear]" time="1.867" /><testcase classname="tests.integrators.matrix_free_solvers.test_linear_solver" name="test_linear_solver_symbolic[2-minimal_residual-coupled_linear]" time="2.360" /><testcase classname="tests.integrators.matrix_free_solvers.test_linear_solver" name="test_linear_solver_max_iters_exceeded" time="0.643" /><testcase classname="tests.integrators.matrix_free_solvers.test_newton_krylov" name="test_newton_krylov_placeholder" time="1.688" /><testcase classname="tests.integrators.matrix_free_solvers.test_newton_krylov" name="test_newton_krylov_symbolic[0-linear]" time="2.944" /><testcase classname="tests.integrators.matrix_free_solvers.test_newton_krylov" name="test_newton_krylov_symbolic[0-nonlinear]" time="3.474" /><testcase classname="tests.integrators.matrix_free_solvers.test_newton_krylov" name="test_newton_krylov_symbolic[0-stiff]" time="2.957" /><testcase classname="tests.integrators.matrix_free_solvers.test_newton_krylov" name="test_newton_krylov_symbolic[0-coupled_linear]" time="3.445" /><testcase classname="tests.integrators.matrix_free_solvers.test_newton_krylov" name="test_newton_krylov_symbolic[0-coupled_nonlinear]" time="8.392" /><testcase classname="tests.integrators.matrix_free_solvers.test_newton_krylov" name="test_newton_krylov_symbolic[1-linear]" time="3.352" /><testcase classname="tests.integrators.matrix_free_solvers.test_newton_krylov" name="test_newton_krylov_symbolic[1-nonlinear]" time="3.878" /><testcase classname="tests.integrators.matrix_free_solvers.test_newton_krylov" name="test_newton_krylov_symbolic[1-stiff]" time="3.306" /><testcase classname="tests.integrators.matrix_free_solvers.test_newton_krylov" name="test_newton_krylov_symbolic[1-coupled_linear]" time="3.938" /><testcase classname="tests.integrators.matrix_free_solvers.test_newton_krylov" name="test_newton_krylov_symbolic[1-coupled_nonlinear]" time="4.352" /><testcase classname="tests.integrators.matrix_free_solvers.test_newton_krylov" name="test_newton_krylov_symbolic[2-linear]" time="3.330" /><testcase classname="tests.integrators.matrix_free_solvers.test_newton_krylov" name="test_newton_krylov_symbolic[2-nonlinear]" time="3.872" /><testcase classname="tests.integrators.matrix_free_solvers.test_newton_krylov" name="test_newton_krylov_symbolic[2-stiff]" time="3.317" /><testcase classname="tests.integrators.matrix_free_solvers.test_newton_krylov" name="test_newton_krylov_symbolic[2-coupled_linear]" time="3.920" /><testcase classname="tests.integrators.matrix_free_solvers.test_newton_krylov" name="test_newton_krylov_symbolic[2-coupled_nonlinear]" time="8.418" /><testcase classname="tests.integrators.matrix_free_solvers.test_newton_krylov" name="test_newton_krylov_failure" time="1.697" /><testcase classname="tests.integrators.matrix_free_solvers.test_newton_krylov" name="test_newton_krylov_max_newton_iters_exceeded" time="1.612" /><testcase classname="tests.integrators.matrix_free_solvers.test_newton_krylov" name="test_newton_krylov_linear_solver_failure_propagates" time="1.650" /><testcase classname="tests.integrators.test_SingleIntegratorRun" name="test_default_step_controller_settings_applied" time="0.003" /><testcase classname="tests.integrators.test_SingleIntegratorRun" name="test_step_controller_overrides_take_precedence[crank_nicolson-overrides0]" time="0.003" /><testcase classname="tests.integrators.test_array_interpolator" name="test_build_coefficients_matches_polynomial" time="0.006" /><testcase classname="tests.integrators.test_array_interpolator" name="test_device_interpolation_matches_cpu" time="0.391" /><testcase classname="tests.integrators.test_array_interpolator" name="test_get_interpolated_matches_kernel_output" time="0.643" /><testcase classname="tests.integrators.test_array_interpolator" name="test_get_interpolated_requires_one_dimensional_input" time="0.001" /><testcase classname="tests.integrators.test_array_interpolator" name="test_wrap_vs_clamp_evaluation" time="0.633" /><testcase classname="tests.integrators.test_array_interpolator" name="test_non_wrap_returns_zero_outside_range" time="0.320" /><testcase classname="tests.integrators.test_array_interpolator" name="test_non_wrap_defaults_to_clamped_boundary" time="0.001" /><testcase classname="tests.integrators.test_array_interpolator" name="test_wrap_repeats_periodically" time="0.257" /><testcase classname="tests.integrators.test_array_interpolator" name="test_plot_interpolated_wraps_markers" time="0.002"><skipped type="pytest.skip" message="could not import 'matplotlib.pyplot': No module named 'matplotlib'">/workspace/repo/tests/integrators/test_array_interpolator.py:471: could not import 'matplotlib.pyplot': No module named 'matplotlib'</skipped></testcase><testcase classname="tests.integrators.test_array_interpolator" name="test_polynomial_samples_are_reproduced[1]" time="0.387" /><testcase classname="tests.integrators.test_array_interpolator" name="test_polynomial_samples_are_reproduced[2]" time="0.386" /><testcase classname="tests.integrators.test_array_interpolator" name="test_polynomial_samples_are_reproduced[3]" time="0.381" /><testcase classname="tests.integrators.test_array_interpolator" name="test_polynomial_samples_are_reproduced[4]" time="0.380" /><testcase classname="tests.integrators.test_array_interpolator" name="test_polynomial_samples_are_reproduced[5]" time="0.383" /><testcase classname="tests.integrators.test_array_interpolator" name="test_order_three_matches_scipy_reference[natural]" time="0.889" /><testcase classname="tests.integrators.test_array_interpolator" name="test_order_three_matches_scipy_reference[periodic]" time="0.327" /><testcase classname="tests.integrators.test_array_interpolator" name="test_order_three_matches_scipy_reference[clamped]" time="0.396" /><testcase classname="tests.integrators.test_array_interpolator" name="test_order_three_matches_scipy_reference[not-a-knot]" time="0.389" /><testcase classname="tests.integrators.test_array_interpolator" name="test_natural_boundary_supports_higher_orders" time="0.381" /><testcase classname="tests.integrators.test_array_interpolator" name="test_periodic_boundary_respects_general_order" time="0.323" /><testcase classname="tests.memory.test_array_requests.TestArrayRequests" name="test_size[array_request_override0]" time="0.001" /><testcase classname="tests.memory.test_array_requests.TestArrayRequests" name="test_size[array_request_override1]" time="0.001" /><testcase classname="tests.memory.test_array_requests.TestArrayRequests" name="test_size[array_request_override2]" time="0.001" /><testcase classname="tests.memory.test_array_requests.TestArrayRequests" name="test_instantiation[array_request_override0]" time="0.001" /><testcase classname="tests.memory.test_array_requests.TestArrayRequests" name="test_default_stride_ordering" time="0.001" /><testcase classname="tests.memory.test_array_requests.TestArrayRequests" name="test_array_response[array_request_override0]" time="0.002" /><testcase classname="tests.memory.test_array_requests.TestArrayRequests" name="test_array_response[array_request_override1]" time="0.002" /><testcase classname="tests.memory.test_array_requests.TestArrayRequests" name="test_array_response[array_request_override2]" time="0.002" /><testcase classname="tests.memory.test_cupyemm" name="test_numba_stream_ptr" time="0.001" /><testcase classname="tests.memory.test_cupyemm" name="test_cupy_stream_wrapper" time="0.002" /><testcase classname="tests.memory.test_cupyemm" name="test_cupy_wrapper_mgr_check" time="0.273" /><testcase classname="tests.memory.test_cupyemm" name="test_correct_memalloc" time="0.264" /><testcase classname="tests.memory.test_cupyemm" name="test_allocation[NumbaCUDAMemoryManager]" time="0.142" /><testcase classname="tests.memory.test_cupyemm" name="test_allocation[CuPySyncNumbaManager]" time="0.132" /><testcase classname="tests.memory.test_cupyemm" name="test_allocation[CuPyAsyncNumbaManager]" time="0.134" /><testcase classname="tests.memory.test_memmgmt.TestInstanceMemorySettings" name="test_instantiation" time="0.001" /><testcase classname="tests.memory.test_memmgmt.TestInstanceMemorySettings" name="test_add_allocation" time="0.001" /><testcase classname="tests.memory.test_memmgmt.TestInstanceMemorySettings" name="test_free" time="0.001" /><testcase classname="tests.memory.test_memmgmt.TestInstanceMemorySettings" name="test_free_all" time="0.001" /><testcase classname="tests.memory.test_memmgmt.TestInstanceMemorySettings" name="test_allocated_bytes" time="0.001" /><testcase classname="tests.memory.test_memmgmt.TestMemoryManager" name="test_instantiation" time="0.002" /><testcase classname="tests.memory.test_memmgmt.TestMemoryManager" name="test_register" time="0.002" /><testcase classname="tests.memory.test_memmgmt.TestMemoryManager" name="test_set_allocator" time="0.029" /><testcase classname="tests.memory.test_memmgmt.TestMemoryManager" name="test_set_limit_mode" time="0.002" /><testcase classname="tests.memory.test_memmgmt.TestMemoryManager" name="test_get_stream" time="0.060" /><testcase classname="tests.memory.test_memmgmt.TestMemoryManager" name="test_change_stream_group" time="0.003" /><testcase classname="tests.memory.test_memmgmt.TestMemoryManager" name="test_reinit_streams" time="0.002" /><testcase classname="tests.memory.test_memmgmt.TestMemoryManager" name="test_invalidate_all" time="0.002" /><testcase classname="tests.memory.test_memmgmt.TestMemoryManager" name="test_set_manual_limit_mode[registered_instance_override0]" time="0.002" /><testcase classname="tests.memory.test_memmgmt.TestMemoryManager" name="test_set_auto_limit_mode" time="0.003" /><testcase classname="tests.memory.test_memmgmt.TestMemoryManager" name="test_proportion[registered_instance_override0]" time="0.003" /><testcase classname="tests.memory.test_memmgmt.TestMemoryManager" name="test_cap" time="0.002" /><testcase classname="tests.memory.test_memmgmt.TestMemoryManager" name="test_pool_proportions[registered_instance_override0]" time="0.003" /><testcase classname="tests.memory.test_memmgmt.TestMemoryManager" name="test_set_strides" time="0.002" /><testcase classname="tests.memory.test_memmgmt.TestMemoryManager" name="test_set_global_stride_ordering" time="0.002" /><testcase classname="tests.memory.test_memmgmt.TestMemoryManager" name="test_process_request" time="0.003" /><testcase classname="tests.memory.test_memmgmt.TestMemoryManager" name="test_allocate_all" time="0.003" /><testcase classname="tests.memory.test_memmgmt.TestMemoryManager" name="test_allocate" time="0.003" /><testcase classname="tests.memory.test_memmgmt.TestMemoryManager" name="test_free" time="0.002" /><testcase classname="tests.memory.test_memmgmt.TestMemoryManager" name="test_free_all" time="0.002" /><testcase classname="tests.memory.test_memmgmt.TestMemoryManager" name="test_get_chunks" time="0.002" /><testcase classname="tests.memory.test_memmgmt.TestMemoryManager" name="test_get_memory_info" time="0.001" /><testcase classname="tests.memory.test_memmgmt.TestMemoryManager" name="test_get_strides" time="0.002" /><testcase classname="tests.memory.test_memmgmt.TestMemoryManager" name="test_manual_pool_proportion[registered_instance_override0]" time="0.002" /><testcase classname="tests.memory.test_memmgmt.TestMemoryManager" name="test_auto_pool_proportion" time="0.002" /><testcase classname="tests.memory.test_memmgmt.TestMemoryManager" name="test_set_manual_proportion" time="0.002" /><testcase classname="tests.memory.test_memmgmt.TestMemoryManager" name="test_rebalance_auto_pool" time="0.002" /><testcase classname="tests.memory.test_memmgmt.TestMemoryManager" name="test_get_available_single" time="0.002" /><testcase classname="tests.memory.test_memmgmt.TestMemoryManager" name="test_get_available_group" time="0.002" /><testcase classname="tests.memory.test_memmgmt.TestMemoryManager" name="test_get_stream_group" time="0.002" /><testcase classname="tests.memory.test_memmgmt.TestMemoryManager" name="test_check_requests" time="0.002" /><testcase classname="tests.memory.test_memmgmt.TestMemoryManager" name="test_queue_request" time="0.002" /><testcase classname="tests.memory.test_memmgmt.TestMemoryManager" name="test_chunk_arrays" time="0.002" /><testcase classname="tests.memory.test_memmgmt.TestMemoryManager" name="test_single_request" time="0.003" /><testcase classname="tests.memory.test_memmgmt.TestMemoryManager" name="test_allocate_queue_single_instance" time="0.002" /><testcase classname="tests.memory.test_memmgmt.TestMemoryManager" name="test_allocate_queue_multiple_instances_group_limit" time="0.003" /><testcase classname="tests.memory.test_memmgmt.TestMemoryManager" name="test_allocate_queue_multiple_instances_instance_limit[fixed_mem_override0-instance-run]" time="0.003" /><testcase classname="tests.memory.test_memmgmt.TestMemoryManager" name="test_allocate_queue_multiple_instances_instance_limit[fixed_mem_override1-group-run]" time="0.003" /><testcase classname="tests.memory.test_memmgmt.TestMemoryManager" name="test_allocate_queue_multiple_instances_instance_limit[fixed_mem_override2-instance-time]" time="0.003" /><testcase classname="tests.memory.test_memmgmt.TestMemoryManager" name="test_allocate_queue_multiple_instances_instance_limit[fixed_mem_override3-group-time]" time="0.003" /><testcase classname="tests.memory.test_memmgmt.TestMemoryManager" name="test_allocate_queue_empty_queue" time="0.002" /><testcase classname="tests.memory.test_memmgmt.TestMemoryManager" name="test_is_grouped" time="0.002" /><testcase classname="tests.memory.test_memmgmt.TestMemoryManager" name="test_get_available_single_low_memory_warning[fixed_mem_override0]" time="0.003" /><testcase classname="tests.memory.test_memmgmt.TestMemoryManager" name="test_get_available_group_low_memory_warning[fixed_mem_override0]" time="0.002" /><testcase classname="tests.memory.test_memmgmt.TestMemoryManager" name="test_to_device" time="0.004" /><testcase classname="tests.memory.test_memmgmt.TestMemoryManager" name="test_from_device" time="0.004" /><testcase classname="tests.memory.test_memmgmt" name="test_get_total_request_size" time="0.001" /><testcase classname="tests.memory.test_stream_groups.TestStreamGroups" name="test_add_instance" time="0.001" /><testcase classname="tests.memory.test_stream_groups.TestStreamGroups" name="test_get_group" time="0.001" /><testcase classname="tests.memory.test_stream_groups.TestStreamGroups" name="test_change_group" time="0.001" /><testcase classname="tests.memory.test_stream_groups.TestStreamGroups" name="test_get_stream" time="0.001" /><testcase classname="tests.memory.test_stream_groups.TestStreamGroups" name="test_reinit_streams" time="0.001" /><testcase classname="tests.memory.test_stream_groups.TestStreamGroups" name="test_get_instances_in_group" time="0.001" /><testcase classname="tests.odesystems.symbolic.test_cellml" name="test_cellml_import_error" time="0.001" /><testcase classname="tests.odesystems.symbolic.test_cuda_printer.TestCUDAPrinter" name="test_init_default" time="0.001" /><testcase classname="tests.odesystems.symbolic.test_cuda_printer.TestCUDAPrinter" name="test_init_with_symbol_map" time="0.001" /><testcase classname="tests.odesystems.symbolic.test_cuda_printer.TestCUDAPrinter" name="test_print_symbol_without_mapping" time="0.001" /><testcase classname="tests.odesystems.symbolic.test_cuda_printer.TestCUDAPrinter" name="test_print_symbol_with_mapping" time="0.001" /><testcase classname="tests.odesystems.symbolic.test_cuda_printer.TestCUDAPrinter" name="test_replace_square_powers_simple" time="0.001" /><testcase classname="tests.odesystems.symbolic.test_cuda_printer.TestCUDAPrinter" name="test_replace_square_powers_indexed" time="0.001" /><testcase classname="tests.odesystems.symbolic.test_cuda_printer.TestCUDAPrinter" name="test_replace_square_powers_multiple" time="0.001" /><testcase classname="tests.odesystems.symbolic.test_cuda_printer.TestCUDAPrinter" name="test_replace_cube_powers_simple" time="0.001" /><testcase classname="tests.odesystems.symbolic.test_cuda_printer.TestCUDAPrinter" name="test_replace_cube_powers_indexed" time="0.001" /><testcase classname="tests.odesystems.symbolic.test_cuda_printer.TestCUDAPrinter" name="test_replace_powers_with_multiplication" time="0.001" /><testcase classname="tests.odesystems.symbolic.test_cuda_printer.TestCUDAPrinter" name="test_replace_powers_ignores_higher_powers" time="0.001" /><testcase classname="tests.odesystems.symbolic.test_cuda_printer.TestCUDAPrinter" name="test_doprint_simple_expression" time="0.002" /><testcase classname="tests.odesystems.symbolic.test_cuda_printer.TestCUDAPrinter" name="test_doprint_with_symbol_mapping" time="0.001" /><testcase classname="tests.odesystems.symbolic.test_cuda_printer.TestCUDAPrinter" name="test_ifelse_to_selp" time="0.003" /><testcase classname="tests.odesystems.symbolic.test_cuda_printer.TestCUDAPrinter" name="test_ifelse_to_selp_complex" time="0.001" /><testcase classname="tests.odesystems.symbolic.test_cuda_printer.TestPrintCudaFunction" name="test_print_cuda_simple" time="0.001" /><testcase classname="tests.odesystems.symbolic.test_cuda_printer.TestPrintCudaFunction" name="test_print_cuda_with_symbol_map" time="0.001" /><testcase classname="tests.odesystems.symbolic.test_cuda_printer.TestPrintCudaFunction" name="test_print_cuda_complex_expression" time="0.003" /><testcase classname="tests.odesystems.symbolic.test_cuda_printer.TestPrintCudaMultiple" name="test_print_cuda_multiple_simple" time="0.001" /><testcase classname="tests.odesystems.symbolic.test_cuda_printer.TestPrintCudaMultiple" name="test_print_cuda_multiple_with_symbol_map" time="0.002" /><testcase classname="tests.odesystems.symbolic.test_cuda_printer.TestPrintCudaMultiple" name="test_print_cuda_multiple_empty" time="0.001" /><testcase classname="tests.odesystems.symbolic.test_cuda_printer.TestPrintCudaMultiple" name="test_print_cuda_multiple_single" time="0.001" /><testcase classname="tests.odesystems.symbolic.test_cuda_printer.TestEdgeCases" name="test_power_replacement_with_whitespace" time="0.001" /><testcase classname="tests.odesystems.symbolic.test_cuda_printer.TestEdgeCases" name="test_power_replacement_with_tabs" time="0.001" /><testcase classname="tests.odesystems.symbolic.test_cuda_printer.TestEdgeCases" name="test_power_replacement_mixed_whitespace" time="0.001" /><testcase classname="tests.odesystems.symbolic.test_cuda_printer.TestEdgeCases" name="test_nested_indexed_variables" time="0.001" /><testcase classname="tests.odesystems.symbolic.test_cuda_printer.TestEdgeCases" name="test_symbol_map_with_complex_indexing" time="0.001" /><testcase classname="tests.odesystems.symbolic.test_cuda_printer" name="test_piecewise_assignment_is_wrapped_outside" time="0.002" /><testcase classname="tests.odesystems.symbolic.test_cuda_printer" name="test_piecewise_inside_expression_assignment" time="0.002" /><testcase classname="tests.odesystems.symbolic.test_cuda_printer" name="test_functions" time="0.001" /><testcase classname="tests.odesystems.symbolic.test_dxdt.TestDxdtTemplate" name="test_dxdt_template_format" time="0.001" /><testcase classname="tests.odesystems.symbolic.test_dxdt.TestDxdtTemplate" name="test_dxdt_template_structure" time="0.001" /><testcase classname="tests.odesystems.symbolic.test_dxdt.TestGenerateDxdtFacCode" name="test_simple_equations" time="0.011" /><testcase classname="tests.odesystems.symbolic.test_dxdt.TestGenerateDxdtFacCode" name="test_custom_function_name" time="0.005" /><testcase classname="tests.odesystems.symbolic.test_dxdt.TestGenerateDxdtFacCode" name="test_complex_equations" time="0.010" /><testcase classname="tests.odesystems.symbolic.test_dxdt.TestGenerateDxdtFacCode" name="test_linear_system" time="0.007" /><testcase classname="tests.odesystems.symbolic.test_dxdt.TestGenerateDxdtFacCode" name="test_nonlinear_equations" time="0.011" /><testcase classname="tests.odesystems.symbolic.test_dxdt.TestGenerateDxdtFacCode" name="test_empty_equations" time="0.003" /><testcase classname="tests.odesystems.symbolic.test_dxdt.TestGenerateDxdtFacCode" name="test_single_equation" time="0.004" /><testcase classname="tests.odesystems.symbolic.test_dxdt.TestGenerateDxdtFacCode" name="test_equations_with_constants" time="0.011" /><testcase classname="tests.odesystems.symbolic.test_dxdt.TestGenerateDxdtFacCode" name="test_equations_with_functions" time="0.021" /><testcase classname="tests.odesystems.symbolic.test_dxdt.TestGenerateDxdtFacCode" name="test_code_contains_cuda_signatures" time="0.005" /><testcase classname="tests.odesystems.symbolic.test_dxdt.TestGenerateDxdtFacCode" name="test_code_parameter_order" time="0.005" /><testcase classname="tests.odesystems.symbolic.test_dxdt.TestGenerateDxdtFacCode" name="test_constants_unpacked" time="0.003" /><testcase classname="tests.odesystems.symbolic.test_dxdt.TestDxdtIntegration" name="test_realistic_ode_system" time="0.016" /><testcase classname="tests.odesystems.symbolic.test_dxdt.TestDxdtIntegration" name="test_with_auxiliary_variables" time="0.009" /><testcase classname="tests.odesystems.symbolic.test_dxdt.TestDxdtIntegration" name="test_dxdt_reuses_observables_buffer" time="0.024" /><testcase classname="tests.odesystems.symbolic.test_dxdt.TestGenerateObservablesFacCode" name="test_observables_factory_structure" time="0.014" /><testcase classname="tests.odesystems.symbolic.test_dxdt.TestGenerateObservablesFacCode" name="test_observables_factory_includes_cse_dependencies" time="0.013" /><testcase classname="tests.odesystems.symbolic.test_dxdt.TestObservablesDeviceParity" name="test_dxdt_preserves_observables[state_values0-param_values0-0.25]" time="0.476" /><testcase classname="tests.odesystems.symbolic.test_dxdt.TestObservablesDeviceParity" name="test_dxdt_preserves_observables[state_values1-param_values1--0.4]" time="0.448" /><testcase classname="tests.odesystems.symbolic.test_dxdt" name="test_recompile_updates_constants" time="0.269" /><testcase classname="tests.odesystems.symbolic.test_indexedbasemaps.TestIndexedBaseMap" name="test_init_basic" time="0.002" /><testcase classname="tests.odesystems.symbolic.test_indexedbasemaps.TestIndexedBaseMap" name="test_init_with_defaults" time="0.001" /><testcase classname="tests.odesystems.symbolic.test_indexedbasemaps.TestIndexedBaseMap" name="test_init_with_custom_length" time="0.001" /><testcase classname="tests.odesystems.symbolic.test_indexedbasemaps.TestIndexedBaseMap" name="test_init_not_real" time="0.001" /><testcase classname="tests.odesystems.symbolic.test_indexedbasemaps.TestIndexedBaseMap" name="test_init_defaults_length_mismatch" time="0.004" /><testcase classname="tests.odesystems.symbolic.test_indexedbasemaps.TestIndexedBaseMap" name="test_pop_symbol" time="0.001" /><testcase classname="tests.odesystems.symbolic.test_indexedbasemaps.TestIndexedBaseMap" name="test_push_symbol" time="0.001" /><testcase classname="tests.odesystems.symbolic.test_indexedbasemaps.TestIndexedBaseMap" name="test_update_values_with_string_keys" time="0.001" /><testcase classname="tests.odesystems.symbolic.test_indexedbasemaps.TestIndexedBaseMap" name="test_update_values_with_symbol_keys" time="0.001" /><testcase classname="tests.odesystems.symbolic.test_indexedbasemaps.TestIndexedBaseMap" name="test_update_values_with_kwargs" time="0.001" /><testcase classname="tests.odesystems.symbolic.test_indexedbasemaps.TestIndexedBaseMap" name="test_update_values_kwargs_override_dict" time="0.001" /><testcase classname="tests.odesystems.symbolic.test_indexedbasemaps.TestIndexedBaseMap" name="test_update_values_ignores_unknown_keys" time="0.001" /><testcase classname="tests.odesystems.symbolic.test_indexedbasemaps.TestIndexedBaseMap" name="test_update_values_empty_updates" time="0.001" /><testcase classname="tests.odesystems.symbolic.test_indexedbasemaps.TestIndexedBases" name="test_init" time="0.002" /><testcas
[...]
topological_sort_complex_dependencies" time="0.002" /><testcase classname="tests.odesystems.symbolic.test_sym_utils.TestTopologicalSort" name="test_topological_sort_circular_dependency" time="0.003" /><testcase classname="tests.odesystems.symbolic.test_sym_utils.TestTopologicalSort" name="test_topological_sort_self_reference" time="0.001" /><testcase classname="tests.odesystems.symbolic.test_sym_utils.TestTopologicalSort" name="test_topological_sort_external_symbols" time="0.001" /><testcase classname="tests.odesystems.symbolic.test_sym_utils.TestTopologicalSort" name="test_topological_sort_empty_input" time="0.001" /><testcase classname="tests.odesystems.symbolic.test_sym_utils.TestTopologicalSort" name="test_topological_sort_single_assignment" time="0.001" /><testcase classname="tests.odesystems.symbolic.test_sym_utils.TestTopologicalSort" name="test_topological_sort_with_functions" time="0.002" /><testcase classname="tests.odesystems.symbolic.test_sym_utils.TestCseAndStack" name="test_cse_and_stack_simple" time="0.002" /><testcase classname="tests.odesystems.symbolic.test_sym_utils.TestCseAndStack" name="test_cse_and_stack_no_common_subexpressions" time="0.001" /><testcase classname="tests.odesystems.symbolic.test_sym_utils.TestCseAndStack" name="test_cse_and_stack_complex_expressions" time="0.002" /><testcase classname="tests.odesystems.symbolic.test_sym_utils.TestCseAndStack" name="test_cse_and_stack_custom_symbol_prefix" time="0.002" /><testcase classname="tests.odesystems.symbolic.test_sym_utils.TestCseAndStack" name="test_cse_and_stack_symbol_collision_warning" time="0.002" /><testcase classname="tests.odesystems.symbolic.test_sym_utils.TestCseAndStack" name="test_cse_and_stack_with_dependencies" time="0.002" /><testcase classname="tests.odesystems.symbolic.test_sym_utils.TestCseAndStack" name="test_cse_and_stack_empty_input" time="0.001" /><testcase classname="tests.odesystems.symbolic.test_sym_utils.TestCseAndStack" name="test_cse_and_stack_single_equation" time="0.001" /><testcase classname="tests.odesystems.symbolic.test_sym_utils.TestCseAndStack" name="test_cse_and_stack_with_functions" time="0.004" /><testcase classname="tests.odesystems.symbolic.test_sym_utils.TestCseAndStack" name="test_cse_and_stack_maintains_expression_equivalence" time="0.010" /><testcase classname="tests.odesystems.symbolic.test_symbolicode" name="test_create_ODE_system_strict" time="0.023" /><testcase classname="tests.odesystems.symbolic.test_symbolicode" name="test_create_ODE_system_nonstrict" time="0.024" /><testcase classname="tests.odesystems.symbolic.test_symbolicode" name="test_simple_strict_builds" time="0.427" /><testcase classname="tests.odesystems.symbolic.test_symbolicode" name="test_simple_nonstrict_builds" time="0.573" /><testcase classname="tests.odesystems.symbolic.test_symbolicode" name="test_solver_helper_cached" time="0.374" /><testcase classname="tests.odesystems.symbolic.test_symbolicode" name="test_observables_helper_available" time="0.278" /><testcase classname="tests.odesystems.test_SystemValues" name="test_init_edge_cases" time="0.001" /><testcase classname="tests.odesystems.test_SystemValues" name="test_param_array_and_indices_match_supplied_dict" time="0.001" /><testcase classname="tests.odesystems.test_SystemValues" name="test_get_index_of_key" time="0.005" /><testcase classname="tests.odesystems.test_SystemValues" name="test_get_indices" time="0.008" /><testcase classname="tests.odesystems.test_SystemValues" name="test_get_values_edge_cases" time="0.001" /><testcase classname="tests.odesystems.test_SystemValues" name="test_set_values_edge_cases" time="0.001" /><testcase classname="tests.odesystems.test_SystemValues" name="test_get_values_and_set_values" time="0.002" /><testcase classname="tests.odesystems.test_SystemValues" name="test_update_from_dict" time="0.001" /><testcase classname="tests.odesystems.test_SystemValues" name="test_indexing_as_array_or_dict" time="0.003" /><testcase classname="tests.odesystems.test_SystemValues" name="test_init_with_invalid_precision" time="0.001" /><testcase classname="tests.odesystems.test_SystemValues" name="test_set_values_with_mismatched_lengths" time="0.001" /><testcase classname="tests.odesystems.test_SystemValues" name="test_set_values_with_non_list_values" time="0.001" /><testcase classname="tests.odesystems.test_SystemValues" name="test_update_from_dict_with_empty_dict" time="0.001" /><testcase classname="tests.odesystems.test_SystemValues" name="test_init_with_conflicting_keys" time="0.001" /><testcase classname="tests.odesystems.test_SystemValues" name="test_with_large_dictionary" time="0.006" /><testcase classname="tests.outputhandling.summarymetrics.test_summary_metrics" name="test_register_metrics_success" time="0.002" /><testcase classname="tests.outputhandling.summarymetrics.test_summary_metrics" name="test_register_metric_duplicate_name_raises_error" time="0.004" /><testcase classname="tests.outputhandling.summarymetrics.test_summary_metrics" name="test_buffer_offsets_returns_correct_tuple" time="0.002" /><testcase classname="tests.outputhandling.summarymetrics.test_summary_metrics" name="test_output_offsets_returns_correct_tuple" time="0.002" /><testcase classname="tests.outputhandling.summarymetrics.test_summary_metrics" name="test_buffer_sizes_returns_correct_tuple" time="0.002" /><testcase classname="tests.outputhandling.summarymetrics.test_summary_metrics" name="test_output_sizes_returns_correct_tuple" time="0.002" /><testcase classname="tests.outputhandling.summarymetrics.test_summary_metrics" name="test_tuple_ordering_alignment" time="0.002" /><testcase classname="tests.outputhandling.summarymetrics.test_summary_metrics" name="test_parametrized_metric_with_valid_parameter" time="0.002" /><testcase classname="tests.outputhandling.summarymetrics.test_summary_metrics" name="test_parametrized_metric_without_parameter_raises_error" time="0.005" /><testcase classname="tests.outputhandling.summarymetrics.test_summary_metrics" name="test_parametrized_metric_with_invalid_parameter_raises_error" time="0.005" /><testcase classname="tests.outputhandling.summarymetrics.test_summary_metrics" name="test_invalid_metric_name_raises_warning" time="0.002" /><testcase classname="tests.outputhandling.summarymetrics.test_summary_metrics" name="test_mixed_valid_invalid_metrics_with_warning" time="0.002" /><testcase classname="tests.outputhandling.summarymetrics.test_summary_metrics" name="test_empty_request_returns_empty_tuple" time="0.002" /><testcase classname="tests.outputhandling.summarymetrics.test_summary_metrics" name="test_parse_string_for_params_valid_formats" time="0.002" /><testcase classname="tests.outputhandling.summarymetrics.test_summary_metrics" name="test_parse_string_for_params_invalid_formats" time="0.008" /><testcase classname="tests.outputhandling.summarymetrics.test_summary_metrics" name="test_save_functions_returns_correct_tuple" time="0.002" /><testcase classname="tests.outputhandling.summarymetrics.test_summary_metrics" name="test_update_functions_returns_correct_tuple" time="0.002" /><testcase classname="tests.outputhandling.summarymetrics.test_summary_metrics" name="test_complex_parameter_scenarios" time="0.002" /><testcase classname="tests.outputhandling.summarymetrics.test_summary_metrics" name="test_edge_case_bracket_parsing" time="0.002" /><testcase classname="tests.outputhandling.summarymetrics.test_summary_metrics" name="test_real_metrics_integration" time="0.001" /><testcase classname="tests.outputhandling.summarymetrics.test_summary_metrics" name="test_real_summary_metrics_available_metrics" time="0.001" /><testcase classname="tests.outputhandling.summarymetrics.test_summary_metrics" name="test_real_summary_metrics_simple_metrics_sizes" time="0.001" /><testcase classname="tests.outputhandling.summarymetrics.test_summary_metrics" name="test_real_summary_metrics_peaks_parametrized" time="0.003" /><testcase classname="tests.outputhandling.summarymetrics.test_summary_metrics" name="test_real_summary_metrics_peaks_without_parameter_raises_warning" time="0.003" /><testcase classname="tests.outputhandling.summarymetrics.test_summary_metrics" name="test_real_summary_metrics_offset_calculations" time="0.001" /><testcase classname="tests.outputhandling.summarymetrics.test_summary_metrics" name="test_real_summary_metrics_tuple_ordering_consistency" time="0.001" /><testcase classname="tests.outputhandling.summarymetrics.test_summary_metrics" name="test_real_summary_metrics_edge_cases" time="0.001" /><testcase classname="tests.outputhandling.summarymetrics.test_summary_metrics" name="test_column_headings" time="0.001" /><testcase classname="tests.outputhandling.summarymetrics.test_summary_metrics" name="test_summary_buffer_size_returns_correct_total" time="0.002" /><testcase classname="tests.outputhandling.test_output_config.TestInitialization" name="test_minimal_initialization" time="0.002" /><testcase classname="tests.outputhandling.test_output_config.TestInitialization" name="test_full_initialization" time="0.002" /><testcase classname="tests.outputhandling.test_output_config.TestInitialization" name="test_no_output_raises_error" time="0.004" /><testcase classname="tests.outputhandling.test_output_config.TestInitialization" name="test_out_of_bounds_indices_raise_error" time="0.003" /><testcase classname="tests.outputhandling.test_output_config.TestInitialization" name="test_duplicate_indices_raise_error" time="0.003" /><testcase classname="tests.outputhandling.test_output_config.TestProperties" name="test_max_dimensions_setters" time="0.002" /><testcase classname="tests.outputhandling.test_output_config.TestProperties" name="test_saved_indices_setters" time="0.002" /><testcase classname="tests.outputhandling.test_output_config.TestProperties" name="test_summarised_indices_setters" time="0.002" /><testcase classname="tests.outputhandling.test_output_config.TestProperties" name="test_array_conversion" time="0.001" /><testcase classname="tests.outputhandling.test_output_config.TestProperties" name="test_none_indices_conversion" time="0.001" /><testcase classname="tests.outputhandling.test_output_config.TestFlagBehavior" name="test_flag_affects_returned_indices" time="0.001" /><testcase classname="tests.outputhandling.test_output_config.TestFlagBehavior" name="test_indices_emptied_if_no_output" time="0.001" /><testcase classname="tests.outputhandling.test_output_config.TestSummaryMetrics" name="test_valid_summary_types" time="0.002" /><testcase classname="tests.outputhandling.test_output_config.TestSummaryMetrics" name="test_multiple_summary_types" time="0.001" /><testcase classname="tests.outputhandling.test_output_config.TestSummaryMetrics" name="test_empty_summary_types" time="0.001" /><testcase classname="tests.outputhandling.test_output_config.TestSummaryMetrics" name="test_summary_parameters" time="0.001" /><testcase classname="tests.outputhandling.test_output_config.TestSummaryMetrics" name="test_summary_memory_requirements" time="0.001" /><testcase classname="tests.outputhandling.test_output_config.TestUpdateMethods" name="test_basic_output_types" time="0.001" /><testcase classname="tests.outputhandling.test_output_config.TestUpdateMethods" name="test_summary_types" time="0.001" /><testcase classname="tests.outputhandling.test_output_config.TestUpdateMethods" name="test_mixed_outputs" time="0.001" /><testcase classname="tests.outputhandling.test_output_config.TestUpdateMethods" name="test_unknown_summary_type_warning" time="0.001" /><testcase classname="tests.outputhandling.test_output_config.TestFromLoopSettings" name="test_basic_creation" time="0.001" /><testcase classname="tests.outputhandling.test_output_config.TestFromLoopSettings" name="test_with_specified_indices" time="0.001" /><testcase classname="tests.outputhandling.test_output_config.TestFromLoopSettings" name="test_with_summary_metrics" time="0.001" /><testcase classname="tests.outputhandling.test_output_config.TestFromLoopSettings" name="test_with_parametrized_metrics" time="0.001" /><testcase classname="tests.outputhandling.test_output_config.TestFromLoopSettings" name="test_summarised_indices_default_to_saved" time="0.001" /><testcase classname="tests.outputhandling.test_output_config.TestFromLoopSettings" name="test_mixed_output_types" time="0.001" /><testcase classname="tests.outputhandling.test_output_config.TestUtilityProperties" name="test_save_summaries_property" time="0.001" /><testcase classname="tests.outputhandling.test_output_config.TestUtilityProperties" name="test_summarise_states_property" time="0.002" /><testcase classname="tests.outputhandling.test_output_config.TestUtilityProperties" name="test_summarise_observables_property" time="0.001" /><testcase classname="tests.outputhandling.test_output_config.TestUtilityProperties" name="test_n_saved_states_property" time="0.002" /><testcase classname="tests.outputhandling.test_output_config.TestUtilityProperties" name="test_n_saved_observables_property" time="0.002" /><testcase classname="tests.outputhandling.test_output_config.TestUtilityProperties" name="test_n_summarised_states_property" time="0.002" /><testcase classname="tests.outputhandling.test_output_config.TestUtilityProperties" name="test_n_summarised_observables_property" time="0.002" /><testcase classname="tests.outputhandling.test_output_functions" name="test_save_time[output_test_settings_overrides0]" time="0.002" /><testcase classname="tests.outputhandling.test_output_functions" name="test_save_time[output_test_settings_overrides1]" time="0.002" /><testcase classname="tests.outputhandling.test_output_functions" name="test_output_functions_build[no_summaries]" time="0.003" /><testcase classname="tests.outputhandling.test_output_functions" name="test_output_functions_build[all_summaries]" time="0.004" /><testcase classname="tests.outputhandling.test_output_functions" name="test_output_functions_build[single_saved]" time="0.003" /><testcase classname="tests.outputhandling.test_output_functions" name="test_output_functions_build[saved_index_out_of_bounds]" time="0.001" /><testcase classname="tests.outputhandling.test_output_functions" name="test_output_functions_build[saved_empty]" time="0.003" /><testcase classname="tests.outputhandling.test_output_functions" name="test_output_functions_build[no_output_types]" time="0.002" /><testcase classname="tests.outputhandling.test_output_functions" name="test_summaries_buffer_sizes_property" time="0.002" /><testcase classname="tests.outputhandling.test_output_functions" name="test_output_array_heights_property" time="0.002" /><testcase classname="tests.outputhandling.test_output_sizes.TestNonzeroProperty" name="test_nonzero_property_int_values" time="0.001" /><testcase classname="tests.outputhandling.test_output_sizes.TestNonzeroProperty" name="test_nonzero_property_tuple_values" time="0.001" /><testcase classname="tests.outputhandling.test_output_sizes.TestNonzeroProperty" name="test_nonzero_property_preserves_original" time="0.001" /><testcase classname="tests.outputhandling.test_output_sizes.TestSummariesBufferSizes" name="test_explicit_initialization[normal_values]" time="0.001" /><testcase classname="tests.outputhandling.test_output_sizes.TestSummariesBufferSizes" name="test_explicit_initialization[zeros]" time="0.001" /><testcase classname="tests.outputhandling.test_output_sizes.TestSummariesBufferSizes" name="test_explicit_initialization[larger_values]" time="0.001" /><testcase classname="tests.outputhandling.test_output_sizes.TestSummariesBufferSizes" name="test_nonzero_functionality" time="0.001" /><testcase classname="tests.outputhandling.test_output_sizes.TestLoopBufferSizes" name="test_explicit_initialization[normal_values]" time="0.001" /><testcase classname="tests.outputhandling.test_output_sizes.TestLoopBufferSizes" name="test_explicit_initialization[zeros]" time="0.001" /><testcase classname="tests.outputhandling.test_output_sizes.TestLoopBufferSizes" name="test_nonzero_functionality" time="0.001" /><testcase classname="tests.outputhandling.test_output_sizes.TestOutputArrayHeights" name="test_explicit_initialization[normal_values]" time="0.001" /><testcase classname="tests.outputhandling.test_output_sizes.TestOutputArrayHeights" name="test_explicit_initialization[zeros]" time="0.001" /><testcase classname="tests.outputhandling.test_output_sizes.TestOutputArrayHeights" name="test_nonzero_functionality" time="0.001" /><testcase classname="tests.outputhandling.test_output_sizes.TestSingleRunOutputSizes" name="test_explicit_initialization[normal_values]" time="0.001" /><testcase classname="tests.outputhandling.test_output_sizes.TestSingleRunOutputSizes" name="test_explicit_initialization[zeros]" time="0.001" /><testcase classname="tests.outputhandling.test_output_sizes.TestSingleRunOutputSizes" name="test_nonzero_functionality" time="0.001" /><testcase classname="tests.outputhandling.test_output_sizes.TestBatchInputSizes" name="test_explicit_initialization[normal_values]" time="0.001" /><testcase classname="tests.outputhandling.test_output_sizes.TestBatchInputSizes" name="test_explicit_initialization[zeros]" time="0.001" /><testcase classname="tests.outputhandling.test_output_sizes.TestBatchInputSizes" name="test_nonzero_functionality" time="0.001" /><testcase classname="tests.outputhandling.test_output_sizes.TestBatchInputSizes" name="test_stride_order_default" time="0.001" /><testcase classname="tests.outputhandling.test_output_sizes.TestBatchOutputSizes" name="test_explicit_initialization[normal_values]" time="0.001" /><testcase classname="tests.outputhandling.test_output_sizes.TestBatchOutputSizes" name="test_explicit_initialization[zeros]" time="0.001" /><testcase classname="tests.outputhandling.test_output_sizes.TestBatchOutputSizes" name="test_nonzero_functionality" time="0.001" /><testcase classname="tests.test_CUDAFactory" name="test_setup_compile_settings" time="0.002" /><testcase classname="tests.test_CUDAFactory" name="test_update_compile_settings" time="0.002" /><testcase classname="tests.test_CUDAFactory" name="test_update_compile_settings_reports_correct_key" time="0.002" /><testcase classname="tests.test_CUDAFactory" name="test_cache_invalidation" time="0.002" /><testcase classname="tests.test_CUDAFactory" name="test_build" time="0.002" /><testcase classname="tests.test_CUDAFactory" name="test_build_with_dict_output" time="0.004" /><testcase classname="tests.test_CUDAFactory" name="test_device_function_from_dict" time="0.003" /><testcase classname="tests.test_CUDAFactory" name="test_get_cached_output_not_implemented_error" time="0.003" /><testcase classname="tests.test_CUDAFactory" name="test_get_cached_output_not_implemented_error_multiple" time="0.003" /><testcase classname="tests.test_utils" name="test_clamp_kernel_float64[float64]" time="0.448" /><testcase classname="tests.test_utils" name="test_clamp_kernel_float32[float32]" time="0.423" /><testcase classname="tests.test_utils" name="test_get_noise_64[float64]" time="2.163" /><testcase classname="tests.test_utils" name="test_get_noise_32[float32]" time="0.751" /><testcase classname="tests.test_utils" name="test_slice_variable_dimension" time="0.006" /><testcase classname="tests.test_utils" name="test_in_attr" time="0.001" /><testcase classname="tests.test_utils" name="test_is_attrs_class" time="0.001" /><testcase classname="tests.test_utils" name="test_split_applicable_settings_with_class" time="0.001" /><testcase classname="tests.test_utils" name="test_split_applicable_settings_with_function" time="0.001" /><testcase classname="tests.test_utils" name="test_timing_decorator" time="0.007" /><testcase classname="tests.test_utils" name="test_round_sf" time="0.001" /><testcase classname="tests.test_utils" name="test_round_list_sf" time="0.001" /><testcase classname="tests.test_utils" name="test_get_readonly_view" time="0.003" /><testcase classname="tests.test_utils" name="test_is_devfnc" time="0.037" /></testsuite></testsuites>