<?xml version="1.0" encoding="utf-8"?><testsuites name="pytest tests"><testsuite name="pytest" errors="0" failures="0" skipped="0" tests="1098" time="1290.233" timestamp="2026-01-03T16:20:27.639430+00:00" hostname="ip-10-192-12-238"><testcase classname="tests.batchsolving.arrays.test_basearraymanager.TestArrayContainer" name="test_attach_existing_label" time="0.005" /><testcase classname="tests.outputhandling.test_output_functions" name="test_save_time[output_test_settings_overrides0]" time="0.009" /><testcase classname="tests.batchsolving.arrays.test_basearraymanager.TestCheckSizesAndTypes" name="test_check_sizes_invalid_location" time="0.015" /><testcase classname="tests.batchsolving.arrays.test_basearraymanager.TestArrayContainer" name="test_attach_nonexistent_label" time="0.009" /><testcase classname="tests.batchsolving.arrays.test_basearraymanager.TestCheckIncomingArrays" name="test_check_incoming_arrays_all_pass" time="0.006" /><testcase classname="tests.batchsolving.arrays.test_basearraymanager.TestCheckIncomingArrays" name="test_check_incoming_arrays_size_fail" time="0.005" /><testcase classname="tests.batchsolving.arrays.test_basearraymanager.TestArrayContainer" name="test_delete_existing_label" time="0.001" /><testcase classname="tests.batchsolving.arrays.test_basearraymanager.TestCheckIncomingArrays" name="test_check_incoming_arrays_type_fail" time="0.006" /><testcase classname="tests.batchsolving.arrays.test_basearraymanager.TestAttachExternalArrays" name="test_attach_external_arrays_success" time="0.008" /><testcase classname="tests.batchsolving.arrays.test_basearraymanager.TestArrayContainer" name="test_delete_nonexistent_label" time="0.007" /><testcase classname="tests.batchsolving.arrays.test_basearraymanager.TestArrayContainer" name="test_delete_all" time="0.001" /><testcase classname="tests.batchsolving.arrays.test_basearraymanager.TestBaseArrayManager" name="test_initialization" time="0.010" /><testcase classname="tests.batchsolving.arrays.test_basearraymanager.TestBaseArrayManager" name="test_register_with_memory_manager" time="0.005" /><testcase classname="tests.batchsolving.arrays.test_basearraymanager.TestAttachExternalArrays" name="test_attach_external_arrays_with_failures" time="0.010" /><testcase classname="tests.batchsolving.arrays.test_basearraymanager.TestBaseArrayManager" name="test_on_allocation_complete" time="0.009" /><testcase classname="tests.batchsolving.arrays.test_basearraymanager.TestBaseArrayManager" name="test_request_allocation_single_force" time="0.007" /><testcase classname="tests.batchsolving.arrays.test_basearraymanager.TestUpdateHostArrays" name="test_update_host_arrays_success" time="0.008" /><testcase classname="tests.batchsolving.arrays.test_basearraymanager.TestBaseArrayManager" name="test_request_allocation_group_force" time="0.007" /><testcase classname="tests.batchsolving.arrays.test_basearraymanager.TestUpdateHostArrays" name="test_update_host_arrays_shape_change" time="0.005" /><testcase classname="tests.batchsolving.arrays.test_basearraymanager.TestUpdateHostArrays" name="test_update_host_arrays_size_mismatch" time="0.009" /><testcase classname="tests.batchsolving.arrays.test_basearraymanager.TestBaseArrayManager" name="test_request_allocation_auto_single" time="0.006" /><testcase classname="tests.batchsolving.arrays.test_basearraymanager.TestUpdateHostArrays" name="test_update_host_arrays_nonexistent_array" time="0.010" /><testcase classname="tests.batchsolving.arrays.test_basearraymanager.TestBaseArrayManager" name="test_request_allocation_auto_group" time="0.008" /><testcase classname="tests.batchsolving.arrays.test_basearraymanager.TestUpdateHostArrays" name="test_update_host_arrays_no_change" time="0.005" /><testcase classname="tests.batchsolving.arrays.test_basearraymanager.TestBaseArrayManager" name="test_invalidate_hook_functionality" time="0.005" /><testcase classname="tests.batchsolving.arrays.test_basearraymanager.TestBaseArrayManager" name="test_arrays_equal_both_none" time="0.006" /><testcase classname="tests.batchsolving.arrays.test_basearraymanager.TestBaseArrayManager" name="test_arrays_equal_one_none" time="0.007" /><testcase classname="tests.batchsolving.arrays.test_basearraymanager.TestBaseArrayManager" name="test_arrays_equal_same_arrays" time="0.005" /><testcase classname="tests.batchsolving.arrays.test_basearraymanager.TestUpdateSizes" name="test_update_sizes_success" time="0.005" /><testcase classname="tests.batchsolving.arrays.test_basearraymanager.TestBaseArrayManager" name="test_arrays_equal_different_arrays" time="0.006" /><testcase classname="tests.batchsolving.arrays.test_basearraymanager.TestUpdateSizes" name="test_update_sizes_wrong_type" time="0.011" /><testcase classname="tests.batchsolving.arrays.test_basearraymanager.TestMemoryManagerIntegration" name="test_memory_manager_registration" time="0.006" /><testcase classname="tests.batchsolving.arrays.test_basearraymanager.TestMemoryManagerIntegration" name="test_memory_manager_proportion_handling[arraytest_overrides0]" time="0.005" /><testcase classname="tests.batchsolving.arrays.test_basearraymanager.TestBaseArrayManager" name="test_arrays_equal_shape_only_same_shape" time="0.005" /><testcase classname="tests.batchsolving.arrays.test_basearraymanager.TestMemoryManagerIntegration" name="test_memory_manager_proportion_handling[arraytest_overrides1]" time="0.008" /><testcase classname="tests.batchsolving.arrays.test_basearraymanager.TestBaseArrayManager" name="test_arrays_equal_shape_only_different_shape" time="0.006" /><testcase classname="tests.batchsolving.arrays.test_basearraymanager.TestMemoryManagerIntegration" name="test_memory_manager_proportion_handling[arraytest_overrides2]" time="0.007" /><testcase classname="tests.batchsolving.arrays.test_basearraymanager.TestMemoryManagerIntegration" name="test_stream_group_management[arraytest_overrides0]" time="0.006" /><testcase classname="tests.batchsolving.arrays.test_basearraymanager.TestBaseArrayManager" name="test_arrays_equal_shape_only_3d" time="0.005" /><testcase classname="tests.batchsolving.arrays.test_basearraymanager.TestBaseArrayManager" name="test_arrays_equal_shape_only_different_dtype" time="0.008" /><testcase classname="tests.batchsolving.arrays.test_basearraymanager.TestMemoryManagerIntegration" name="test_stream_group_management[arraytest_overrides1]" time="0.007" /><testcase classname="tests.batchsolving.arrays.test_basearraymanager.TestBaseArrayManager" name="test_update_host_array_no_change" time="0.006" /><testcase classname="tests.batchsolving.arrays.test_basearraymanager.TestMemoryManagerIntegration" name="test_allocation_with_settings" time="0.007" /><testcase classname="tests.batchsolving.arrays.test_basearraymanager.TestBaseArrayManager" name="test_update_host_array_shape_change" time="0.005" /><testcase classname="tests.batchsolving.arrays.test_basearraymanager" name="test_array_manager_with_different_configs[arraytest_overrides0]" time="0.005" /><testcase classname="tests.batchsolving.arrays.test_basearraymanager.TestBaseArrayManager" name="test_update_host_array_zero_shape" time="0.005" /><testcase classname="tests.batchsolving.arrays.test_basearraymanager" name="test_array_manager_with_different_configs[arraytest_overrides1]" time="0.005" /><testcase classname="tests.batchsolving.arrays.test_basearraymanager.TestBaseArrayManager" name="test_update_host_array_value_change" time="0.005" /><testcase classname="tests.batchsolving.arrays.test_basearraymanager.TestBaseArrayManager" name="test_chunk_placeholders" time="0.005" /><testcase classname="tests.batchsolving.arrays.test_basearraymanager" name="test_array_manager_with_different_configs[arraytest_overrides2]" time="0.007" /><testcase classname="tests.batchsolving.arrays.test_basearraymanager.TestBaseArrayManager" name="test_initialize_device_zeros" time="8.234" /><testcase classname="tests.batchsolving.arrays.test_basearraymanager" name="test_array_manager_with_different_configs[arraytest_overrides3]" time="0.006" /><testcase classname="tests.batchsolving.arrays.test_basearraymanager" name="test_allocation_response_matches_settings[arraytest_overrides0]" time="0.004" /><testcase classname="tests.batchsolving.arrays.test_basearraymanager" name="test_allocation_response_matches_settings[arraytest_overrides1]" time="0.004" /><testcase classname="tests.batchsolving.arrays.test_basearraymanager" name="test_memory_integration_with_settings[arraytest_overrides0]" time="0.005" /><testcase classname="tests.batchsolving.arrays.test_basearraymanager" name="test_memory_integration_with_settings[arraytest_overrides1]" time="0.005" /><testcase classname="tests.batchsolving.arrays.test_batchinputarrays.TestInputArrayContainer" name="test_container_arrays_after_init" time="0.003" /><testcase classname="tests.batchsolving.arrays.test_batchinputarrays.TestInputArrayContainer" name="test_container_stride_order" time="0.001" /><testcase classname="tests.batchsolving.arrays.test_batchinputarrays.TestInputArrayContainer" name="test_host_factory" time="0.002" /><testcase classname="tests.batchsolving.arrays.test_batchinputarrays.TestInputArrayContainer" name="test_device_factory" time="0.002" /><testcase classname="tests.batchsolving.test_batch_grid_builder" name="test_grid_arrays" time="0.371" /><testcase classname="tests.batchsolving.test_batch_grid_builder" name="test_call_with_request" time="0.002" /><testcase classname="tests.batchsolving.test_batch_grid_builder" name="test_unique_cartesian_product" time="0.010" /><testcase classname="tests.batchsolving.test_batch_grid_builder" name="test_combinatorial_grid" time="0.003" /><testcase classname="tests.batchsolving.test_batch_grid_builder" name="test_call_input_types[seq-array-array]" time="0.426" /><testcase classname="tests.batchsolving.test_batch_grid_builder" name="test_verbatim_grid" time="0.004" /><testcase classname="tests.batchsolving.test_batch_grid_builder" name="test_generate_grid" time="0.004" /><testcase classname="tests.batchsolving.test_batch_grid_builder" name="test_call_input_types[array-dict-dict]" time="0.010" /><testcase classname="tests.batchsolving.test_batch_grid_builder" name="test_call_input_types[array-dict-seq]" time="0.005" /><testcase classname="tests.batchsolving.test_batch_grid_builder" name="test_grid_size_errors" time="0.003" /><testcase classname="tests.batchsolving.test_batch_grid_builder" name="test_call_input_types[array-dict-array]" time="0.010" /><testcase classname="tests.batchsolving.test_batch_grid_builder" name="test_combine_grids" time="0.005" /><testcase classname="tests.batchsolving.test_batch_grid_builder" name="test_call_input_types[array-seq-dict]" time="0.003" /><testcase classname="tests.batchsolving.test_batch_grid_builder" name="test_extend_grid_to_array" time="0.002" /><testcase classname="tests.batchsolving.test_batch_grid_builder" name="test_call_input_types[array-seq-seq]" time="0.007" /><testcase classname="tests.batchsolving.test_batch_grid_builder" name="test_generate_array" time="0.005" /><testcase classname="tests.batchsolving.test_batch_grid_builder" name="test_call_input_types[array-seq-array]" time="0.016" /><testcase classname="tests.batchsolving.test_batch_grid_builder" name="test_grid_arrays_1each[batch_settings0]" time="0.003" /><testcase classname="tests.batchsolving.test_batch_grid_builder" name="test_grid_arrays_2and2[batch_settings0]" time="0.007" /><testcase classname="tests.batchsolving.test_batch_grid_builder" name="test_call_input_types[array-array-dict]" time="0.012" /><testcase classname="tests.batchsolving.test_batch_grid_builder" name="test_grid_arrays_verbatim_mismatch[batch_settings0]" time="0.009" /><testcase classname="tests.batchsolving.test_batch_grid_builder" name="test_grid_arrays_empty_inputs[batch_settings0]" time="0.004" /><testcase classname="tests.batchsolving.test_batch_grid_builder" name="test_call_input_types[array-array-seq]" time="0.003" /><testcase classname="tests.batchsolving.test_batch_grid_builder" name="test_call_input_types[array-array-array]" time="0.004" /><testcase classname="tests.batchsolving.test_batch_grid_builder" name="test_call_outputs" time="0.011" /><testcase classname="tests.batchsolving.test_batch_grid_builder" name="test_grid_arrays_1each[batch_settings1]" time="0.003" /><testcase classname="tests.batchsolving.test_batch_grid_builder" name="test_grid_arrays_2and2[batch_settings1]" time="0.018" /><testcase classname="tests.batchsolving.test_batch_grid_builder" name="test_grid_arrays_empty_inputs[batch_settings1]" time="0.002" /><testcase classname="tests.batchsolving.test_batch_grid_builder" name="test_docstring_examples" time="0.029" /><testcase classname="tests.batchsolving.test_batch_grid_builder" name="test_call_input_types[dict-dict-dict]" time="0.017" /><testcase classname="tests.batchsolving.test_batch_grid_builder" name="test_call_input_types[dict-dict-seq]" time="0.004" /><testcase classname="tests.batchsolving.test_batch_grid_builder" name="test_call_input_types[dict-dict-array]" time="0.003" /><testcase classname="tests.batchsolving.test_batch_grid_builder" name="test_call_input_types[dict-seq-dict]" time="0.005" /><testcase classname="tests.batchsolving.test_batch_grid_builder" name="test_call_input_types[dict-seq-seq]" time="0.003" /><testcase classname="tests.batchsolving.test_batch_grid_builder" name="test_call_input_types[dict-seq-array]" time="0.009" /><testcase classname="tests.batchsolving.test_batch_grid_builder" name="test_call_input_types[dict-array-dict]" time="0.009" /><testcase classname="tests.batchsolving.test_batch_grid_builder" name="test_call_input_types[dict-array-seq]" time="0.003" /><testcase classname="tests.batchsolving.test_batch_grid_builder" name="test_call_input_types[dict-array-array]" time="0.011" /><testcase classname="tests.batchsolving.test_batch_grid_builder" name="test_call_input_types[seq-dict-dict]" time="0.003" /><testcase classname="tests.batchsolving.test_batch_grid_builder" name="test_call_input_types[seq-dict-seq]" time="0.003" /><testcase classname="tests.batchsolving.test_batch_grid_builder" name="test_call_input_types[seq-dict-array]" time="0.044" /><testcase classname="tests.batchsolving.test_batch_grid_builder" name="test_call_input_types[seq-seq-dict]" time="0.007" /><testcase classname="tests.batchsolving.test_batch_grid_builder" name="test_call_input_types[seq-seq-seq]" time="0.010" /><testcase classname="tests.batchsolving.test_batch_grid_builder" name="test_call_input_types[seq-seq-array]" time="0.003" /><testcase classname="tests.batchsolving.test_batch_grid_builder" name="test_call_input_types[seq-array-dict]" time="0.014" /><testcase classname="tests.batchsolving.test_batch_grid_builder" name="test_call_input_types[seq-array-seq]" time="0.011" /><testcase classname="tests.batchsolving.test_utils.TestOptionalCudaArrayValidator" name="test_valid_cuda_array_correct_dimensions" time="0.017" /><testcase classname="tests.batchsolving.test_utils.TestOptionalCudaArrayValidator" name="test_valid_cuda_array_wrong_dimensions" time="0.009" /><testcase classname="tests.batchsolving.test_utils.TestOptionalCudaArrayValidator" name="test_invalid_non_array" time="0.002" /><testcase classname="tests.batchsolving.test_utils.TestOptionalCudaArrayValidator3D" name="test_none_value" time="0.010" /><testcase classname="tests.batchsolving.test_utils.TestOptionalCudaArrayValidator3D" name="test_valid_3d_cuda_array" time="0.003" /><testcase classname="tests.batchsolving.test_utils.TestOptionalCudaArrayValidator3D" name="test_invalid_2d_cuda_array" time="0.010" /><testcase classname="tests.batchsolving.test_utils.TestOptionalCudaArrayValidator3D" name="test_invalid_non_array" time="0.002" /><testcase classname="tests.batchsolving.test_utils.TestOptionalCudaArrayValidator2D" name="test_none_value" time="0.004" /><testcase classname="tests.batchsolving.test_utils.TestOptionalCudaArrayValidator2D" name="test_valid_2d_cuda_array" time="0.011" /><testcase classname="tests.batchsolving.test_utils.TestOptionalCudaArrayValidator2D" name="test_invalid_3d_cuda_array" time="0.014" /><testcase classname="tests.batchsolving.test_utils.TestOptionalCudaArrayValidator2D" name="test_invalid_non_array" time="0.002" /><testcase classname="tests.batchsolving.test_utils.TestCudaArrayValidator3D" name="test_valid_3d_cuda_array" time="0.004" /><testcase classname="tests.batchsolving.test_utils.TestCudaArrayValidator3D" name="test_invalid_2d_cuda_array" time="0.010" /><testcase classname="tests.batchsolving.test_utils.TestCudaArrayValidator3D" name="test_invalid_non_array" time="0.002" /><testcase classname="tests.batchsolving.test_utils.TestCudaArrayValidator2D" name="test_valid_2d_cuda_array" time="0.008" /><testcase classname="tests.batchsolving.test_utils.TestCudaArrayValidator2D" name="test_invalid_3d_cuda_array" time="0.009" /><testcase classname="tests.batchsolving.test_utils.TestCudaArrayValidator2D" name="test_invalid_1d_cuda_array" time="0.007" /><testcase classname="tests.batchsolving.test_utils.TestCudaArrayValidator2D" name="test_invalid_non_array" time="0.007" /><testcase classname="tests.batchsolving.arrays.test_batchinputarrays.TestInputArrays" name="test_allocation_and_getters_not_none" time="3.106" /><testcase classname="tests.batchsolving.arrays.test_batchinputarrays.TestInputArrays" name="test_call_method_updates_host_arrays" time="0.005" /><testcase classname="tests.batchsolving.arrays.test_batchinputarrays.TestInputArrays" name="test_call_method_size_change_triggers_reallocation" time="0.016" /><testcase classname="tests.batchsolving.arrays.test_batchinputarrays.TestInputArrays" name="test_update_from_solver" time="0.003" /><testcase classname="tests.batchsolving.arrays.test_batchinputarrays.TestInputArrays" name="test_initialise_method" time="5.571" /><testcase classname="tests.batchsolving.arrays.test_batchinputarrays.TestInputArrays" name="test_initialization_container_types" time="4.171" /><testcase classname="tests.batchsolving.arrays.test_batchinputarrays.TestInputArrays" name="test_from_solver_factory" time="0.007" /><testcase classname="tests.batchsolving.test_system_interface" name="test_update_invalid[updates0]" time="0.007" /><testcase classname="tests.batchsolving.test_system_interface" name="test_update_invalid[updates1]" time="0.006" /><testcase classname="tests.batchsolving.test_system_interface" name="test_state_indices" time="0.002" /><testcase classname="tests.batchsolving.test_system_interface" name="test_observable_indices" time="0.002" /><testcase classname="tests.batchsolving.test_config_plumbing" name="test_comprehensive_config_plumbing[backwards_euler-fixed]" time="142.581" /><testcase classname="tests.batchsolving.test_system_interface" name="test_parameter_indices" time="0.002" /><testcase classname="tests.batchsolving.test_utils.TestEnsureNonzeroSize" name="test_int_zero" time="0.001" /><testcase classname="tests.batchsolving.test_utils.TestEnsureNonzeroSize" name="test_int_positive" time="0.001" /><testcase classname="tests.batchsolving.test_utils.TestEnsureNonzeroSize" name="test_int_negative" time="0.003" /><testcase classname="tests.batchsolving.test_utils.TestEnsureNonzeroSize" name="test_tuple_with_zeros" time="0.001" /><testcase classname="tests.batchsolving.test_utils.TestEnsureNonzeroSize" name="test_tuple_without_zeros" time="0.001" /><testcase classname="tests.batchsolving.test_utils.TestEnsureNonzeroSize" name="test_tuple_empty" time="0.001" /><testcase classname="tests.batchsolving.test_utils.TestEnsureNonzeroSize" name="test_tuple_single_zero" time="0.003" /><testcase classname="tests.batchsolving.test_utils.TestEnsureNonzeroSize" name="test_tuple_single_nonzero" time="0.001" /><testcase classname="tests.batchsolving.test_utils.TestEnsureNonzeroSize" name="test_other_types" time="0.001" /><testcase classname="tests.batchsolving.test_utils.TestIsCudaArray" name="test_cuda_array_detection" time="0.007" /><testcase classname="tests.batchsolving.test_utils.TestIsCudaArray" name="test_numpy_array_detection" time="0.001" /><testcase classname="tests.batchsolving.test_utils.TestIsCudaArray" name="test_non_array_detection" time="0.001" /><testcase classname="tests.batchsolving.test_utils.TestIsCudaArray" name="test_mock_array_like_in_cudasim" time="0.006" /><testcase classname="tests.batchsolving.test_utils.TestCudaArrayValidator" name="test_valid_cuda_array_no_dimensions" time="0.003" /><testcase classname="tests.batchsolving.test_utils.TestCudaArrayValidator" name="test_valid_cuda_array_correct_dimensions" time="0.010" /><testcase classname="tests.batchsolving.test_utils.TestCudaArrayValidator" name="test_valid_cuda_array_wrong_dimensions" time="0.008" /><testcase classname="tests.batchsolving.test_utils.TestCudaArrayValidator" name="test_invalid_non_cuda_array" time="0.003" /><testcase classname="tests.batchsolving.test_utils.TestCudaArrayValidator" name="test_invalid_non_array" time="0.002" /><testcase classname="tests.batchsolving.test_utils.TestOptionalCudaArrayValidator" name="test_none_value" time="0.002" /><testcase classname="tests.batchsolving.test_utils.TestOptionalCudaArrayValidator" name="test_none_value_with_dimensions" time="0.001" /><testcase classname="tests.batchsolving.test_utils.TestOptionalCudaArrayValidator" name="test_valid_cuda_array" time="0.003" /><testcase classname="tests.integrators.loops.test_buffer_settings.TestIVPLoopBufferRegistration" name="test_ivploop_registers_buffers" time="0.004" /><testcase classname="tests.integrators.loops.test_buffer_settings.TestIVPLoopBufferRegistration" name="test_ivploop_accepts_location_parameters" time="0.003" /><testcase classname="tests.integrators.loops.test_buffer_settings.TestIVPLoopBufferRegistration" name="test_ivploop_all_local_zero_shared" time="0.002" /><testcase classname="tests.integrators.loops.test_buffer_settings.TestBufferRegistryIntegration" name="test_get_allocator_returns_callable" time="0.003" /><testcase classname="tests.integrators.loops.test_buffer_settings.TestBufferRegistryIntegration" name="test_clear_factory_removes_registrations" time="0.003" /><testcase classname="tests.integrators.algorithms.test_step_algorithms" name="test_two_steps[crank_nicolson]" time="198.902" /><testcase classname="tests.batchsolving.arrays.test_basearraymanager.TestCheckSizesAndTypes" name="test_check_type_returns_dict" time="0.010" /><testcase classname="tests.batchsolving.arrays.test_basearraymanager.TestCheckSizesAndTypes" name="test_check_type_all_correct" time="0.012" /><testcase classname="tests.batchsolving.arrays.test_basearraymanager.TestCheckSizesAndTypes" name="test_check_type_with_none_arrays" time="0.016" /><testcase classname="tests.batchsolving.arrays.test_basearraymanager.TestCheckSizesAndTypes" name="test_check_sizes_returns_dict" time="0.005" /><testcase classname="tests.batchsolving.arrays.test_basearraymanager.TestCheckSizesAndTypes" name="test_check_sizes_correct_shapes" time="0.009" /><testcase classname="tests.batchsolving.arrays.test_basearraymanager.TestCheckSizesAndTypes" name="test_check_sizes_wrong_shapes" time="0.009" /><testcase classname="tests.batchsolving.arrays.test_basearraymanager.TestCheckSizesAndTypes" name="test_check_sizes_with_chunking" time="0.010" /><testcase classname="tests.batchsolving.test_solveresult.TestSolveResultStaticMethods" name="test_cleave_time_without_time_saved" time="0.001" /><testcase classname="tests.batchsolving.arrays.test_batchinputarrays.TestInputArrays" name="test_dtype[solver_settings_override0]" time="1.942" /><testcase classname="tests.batchsolving.arrays.test_batchinputarrays" name="test_input_arrays_with_different_systems[solver_settings_override0]" time="4.180" /><testcase classname="tests.integrators.loops.test_interp_vs_symbolic" name="test_time_driver_array_matches_function" time="53.653" /><testcase classname="tests.batchsolving.arrays.test_batchoutputarrays" name="test_dtype[solver_settings_override0]" time="0.762" /><testcase classname="tests.batchsolving.arrays.test_batchoutputarrays" name="test_output_arrays_with_different_systems[solver_settings_override0]" time="2.615" /><testcase classname="tests.batchsolving.test_batch_grid_builder" name="test_grid_builder_precision_enforcement[solver_settings_override0]" time="0.028" /><testcase classname="tests.batchsolving.test_solver" name="test_manual_proportion[solver_settings_override0]" time="0.511" /><testcase classname="tests.batchsolving.test_solver" name="test_time_precision_independent_of_state_precision[solver_settings_override0]" time="0.158" /><testcase classname="tests.integrators.algorithms.test_rosenbrock_tableaus" name="test_rosenbrock_step_accepts_registry_tableau[solver_settings_override0]" time="0.112" /><testcase classname="tests.integrators.algorithms.test_step_algorithms" name="test_two_steps[euler]" time="5.649" /><testcase classname="tests.integrators.algorithms.test_step_algorithms" name="test_against_euler[euler]" time="1.736" /><testcase classname="tests.integrators.algorithms.test_step_algorithms" name="test_algorithm[euler]" time="0.476" /><testcase classname="tests.outputhandling.test_output_functions" name="test_all_summaries_long_run[large_dataset-float64]" time="28.624" /><testcase classname="tests.outputhandling.test_output_functions" name="test_all_summaries_long_window[large_dataset-solver_settings_override1]" time="15.502" /><testcase classname="tests.batchsolving.arrays.test_batchinputarrays.TestInputArrays" name="test_dtype[solver_settings_override1]" time="1.837" /><testcase classname="tests.batchsolving.arrays.test_batchinputarrays" name="test_input_arrays_with_different_systems[solver_settings_override1]" time="0.796" /><testcase classname="tests.batchsolving.arrays.test_batchoutputarrays" name="test_dtype[solver_settings_override1]" time="0.657" /><testcase classname="tests.batchsolving.arrays.test_batchoutputarrays" name="test_output_arrays_with_different_systems[solver_settings_override1]" time="0.664" /><testcase classname="tests.batchsolving.test_batch_grid_builder" name="test_grid_builder_precision_enforcement[solver_settings_override1]" time="0.025" /><testcase classname="tests.batchsolving.test_solver" name="test_time_precision_independent_of_state_precision[solver_settings_override1]" time="0.467" /><testcase classname="tests.integrators.algorithms.test_step_algorithms" name="test_two_steps[backwards_euler]" time="84.435" /><testcase classname="tests.integrators.loops.test_ode_loop" name="test_getters" time="0.018" /><testcase classname="tests.integrators.loops.test_ode_loop" name="test_loop[euler]" time="33.484" /><testcase classname="tests.batchsolving.test_solveresult.TestSolveResultInstantiation" name="test_instantiation_type_equivalence" time="53.487" /><testcase classname="tests.batchsolving.test_solveresult.TestSolveResultInstantiation" name="test_from_solver_full_instantiation" time="0.004" /><testcase classname="tests.batchsolving.test_solveresult.TestSolveResultInstantiation" name="test_from_solver_numpy_instantiation" time="0.004" /><testcase classname="tests.batchsolving.test_solveresult.TestSolveResultInstantiation" name="test_from_solver_numpy_per_summary_instantiation" time="0.005" /><testcase classname="tests.batchsolving.test_solveresult.TestSolveResultInstantiation" name="test_from_solver_pandas_instantiation" time="0.057" /><testcase classname="tests.batchsolving.test_solveresult.TestSolveResultFromSolver" name="test_time_domain_legend_from_solver" time="0.003" /><testcase classname="tests.batchsolving.test_solveresult.TestSolveResultFromSolver" name="test_summary_legend_from_solver" time="0.003" /><testcase classname="tests.batchsolving.test_solveresult.TestSolveResultFromSolver" name="test_stride_order_from_solver" time="0.003" /><testcase classname="tests.batchsolving.test_solveresult.TestSolveResultProperties" name="test_as_numpy_property" time="0.004" /><testcase classname="tests.batchsolving.test_solveresult.TestSolveResultProperties" name="test_per_summary_arrays_property" time="0.004" /><testcase classname="tests.batchsolving.test_solveresult.TestSolveResultProperties" name="test_as_pandas_property" time="0.060" /><testcase classname="tests.batchsolving.test_solveresult.TestSolveResultProperties" name="test_active_outputs_property" time="0.005" /><testcase classname="tests.batchsolving.test_solveresult.TestSolveResultDefaultBehavior" name="test_default_instantiation" time="0.002" /><testcase classname="tests.batchsolving.test_solveresult.TestSolveResultDefaultBehavior" name="test_custom_stride_order" time="0.001" /><testcase classname="tests.batchsolving.test_solveresult.TestSolveResultPandasIntegration" name="test_pandas_shape_consistency" time="0.110" /><testcase classname="tests.batchsolving.test_solveresult.TestSolveResultPandasIntegration" name="test_pandas_time_indexing" time="0.055" /><testcase classname="tests.batchsolving.test_solveresult.TestSolveResultErrorHandling" name="test_empty_summaries_per_summary_arrays" time="0.003" /><testcase classname="tests.batchsolving.test_solveresult" name="test_status_codes_attribute" time="0.004" /><testcase classname="tests.batchsolving.test_solver" name="test_data_properties_after_solve" time="75.516" /><testcase classname="tests.batchsolving.test_solver" name="test_output_length_and_summaries_length" time="0.002" /><testcase classname="tests.batchsolving.test_solver" name="test_chunk_related_properties" time="0.002" /><testcase classname="tests.batchsolving.test_solver" name="test_variable_labels_properties" time="0.003" /><testcase classname="tests.batchsolving.test_solver" name="test_solve_ivp_function" time="34.332" /><testcase classname="tests.integrators.loops.test_ode_loop" name="test_initial_observable_seed_matches_reference" time="31.827" /><testcase classname="tests.integrators.matrix_free_solvers.test_linear_solver" name="test_linear_solver_placeholder[steepest_descent]" time="3.070" /><testcase classname="tests.integrators.matrix_free_solvers.test_linear_solver" name="test_linear_solver_placeholder[minimal_residual]" time="2.312" /><testcase classname="tests.batchsolving.test_solveresult.TestNaNProcessing" name="test_nan_processing_with_simulated_errors" time="31.728" /><testcase classname="tests.batchsolving.test_solveresult.TestNaNProcessing" name="test_nan_disabled_preserves_error_data" time="0.003" /><testcase classname="tests.batchsolving.test_solveresult.TestNaNProcessing" name="test_successful_runs_unchanged_with_nan_enabled" time="0.002" /><testcase classname="tests.batchsolving.test_solveresult.TestNaNProcessing" name="test_multiple_errors_all_set_to_nan" time="0.002" /><testcase classname="tests.batchsolving.test_system_interface" name="test_from_system" time="0.002" /><testcase classname="tests.batchsolving.test_system_interface" name="test_update[updates0]" time="0.002" /><testcase classname="tests.batchsolving.test_system_interface" name="test_update[updates1]" time="0.002" /><testcase classname="tests.batchsolving.test_system_interface" name="test_update[updates2]" time="0.002" /><testcase classname="tests.integrators.step_control.test_controllers.TestControllers" name="test_controller_builds[pi]" time="0.029" /><testcase classname="tests.integrators.step_control.test_controllers.TestControllers" name="test_dt_clamps[max_limit-pi]" time="1.128" /><testcase classname="tests.integrators.step_control.test_controllers.TestControllers" name="test_dt_clamps[min_limit-pi]" time="1.138" /><testcase classname="tests.integrators.step_control.test_controllers.TestControllers" name="test_controller_builds[pid]" time="0.027" /><testcase classname="tests.integrators.matrix_free_solvers.test_linear_solver" name="test_linear_solver_symbolic[0-steepest_descent-linear]" time="4.470" /><testcase classname="tests.integrators.step_control.test_controllers.TestControllers" name="test_dt_clamps[max_limit-pid]" time="1.818" /><testcase classname="tests.integrators.step_control.test_controllers.TestControllers" name="test_dt_clamps[min_limit-pid]" time="1.252" /><testcase classname="tests.integrators.step_control.test_controllers.TestControllers" name="test_controller_builds[gustafsson]" time="0.027" /><testcase classname="tests.integrators.step_control.test_controllers.TestControllers" name="test_dt_clamps[max_limit-gustafsson]" time="1.514" /><testcase classname="tests.integrators.matrix_free_solvers.test_linear_solver" name="test_linear_solver_symbolic[0-steepest_descent-coupled_linear]" time="6.312" /><testcase classname="tests.integrators.step_control.test_controllers.TestControllers" name="test_dt_clamps[min_limit-gustafsson]" time="1.510" /><testcase classname="tests.integrators.test_SingleIntegratorRun" name="test_update_routes_to_children" time="0.491" /><testcase classname="tests.integrators.test_SingleIntegratorRun" name="test_default_step_controller_settings_applied" time="0.009" /><testcase classname="tests.integrators.test_SingleIntegratorRun" name="test_step_controller_overrides_take_precedence[crank_nicolson-overrides0]" time="0.011" /><testcase classname="tests.integrators.test_SingleIntegratorRun" name="test_errorless_euler_with_adaptive_warns_and_replaces" time="0.007" /><testcase classname="tests.integrators.test_SingleIntegratorRun" name="test_errorless_rk4_tableau_with_adaptive_warns" time="0.007" /><testcase classname="tests.integrators.test_SingleIntegratorRun" name="test_adaptive_tableau_with_adaptive_succeeds" time="0.007" /><testcase classname="tests.integrators.test_SingleIntegratorRun" name="test_errorless_euler_with_fixed_succeeds" time="0.006" /><testcase classname="tests.integrators.test_SingleIntegratorRun" name="test_warning_message_contains_algorithm_and_controller" time="0.007" /><testcase classname="tests.integrators.test_array_interpolator" name="test_driver_del_t_matches_cubic_reference" time="1.476" /><testcase classname="tests.integrators.test_array_interpolator" name="test_cpu_driver_derivative_matches_gpu_reference" time="0.753" /><testcase classname="tests.integrators.test_array_interpolator" name="test_symbolic_time_derivative_matches_interpolated" time="1.437" /><testcase classname="tests.integrators.test_array_interpolator" name="test_build_coefficients_matches_polynomial" time="0.143" /><testcase classname="tests.integrators.test_array_interpolator" name="test_device_interpolation_matches_cpu" time="0.753" /><testcase classname="tests.integrators.matrix_free_solvers.test_linear_solver" name="test_linear_solver_symbolic[0-minimal_residual-linear]" time="5.197" /><testcase classname="tests.integrators.test_array_interpolator" name="test_get_interpolated_matches_kernel_output" time="1.477" /><testcase classname="tests.integrators.test_array_interpolator" name="test_get_interpolated_requires_one_dimensional_input" time="0.002" /><testcase classname="tests.integrators.test_array_interpolator" name="test_wrap_vs_clamp_evaluation" time="2.127" /><testcase classname="tests.batchsolving.test_solver" name="test_solver_with_different_algorithms" time="0.472" /><testcase classname="tests.batchsolving.test_solver" name="test_solver_output_types" time="0.747" /><testcase classname="tests.batchsolving.test_solver" name="test_solver_summary_legend" time="0.006" /><testcase classname="tests.batchsolving.test_solver" name="test_solver_save_time_property" time="0.004" /><testcase classname="tests.batchsolving.test_solver" name="test_solver_state_and_observable_summaries" time="0.002" /><testcase classname="tests.batchsolving.test_solver" name="test_solver_num_runs_property" time="0.003" /><testcase classname="tests.batchsolving.test_solver" name="test_solver_stores_time_as_float64" time="0.284" /><testcase classname="tests.batchsolving.test_solver" name="test_classify_inputs_dict" time="0.002" /><testcase classname="tests.batchsolving.test_solver" name="test_classify_inputs_mixed" time="0.002" /><testcase classname="tests.batchsolving.test_solver" name="test_classify_inputs_array" time="0.002" /><testcase classname="tests.batchsolving.test_solver" name="test_classify_inputs_mismatched_runs" time="0.002" /><testcase classname="tests.batchsolving.test_solver" name="test_classify_inputs_wrong_var_count" time="0.002" /><testcase classname="tests.batchsolving.test_solver" name="test_classify_inputs_1d_arrays" time="0.002" /><testcase classname="tests.batchsolving.test_solver" name="test_validate_arrays_dtype_cast" time="0.002" /><testcase classname="tests.batchsolving.test_solver" name="test_build_grid_returns_correct_shape" time="0.003" /><testcase classname="tests.batchsolving.test_solver" name="test_build_grid_combinatorial" time="0.003" /><testcase classname="tests.batchsolving.test_solver" name="test_build_grid_precision" time="0.004" /><testcase classname="tests.batchsolving.test_solver" name="test_solve_with_prebuilt_arrays" time="0.038" /><testcase classname="tests.integrators.test_array_interpolator" name="test_non_wrap_returns_zero_outside_range" time="1.163" /><testcase classname="tests.batchsolving.test_solver" name="test_solve_array_path_matches_dict_path" time="0.057" /><testcase classname="tests.batchsolving.test_solver" name="test_solve_dict_path_backward_compatible" time="0.041" /><testcase classname="tests.batchsolving.test_solveresult.TestSolveResultStaticMethods" name="test_combine_time_domain_arrays[True-True-&lt;lambda&gt;]" time="0.002" /><testcase classname="tests.batchsolving.test_solveresult.TestSolveResultStaticMethods" name="test_combine_time_domain_arrays[True-False-&lt;lambda&gt;]" time="0.002" /><testcase classname="tests.batchsolving.test_solveresult.TestSolveResultStaticMethods" name="test_combine_time_domain_arrays[False-True-&lt;lambda&gt;]" time="0.002" /><testcase classname="tests.batchsolving.test_solveresult.TestSolveResultStaticMethods" name="test_combine_time_domain_arrays[False-False-&lt;lambda&gt;]" time="0.002" /><testcase classname="tests.batchsolving.test_solveresult.TestSolveResultStaticMethods" name="test_combine_summaries_array[True-True-&lt;lambda&gt;]" time="0.002" /><testcase classname="tests.batchsolving.test_solveresult.TestSolveResultStaticMethods" name="test_combine_summaries_array[True-False-&lt;lambda&gt;]" time="0.002" /><testcase classname="tests.batchsolving.test_solveresult.TestSolveResultStaticMethods" name="test_combine_summaries_array[False-True-&lt;lambda&gt;]" time="0.002" /><testcase classname="tests.batchsolving.test_solveresult.TestSolveResultStaticMethods" name="test_combine_summaries_array[False-False-&lt;lambda&gt;]" time="0.002" /><testcase classname="tests.batchsolving.test_solveresult.TestSolveResultStaticMethods" name="test_cleave_time_with_time_saved" time="0.001" /><testcase classname="tests.memory.test_array_requests.TestArrayRequests" name="test_size[array_request_override1]" time="0.002" /><testcase classname="tests.memory.test_array_requests.TestArrayRequests" name="test_array_response[array_request_override1]" time="0.003" /><testcase classname="tests.memory.test_array_requests.TestArrayRequests" name="test_size[array_request_override2]" time="0.002" /><testcase classname="tests.memory.test_array_requests.TestArrayRequests" name="test_array_response[array_request_override2]" time="0.004" /><testcase classname="tests.memory.test_array_requests.TestArrayRequests" name="test_default_stride_ordering" time="0.001" /><testcase classname="tests.memory.test_stream_groups.TestStreamGroups" name="test_add_instance" time="0.003" /><testcase classname="tests.memory.test_stream_groups.TestStreamGroups" name="test_get_group" time="0.002" /><testcase classname="tests.memory.test_stream_groups.TestStreamGroups" name="test_change_group" time="0.002" /><testcase classname="tests.memory.test_stream_groups.TestStreamGroups" name="test_get_stream" time="0.002" /><testcase classname="tests.memory.test_stream_groups.TestStreamGroups" name="test_reinit_streams" time="0.002" /><testcase classname="tests.memory.test_stream_groups.TestStreamGroups" name="test_get_instances_in_group" time="0.002" /><testcase classname="tests.odesystems.symbolic.test_cellml" name="test_load_simple_cellml_model" time="0.190" /><testcase classname="tests.integrators.test_array_interpolator" name="test_non_wrap_defaults_to_clamped_boundary" time="0.002" /><testcase classname="tests.integrators.test_array_interpolator" name="test_wrap_repeats_periodically" time="0.564" /><testcase classname="tests.integrators.matrix_free_solvers.test_linear_solver" name="test_linear_solver_symbolic[0-minimal_residual-coupled_linear]" time="7.630" /><testcase classname="tests.integrators.test_array_interpolator" name="test_polynomial_samples_are_reproduced[1]" time="1.410" /><testcase classname="tests.integrators.test_array_interpolator" name="test_polynomial_samples_are_reproduced[2]" time="2.089" /><testcase classname="tests.integrators.test_array_interpolator" name="test_polynomial_samples_are_reproduced[3]" time="2.538" /><testcase classname="tests.integrators.test_array_interpolator" name="test_polynomial_samples_are_reproduced[4]" time="4.113" /><testcase classname="tests.integrators.loops.test_ode_loop" name="test_loop[backwards_euler_pc]" time="119.763" /><testcase classname="tests.integrators.matrix_free_solvers.test_linear_solver" name="test_linear_solver_symbolic[1-steepest_descent-linear]" time="8.164" /><testcase classname="tests.integrators.test_array_interpolator" name="test_polynomial_samples_are_reproduced[5]" time="2.042" /><testcase classname="tests.integrators.test_array_interpolator" name="test_order_three_matches_scipy_reference[natural]" time="2.198" /><testcase classname="tests.integrators.test_array_interpolator" name="test_order_three_matches_scipy_reference[periodic]" time="0.837" /><testcase classname="tests.integrators.test_array_interpolator" name="test_order_three_matches_scipy_reference[clamped]" time="1.109" /><testcase classname="tests.integrators.matrix_free_solvers.test_linear_solver" name="test_linear_solver_symbolic[1-steepest_descent-coupled_linear]" time="7.693" /><testcase classname="tests.integrators.test_array_interpolator" name="test_order_three_matches_scipy_reference[not-a-knot]" time="0.976" /><testcase classname="tests.integrators.test_array_interpolator" name="test_natural_boundary_supports_higher_orders" time="0.769" /><testcase classname="tests.integrators.test_array_interpolator" name="test_periodic_boundary_respects_general_order" time="0.697" /><testcase classname="tests.integrators.test_array_interpolator" name="test_cubic_interpolation_matches_analytic" time="0.721" /><testcase classname="tests.memory.test_array_requests.TestArrayRequests" name="test_size[array_request_override0]" time="0.003" /><testcase classname="tests.memory.test_array_requests.TestArrayRequests" name="test_instantiation[array_request_override0]" time="0.002" /><testcase classname="tests.memory.test_array_requests.TestArrayRequests" name="test_array_response[array_request_override0]" time="0.003" /><testcase classname="tests.odesystems.symbolic.test_cuda_printer.TestCUDAPrinter" name="test_replace_cube_powers_simple" time="0.002" /><testcase classname="tests.odesystems.symbolic.test_cuda_printer.TestCUDAPrinter" name="test_replace_cube_powers_indexed" time="0.001" /><testcase classname="tests.odesystems.symbolic.test_cuda_printer.TestCUDAPrinter" name="test_replace_powers_with_multiplication" time="0.001" /><testcase classname="tests.odesystems.symbolic.test_cuda_printer.TestCUDAPrinter" name="test_replace_powers_ignores_higher_powers" time="0.001" /><testcase classname="tests.odesystems.symbolic.test_cuda_printer.TestCUDAPrinter" name="test_doprint_simple_expression" time="0.002" /><testcase classname="tests.odesystems.symbolic.test_cuda_printer.TestCUDAPrinter" name="test_doprint_with_symbol_mapping" time="0.002" /><testcase classname="tests.odesystems.symbolic.test_cuda_printer.TestCUDAPrinter" name="test_ifelse_to_selp" time="0.006" /><testcase classname="tests.odesystems.symbolic.test_cuda_printer.TestCUDAPrinter" name="test_ifelse_to_selp_complex" time="0.002" /><testcase classname="tests.odesystems.symbolic.test_cuda_printer.TestPrintCudaFunction" name="test_print_cuda_simple" time="0.002" /><testcase classname="tests.odesystems.symbolic.test_cuda_printer.TestPrintCudaFunction" name="test_print_cuda_with_symbol_map" time="0.002" /><testcase classname="tests.odesystems.symbolic.test_cuda_printer.TestPrintCudaFunction" name="test_print_cuda_complex_expression" time="0.008" /><testcase classname="tests.odesystems.symbolic.test_cuda_printer.TestPrintCudaMultiple" name="test_print_cuda_multiple_simple" time="0.003" /><testcase classname="tests.odesystems.symbolic.test_cuda_printer.TestPrintCudaMultiple" name="test_print_cuda_multiple_with_symbol_map" time="0.003" /><testcase classname="tests.odesystems.symbolic.test_cuda_printer.TestPrintCudaMultiple" name="test_print_cuda_multiple_empty" time="0.001" /><testcase classname="tests.odesystems.symbolic.test_cuda_printer.TestPrintCudaMultiple" name="test_print_cuda_multiple_single" time="0.002" /><testcase classname="tests.odesystems.symbolic.test_cuda_printer.TestEdgeCases" name="test_power_replacement_with_whitespace" time="0.001" /><testcase classname="tests.odesystems.symbolic.test_cuda_printer.TestEdgeCases" name="test_power_replacement_with_tabs" time="0.001" /><testcase classname="tests.odesystems.symbolic.test_cuda_printer.TestEdgeCases" name="test_power_replacement_mixed_whitespace" time="0.001" /><testcase classname="tests.odesystems.symbolic.test_cuda_printer.TestEdgeCases" name="test_nested_indexed_variables" time="0.001" /><testcase classname="tests.odesystems.symbolic.test_cuda_printer.TestEdgeCases" name="test_symbol_map_with_complex_indexing" time="0.002" /><testcase classname="tests.odesystems.symbolic.test_cuda_printer" name="test_piecewise_assignment_is_wrapped_outside" time="0.005" /><testcase classname="tests.odesystems.symbolic.test_cuda_printer" name="test_piecewise_inside_expression_assignment" time="0.005" /><testcase classname="tests.odesystems.symbolic.test_cuda_printer" name="test_functions" time="0.004" /><testcase classname="tests.odesystems.symbolic.test_cuda_printer.TestNumericPrecisionWrapping" name="test_print_float_wrapped" time="0.004" /><testcase classname="tests.odesystems.symbolic.test_cuda_printer.TestNumericPrecisionWrapping" name="test_print_rational_wrapped" time="0.002" /><testcase classname="tests.odesystems.symbolic.test_cuda_printer.TestNumericPrecisionWrapping" name="test_expression_with_literals" time="0.002" /><testcase classname="tests.odesystems.symbolic.test_cuda_printer.TestNumericPrecisionWrapping" name="test_negative_float" time="0.002" /><testcase classname="tests.odesystems.symbolic.test_cuda_printer.TestNumericPrecisionWrapping" name="test_scientific_notation" time="0.002" /><testcase classname="tests.odesystems.symbolic.test_cuda_printer.TestNumericPrecisionWrapping" name="test_piecewise_with_literals" time="0.007" /><testcase classname="tests.odesystems.symbolic.test_cuda_printer.TestNumericPrecisionWrapping" name="test_zero_literal" time="0.002" /><testcase classname="tests.odesystems.symbolic.test_cuda_printer.TestNumericPrecisionWrapping" name="test_rational_negative" time="0.002" /><testcase classname="tests.odesystems.symbolic.test_cuda_printer.TestNumericPrecisionWrapping" name="test_mixed_expression_with_power_replacement" time="0.004" /><testcase classname="tests.odesystems.symbolic.test_cuda_printer.TestNumericPrecisionWrapping" name="test_indexed_indices_not_wrapped" time="0.002" /><testcase classname="tests.odesystems.symbolic.test_cuda_printer.TestNumericPrecisionWrapping" name="test_power_exponents_not_wrapped" time="0.002" /><testcase classname="tests.odesystems.symbolic.test_cuda_printer.TestNumericPrecisionWrapping" name="test_indexed_with_literal_expression" time="0.004" /><testcase classname="tests.odesystems.symbolic.test_cuda_printer.TestNumericPrecisionWrapping" name="test_index_arithmetic_not_wrapped" time="0.008" /><testcase classname="tests.odesystems.symbolic.test_cuda_printer.TestNumericPrecisionWrapping" name="test_integer_literals_wrapped" time="0.005" /><testcase classname="tests.odesystems.symbolic.test_cuda_printer.TestNumericPrecisionWrapping" name="test_integer_constants_not_upcasted" time="0.002" /><testcase classname="tests.odesystems.symbolic.test_dxdt.TestDxdtTemplate" name="test_dxdt_template_format" time="0.001" /><testcase classname="tests.odesystems.symbolic.test_dxdt.TestDxdtTemplate" name="test_dxdt_template_structure" time="0.001" /><testcase classname="tests.odesystems.symbolic.test_dxdt.TestGenerateDxdtFacCode" name="test_simple_equations" time="0.016" /><testcase classname="tests.integrators.algorithms.test_step_algorithms" name="test_against_euler[backwards_euler]" time="46.429" /><testcase classname="tests.odesystems.symbolic.test_dxdt.TestGenerateDxdtFacCode" name="test_custom_function_name" time="0.008" /><testcase classname="tests.odesystems.symbolic.test_dxdt.TestGenerateDxdtFacCode" name="test_complex_equations" time="0.018" /><testcase classname="tests.odesystems.symbolic.test_dxdt.TestGenerateDxdtFacCode" name="test_linear_system" time="0.012" /><testcase classname="tests.odesystems.symbolic.test_dxdt.TestGenerateDxdtFacCode" name="test_nonlinear_equations" time="0.020" /><testcase classname="tests.odesystems.symbolic.test_dxdt.TestGenerateDxdtFacCode" name="test_empty_equations" time="0.005" /><testcase classname="tests.odesystems.symbolic.test_dxdt.TestGenerateDxdtFacCode" name="test_single_equation" time="0.005" /><testcase classname="tests.odesystems.symbolic.test_dxdt.TestGenerateDxdtFacCode" name="test_equations_with_constants" time="0.023" /><testcase classname="tests.odesystems.symbolic.test_dxdt.TestGenerateDxdtFacCode" name="test_equations_with_functions" time="0.044" /><testcase classname="tests.odesystems.symbolic.test_dxdt.TestGenerateDxdtFacCode" name="test_code_contains_cuda_signatures" time="0.008" /><testcase classname="tests.odesystems.symbolic.test_dxdt.TestGenerateDxdtFacCode" name="test_code_parameter_order" time="0.008" /><testcase classname="tests.odesystems.symbolic.test_dxdt.TestGenerateDxdtFacCode" name="test_constants_unpacked" time="0.005" /><testcase classname="tests.odesystems.symbolic.test_dxdt.TestDxdtIntegration" name="test_realistic_ode_system" time="0.031" /><testcase classname="tests.odesystems.symbolic.test_dxdt.TestDxdtIntegration" name="test_with_auxiliary_variables" time="0.016" /><testcase classname="tests.odesystems.symbolic.test_dxdt.TestDxdtIntegration" name="test_dxdt_reuses_observables_buffer" time="0.043" /><testcase classname="tests.odesystems.symbolic.test_dxdt.TestGenerateObservablesFacCode" name="test_observables_factory_structure" time="0.026" /><testcase classname="tests.odesystems.symbolic.test_dxdt.TestGenerateObservablesFacCode" name="test_observables_factory_includes_cse_dependencies" time="0.023" /><testcase classname="tests.odesystems.symbolic.test_dxdt.TestObservablesDeviceParity" name="test_dxdt_preserves_observables[state_values0-param_values0-0.25]" time="0.627" /><testcase classname="tests.odesystems.symbolic.test_dxdt.TestObservablesDeviceParity" name="test_dxdt_preserves_observables[state_values1-param_values1--0.4]" time="0.516" /><testcase classname="tests.odesystems.symbolic.test_dxdt" name="test_recompile_updates_constants" time="0.284" /><testcase classname="tests.odesystems.symbolic.test_indexedbasemaps.TestIndexedBaseMap" name="test_init_basic" time="0.003" /><testcase classname="tests.odesystems.symbolic.test_indexedbasemaps.TestIndexedBaseMap" name="test_init_with_defaults" time="0.002" /><testcase classname="tests.odesystems.symbolic.test_indexedbasemaps.TestIndexedBaseMap" name="test_init_with_custom_length" time="0.002" /><testcase classname="tests.odesystems.symbolic.test_indexedbasemaps.TestIndexedBaseMap" name="test_init_not_real" time="0.002" /><testcase classname="tests.odesystems.symbolic.test_indexedbasemaps.TestIndexedBaseMap" name="test_init_defaults_length_mismatch" time="0.007" /><testcase classname="tests.odesystems.symbolic.test_indexedbasemaps.TestIndexedBaseMap" name="test_pop_symbol" time="0.002" /><testcase classname="tests.odesystems.symbolic.test_indexedbasemaps.TestIndexedBaseMap" name="test_push_symbol" time="0.002" /><testcase classname="tests.odesystems.symbolic.test_indexedbasemaps.TestIndexedBaseMap" name="test_update_values_with_string_keys" time="0.002" /><testcase classname="tests.odesystems.symbolic.test_indexedbasemaps.TestIndexedBaseMap" name="test_update_values_with_symbol_keys" time="0.002" /><testcase classname="tests.odesystems.symbolic.test_indexedbasemaps.TestIndexedBaseMap" name="test_update_values_with_kwargs" time="0.002" /><testcase classname="tests.odesystems.symbolic.test_indexedbasemaps.TestIndexedBaseMap" name="test_update_values_kwargs_override_dict" time="0.002" /><testcase classname="tests.odesystems.symbolic.test_indexedbasemaps.TestIndexedBaseMap" name="test_update_values_ignores_unknown_keys" time="0.002" /><testcase classname="tests.odesystems.symbolic.test_indexedbasemaps.TestIndexedBaseMap" name="test_update_values_empty_updates" time="0.002" /><testcase classname="tests.odesystems.symbolic.test_indexedbasemaps.TestIndexedBases" name="test_init" time="0.008" /><testcase classname="tests.odesystems.symbolic.test_indexedbasemaps.TestIndexedBases" name="test_from_user_inputs" time="0.004" /><testcase classname="tests.odesystems.symbolic.test_indexedbasemaps.TestIndexedBases" name="test_from_user_inputs_with_defaults" time="0.004" /><testcase classname="tests.odesystems.symbolic.test_indexedbasemaps.TestIndexedBases" name="test_getters" time="0.008" /><testcase classname="tests.odesystems.symbolic.test_indexedbasemaps.TestIndexedBases" name="test_properties" time="0.004" /><testcase classname="tests.odesystems.symbolic.test_indexedbasemaps.TestIndexedBases" name="test_getitem" time="0.009" /><testcase classname="tests.odesystems.symbolic.test_indexedbasemaps.TestIndexedBases" name="test_all_symbols" time="0.006" /><testcase classname="tests.odesystems.symbolic.test_indexedbasemaps.TestIndexedBases" name="test_update_constants_with_dict" time="0.008" /><testcase classname="tests.odesystems.symbolic.test_indexedbasemaps.TestIndexedBases" name="test_update_constants_with_kwargs" time="0.004" /><testcase classname="tests.odesystems.symbolic.test_indexedbasemaps.TestIndexedBases" name="test_update_constants_kwargs_override_dict" time="0.004" /><testcase classname="tests.odesystems.symbolic.test_indexedbasemaps.TestIndexedBases" name="test_update_constants_ignores_unknown_keys" time="0.004" /><testcase classname="tests.odesystems.symbolic.test_indexedbasemaps.TestIndexedBases" name="test_update_constants_empty_updates" time="0.004" /><testcase classname="tests.odesystems.symbolic.test_indexedbasemaps.TestIndexedBases" name="test_update_constants_only_affects_constants" time="0.004" /><testcase classname="tests.odesystems.symbolic.test_jacobian" name="test_generate_jacobian_with_auxiliary" time="0.028" /><testcase classname="tests.odesystems.symbolic.test_jacobian" name="test_generate_jacobian_coupled_nonlinear" time="0.044" /><testcase classname="tests.odesystems.symbolic.test_jacobian" name="test_jacobian_caching" time="0.018" /><testcase classname="tests.odesystems.symbolic.test_odefile" name="test_header_contains_notice" time="0.001" /><testcase classname="tests.odesystems.symbolic.test_odefile" name="test_import_generates_and_returns" time="0.003" /><testcase classname="tests.odesystems.symbolic.test_odefile" name="test_import_uses_cache" time="0.003" /><testcase classname="tests.odesystems.symbolic.test_odefile" name="test_import_missing_without_code_raises" time="0.002" /><testcase classname="tests.odesystems.symbolic.test_odefile" name="test_import_reinitialises_on_hash_change" time="0.004" /><testcase classname="tests.odesystems.symbolic.test_odefile" name="test_creates_generated_dir_when_missing" time="0.004" /><testcase classname="tests.odesystems.symbolic.test_odefile" name="test_cache_persists_across_instances_same_hash" time="0.004" /><testcase classname="tests.odesystems.symbolic.test_odefile" name="test_multiple_factories_appended_and_importable" time="0.004" /><testcase classname="tests.odesystems.symbolic.test_odefile" name="test_malformed_cached_function_triggers_regeneration" time="0.003" /><testcase classname="tests.odesystems.symbolic.test_odefile" name="test_header_contains_required_imports" time="0.001" /><testcase classname="tests.odesystems.symbolic.test_parser.TestInputCleaning" name="test_sanitise_input_math_simple_if" time="0.001" /><testcase classname="tests.odesystems.symbolic.test_parser.TestInputCleaning" name="test_sanitise_input_math_nested_if" time="0.001" /><testcase classname="tests.odesystems.symbolic.test_parser.TestInputCleaning" name="test_replace_if_simple" time="0.001" /><testcase classname="tests.odesystems.symbolic.test_parser.TestInputCleaning" name="test_replace_if_complex_condition" time="0.001" /><testcase classname="tests.odesystems.symbolic.test_parser.TestInputCleaning" name="test_replace_if_no_match" time="0.002" /><testcase classname="tests.odesystems.symbolic.test_parser.TestProcessCalls" name="test_process_calls_sympy_functions" time="0.002" /><testcase classname="tests.odesystems.symbolic.test_parser.TestProcessCalls" name="test_process_calls_user_functions" time="0.001" /><testcase classname="tests.odesystems.symbolic.test_parser.TestProcessCalls" name="test_process_calls_unknown_function" time="0.005" /><testcase classname="tests.odesystems.symbolic.test_parser.TestProcessCalls" name="test_process_calls_no_functions" time="0.002" /><testcase classname="tests.odesystems.symbolic.test_parser.TestDetectInputType" name="test_detect_string_single_line" time="0.002" /><testcase classname="tests.odesystems.symbolic.test_parser.TestDetectInputType" name="test_detect_string_list" time="0.001" /><testcase classname="tests.odesystems.symbolic.test_parser.TestDetectInputType" name="test_detect_sympy_equality" time="0.011" /><testcase classname="tests.odesystems.symbolic.test_parser.TestDetectInputType" name="test_detect_sympy_tuple" time="0.002" /><testcase classname="tests.odesystems.symbolic.test_parser.TestDetectInputType" name="test_detect_sympy_expression" time="0.001" /><testcase classname="tests.odesystems.symbolic.test_parser.TestDetectInputType" name="test_detect_none_input" time="0.003" /><testcase classname="tests.odesystems.symbolic.test_parser.TestDetectInputType" name="test_detect_empty_list" time="0.003" /><testcase classname="tests.odesystems.symbolic.test_parser.TestDetectInputType" name="test_detect_invalid_type" time="0.006" /><testcase classname="tests.odesystems.symbolic.test_parser.TestDetectInputType" name="test_detect_invalid_element_type" time="0.005" /><testcase classname="tests.odesystems.symbolic.test_parser.TestNormalizeSympyEquations" name="test_normalize_equality" time="0.004" /><testcase classname="tests.odesystems.symbolic.test_parser.TestNormalizeSympyEquations" name="test_normalize_tuple" time="0.003" /><testcase classname="tests.odesystems.symbolic.test_parser.TestNormalizeSympyEquations" name="test_normalize_mixed_formats" time="0.004" /><testcase classname="tests.odesystems.symbolic.test_parser.TestNormalizeSympyEquations" name="test_normalize_invalid_tuple_length" time="0.006" /><testcase classname="tests.odesystems.symbolic.test_parser.TestNormalizeSympyEquations" name="test_normalize_invalid_lhs_type" time="0.005" /><testcase classname="tests.odesystems.symbolic.test_parser.TestNormalizeSympyEquations" name="test_normalize_bare_expression_error" time="0.007" /><testcase classname="tests.odesystems.symbolic.test_parser.TestNormalizeSympyEquations" name="test_normalize_empty_list" time="0.002" /><testcase classname="tests.odesystems.symbolic.test_parser.TestProcessParameters" name="test_process_parameters_basic" time="0.004" /><testcase classname="tests.odesystems.symbolic.test_parser.TestProcessParameters" name="test_process_parameters_with_dicts" time="0.006" /><testcase classname="tests.odesystems.symbolic.test_parser.TestLhsPass" name="test_lhs_pass_basic" time="0.005" /><testcase classname="tests.odesystems.symbolic.test_parser.TestLhsPass" name="test_lhs_pass_strict_unlisted_auxiliary" time="0.004" /><testcase classname="tests.odesystems.symbolic.test_parser.TestLhsPass" name="test_lhs_pass_relaxes_to_anonymous_aux_non_strict" time="0.003" /><testcase classname="tests.odesystems.symbolic.test_parser.TestLhsPass" name="test_lhs_pass_state_derivative" time="0.005" /><testcase classname="tests.odesystems.symbolic.test_parser.TestLhsPass" name="test_lhs_pass_observable_to_state_conversion" time="0.005" /><testcase classname="tests.odesystems.symbolic.test_parser.TestLhsPass" name="test_lhs_pass_invalid_state_assignment" time="0.009" /><testcase classname="tests.odesystems.symbolic.test_parser.TestLhsPass" name="test_lhs_pass_immutable_assignment" time="0.008" /><testcase classname="tests.odesystems.symbolic.test_parser.TestLhsPass" name="test_lhs_pass_missing_observables" time="0.008" /><testcase classname="tests.odesystems.symbolic.test_parser.TestRhsPass" name="test_rhs_pass_basic" time="0.006" /><testcase classname="tests.odesystems.symbolic.test_parser.TestRhsPass" name="test_rhs_pass_undefined_symbol" time="0.006" /><testcase classname="tests.odesystems.symbolic.test_parser.TestRhsPass" name="test_rhs_pass_with_if_else" time="0.008" /><testcase classname="tests.odesystems.symbolic.test_parser.TestRhsPass" name="test_rhs_pass_recognises_time_symbol" time="0.004" /><testcase classname="tests.odesystems.symbolic.test_parser.TestHashSystemDefinition" name="test_hash_system_definition_string" time="0.002" /><testcase classname="tests.odesystems.symbolic.test_parser.TestHashSystemDefinition" name="test_hash_system_definition_list" time="0.001" /><testcase classname="tests.odesystems.symbolic.test_parser.TestHashSystemDefinition" name="test_hash_system_definition_tuple" time="0.001" /><testcase classname="tests.odesystems.symbolic.test_parser.TestHashSystemDefinition" name="test_hash_system_definition_consistency" time="0.001" /><testcase classname="tests.odesystems.symbolic.test_parser.TestHashSystemDefinition" name="test_hash_system_definition_different_content" time="0.002" /><testcase classname="tests.odesystems.symbolic.test_parser.TestHashSystemDefinition" name="test_hash_system_definition_with_constants" time="0.001" /><testcase classname="tests.odesystems.symbolic.test_parser.TestParseInput" name="test_parse_input_basic" time="0.031" /><testcase classname="tests.odesystems.symbolic.test_parser.TestParseInput" name="test_parse_input_with_list" time="0.017" /><testcase classname="tests.odesystems.symbolic.test_parser.TestParseInput" name="test_parse_input_with_user_functions" time="0.012" /><testcase classname="tests.odesystems.symbolic.test_parser.TestParseInput" name="test_parse_input_includes_time_symbol" time="0.005" /><testcase classname="tests.odesystems.symbolic.test_parser.TestParseInput" name="test_parse_input_invalid_dxdt_type" time="0.003" /><testcase classname="tests.odesystems.symbolic.test_parser.TestParseInput" name="test_parse_input_empty_lines_filtered" time="0.008" /><testcase classname="tests.odesystems.symbolic.test_parser.TestParseInput" name="test_parse_input_indexed_variable_equivalence" time="0.018" /><testcase classname="tests.odesystems.symbolic.test_parser.TestIntegrationWithFixtures" name="test_with_simple_system_defaults" time="0.033" /><testcase classname="tests.odesystems.symbolic.test_parser.TestIntegrationWithFixtures" name="test_equation_parsing_with_fixture" time="0.017" /><testcase classname="tests.odesystems.symbolic.test_parser.TestNonStrictInput" name="test_simple" time="0.029" /><testcase classname="tests.odesystems.symbolic.test_parser.TestFunctions" name="test_sympyfuncs" time="0.027" /><testcase classname="tests.odesystems.symbolic.test_parser.TestFunctions" name="test_userfunc_priority" time="0.017" /><testcase classname="tests.odesystems.symbolic.test_parser.TestFunctions" name="test_device_userfunc_derivative_mapping" time="0.067" /><testcase classname="tests.odesystems.symbolic.test_parser.TestSympyInputPathway" name="test_simple_ode_sympy_equality" time="0.034" /><testcase classname="tests.odesystems.symbolic.test_parser.TestSympyInputPathway" name="test_simple_ode_sympy_tuple" time="0.031" /><testcase classname="tests.odesystems.symbolic.test_parser.TestSympyInputPathway" name="test_ode_with_observables_sympy" time="0.159" /><testcase classname="tests.integrators.matrix_free_solvers.test_linear_solver" name="test_linear_solver_symbolic[1-minimal_residual-linear]" time="5.240" /><testcase classname="tests.odesystems.symbolic.test_parser.TestSympyInputPathway" name="test_ode_with_user_functions_sympy" time="0.044" /><testcase classname="tests.odesystems.symbolic.test_parser.TestSympyInputPathway" name="test_sympy_vs_string_equivalence" time="0.037" /><testcase classname="tests.odesystems.symbolic.test_parser.TestSympyInputPathway" name="test_sympy_infer_states_non_strict" time="0.025" /><testcase classname="tests.odesystems.symbolic.test_parser.TestSympyInputPathway" name="test_sympy_infer_parameters_non_strict" time="0.023" /><testcase classname="tests.odesystems.symbolic.test_parser.TestSympyInputPathway" name="test_sympy_user_functions_symbols_dict" time="0.032" /><testcase classname="tests.odesystems.symbolic.test_parser.TestSympyInputPathway" name="test_sympy_derivative_lhs_equality" time="0.041" /><testcase classname="tests.odesystems.symbolic.test_parser.TestSympyInputPathway" name="test_sympy_derivative_lhs_tuple" time="0.031" /><testcase classname="tests.odesystems.symbolic.test_parser.TestSympyInputPathway" name="test_sympy_derivative_multiple_states" time="0.156" /><testcase classname="tests.odesystems.symbolic.test_solver_helpers" name="test_split_jvp_expressions_caches_high_cost_terms" time="0.026" /><testcase classname="tests.odesystems.symbolic.test_solver_helpers" name="test_split_jvp_expressions_limits_cache_size" time="0.050" /><testcase classname="tests.odesystems.symbolic.test_solver_helpers" name="test_split_jvp_expressions_groups_cse_dependents" time="0.018" /><testcase classname="tests.odesystems.symbolic.test_solver_helpers" name="test_split_jvp_expressions_limits_cse_depth_for_slots" time="0.018" /><testcase classname="tests.odesystems.symbolic.test_solver_helpers" name="test_cache_plan_shared_cse_with_slot_limit" time="0.018" /><testcase classname="tests.odesystems.symbolic.test_solver_helpers" name="test_build_expression_costs_tracks_jvp_dependencies" time="0.004" /><testcase classname="tests.odesystems.symbolic.test_solver_helpers" name="test_equations_track_dependency_levels_and_costs" time="0.016" /><testcase classname="tests.odesystems.symbolic.test_solver_helpers" name="test_operator_apply_dense[1.0-1.0-1.0-M0]" time="0.696" /><testcase classname="tests.odesystems.symbolic.test_solver_helpers" name="test_operator_apply_dense[1.0-1.0-1.0-M1]" time="0.643" /><testcase classname="tests.odesystems.symbolic.test_solver_helpers" name="test_operator_apply_dense[0.5-2.0-1.0-M2]" time="0.631" /><testcase classname="tests.odesystems.symbolic.test_solver_helpers" name="test_operator_apply_constant_unpacking" time="0.014" /><testcase classname="tests.odesystems.symbolic.test_solver_helpers" name="test_cached_jvp_matches_jacobian" time="0.922" /><testcase classname="tests.odesystems.symbolic.test_solver_helpers" name="test_cached_operator_apply_dense[1.0-1.0-0.25-M0]" time="1.674" /><testcase classname="tests.odesystems.symbolic.test_solver_helpers" name="test_cached_operator_apply_dense[1.0-1.0-0.25-M1]" time="1.165" /><testcase classname="tests.integrators.matrix_free_solvers.test_linear_solver" name="test_linear_solver_symbolic[1-minimal_residual-coupled_linear]" time="7.035" /><testcase classname="tests.odesystems.symbolic.test_solver_helpers" name="test_cached_operator_apply_dense[0.5-1.7-0.15-M2]" time="1.254" /><testcase classname="tests.batchsolving.test_config_plumbing" name="test_comprehensive_config_plumbing[crank_nicolson-i]" time="195.064" /><testcase classname="tests.odesystems.symbolic.test_solver_helpers" name="test_neumann_preconditioner_cached_expression[1.0-1.0-0.25-0]" time="1.186" /><testcase classname="tests.odesystems.symbolic.test_solver_helpers" name="test_neumann_preconditioner_cached_expression[1.0-1.0-0.25-1]" time="1.273" /><testcase classname="tests.odesystems.symbolic.test_solver_helpers" name="test_neumann_preconditioner_cached_expression[1.0-1.0-0.25-2]" time="1.337" /><testcase classname="tests.odesystems.symbolic.test_solver_helpers" name="test_neumann_preconditioner_cached_expression[0.5-1.5-0.1-3]" time="1.398" /><testcase classname="tests.integrators.matrix_free_solvers.test_linear_solver" name="test_linear_solver_symbolic[2-steepest_descent-linear]" time="5.160" /><testcase classname="tests.odesystems.symbolic.test_solver_helpers" name="test_stage_residual[1.0-1.0-1.0-1.0-M0]" time="0.585" /><testcase classname="tests.odesystems.symbolic.test_solver_helpers" name="test_stage_residual[1.0-1.0-1.0-0.5-M1]" time="0.566" /><testcase classname="tests.odesystems.symbolic.test_solver_helpers" name="test_stage_residual[0.5-2.0-1.0-0.25-M2]" time="0.617" /><testcase classname="tests.odesystems.symbolic.test_cellml" name="test_load_complex_cellml_model" time="39.179" /><testcase classname="tests.odesystems.symbolic.test_sym_utils.TestTopologicalSort" name="test_topological_sort_simple_list" time="0.004" /><testcase classname="tests.odesystems.symbolic.test_sym_utils.TestTopologicalSort" name="test_topological_sort_dict_input" time="0.002" /><testcase classname="tests.odesystems.symbolic.test_sym_utils.TestTopologicalSort" name="test_topological_sort_no_dependencies" time="0.001" /><testcase classname="tests.odesystems.symbolic.test_sym_utils.TestTopologicalSort" name="test_topological_sort_complex_dependencies" time="0.003" /><testcase classname="tests.odesystems.symbolic.test_sym_utils.TestTopologicalSort" name="test_topological_sort_circular_dependency" time="0.005" /><testcase classname="tests.odesystems.symbolic.test_sym_utils.TestTopologicalSort" name="test_topological_sort_self_reference" time="0.002" /><testcase classname="tests.odesystems.symbolic.test_sym_utils.TestTopologicalSort" name="test_topological_sort_external_symbols" time="0.002" /><testcase classname="tests.odesystems.symbolic.test_sym_utils.TestTopologicalSort" name="test_topological_sort_empty_input" time="0.002" /><testcase classname="tests.odesystems.symbolic.test_sym_utils.TestTopologicalSort" name="test_topological_sort_single_assignment" time="0.001" /><testcase classname="tests.odesystems.symbolic.test_sym_utils.TestTopologicalSort" name="test_topological_sort_with_functions" time="0.006" /><testcase classname="tests.odesystems.symbolic.test_sym_utils.TestTopologicalSort" name="test_topological_sort_duplicate_lhs_symbols" time="0.002" /><testcase classname="tests.odesystems.symbolic.test_sym_utils.TestCseAndStack" name="test_cse_and_stack_simple" time="0.003" /><testcase classname="tests.odesystems.symbolic.test_sym_utils.TestCseAndStack" name="test_cse_and_stack_no_common_subexpressions" time="0.002" /><testcase classname="tests.odesystems.symbolic.test_sym_utils.TestCseAndStack" name="test_cse_and_stack_complex_expressions" time="0.003" /><testcase classname="tests.odesystems.symbolic.test_sym_utils.TestCseAndStack" name="test_cse_and_stack_custom_symbol_prefix" time="0.003" /><testcase classname="tests.odesystems.symbolic.test_sym_utils.TestCseAndStack" name="test_cse_and_stack_symbol_collision_warning" time="0.005" /><testcase classname="tests.odesystems.symbolic.test_sym_utils.TestCseAndStack" name="test_cse_and_stack_with_dependencies" time="0.003" /><testcase classname="tests.odesystems.symbolic.test_sym_utils.TestCseAndStack" name="test_cse_and_stack_empty_input" time="0.001" /><testcase classname="tests.odesystems.symbolic.test_sym_utils.TestCseAndStack" name="test_cse_and_stack_single_equation" time="0.002" /><testcase classname="tests.odesystems.symbolic.test_sym_utils.TestCseAndStack" name="test_cse_and_stack_with_functions" time="0.007" /><testcase classname="tests.odesystems.symbolic.test_sym_utils.TestCseAndStack" name="test_cse_and_stack_maintains_expression_equivalence" time="0.018" /><testcase classname="tests.odesystems.symbolic.test_symbolicode" name="test_create_ODE_system_strict" time="0.036" /><testcase classname="tests.odesystems.symbolic.test_symbolicode" name="test_create_ODE_system_nonstrict" time="0.044" /><testcase classname="tests.odesystems.symbolic.test_symbolicode" name="test_simple_strict_builds" time="0.196" /><testcase classname="tests.odesystems.symbolic.test_symbolicode" name="test_simple_nonstrict_builds" time="0.078" /><testcase classname="tests.odesystems.symbolic.test_symbolicode" name="test_solver_helper_cached" time="0.003" /><testcase classname="tests.odesystems.symbolic.test_symbolicode" name="test_observables_helper_available" time="0.002" /><testcase classname="tests.odesystems.symbolic.test_symbolicode" name="test_time_derivative_helper_available" time="0.009" /><testcase classname="tests.odesystems.symbolic.test_symbolicode.TestSympyStringEquivalence" name="test_generated_code_identical" time="0.103" /><testcase classname="tests.odesystems.symbolic.test_symbolicode.TestSympyStringEquivalence" name="test_hash_consistency" time="0.039" /><testcase classname="tests.odesystems.symbolic.test_symbolicode.TestSympyStringEquivalence" name="test_observables_equivalence" time="0.087" /><testcase classname="tests.odesystems.symbolic.test_time_derivative" name="test_time_derivative_factory_structure" time="0.017" /><testcase classname="tests.odesystems.symbolic.test_time_derivative" name="test_time_derivative_helper_matches_reference[0.0]" time="0.477" /><testcase classname="tests.odesystems.symbolic.test_time_derivative" name="test_time_derivative_helper_matches_reference[1.0]" time="0.436" /><testcase classname="tests.odesystems.symbolic.test_time_derivative" name="test_time_derivative_helper_matches_reference[2.0]" time="0.437" /><testcase classname="tests.odesystems.symbolic.test_time_derivative" name="test_time_derivative_helper_matches_reference[10.0]" time="0.439" /><testcase classname="tests.odesystems.test_SystemValues" name="test_init_edge_cases" time="0.001" /><testcase classname="tests.odesystems.test_SystemValues" name="test_param_array_and_indices_match_supplied_dict" time="0.002" /><testcase classname="tests.odesystems.test_SystemValues" name="test_get_index_of_key" time="0.011" /><testcase classname="tests.odesystems.test_SystemValues" name="test_get_indices" time="0.017" /><testcase classname="tests.odesystems.test_SystemValues" name="test_get_values_edge_cases" time="0.002" /><testcase classname="tests.odesystems.test_SystemValues" name="test_set_values_edge_cases" time="0.002" /><testcase classname="tests.odesystems.test_SystemValues" name="test_get_values_and_set_values" time="0.003" /><testcase classname="tests.odesystems.test_SystemValues" name="test_update_from_dict" time="0.003" /><testcase classname="tests.odesystems.test_SystemValues" name="test_indexing_as_array_or_dict" time="0.005" /><testcase classname="tests.odesystems.test_SystemValues" name="test_init_with_invalid_precision" time="0.001" /><testcase classname="tests.odesystems.test_SystemValues" name="test_set_values_with_mismatched_lengths" time="0.001" /><testcase classname="tests.odesystems.test_SystemValues" name="test_set_values_with_non_list_values" time="0.001" /><testcase classname="tests.odesystems.test_SystemValues" name="test_update_from_dict_with_empty_dict" time="0.001" /><testcase classname="tests.odesystems.test_SystemValues" name="test_init_with_conflicting_keys" time="0.002" /><testcase classname="tests.odesystems.test_SystemValues" name="test_with_large_dictionary" time="0.011" /><testcase classname="tests.outputhandling.summarymetrics.test_summary_metrics" name="test_register_metrics_success" time="0.004" /><testcase classname="tests.outputhandling.summarymetrics.test_summary_metrics" name="test_register_metric_duplicate_name_raises_error" time="0.010" /><testcase classname="tests.outputhandling.summarymetrics.test_summary_metrics" name="test_buffer_offsets_returns_correct_tuple" time="0.005" /><testcase classname="tests.outputhandling.summarymetrics.test_summary_metrics" name="test_output_offsets_returns_correct_tuple" time="0.003" /><testcase classname="tests.outputhandling.summarymetrics.test_summary_metrics" name="test_buffer_sizes_returns_correct_tuple" time="0.006" /><testcase classname="tests.outputhandling.summarymetrics.test_summary_metrics" name="test_output_sizes_returns_correct_tuple" time="0.004" /><testcase classname="tests.outputhandling.summarymetrics.test_summary_metrics" name="test_tuple_ordering_alignment" time="0.005" /><testcase classname="tests.outputhandling.summarymetrics.test_summary_metrics" name="test_parametrized_metric_with_valid_parameter" time="0.004" /><testcase classname="tests.outputhandling.summarymetrics.test_summary_metrics" name="test_parametrized_metric_without_parameter_raises_error" time="0.009" /><testcase classname="tests.outputhandling.summarymetrics.test_summary_metrics" name="test_parametrized_metric_with_invalid_parameter_raises_error" time="0.013" /><testcase classname="tests.outputhandling.summarymetrics.test_summary_metrics" name="test_invalid_metric_name_raises_warning" time="0.004" /><testcase classname="tests.outputhandling.summarymetrics.test_summary_metrics" name="test_mixed_valid_invalid_metrics_with_warning" time="0.003" /><testcase classname="tests.outputhandling.summarymetrics.test_summary_metrics" name="test_empty_request_returns_empty_tuple" time="0.005" /><testcase classname="tests.outputhandling.summarymetrics.test_summary_metrics" name="test_parse_string_for_params_valid_formats" time="0.004" /><testcase classname="tests.outputhandling.summarymetrics.test_summary_metrics" name="test_parse_string_for_params_invalid_formats" time="0.016" /><testcase classname="tests.outputhandling.summarymetrics.test_summary_metrics" name="test_save_functions_returns_correct_tuple" time="0.004" /><testcase classname="tests.outputhandling.summarymetrics.test_summary_metrics" name="test_update_functions_returns_correct_tuple" time="0.005" /><testcase classname="tests.outputhandling.summarymetrics.test_summary_metrics" name="test_complex_parameter_scenarios" time="0.004" /><testcase classname="tests.outputhandling.summarymetrics.test_summary_metrics" name="test_edge_case_bracket_parsing" time="0.006" /><testcase classname="tests.outputhandling.summarymetrics.test_summary_metrics" name="test_real_metrics_integration" time="0.002" /><testcase classname="tests.outputhandling.summarymetrics.test_summary_metrics" name="test_combined_metrics_mean_std_rms_all_three" time="0.003" /><testcase classname="tests.outputhandling.summarymetrics.test_summary_metrics" name="test_combined_metrics_mean_std" time="0.002" /><testcase classname="tests.outputhandling.summarymetrics.test_summary_metrics" name="test_combined_metrics_std_rms" time="0.002" /><testcase classname="tests.outputhandling.summarymetrics.test_summary_metrics" name="test_combined_metrics_mean_rms" time="0.002" /><testcase classname="tests.outputhandling.summarymetrics.test_summary_metrics" name="test_combined_metrics_max_min" time="0.002" /><testcase classname="tests.outputhandling.summarymetrics.test_summary_metrics" name="test_combined_metrics_single_mean_not_substituted" time="0.002" /><testcase classname="tests.outputhandling.summarymetrics.test_summary_metrics" name="test_combined_metrics_single_std_not_substituted" time="0.002" /><testcase classname="tests.outputhandling.summarymetrics.test_summary_me
[...]
ests.memory.test_memmgmt.TestMemoryManager" name="test_allocate_queue_single_instance" time="0.005" /><testcase classname="tests.memory.test_memmgmt.TestMemoryManager" name="test_allocate_queue_multiple_instances_group_limit" time="0.005" /><testcase classname="tests.memory.test_memmgmt.TestMemoryManager" name="test_allocate_queue_multiple_instances_instance_limit[fixed_mem_override0-instance-run]" time="0.006" /><testcase classname="tests.memory.test_memmgmt.TestMemoryManager" name="test_allocate_queue_multiple_instances_instance_limit[fixed_mem_override1-group-run]" time="0.006" /><testcase classname="tests.memory.test_memmgmt.TestMemoryManager" name="test_allocate_queue_multiple_instances_instance_limit[fixed_mem_override2-instance-time]" time="0.006" /><testcase classname="tests.memory.test_memmgmt.TestMemoryManager" name="test_allocate_queue_multiple_instances_instance_limit[fixed_mem_override3-group-time]" time="0.006" /><testcase classname="tests.memory.test_memmgmt.TestMemoryManager" name="test_allocate_queue_empty_queue" time="0.004" /><testcase classname="tests.memory.test_memmgmt.TestMemoryManager" name="test_is_grouped" time="0.005" /><testcase classname="tests.memory.test_memmgmt.TestMemoryManager" name="test_get_available_single_low_memory_warning[fixed_mem_override0]" time="0.005" /><testcase classname="tests.memory.test_memmgmt.TestMemoryManager" name="test_get_available_group_low_memory_warning[fixed_mem_override0]" time="0.005" /><testcase classname="tests.memory.test_memmgmt.TestMemoryManager" name="test_to_device" time="0.007" /><testcase classname="tests.memory.test_memmgmt.TestMemoryManager" name="test_from_device" time="0.007" /><testcase classname="tests.memory.test_memmgmt" name="test_get_total_request_size" time="0.001" /><testcase classname="tests.memory.test_memmgmt" name="test_ensure_cuda_context" time="0.001" /><testcase classname="tests.memory.test_memmgmt" name="test_ensure_cuda_context_simulation" time="0.009" /><testcase classname="tests.test_time_logger" name="test_timelogger_default_mode_printing" time="78.546" /><testcase classname="tests.integrators.matrix_free_solvers.test_newton_krylov" name="test_newton_krylov_symbolic[1-linear]" time="14.147" /><testcase classname="tests.integrators.loops.test_ode_loop" name="test_loop[backwards_euler]" time="85.136" /><testcase classname="tests.integrators.matrix_free_solvers.test_newton_krylov" name="test_newton_krylov_symbolic[1-nonlinear]" time="16.860" /><testcase classname="tests.integrators.matrix_free_solvers.test_newton_krylov" name="test_newton_krylov_symbolic[1-stiff]" time="13.523" /><testcase classname="tests.integrators.matrix_free_solvers.test_newton_krylov" name="test_newton_krylov_symbolic[1-coupled_linear]" time="18.684" /><testcase classname="tests.integrators.algorithms.test_step_algorithms" name="test_algorithm[crank_nicolson]" time="1.451" /><testcase classname="tests.integrators.matrix_free_solvers.test_newton_krylov" name="test_newton_krylov_symbolic[1-coupled_nonlinear]" time="19.684" /><testcase classname="tests.batchsolving.test_SolverKernel" name="test_bogus_update_fails" time="0.052" /><testcase classname="tests.batchsolving.test_SolverKernel.TestActiveOutputsFromCompileFlags" name="test_all_flags_true" time="0.001" /><testcase classname="tests.batchsolving.test_SolverKernel.TestActiveOutputsFromCompileFlags" name="test_all_flags_false" time="0.001" /><testcase classname="tests.batchsolving.test_SolverKernel.TestActiveOutputsFromCompileFlags" name="test_status_codes_always_true" time="0.001" /><testcase classname="tests.batchsolving.test_SolverKernel.TestActiveOutputsFromCompileFlags" name="test_partial_flags" time="0.001" /><testcase classname="tests.batchsolving.test_batch_grid_builder" name="test_combinatorial_and_verbatim_grid" time="0.011" /><testcase classname="tests.integrators.loops.test_ode_loop" name="test_all_summary_metrics_numerical_check[no combos]" time="59.836" /><testcase classname="tests.integrators.matrix_free_solvers.test_newton_krylov" name="test_newton_krylov_symbolic[2-linear]" time="14.893" /><testcase classname="tests.batchsolving.test_config_plumbing" name="test_comprehensive_config_plumbing[rk23-gustafsson]" time="56.572" /><testcase classname="tests.integrators.loops.test_ode_loop" name="test_large_t0_with_small_steps[float64]" time="15.950" /><testcase classname="tests.integrators.step_control.test_controller_equivalence_sequences.TestControllerEquivalence" name="test_sequential_acceptance_matches[pi]" time="4.564" /><testcase classname="tests.integrators.step_control.test_controller_equivalence_sequences.TestControllerEquivalence" name="test_rejection_retains_previous_state[pi]" time="0.607" /><testcase classname="tests.integrators.loops.test_ode_loop" name="test_adaptive_controller_with_float32[]" time="142.914" /><testcase classname="tests.integrators.matrix_free_solvers.test_newton_krylov" name="test_newton_krylov_symbolic[2-nonlinear]" time="17.701" /><testcase classname="tests.integrators.matrix_free_solvers.test_newton_krylov" name="test_newton_krylov_symbolic[2-stiff]" time="13.323" /><testcase classname="tests.integrators.loops.test_ode_loop" name="test_save_at_settling_time_boundary[solver_settings_override0]" time="21.743" /><testcase classname="tests.integrators.matrix_free_solvers.test_linear_solver" name="test_neumann_preconditioner[linear-1-]" time="1.742" /><testcase classname="tests.integrators.matrix_free_solvers.test_linear_solver" name="test_neumann_preconditioner[linear-2-]" time="1.631" /><testcase classname="tests.integrators.step_control.test_controller_equivalence_sequences.TestControllerEquivalence" name="test_sequential_acceptance_matches[i]" time="4.713" /><testcase classname="tests.integrators.test_SingleIntegratorRun.TestSingleIntegratorRun" name="test_build_getters_and_equivalence[solver_settings_override1]" time="30.502" /><testcase classname="tests.integrators.step_control.test_controller_equivalence_sequences.TestControllerEquivalence" name="test_rejection_retains_previous_state[i]" time="0.795" /><testcase classname="tests.integrators.step_control.test_controllers" name="test_pi_controller_uses_tableau_order[solver_settings_override0]" time="1.618" /><testcase classname="tests.integrators.matrix_free_solvers.test_newton_krylov" name="test_newton_krylov_symbolic[2-coupled_linear]" time="9.953" /><testcase classname="tests.outputhandling.test_output_functions" name="test_memory_types[local_mem]" time="6.135" /><testcase classname="tests.outputhandling.test_output_functions" name="test_input_value_ranges[tiny_values]" time="1.669" /><testcase classname="tests.outputhandling.test_output_functions" name="test_no_summarys[state_obs]" time="1.742" /><testcase classname="tests.integrators.matrix_free_solvers.test_newton_krylov" name="test_newton_krylov_symbolic[2-coupled_nonlinear]" time="15.263" /><testcase classname="tests.outputhandling.test_output_functions" name="test_various_summaries[basic_summaries]" time="5.678" /><testcase classname="tests.batchsolving.test_config_plumbing" name="test_comprehensive_config_plumbing[rk45-pid]" time="60.432" /><testcase classname="tests.outputhandling.test_output_functions" name="test_big_and_small_systems[1_1]" time="1.570" /><testcase classname="tests.outputhandling.test_output_functions" name="test_frequent_summaries[output_test_settings_overrides0]" time="1.644" /><testcase classname="tests.outputhandling.test_output_sizes.TestSingleRunOutputSizes" name="test_from_solver_with_nonzero[solver_settings_override0]" time="0.187" /><testcase classname="tests.outputhandling.test_output_sizes.TestIntegrationScenarios" name="test_edge_case_all_zeros_with_nonzero[solver_settings_override0]" time="0.245" /><testcase classname="tests.batchsolving.arrays.test_batchinputarrays" name="test_input_arrays_with_different_configs[input_test_overrides0]" time="0.443" /><testcase classname="tests.batchsolving.arrays.test_batchinputarrays" name="test_input_arrays_with_different_configs[input_test_overrides1]" time="0.007" /><testcase classname="tests.batchsolving.arrays.test_batchinputarrays" name="test_input_arrays_with_different_configs[input_test_overrides2]" time="0.006" /><testcase classname="tests.batchsolving.arrays.test_batchinputarrays" name="test_input_arrays_with_different_systems[solver_settings_override2]" time="0.532" /><testcase classname="tests.batchsolving.arrays.test_batchoutputarrays" name="test_output_arrays_with_different_systems[solver_settings_override2]" time="0.386" /><testcase classname="tests.integrators.algorithms.test_step_algorithms" name="test_two_steps[backwards_euler_pc]" time="45.956" /><testcase classname="tests.integrators.matrix_free_solvers.test_newton_krylov" name="test_newton_krylov_failure" time="4.093" /><testcase classname="tests.integrators.test_SingleIntegratorRun.TestSingleIntegratorRun" name="test_build_getters_and_equivalence[solver_settings_override0]" time="26.602" /><testcase classname="tests.odesystems.symbolic.test_solver_helpers" name="test_neumann_preconditioner_expression[1.0-1.0-0.25-0-]" time="0.407" /><testcase classname="tests.odesystems.symbolic.test_solver_helpers" name="test_neumann_preconditioner_expression[1.0-1.0-0.25-1-]" time="0.390" /><testcase classname="tests.odesystems.symbolic.test_solver_helpers" name="test_neumann_preconditioner_expression[1.0-1.0-0.25-2-]" time="0.378" /><testcase classname="tests.odesystems.symbolic.test_solver_helpers" name="test_neumann_preconditioner_expression[0.5-2.0-0.1-3-]" time="0.380" /><testcase classname="tests.integrators.matrix_free_solvers.test_newton_krylov" name="test_newton_krylov_max_newton_iters_exceeded" time="5.312" /><testcase classname="tests.integrators.matrix_free_solvers.test_newton_krylov" name="test_newton_krylov_linear_solver_failure_propagates" time="4.065" /><testcase classname="tests.outputhandling.test_output_functions" name="test_all_summaries_long_run[large_dataset-float32]" time="9.468" /><testcase classname="tests.integrators.step_control.test_controllers.TestControllers" name="test_controller_builds[i]" time="0.019" /><testcase classname="tests.integrators.step_control.test_controllers.TestControllers" name="test_dt_clamps[max_limit-i]" time="0.479" /><testcase classname="tests.integrators.step_control.test_controllers.TestControllers" name="test_dt_clamps[min_limit-i]" time="0.478" /><testcase classname="tests.outputhandling.test_output_functions" name="test_all_summaries_long_window[large_dataset-solver_settings_override0]" time="9.034" /><testcase classname="tests.integrators.loops.test_ode_loop" name="test_loop[crank_nicolson]" time="121.394" /><testcase classname="tests.integrators.step_control.test_controller_equivalence_sequences.TestControllerEquivalence" name="test_sequential_acceptance_matches[gustafsson]" time="4.896" /><testcase classname="tests.integrators.step_control.test_controller_equivalence_sequences.TestControllerEquivalence" name="test_rejection_retains_previous_state[gustafsson]" time="0.815" /><testcase classname="tests.integrators.algorithms.test_step_algorithms" name="test_two_steps[rosenbrock]" time="63.622" /><testcase classname="tests.integrators.algorithms.test_step_algorithms" name="test_against_euler[backwards_euler_pc]" time="28.308" /><testcase classname="tests.batchsolving.test_config_plumbing" name="test_comprehensive_config_plumbing[dopri54-pi]" time="49.045" /><testcase classname="tests.integrators.algorithms.test_step_algorithms" name="test_algorithm[backwards_euler_pc]" time="0.461" /><testcase classname="tests.integrators.algorithms.test_last_step_caching_integration" name="test_firk_last_step_caching_properties" time="0.001" /><testcase classname="tests.integrators.algorithms.test_rosenbrock_tableaus" name="test_rosenbrock_registry_contains_expected_tableaus" time="0.001" /><testcase classname="tests.integrators.algorithms.test_rosenbrock_tableaus" name="test_rosenbrock_step_function_accepts_registry_key" time="0.039" /><testcase classname="tests.integrators.algorithms.test_step_algorithms" name="test_algorithm_factory_resolves_tableau_alias[erk]" time="0.004" /><testcase classname="tests.integrators.algorithms.test_step_algorithms" name="test_algorithm_factory_resolves_tableau_alias[dirk]" time="0.005" /><testcase classname="tests.integrators.algorithms.test_step_algorithms" name="test_algorithm_factory_resolves_tableau_alias[firk]" time="0.009" /><testcase classname="tests.integrators.algorithms.test_step_algorithms" name="test_algorithm_factory_resolves_tableau_alias[rosenbrock]" time="0.004" /><testcase classname="tests.integrators.algorithms.test_step_algorithms" name="test_cpu_reference_resolves_tableau_alias[erk]" time="0.004" /><testcase classname="tests.integrators.algorithms.test_step_algorithms" name="test_cpu_reference_resolves_tableau_alias[dirk]" time="0.005" /><testcase classname="tests.integrators.algorithms.test_step_algorithms" name="test_cpu_reference_resolves_tableau_alias[firk]" time="0.004" /><testcase classname="tests.integrators.algorithms.test_step_algorithms" name="test_cpu_reference_resolves_tableau_alias[rosenbrock]" time="0.004" /><testcase classname="tests.integrators.algorithms.test_step_algorithms" name="test_tableau_controller_defaults[ERKStep-tableau0-expected_dict0]" time="0.003" /><testcase classname="tests.integrators.algorithms.test_step_algorithms" name="test_tableau_controller_defaults[ERKStep-tableau1-expected_dict1]" time="0.003" /><testcase classname="tests.integrators.algorithms.test_step_algorithms" name="test_tableau_controller_defaults[ERKStep-tableau2-expected_dict2]" time="0.003" /><testcase classname="tests.integrators.algorithms.test_step_algorithms" name="test_tableau_controller_defaults[ERKStep-tableau3-expected_dict3]" time="0.002" /><testcase classname="tests.integrators.algorithms.test_step_algorithms" name="test_tableau_controller_defaults[DIRKStep-tableau4-expected_dict4]" time="0.003" /><testcase classname="tests.integrators.algorithms.test_step_algorithms" name="test_tableau_controller_defaults[FIRKStep-tableau5-expected_dict5]" time="0.004" /><testcase classname="tests.integrators.algorithms.test_step_algorithms" name="test_tableau_controller_defaults[GenericRosenbrockWStep-tableau6-expected_dict6]" time="0.002" /><testcase classname="tests.integrators.algorithms.test_tableau_properties" name="test_b_matches_a_row_radauiia5" time="0.001" /><testcase classname="tests.integrators.algorithms.test_tableau_properties" name="test_b_matches_a_row_ros3p_none" time="0.001" /><testcase classname="tests.integrators.algorithms.test_tableau_properties" name="test_b_hat_matches_a_row_none_when_no_b_hat" time="0.001" /><testcase classname="tests.integrators.algorithms.test_tableau_properties" name="test_floating_point_tolerance" time="0.001" /><testcase classname="tests.integrators.cpu_reference.test_cpu_utils" name="test_cpu_driver_evaluator_matches_gpu_time_alignment[float32-5e-06-5e-06]" time="0.548" /><testcase classname="tests.integrators.cpu_reference.test_cpu_utils" name="test_cpu_driver_evaluator_matches_gpu_time_alignment[float64-1e-12-1e-12]" time="0.570" /><testcase classname="tests.batchsolving.test_config_plumbing" name="test_comprehensive_config_plumbing[tsit5-pi]" time="48.836" /><testcase classname="tests.batchsolving.test_solver" name="test_solver_initialization" time="0.048" /><testcase classname="tests.batchsolving.test_solver" name="test_solver_properties" time="0.003" /><testcase classname="tests.batchsolving.test_solver" name="test_variable_indices_methods" time="0.003" /><testcase classname="tests.batchsolving.test_solver" name="test_saved_variables_properties" time="0.003" /><testcase classname="tests.batchsolving.test_solver" name="test_summarised_variables_properties" time="0.002" /><testcase classname="tests.batchsolving.test_solver" name="test_output_properties" time="0.003" /><testcase classname="tests.batchsolving.test_solver" name="test_solve_info_property" time="0.007" /><testcase classname="tests.batchsolving.test_solver" name="test_solve_basic" time="19.264" /><testcase classname="tests.batchsolving.test_solver" name="test_solve_with_different_grid_types" time="0.033" /><testcase classname="tests.batchsolving.test_solver" name="test_solve_with_different_result_types" time="0.047" /><testcase classname="tests.batchsolving.test_solver" name="test_update_basic" time="0.076" /><testcase classname="tests.batchsolving.test_solver" name="test_update_with_kwargs" time="0.081" /><testcase classname="tests.batchsolving.test_solver" name="test_update_unrecognized_keys" time="0.063" /><testcase classname="tests.batchsolving.test_solver" name="test_update_silent_mode" time="0.077" /><testcase classname="tests.batchsolving.test_solver" name="test_update_saved_variables" time="0.084" /><testcase classname="tests.batchsolving.test_solver" name="test_memory_settings_update" time="0.053" /><testcase classname="tests.integrators.algorithms.test_step_algorithms" name="test_against_euler[rosenbrock]" time="32.121" /><testcase classname="tests.integrators.algorithms.test_step_algorithms" name="test_algorithm[rosenbrock]" time="0.221" /><testcase classname="tests.integrators.loops.test_ode_loop" name="test_loop[rosenbrock]" time="81.987" /><testcase classname="tests.integrators.algorithms.test_step_algorithms" name="test_two_steps[erk]" time="9.778" /><testcase classname="tests.integrators.algorithms.test_step_algorithms" name="test_against_euler[erk]" time="4.055" /><testcase classname="tests.integrators.algorithms.test_step_algorithms" name="test_algorithm[erk]" time="0.110" /><testcase classname="tests.integrators.loops.test_ode_loop" name="test_loop[erk]" time="30.732" /><testcase classname="tests.integrators.algorithms.test_step_algorithms" name="test_two_steps[dirk]" time="127.517" /><testcase classname="tests.integrators.algorithms.test_step_algorithms" name="test_against_euler[dirk]" time="84.308" /><testcase classname="tests.integrators.algorithms.test_step_algorithms" name="test_algorithm[dirk]" time="0.221" /><testcase classname="tests.integrators.loops.test_ode_loop" name="test_loop[dirk]" time="121.046" /><testcase classname="tests.integrators.algorithms.test_step_algorithms" name="test_two_steps[firk]" time="74.077" /><testcase classname="tests.integrators.algorithms.test_step_algorithms" name="test_against_euler[firk]" time="37.066" /><testcase classname="tests.integrators.algorithms.test_step_algorithms" name="test_algorithm[firk]" time="1.313" /><testcase classname="tests.integrators.loops.test_ode_loop" name="test_loop[firk]" time="71.441" /><testcase classname="tests.integrators.algorithms.test_dirk_tableaus" name="test_dirk_tableau_registry_contains_expected_entries[implicit_midpoint]" time="0.002" /><testcase classname="tests.integrators.algorithms.test_dirk_tableaus" name="test_dirk_tableau_registry_contains_expected_entries[trapezoidal_dirk]" time="0.001" /><testcase classname="tests.integrators.algorithms.test_dirk_tableaus" name="test_dirk_tableau_registry_contains_expected_entries[lobatto_iiic_3]" time="0.001" /><testcase classname="tests.integrators.algorithms.test_dirk_tableaus" name="test_dirk_tableau_registry_contains_expected_entries[sdirk_2_2]" time="0.001" /><testcase classname="tests.integrators.algorithms.test_dirk_tableaus" name="test_dirk_tableau_default_matches_registry" time="0.001" /><testcase classname="tests.integrators.algorithms.test_dirk_tableaus" name="test_dirk_step_accepts_tableau_instance" time="0.004" /><testcase classname="tests.integrators.algorithms.test_generic_erk_tableaus" name="test_registry_contains_expected_tableaus" time="0.001" /><testcase classname="tests.integrators.algorithms.test_generic_erk_tableaus" name="test_default_tableau_is_registered" time="0.001" /><testcase classname="tests.integrators.algorithms.test_generic_erk_tableaus" name="test_step_accepts_registered_tableau[erk_step_settings_override0]" time="0.010" /></testsuite></testsuites>