============================= test session starts ==============================
platform linux -- Python 3.12.3, pytest-9.0.0, pluggy-1.6.0 -- /opt/venv/bin/python
cachedir: .pytest_cache
metadata: {'Python': '3.12.3', 'Platform': 'Linux-6.8.0-1024-aws-x86_64-with-glibc2.39', 'Packages': {'pytest': '9.0.0', 'pluggy': '1.6.0'}, 'Plugins': {'durations': '1.6.1', 'cov': '7.0.0', 'json-report': '1.5.0', 'metadata': '3.1.1'}}
rootdir: /workspace/repo
configfile: pyproject.toml
testpaths: tests
plugins: durations-1.6.1, cov-7.0.0, json-report-1.5.0, metadata-3.1.1
collecting ... collected 1307 items / 176 deselected / 1131 selected

tests/batchsolving/arrays/test_basearraymanager.py::TestArrayContainer::test_attach_existing_label PASSED
tests/batchsolving/arrays/test_basearraymanager.py::TestArrayContainer::test_attach_nonexistent_label PASSED
tests/batchsolving/arrays/test_basearraymanager.py::TestArrayContainer::test_delete_existing_label PASSED
tests/batchsolving/arrays/test_basearraymanager.py::TestArrayContainer::test_delete_nonexistent_label PASSED
tests/batchsolving/arrays/test_basearraymanager.py::TestArrayContainer::test_delete_all PASSED
tests/batchsolving/arrays/test_basearraymanager.py::TestBaseArrayManager::test_initialization PASSED
tests/batchsolving/arrays/test_basearraymanager.py::TestBaseArrayManager::test_register_with_memory_manager PASSED
tests/batchsolving/arrays/test_basearraymanager.py::TestBaseArrayManager::test_on_allocation_complete PASSED
tests/batchsolving/arrays/test_basearraymanager.py::TestBaseArrayManager::test_request_allocation_single_force PASSED
tests/batchsolving/arrays/test_basearraymanager.py::TestBaseArrayManager::test_request_allocation_group_force PASSED
tests/batchsolving/arrays/test_basearraymanager.py::TestBaseArrayManager::test_request_allocation_auto_single PASSED
tests/batchsolving/arrays/test_basearraymanager.py::TestBaseArrayManager::test_request_allocation_auto_group PASSED
tests/batchsolving/arrays/test_basearraymanager.py::TestBaseArrayManager::test_invalidate_hook_functionality PASSED
tests/batchsolving/arrays/test_basearraymanager.py::TestBaseArrayManager::test_arrays_equal_both_none PASSED
tests/batchsolving/arrays/test_basearraymanager.py::TestBaseArrayManager::test_arrays_equal_one_none PASSED
tests/batchsolving/arrays/test_basearraymanager.py::TestBaseArrayManager::test_arrays_equal_same_arrays PASSED
tests/batchsolving/arrays/test_basearraymanager.py::TestBaseArrayManager::test_arrays_equal_different_arrays PASSED
tests/batchsolving/arrays/test_basearraymanager.py::TestBaseArrayManager::test_arrays_equal_shape_only_same_shape PASSED
tests/batchsolving/arrays/test_basearraymanager.py::TestBaseArrayManager::test_arrays_equal_shape_only_different_shape PASSED
tests/batchsolving/arrays/test_basearraymanager.py::TestBaseArrayManager::test_arrays_equal_shape_only_3d PASSED
tests/batchsolving/arrays/test_basearraymanager.py::TestBaseArrayManager::test_arrays_equal_shape_only_different_dtype PASSED
tests/batchsolving/arrays/test_basearraymanager.py::TestBaseArrayManager::test_update_host_array_no_change PASSED
tests/batchsolving/arrays/test_basearraymanager.py::TestBaseArrayManager::test_update_host_array_shape_change PASSED
tests/batchsolving/arrays/test_basearraymanager.py::TestBaseArrayManager::test_update_host_array_zero_shape PASSED
tests/batchsolving/arrays/test_basearraymanager.py::TestBaseArrayManager::test_update_host_array_value_change PASSED
tests/batchsolving/arrays/test_basearraymanager.py::TestBaseArrayManager::test_chunk_placeholders PASSED
tests/batchsolving/arrays/test_basearraymanager.py::TestBaseArrayManager::test_initialize_device_zeros PASSED
tests/batchsolving/arrays/test_basearraymanager.py::TestCheckSizesAndTypes::test_check_type_returns_dict PASSED
tests/batchsolving/arrays/test_basearraymanager.py::TestCheckSizesAndTypes::test_check_type_all_correct PASSED
tests/batchsolving/arrays/test_basearraymanager.py::TestCheckSizesAndTypes::test_check_type_with_none_arrays PASSED
tests/batchsolving/arrays/test_basearraymanager.py::TestCheckSizesAndTypes::test_check_sizes_returns_dict PASSED
tests/batchsolving/arrays/test_basearraymanager.py::TestCheckSizesAndTypes::test_check_sizes_correct_shapes PASSED
tests/batchsolving/arrays/test_basearraymanager.py::TestCheckSizesAndTypes::test_check_sizes_wrong_shapes PASSED
tests/batchsolving/arrays/test_basearraymanager.py::TestCheckSizesAndTypes::test_check_sizes_with_chunking PASSED
tests/batchsolving/arrays/test_basearraymanager.py::TestCheckSizesAndTypes::test_check_sizes_invalid_location PASSED
tests/batchsolving/arrays/test_basearraymanager.py::TestCheckIncomingArrays::test_check_incoming_arrays_all_pass PASSED
tests/batchsolving/arrays/test_basearraymanager.py::TestCheckIncomingArrays::test_check_incoming_arrays_size_fail PASSED
tests/batchsolving/arrays/test_basearraymanager.py::TestCheckIncomingArrays::test_check_incoming_arrays_type_fail PASSED
tests/batchsolving/arrays/test_basearraymanager.py::TestAttachExternalArrays::test_attach_external_arrays_success PASSED
tests/batchsolving/arrays/test_basearraymanager.py::TestAttachExternalArrays::test_attach_external_arrays_with_failures PASSED
tests/batchsolving/arrays/test_basearraymanager.py::TestUpdateHostArrays::test_update_host_arrays_success PASSED
tests/batchsolving/arrays/test_basearraymanager.py::TestUpdateHostArrays::test_update_host_arrays_shape_change PASSED
tests/batchsolving/arrays/test_basearraymanager.py::TestUpdateHostArrays::test_update_host_arrays_size_mismatch PASSED
tests/batchsolving/arrays/test_basearraymanager.py::TestUpdateHostArrays::test_update_host_arrays_nonexistent_array PASSED
tests/batchsolving/arrays/test_basearraymanager.py::TestUpdateHostArrays::test_update_host_arrays_no_change PASSED
tests/batchsolving/arrays/test_basearraymanager.py::TestUpdateSizes::test_update_sizes_success PASSED
tests/batchsolving/arrays/test_basearraymanager.py::TestUpdateSizes::test_update_sizes_wrong_type PASSED
tests/batchsolving/arrays/test_basearraymanager.py::TestMemoryManagerIntegration::test_memory_manager_registration PASSED
tests/batchsolving/arrays/test_basearraymanager.py::TestMemoryManagerIntegration::test_memory_manager_proportion_handling[arraytest_overrides0] PASSED
tests/batchsolving/arrays/test_basearraymanager.py::TestMemoryManagerIntegration::test_memory_manager_proportion_handling[arraytest_overrides1] PASSED
tests/batchsolving/arrays/test_basearraymanager.py::TestMemoryManagerIntegration::test_memory_manager_proportion_handling[arraytest_overrides2] PASSED
tests/batchsolving/arrays/test_basearraymanager.py::TestMemoryManagerIntegration::test_stream_group_management[arraytest_overrides0] PASSED
tests/batchsolving/arrays/test_basearraymanager.py::TestMemoryManagerIntegration::test_stream_group_management[arraytest_overrides1] PASSED
tests/batchsolving/arrays/test_basearraymanager.py::TestMemoryManagerIntegration::test_allocation_with_settings PASSED
tests/batchsolving/arrays/test_basearraymanager.py::test_array_manager_with_different_configs[arraytest_overrides0] PASSED
tests/batchsolving/arrays/test_basearraymanager.py::test_array_manager_with_different_configs[arraytest_overrides1] PASSED
tests/batchsolving/arrays/test_basearraymanager.py::test_array_manager_with_different_configs[arraytest_overrides2] PASSED
tests/batchsolving/arrays/test_basearraymanager.py::test_array_manager_with_different_configs[arraytest_overrides3] PASSED
tests/batchsolving/arrays/test_basearraymanager.py::test_allocation_response_matches_settings[arraytest_overrides0] PASSED
tests/batchsolving/arrays/test_basearraymanager.py::test_allocation_response_matches_settings[arraytest_overrides1] PASSED
tests/batchsolving/arrays/test_basearraymanager.py::test_memory_integration_with_settings[arraytest_overrides0] PASSED
tests/batchsolving/arrays/test_basearraymanager.py::test_memory_integration_with_settings[arraytest_overrides1] PASSED
tests/batchsolving/arrays/test_batchinputarrays.py::TestInputArrayContainer::test_container_arrays_after_init PASSED
tests/batchsolving/arrays/test_batchinputarrays.py::TestInputArrayContainer::test_container_stride_order PASSED
tests/batchsolving/arrays/test_batchinputarrays.py::TestInputArrayContainer::test_host_factory PASSED
tests/batchsolving/arrays/test_batchinputarrays.py::TestInputArrayContainer::test_device_factory PASSED
tests/batchsolving/arrays/test_batchinputarrays.py::TestInputArrays::test_initialization_container_types PASSED
tests/batchsolving/arrays/test_batchinputarrays.py::TestInputArrays::test_from_solver_factory PASSED
tests/batchsolving/arrays/test_batchinputarrays.py::TestInputArrays::test_allocation_and_getters_not_none PASSED
tests/batchsolving/arrays/test_batchinputarrays.py::TestInputArrays::test_call_method_updates_host_arrays PASSED
tests/batchsolving/arrays/test_batchinputarrays.py::TestInputArrays::test_call_method_size_change_triggers_reallocation PASSED
tests/batchsolving/arrays/test_batchinputarrays.py::TestInputArrays::test_update_from_solver PASSED
tests/batchsolving/arrays/test_batchinputarrays.py::TestInputArrays::test_initialise_method PASSED
tests/batchsolving/arrays/test_batchinputarrays.py::TestInputArrays::test_dtype[float32] PASSED
tests/batchsolving/arrays/test_batchoutputarrays.py::test_dtype[float32] PASSED
tests/batchsolving/test_batch_grid_builder.py::test_grid_builder_precision_enforcement[float32] PASSED
tests/batchsolving/test_solver.py::test_solver_stores_time_as_float64[-float32] PASSED
tests/integrators/loops/test_ode_loop.py::test_float32_small_timestep_accumulation[-] PASSED
tests/integrators/loops/test_ode_loop.py::test_large_t0_with_small_steps[-float32] PASSED
tests/integrators/loops/test_ode_loop.py::test_adaptive_controller_with_float32[solver_settings_override0-] PASSED
tests/integrators/loops/test_ode_loop.py::test_save_at_settling_time_boundary[solver_settings_override0-float32] PASSED
tests/batchsolving/arrays/test_batchoutputarrays.py::test_output_arrays_with_different_systems[three_chamber-solver_settings_override0] PASSED
tests/batchsolving/test_SolverKernel.py::test_run[smoke_test] [[[0 0 0 0 0 0]
  [0 0 0 0 0 0]
  [0 0 0 0 0 0]
  [0 0 0 0 0 0]]

 [[0 0 0 0 0 0]
  [0 0 0 0 0 0]
  [0 0 0 0 0 0]
  [0 0 0 0 0 0]]

 [[0 0 0 0 0 0]
  [0 0 0 0 0 0]
  [0 0 0 0 0 0]
  [0 0 0 0 0 0]]

 [[0 0 0 0 0 0]
  [0 0 0 0 0 0]
  [0 0 0 0 0 0]
  [0 0 0 0 0 0]]]
PASSED
tests/batchsolving/test_solver.py::test_solve_basic[default_system] PASSED
tests/batchsolving/test_solveresult.py::TestSolveResultFromSolver::test_time_domain_legend_from_solver[linear-solver_settings_override0] PASSED
tests/integrators/algorithms/test_rosenbrock_tableaus.py::test_rosenbrock_step_accepts_registry_tableau[solver_settings_override0-system_override0] PASSED
tests/integrators/algorithms/test_step_algorithms.py::test_against_euler[euler--] PASSED
tests/integrators/loops/test_ode_loop.py::test_all_summary_metrics_numerical_check[mean--] [[0 0 0 0]
 [0 0 0 0]
 [0 0 0 0]
 [0 0 0 0]
 [0 0 0 0]
 [0 0 0 0]
 [0 0 0 0]
 [0 0 0 0]
 [0 0 0 0]
 [0 0 0 0]
 [0 0 0 0]
 [0 0 0 0]
 [0 0 0 0]
 [0 0 0 0]
 [0 0 0 0]
 [0 0 0 0]
 [0 0 0 0]
 [0 0 0 0]
 [0 0 0 0]
 [0 0 0 0]
 [0 0 0 0]]
PASSED
tests/integrators/step_control/test_controller_equivalence_sequences.py::TestControllerEquivalence::test_sequential_acceptance_matches[three_chamber-solver_settings_override0-i] PASSED
tests/integrators/step_control/test_controller_equivalence_sequences.py::TestControllerEquivalence::test_rejection_retains_previous_state[three_chamber-solver_settings_override0-i] PASSED
tests/integrators/algorithms/test_step_algorithms.py::test_against_euler[backwards_euler--] PASSED
tests/integrators/loops/test_ode_loop.py::test_all_summary_metrics_numerical_check[max--] [[0 0 0 0]
 [0 0 0 0]
 [0 0 0 0]
 [0 0 0 0]
 [0 0 0 0]
 [0 0 0 0]
 [0 0 0 0]
 [0 0 0 0]
 [0 0 0 0]
 [0 0 0 0]
 [0 0 0 0]
 [0 0 0 0]
 [0 0 0 0]
 [0 0 0 0]
 [0 0 0 0]
 [0 0 0 0]
 [0 0 0 0]
 [0 0 0 0]
 [0 0 0 0]
 [0 0 0 0]
 [0 0 0 0]]
PASSED
tests/integrators/algorithms/test_step_algorithms.py::test_stage_cache_reuse[erk-ralston-33-cache-] PASSED
tests/integrators/algorithms/test_step_algorithms.py::test_algorithm[backwards_euler-] PASSED
tests/integrators/loops/test_ode_loop.py::test_loop[backwards_euler-] [[0 0 0 0]
 [0 0 0 0]
 [0 0 0 0]
 [0 0 0 0]
 [0 0 0 0]
 [0 0 0 0]
 [0 0 0 0]
 [0 0 0 0]
 [0 0 0 0]
 [0 0 0 0]
 [0 0 0 0]]
PASSED
tests/batchsolving/test_SolverKernel.py::test_run[fire_test] [[[0 0 0 0 0 0]
  [0 0 0 0 0 0]
  [0 0 0 0 0 0]
  [0 0 0 0 0 0]]

 [[0 0 0 0 0 0]
  [0 0 0 0 0 0]
  [0 0 0 0 0 0]
  [0 0 0 0 0 0]]

 [[0 0 0 0 0 0]
  [0 0 0 0 0 0]
  [0 0 0 0 0 0]
  [0 0 0 0 0 0]]

 [[0 0 0 0 0 0]
  [0 0 0 0 0 0]
  [0 0 0 0 0 0]
  [0 0 0 0 0 0]]]
PASSED
tests/batchsolving/test_solver.py::test_solve_basic[three_chamber_system] PASSED
tests/batchsolving/arrays/test_batchoutputarrays.py::test_output_arrays_with_different_systems[stiff-solver_settings_override0] PASSED
tests/batchsolving/arrays/test_batchinputarrays.py::test_input_arrays_with_different_systems[stiff] PASSED
tests/batchsolving/test_solver.py::test_solver_with_different_systems[stiff] PASSED
tests/integrators/test_SingleIntegratorRun.py::TestSingleIntegratorRun::test_build_getters_and_equivalence[solver_settings_override1] [[0 0 0 0]
 [0 0 0 0]
 [0 0 0 0]
 [0 0 0 0]]
PASSED
tests/integrators/algorithms/test_step_algorithms.py::test_against_euler[backwards_euler_pc--] PASSED
tests/integrators/loops/test_ode_loop.py::test_all_summary_metrics_numerical_check[rms--] [[0 0 0 0]
 [0 0 0 0]
 [0 0 0 0]
 [0 0 0 0]
 [0 0 0 0]
 [0 0 0 0]
 [0 0 0 0]
 [0 0 0 0]
 [0 0 0 0]
 [0 0 0 0]
 [0 0 0 0]
 [0 0 0 0]
 [0 0 0 0]
 [0 0 0 0]
 [0 0 0 0]
 [0 0 0 0]
 [0 0 0 0]
 [0 0 0 0]
 [0 0 0 0]
 [0 0 0 0]
 [0 0 0 0]]
PASSED
tests/integrators/algorithms/test_step_algorithms.py::test_stage_cache_reuse[dirk-trapezoidal-cache-] PASSED
tests/integrators/algorithms/test_step_algorithms.py::test_algorithm[backwards_euler_pc-] PASSED
tests/integrators/loops/test_ode_loop.py::test_loop[backwards_euler_pc-] [[0 0 0 0]
 [0 0 0 0]
 [0 0 0 0]
 [0 0 0 0]
 [0 0 0 0]
 [0 0 0 0]
 [0 0 0 0]
 [0 0 0 0]
 [0 0 0 0]
 [0 0 0 0]
 [0 0 0 0]]
PASSED
tests/integrators/algorithms/test_step_algorithms.py::test_against_euler[crank_nicolson--] PASSED
tests/integrators/loops/test_ode_loop.py::test_all_summary_metrics_numerical_check[peaks--] [[0 0 0 0]
 [0 0 0 0]
 [0 0 0 0]
 [0 0 0 0]
 [0 0 0 0]
 [0 0 0 0]
 [0 0 0 0]
 [0 0 0 0]
 [0 0 0 0]
 [0 0 0 0]
 [0 0 0 0]
 [0 0 0 0]
 [0 0 0 0]
 [0 0 0 0]
 [0 0 0 0]
 [0 0 0 0]
 [0 0 0 0]
 [0 0 0 0]
 [0 0 0 0]
 [0 0 0 0]
 [0 0 0 0]]
PASSED
tests/integrators/algorithms/test_step_algorithms.py::test_stage_cache_reuse[dirk-sdirk-2-2-cache-] PASSED
tests/integrators/algorithms/test_step_algorithms.py::test_algorithm[crank_nicolson-] PASSED
tests/integrators/algorithms/test_step_algorithms.py::test_against_euler[rosenbrock--] PASSED
tests/integrators/loops/test_ode_loop.py::test_all_summary_metrics_numerical_check[std--] [[0 0 0 0]
 [0 0 0 0]
 [0 0 0 0]
 [0 0 0 0]
 [0 0 0 0]
 [0 0 0 0]
 [0 0 0 0]
 [0 0 0 0]
 [0 0 0 0]
 [0 0 0 0]
 [0 0 0 0]
 [0 0 0 0]
 [0 0 0 0]
 [0 0 0 0]
 [0 0 0 0]
 [0 0 0 0]
 [0 0 0 0]
 [0 0 0 0]
 [0 0 0 0]
 [0 0 0 0]
 [0 0 0 0]]
PASSED
tests/integrators/algorithms/test_step_algorithms.py::test_stage_cache_reuse[rosenbrock-ros3p-cache-] PASSED
tests/integrators/algorithms/test_step_algorithms.py::test_algorithm[rosenbrock-] PASSED
tests/integrators/loops/test_ode_loop.py::test_loop[crank_nicolson_pi-] [[0 0 0 0]
 [0 0 0 0]
 [0 0 0 0]
 [0 0 0 0]
 [0 0 0 0]
 [0 0 0 0]
 [0 0 0 0]
 [0 0 0 0]
 [0 0 0 0]
 [0 0 0 0]
 [0 0 0 0]]
PASSED
tests/integrators/algorithms/test_step_algorithms.py::test_against_euler[erk--] PASSED
tests/integrators/loops/test_ode_loop.py::test_all_summary_metrics_numerical_check[min--] [[0 0 0 0]
 [0 0 0 0]
 [0 0 0 0]
 [0 0 0 0]
 [0 0 0 0]
 [0 0 0 0]
 [0 0 0 0]
 [0 0 0 0]
 [0 0 0 0]
 [0 0 0 0]
 [0 0 0 0]
 [0 0 0 0]
 [0 0 0 0]
 [0 0 0 0]
 [0 0 0 0]
 [0 0 0 0]
 [0 0 0 0]
 [0 0 0 0]
 [0 0 0 0]
 [0 0 0 0]
 [0 0 0 0]]
PASSED
tests/integrators/algorithms/test_step_algorithms.py::test_algorithm[erk-] PASSED
tests/integrators/algorithms/test_step_algorithms.py::test_against_euler[dirk--] PASSED
tests/integrators/loops/test_ode_loop.py::test_all_summary_metrics_numerical_check[max_magnitude--] [[0 0 0 0]
 [0 0 0 0]
 [0 0 0 0]
 [0 0 0 0]
 [0 0 0 0]
 [0 0 0 0]
 [0 0 0 0]
 [0 0 0 0]
 [0 0 0 0]
 [0 0 0 0]
 [0 0 0 0]
 [0 0 0 0]
 [0 0 0 0]
 [0 0 0 0]
 [0 0 0 0]
 [0 0 0 0]
 [0 0 0 0]
 [0 0 0 0]
 [0 0 0 0]
 [0 0 0 0]
 [0 0 0 0]]
PASSED
tests/integrators/algorithms/test_step_algorithms.py::test_algorithm[dirk-] PASSED
tests/integrators/algorithms/test_step_algorithms.py::test_against_euler[firk--] PASSED
tests/integrators/loops/test_ode_loop.py::test_all_summary_metrics_numerical_check[extrema--] [[0 0 0 0]
 [0 0 0 0]
 [0 0 0 0]
 [0 0 0 0]
 [0 0 0 0]
 [0 0 0 0]
 [0 0 0 0]
 [0 0 0 0]
 [0 0 0 0]
 [0 0 0 0]
 [0 0 0 0]
 [0 0 0 0]
 [0 0 0 0]
 [0 0 0 0]
 [0 0 0 0]
 [0 0 0 0]
 [0 0 0 0]
 [0 0 0 0]
 [0 0 0 0]
 [0 0 0 0]
 [0 0 0 0]]
PASSED
tests/integrators/algorithms/test_step_algorithms.py::test_algorithm[firk-] PASSED
tests/integrators/loops/test_ode_loop.py::test_loop[erk-] [[0 0 0 0]
 [0 0 0 0]
 [0 0 0 0]
 [0 0 0 0]
 [0 0 0 0]
 [0 0 0 0]
 [0 0 0 0]
 [0 0 0 0]
 [0 0 0 0]
 [0 0 0 0]
 [0 0 0 0]]
PASSED
tests/integrators/loops/test_ode_loop.py::test_all_summary_metrics_numerical_check[negative_peaks--] [[0 0 0 0]
 [0 0 0 0]
 [0 0 0 0]
 [0 0 0 0]
 [0 0 0 0]
 [0 0 0 0]
 [0 0 0 0]
 [0 0 0 0]
 [0 0 0 0]
 [0 0 0 0]
 [0 0 0 0]
 [0 0 0 0]
 [0 0 0 0]
 [0 0 0 0]
 [0 0 0 0]
 [0 0 0 0]
 [0 0 0 0]
 [0 0 0 0]
 [0 0 0 0]
 [0 0 0 0]
 [0 0 0 0]]
PASSED
tests/integrators/loops/test_ode_loop.py::test_loop[firk-] [[0 0 0 0]
 [0 0 0 0]
 [0 0 0 0]
 [0 0 0 0]
 [0 0 0 0]
 [0 0 0 0]
 [0 0 0 0]
 [0 0 0 0]
 [0 0 0 0]
 [0 0 0 0]
 [0 0 0 0]]
PASSED
tests/integrators/loops/test_ode_loop.py::test_all_summary_metrics_numerical_check[mean_std_rms--] [[0 0 0 0]
 [0 0 0 0]
 [0 0 0 0]
 [0 0 0 0]
 [0 0 0 0]
 [0 0 0 0]
 [0 0 0 0]
 [0 0 0 0]
 [0 0 0 0]
 [0 0 0 0]
 [0 0 0 0]
 [0 0 0 0]
 [0 0 0 0]
 [0 0 0 0]
 [0 0 0 0]
 [0 0 0 0]
 [0 0 0 0]
 [0 0 0 0]
 [0 0 0 0]
 [0 0 0 0]
 [0 0 0 0]]
PASSED
tests/integrators/loops/test_ode_loop.py::test_loop[dirk-] [[0 0 0 0]
 [0 0 0 0]
 [0 0 0 0]
 [0 0 0 0]
 [0 0 0 0]
 [0 0 0 0]
 [0 0 0 0]
 [0 0 0 0]
 [0 0 0 0]
 [0 0 0 0]
 [0 0 0 0]]
PASSED
tests/integrators/loops/test_ode_loop.py::test_all_summary_metrics_numerical_check[mean_std--] [[0 0 0 0]
 [0 0 0 0]
 [0 0 0 0]
 [0 0 0 0]
 [0 0 0 0]
 [0 0 0 0]
 [0 0 0 0]
 [0 0 0 0]
 [0 0 0 0]
 [0 0 0 0]
 [0 0 0 0]
 [0 0 0 0]
 [0 0 0 0]
 [0 0 0 0]
 [0 0 0 0]
 [0 0 0 0]
 [0 0 0 0]
 [0 0 0 0]
 [0 0 0 0]
 [0 0 0 0]
 [0 0 0 0]]
PASSED
tests/integrators/loops/test_ode_loop.py::test_loop[rosenbrock-rodas3p0-] [[0 0 0 0]
 [0 0 0 0]
 [0 0 0 0]
 [0 0 0 0]
 [0 0 0 0]
 [0 0 0 0]
 [0 0 0 0]
 [0 0 0 0]
 [0 0 0 0]
 [0 0 0 0]
 [0 0 0 0]]
PASSED
tests/integrators/loops/test_ode_loop.py::test_all_summary_metrics_numerical_check[std_rms--] [[0 0 0 0]
 [0 0 0 0]
 [0 0 0 0]
 [0 0 0 0]
 [0 0 0 0]
 [0 0 0 0]
 [0 0 0 0]
 [0 0 0 0]
 [0 0 0 0]
 [0 0 0 0]
 [0 0 0 0]
 [0 0 0 0]
 [0 0 0 0]
 [0 0 0 0]
 [0 0 0 0]
 [0 0 0 0]
 [0 0 0 0]
 [0 0 0 0]
 [0 0 0 0]
 [0 0 0 0]
 [0 0 0 0]]
PASSED
tests/integrators/loops/test_ode_loop.py::test_all_summary_metrics_numerical_check[dxdt_max--] [[0 0 0 0]
 [0 0 0 0]
 [0 0 0 0]
 [0 0 0 0]
 [0 0 0 0]
 [0 0 0 0]
 [0 0 0 0]
 [0 0 0 0]
 [0 0 0 0]
 [0 0 0 0]
 [0 0 0 0]
 [0 0 0 0]
 [0 0 0 0]
 [0 0 0 0]
 [0 0 0 0]
 [0 0 0 0]
 [0 0 0 0]
 [0 0 0 0]
 [0 0 0 0]
 [0 0 0 0]
 [0 0 0 0]]
PASSED
tests/integrators/loops/test_ode_loop.py::test_all_summary_metrics_numerical_check[dxdt_min--] [[0 0 0 0]
 [0 0 0 0]
 [0 0 0 0]
 [0 0 0 0]
 [0 0 0 0]
 [0 0 0 0]
 [0 0 0 0]
 [0 0 0 0]
 [0 0 0 0]
 [0 0 0 0]
 [0 0 0 0]
 [0 0 0 0]
 [0 0 0 0]
 [0 0 0 0]
 [0 0 0 0]
 [0 0 0 0]
 [0 0 0 0]
 [0 0 0 0]
 [0 0 0 0]
 [0 0 0 0]
 [0 0 0 0]]
PASSED
tests/integrators/loops/test_ode_loop.py::test_all_summary_metrics_numerical_check[dxdt_extrema--] [[0 0 0 0]
 [0 0 0 0]
 [0 0 0 0]
 [0 0 0 0]
 [0 0 0 0]
 [0 0 0 0]
 [0 0 0 0]
 [0 0 0 0]
 [0 0 0 0]
 [0 0 0 0]
 [0 0 0 0]
 [0 0 0 0]
 [0 0 0 0]
 [0 0 0 0]
 [0 0 0 0]
 [0 0 0 0]
 [0 0 0 0]
 [0 0 0 0]
 [0 0 0 0]
 [0 0 0 0]
 [0 0 0 0]]
PASSED
tests/integrators/loops/test_ode_loop.py::test_all_summary_metrics_numerical_check[d2xdt2_max--] [[0 0 0 0]
 [0 0 0 0]
 [0 0 0 0]
 [0 0 0 0]
 [0 0 0 0]
 [0 0 0 0]
 [0 0 0 0]
 [0 0 0 0]
 [0 0 0 0]
 [0 0 0 0]
 [0 0 0 0]
 [0 0 0 0]
 [0 0 0 0]
 [0 0 0 0]
 [0 0 0 0]
 [0 0 0 0]
 [0 0 0 0]
 [0 0 0 0]
 [0 0 0 0]
 [0 0 0 0]
 [0 0 0 0]]
PASSED
tests/integrators/loops/test_ode_loop.py::test_all_summary_metrics_numerical_check[d2xdt2_min--] [[0 0 0 0]
 [0 0 0 0]
 [0 0 0 0]
 [0 0 0 0]
 [0 0 0 0]
 [0 0 0 0]
 [0 0 0 0]
 [0 0 0 0]
 [0 0 0 0]
 [0 0 0 0]
 [0 0 0 0]
 [0 0 0 0]
 [0 0 0 0]
 [0 0 0 0]
 [0 0 0 0]
 [0 0 0 0]
 [0 0 0 0]
 [0 0 0 0]
 [0 0 0 0]
 [0 0 0 0]
 [0 0 0 0]]
PASSED
tests/integrators/loops/test_ode_loop.py::test_all_summary_metrics_numerical_check[d2xdt2_extrema--] [[0 0 0 0]
 [0 0 0 0]
 [0 0 0 0]
 [0 0 0 0]
 [0 0 0 0]
 [0 0 0 0]
 [0 0 0 0]
 [0 0 0 0]
 [0 0 0 0]
 [0 0 0 0]
 [0 0 0 0]
 [0 0 0 0]
 [0 0 0 0]
 [0 0 0 0]
 [0 0 0 0]
 [0 0 0 0]
 [0 0 0 0]
 [0 0 0 0]
 [0 0 0 0]
 [0 0 0 0]
 [0 0 0 0]]
PASSED
tests/integrators/loops/test_ode_loop.py::test_all_summary_metrics_numerical_check[combined metrics--] [[0 0 0 0]
 [0 0 0 0]
 [0 0 0 0]
 [0 0 0 0]
 [0 0 0 0]
 [0 0 0 0]
 [0 0 0 0]
 [0 0 0 0]
 [0 0 0 0]
 [0 0 0 0]
 [0 0 0 0]
 [0 0 0 0]
 [0 0 0 0]
 [0 0 0 0]
 [0 0 0 0]
 [0 0 0 0]
 [0 0 0 0]
 [0 0 0 0]
 [0 0 0 0]
 [0 0 0 0]
 [0 0 0 0]]
PASSED
tests/integrators/loops/test_ode_loop.py::test_all_summary_metrics_numerical_check[no combos--] [[0 0 0 0]
 [0 0 0 0]
 [0 0 0 0]
 [0 0 0 0]
 [0 0 0 0]
 [0 0 0 0]
 [0 0 0 0]
 [0 0 0 0]
 [0 0 0 0]
 [0 0 0 0]
 [0 0 0 0]
 [0 0 0 0]
 [0 0 0 0]
 [0 0 0 0]
 [0 0 0 0]
 [0 0 0 0]
 [0 0 0 0]
 [0 0 0 0]
 [0 0 0 0]
 [0 0 0 0]
 [0 0 0 0]]
PASSED
tests/integrators/loops/test_ode_loop.py::test_all_summary_metrics_numerical_check[1st generation metrics--] [[0 0 0 0]
 [0 0 0 0]
 [0 0 0 0]
 [0 0 0 0]
 [0 0 0 0]
 [0 0 0 0]
 [0 0 0 0]
 [0 0 0 0]
 [0 0 0 0]
 [0 0 0 0]
 [0 0 0 0]
 [0 0 0 0]
 [0 0 0 0]
 [0 0 0 0]
 [0 0 0 0]
 [0 0 0 0]
 [0 0 0 0]
 [0 0 0 0]
 [0 0 0 0]
 [0 0 0 0]
 [0 0 0 0]]
PASSED
tests/integrators/algorithms/test_step_algorithms.py::test_stage_cache_reuse[erk-heun-21-cache-] PASSED
tests/integrators/algorithms/test_step_algorithms.py::test_algorithm[euler-] PASSED
tests/integrators/loops/test_ode_loop.py::test_loop[euler-] [[0 0 0 0]
 [0 0 0 0]
 [0 0 0 0]
 [0 0 0 0]
 [0 0 0 0]
 [0 0 0 0]
 [0 0 0 0]
 [0 0 0 0]
 [0 0 0 0]
 [0 0 0 0]
 [0 0 0 0]]
PASSED
tests/integrators/step_control/test_controllers.py::test_pi_controller_uses_tableau_order[solver_settings_override0-solver_settings_override20] PASSED
tests/integrators/step_control/test_controllers.py::TestControllers::test_controller_builds[i] PASSED
tests/integrators/step_control/test_controllers.py::TestControllers::test_dt_clamps[max_limit-i] PASSED
tests/integrators/step_control/test_controllers.py::TestControllers::test_dt_clamps[min_limit-i] PASSED
tests/integrators/step_control/test_controller_equivalence_sequences.py::TestControllerEquivalence::test_sequential_acceptance_matches[three_chamber-solver_settings_override0-pi] PASSED
tests/integrators/step_control/test_controller_equivalence_sequences.py::TestControllerEquivalence::test_rejection_retains_previous_state[three_chamber-solver_settings_override0-pi] PASSED
tests/integrators/step_control/test_controllers.py::TestControllers::test_controller_builds[pi] PASSED
tests/integrators/step_control/test_controllers.py::TestControllers::test_dt_clamps[max_limit-pi] PASSED
tests/integrators/step_control/test_controllers.py::TestControllers::test_dt_clamps[min_limit-pi] PASSED
tests/integrators/step_control/test_controller_equivalence_sequences.py::TestControllerEquivalence::test_sequential_acceptance_matches[three_chamber-solver_settings_override0-pid] PASSED
tests/integrators/step_control/test_controller_equivalence_sequences.py::TestControllerEquivalence::test_rejection_retains_previous_state[three_chamber-solver_settings_override0-pid] PASSED
tests/integrators/step_control/test_controllers.py::TestControllers::test_controller_builds[pid] PASSED
tests/integrators/step_control/test_controllers.py::TestControllers::test_dt_clamps[max_limit-pid] PASSED
tests/integrators/step_control/test_controllers.py::TestControllers::test_dt_clamps[min_limit-pid] PASSED
tests/integrators/step_control/test_controller_equivalence_sequences.py::TestControllerEquivalence::test_sequential_acceptance_matches[three_chamber-solver_settings_override0-gustafsson] PASSED
tests/integrators/step_control/test_controller_equivalence_sequences.py::TestControllerEquivalence::test_rejection_retains_previous_state[three_chamber-solver_settings_override0-gustafsson] PASSED
tests/integrators/step_control/test_controllers.py::TestControllers::test_controller_builds[gustafsson] PASSED
tests/integrators/step_control/test_controllers.py::TestControllers::test_dt_clamps[max_limit-gustafsson] PASSED
tests/integrators/step_control/test_controllers.py::TestControllers::test_dt_clamps[min_limit-gustafsson] PASSED
tests/batchsolving/arrays/test_batchinputarrays.py::test_input_arrays_with_different_systems[three_chamber] PASSED
tests/batchsolving/test_batch_grid_builder.py::test_call_input_types[linear-dict-dict-dict] PASSED
tests/batchsolving/test_batch_grid_builder.py::test_call_input_types[linear-dict-dict-seq] PASSED
tests/batchsolving/test_batch_grid_builder.py::test_call_input_types[linear-dict-dict-array] PASSED
tests/batchsolving/test_batch_grid_builder.py::test_call_input_types[linear-dict-seq-dict] PASSED
tests/batchsolving/test_batch_grid_builder.py::test_call_input_types[linear-dict-seq-seq] PASSED
tests/batchsolving/test_batch_grid_builder.py::test_call_input_types[linear-dict-seq-array] PASSED
tests/batchsolving/test_batch_grid_builder.py::test_call_input_types[linear-dict-array-dict] PASSED
tests/batchsolving/test_batch_grid_builder.py::test_call_input_types[linear-dict-array-seq] PASSED
tests/batchsolving/test_batch_grid_builder.py::test_call_input_types[linear-dict-array-array] PASSED
tests/batchsolving/test_batch_grid_builder.py::test_call_input_types[linear-seq-dict-dict] PASSED
tests/batchsolving/test_batch_grid_builder.py::test_call_input_types[linear-seq-dict-seq] PASSED
tests/batchsolving/test_batch_grid_builder.py::test_call_input_types[linear-seq-dict-array] PASSED
tests/batchsolving/test_batch_grid_builder.py::test_call_input_types[linear-seq-seq-dict] PASSED
tests/batchsolving/test_batch_grid_builder.py::test_call_input_types[linear-seq-seq-seq] PASSED
tests/batchsolving/test_batch_grid_builder.py::test_call_input_types[linear-seq-seq-array] PASSED
tests/batchsolving/test_batch_grid_builder.py::test_call_input_types[linear-seq-array-dict] PASSED
tests/batchsolving/test_batch_grid_builder.py::test_call_input_types[linear-seq-array-seq] PASSED
tests/batchsolving/test_batch_grid_builder.py::test_call_input_types[linear-seq-array-array] PASSED
tests/batchsolving/test_batch_grid_builder.py::test_call_input_types[linear-array-dict-dict] PASSED
tests/batchsolving/test_batch_grid_builder.py::test_call_input_types[linear-array-dict-seq] PASSED
tests/batchsolving/test_batch_grid_builder.py::test_call_input_types[linear-array-dict-array] PASSED
tests/batchsolving/test_batch_grid_builder.py::test_call_input_types[linear-array-seq-dict] PASSED
tests/batchsolving/test_batch_grid_builder.py::test_call_input_types[linear-array-seq-seq] PASSED
tests/batchsolving/test_batch_grid_builder.py::test_call_input_types[linear-array-seq-array] PASSED
tests/batchsolving/test_batch_grid_builder.py::test_call_input_types[linear-array-array-dict] PASSED
tests/batchsolving/test_batch_grid_builder.py::test_call_input_types[linear-array-array-seq] PASSED
tests/batchsolving/test_batch_grid_builder.py::test_call_input_types[linear-array-array-array] PASSED
tests/batchsolving/test_batch_grid_builder.py::test_call_outputs[linear] PASSED
tests/batchsolving/test_solver.py::test_solver_with_different_systems[three_chamber] PASSED
tests/batchsolving/test_solveresult.py::TestNaNProcessing::test_nan_processing_with_simulated_errors[] PASSED
tests/batchsolving/test_solveresult.py::TestNaNProcessing::test_nan_disabled_preserves_error_data[] PASSED
tests/batchsolving/test_solveresult.py::TestNaNProcessing::test_successful_runs_unchanged_with_nan_enabled[] PASSED
tests/batchsolving/test_solveresult.py::TestNaNProcessing::test_multiple_errors_all_set_to_nan[] PASSED
tests/integrators/test_SingleIntegratorRun.py::test_update_routes_to_children[linear] PASSED
tests/batchsolving/arrays/test_batchoutputarrays.py::test_output_arrays_with_different_systems[linear-solver_settings_override0] PASSED
tests/batchsolving/arrays/test_batchinputarrays.py::test_input_arrays_with_different_systems[linear] PASSED
tests/batchsolving/test_solver.py::test_solver_with_different_systems[linear] PASSED
tests/batchsolving/test_solver.py::test_manual_proportion[solver_settings_override0] PASSED
tests/batchsolving/test_solver.py::test_solve_with_different_grid_types[solver_settings_override0] PASSED
tests/batchsolving/test_solver.py::test_solve_with_different_result_types[solver_settings_override0] PASSED
tests/batchsolving/test_solver.py::test_solve_with_prebuilt_arrays[solver_settings_override0] PASSED
tests/batchsolving/test_solver.py::test_solve_array_path_matches_dict_path[solver_settings_override0] PASSED
tests/batchsolving/test_solver.py::test_solve_dict_path_backward_compatible[solver_settings_override0] PASSED
tests/batchsolving/test_solveresult.py::TestSolveResultInstantiation::test_instantiation_type_equivalence[solver_settings_override0] PASSED
tests/batchsolving/test_solveresult.py::TestSolveResultInstantiation::test_from_solver_full_instantiation[solver_settings_override0] PASSED
tests/batchsolving/test_solveresult.py::TestSolveResultInstantiation::test_from_solver_numpy_instantiation[solver_settings_override0] PASSED
tests/batchsolving/test_solveresult.py::TestSolveResultInstantiation::test_from_solver_numpy_per_summary_instantiation[solver_settings_override0] PASSED
tests/batchsolving/test_solveresult.py::TestSolveResultInstantiation::test_from_solver_pandas_instantiation[solver_settings_override0] PASSED
tests/batchsolving/test_solveresult.py::TestSolveResultFromSolver::test_summary_legend_from_solver[solver_settings_override0] PASSED
tests/batchsolving/test_solveresult.py::TestSolveResultFromSolver::test_stride_order_from_solver[solver_settings_override0] PASSED
tests/batchsolving/test_solveresult.py::TestSolveResultProperties::test_as_numpy_property[solver_settings_override0] PASSED
tests/batchsolving/test_solveresult.py::TestSolveResultProperties::test_per_summary_arrays_property[solver_settings_override0] PASSED
tests/batchsolving/test_solveresult.py::TestSolveResultProperties::test_as_pandas_property[solver_settings_override0] PASSED
tests/batchsolving/test_solveresult.py::TestSolveResultProperties::test_active_outputs_property[solver_settings_override0] PASSED
tests/batchsolving/test_solveresult.py::TestSolveResultPandasIntegration::test_pandas_shape_consistency[solver_settings_override0] PASSED
tests/batchsolving/test_solveresult.py::TestSolveResultPandasIntegration::test_pandas_time_indexing[solver_settings_override0] PASSED
tests/batchsolving/test_solveresult.py::test_status_codes_attribute[solver_settings_override0] PASSED
tests/integrators/loops/test_ode_loop.py::test_initial_observable_seed_matches_reference[solver_settings_override0] PASSED
tests/integrators/loops/test_ode_loop.py::test_large_t0_with_small_steps[-float64] PASSED
tests/batchsolving/arrays/test_batchinputarrays.py::TestInputArrays::test_dtype[float64] PASSED
tests/batchsolving/arrays/test_batchoutputarrays.py::test_dtype[float64] PASSED
tests/batchsolving/test_batch_grid_builder.py::test_grid_builder_precision_enforcement[float64] PASSED
tests/batchsolving/test_solver.py::test_time_precision_independent_of_state_precision[float64] PASSED
tests/outputhandling/test_output_functions.py::test_all_summaries_long_run[large_dataset-float64] PASSED
tests/outputhandling/test_output_functions.py::test_all_summaries_long_window[large_dataset-float64] PASSED
tests/integrators/test_SingleIntegratorRun.py::TestSingleIntegratorRun::test_build_getters_and_equivalence[solver_settings_override0] [[0 0 0 0]
 [0 0 0 0]
 [0 0 0 0]
 [0 0 0 0]]
PASSED
tests/outputhandling/test_output_sizes.py::TestOutputArrayHeights::test_from_output_fns_default[solver_settings_override0] PASSED
tests/outputhandling/test_output_sizes.py::TestOutputArrayHeights::test_explicit_vs_from_output_fns[solver_settings_override0] PASSED
tests/outputhandling/test_output_sizes.py::TestSingleRunOutputSizes::test_from_output_fns_and_run_settings_default[solver_settings_override0] PASSED
tests/outputhandling/test_output_sizes.py::TestSingleRunOutputSizes::test_from_solver_with_nonzero[solver_settings_override0] PASSED
tests/outputhandling/test_output_sizes.py::TestSingleRunOutputSizes::test_explicit_vs_from_solver[solver_settings_override0] PASSED
tests/outputhandling/test_output_sizes.py::TestIntegrationScenarios::test_realistic_scenario_no_zeros[solver_settings_override0] PASSED
tests/outputhandling/test_output_sizes.py::TestIntegrationScenarios::test_edge_case_all_zeros_with_nonzero[solver_settings_override0] PASSED
tests/batchsolving/test_solver.py::test_time_precision_independent_of_state_precision[float32] PASSED
tests/odesystems/symbolic/test_solver_helpers.py::test_operator_apply_dense[1.0-1.0-1.0-M0-float64] PASSED
tests/odesystems/symbolic/test_solver_helpers.py::test_operator_apply_dense[1.0-1.0-1.0-M1-float64] PASSED
tests/odesystems/symbolic/test_solver_helpers.py::test_operator_apply_dense[0.5-2.0-1.0-M2-float64] PASSED
tests/odesystems/symbolic/test_solver_helpers.py::test_cached_jvp_matches_jacobian[float64] PASSED
tests/odesystems/symbolic/test_solver_helpers.py::test_cached_operator_apply_dense[1.0-1.0-0.25-M0-float64] PASSED
tests/odesystems/symbolic/test_solver_helpers.py::test_cached_operator_apply_dense[1.0-1.0-0.25-M1-float64] PASSED
tests/odesystems/symbolic/test_solver_helpers.py::test_cached_operator_apply_dense[0.5-1.7-0.15-M2-float64] PASSED
tests/odesystems/symbolic/test_solver_helpers.py::test_neumann_preconditioner_expression[1.0-1.0-0.25-0-float64] PASSED
tests/odesystems/symbolic/test_solver_helpers.py::test_neumann_preconditioner_expression[1.0-1.0-0.25-1-float64] PASSED
tests/odesystems/symbolic/test_solver_helpers.py::test_neumann_preconditioner_expression[1.0-1.0-0.25-2-float64] PASSED
tests/odesystems/symbolic/test_solver_helpers.py::test_neumann_preconditioner_expression[0.5-2.0-0.1-3-float64] PASSED
tests/odesystems/symbolic/test_solver_helpers.py::test_neumann_preconditioner_cached_expression[1.0-1.0-0.25-0-float64] PASSED
tests/odesystems/symbolic/test_solver_helpers.py::test_neumann_preconditioner_cached_expression[1.0-1.0-0.25-1-float64] PASSED
tests/odesystems/symbolic/test_solver_helpers.py::test_neumann_preconditioner_cached_expression[1.0-1.0-0.25-2-float64] PASSED
tests/odesystems/symbolic/test_solver_helpers.py::test_neumann_preconditioner_cached_expression[0.5-1.5-0.1-3-float64] PASSED
tests/odesystems/symbolic/test_solver_helpers.py::test_stage_residual[1.0-1.0-1.0-1.0-M0-float64] PASSED
tests/odesystems/symbolic/test_solver_helpers.py::test_stage_residual[1.0-1.0-1.0-0.5-M1-float64] PASSED
tests/odesystems/symbolic/test_solver_helpers.py::test_stage_residual[0.5-2.0-1.0-0.25-M2-float64] PASSED
tests/outputhandling/test_output_functions.py::test_all_summaries_long_run[large_dataset-float32] PASSED
tests/outputhandling/test_output_functions.py::test_all_summaries_long_window[large_dataset-float32] PASSED
tests/outputhandling/test_output_functions.py::test_memory_types[local_mem-float32] PASSED
tests/outputhandling/test_output_functions.py::test_memory_types[shared_mem-float32] PASSED
tests/outputhandling/test_output_functions.py::test_input_value_ranges[tiny_values-float32] PASSED
tests/outputhandling/test_output_functions.py::test_input_value_ranges[large_values-float32] PASSED
tests/outputhandling/test_output_functions.py::test_input_value_ranges[wide_range-float32] PASSED
tests/outputhandling/test_output_functions.py::test_no_summarys[state_obs-float32] PASSED
tests/outputhandling/test_output_functions.py::test_no_summarys[obs_only-float32] PASSED
tests/outputhandling/test_output_functions.py::test_no_summarys[obs_time-float32] PASSED
tests/outputhandling/test_output_functions.py::test_no_summarys[time_only-float32] PASSED
tests/outputhandling/test_output_functions.py::test_no_summarys[state_obs_time-float32] PASSED
tests/outputhandling/test_output_functions.py::test_various_summaries[basic_summaries-float32] PASSED
tests/outputhandling/test_output_functions.py::test_various_summaries[peaks_only-float32] PASSED
tests/outputhandling/test_output_functions.py::test_various_summaries[all-float32] PASSED
tests/outputhandling/test_output_functions.py::test_various_summaries[state_and_mean-float32] PASSED
tests/outputhandling/test_output_functions.py::test_various_summaries[obs_and_mean-float32] PASSED
tests/outputhandling/test_output_functions.py::test_big_and_small_systems[1_1-float32] PASSED
tests/outputhandling/test_output_functions.py::test_big_and_small_systems[10_5-float32] PASSED
tests/outputhandling/test_output_functions.py::test_big_and_small_systems[50_20-float32] PASSED
tests/outputhandling/test_output_functions.py::test_big_and_small_systems[100_100-float32] PASSED
tests/outputhandling/test_output_functions.py::test_frequent_summaries[output_test_settings_overrides0-float32] PASSED
tests/batchsolving/arrays/test_batchinputarrays.py::test_input_arrays_with_different_configs[input_test_overrides0] PASSED
tests/batchsolving/arrays/test_batchinputarrays.py::test_input_arrays_with_different_configs[input_test_overrides1] PASSED
tests/batchsolving/arrays/test_batchinputarrays.py::test_input_arrays_with_different_configs[input_test_overrides2] PASSED
tests/batchsolving/arrays/test_batchoutputarrays.py::TestOutputArrayContainer::test_container_arrays_after_init PASSED
tests/batchsolving/arrays/test_batchoutputarrays.py::TestOutputArrayContainer::test_container_stride_order PASSED
tests/batchsolving/arrays/test_batchoutputarrays.py::TestOutputArrayContainer::test_container_memory_type_default PASSED
tests/batchsolving/arrays/test_batchoutputarrays.py::TestOutputArrayContainer::test_host_factory PASSED
tests/batchsolving/arrays/test_batchoutputarrays.py::TestOutputArrayContainer::test_device_factory PASSED
tests/batchsolving/arrays/test_batchoutputarrays.py::TestActiveOutputs::test_active_outputs_initialization PASSED
tests/batchsolving/arrays/test_batchoutputarrays.py::TestActiveOutputs::test_update_from_outputarrays_all_active PASSED
tests/batchsolving/arrays/test_batchoutputarrays.py::TestActiveOutputs::test_update_from_outputarrays_size_one_arrays PASSED
tests/batchsolving/arrays/test_batchoutputarrays.py::TestOutputArrays::test_initialization_container_types PASSED
tests/batchsolving/arrays/test_batchoutputarrays.py::TestOutputArrays::test_from_solver_factory PASSED
tests/batchsolving/arrays/test_batchoutputarrays.py::TestOutputArrays::test_allocation_and_getters_not_none PASSED
tests/batchsolving/arrays/test_batchoutputarrays.py::TestOutputArrays::test_getters_return_none_before_allocation PASSED
tests/batchsolving/arrays/test_batchoutputarrays.py::TestOutputArrays::test_call_method_allocates_arrays PASSED
tests/batchsolving/arrays/test_batchoutputarrays.py::TestOutputArrays::test_reallocation_on_size_change PASSED
tests/batchsolving/arrays/test_batchoutputarrays.py::TestOutputArrays::test_chunking_affects_device_array_size PASSED
tests/batchsolving/arrays/test_batchoutputarrays.py::TestOutputArrays::test_active_outputs_property PASSED
tests/batchsolving/arrays/test_batchoutputarrays.py::TestOutputArrays::test_update_from_solver PASSED
tests/batchsolving/arrays/test_batchoutputarrays.py::TestOutputArrays::test_update_from_solver_fast_path PASSED
tests/batchsolving/arrays/test_batchoutputarrays.py::TestOutputArrays::test_initialise_method PASSED
tests/batchsolving/arrays/test_batchoutputarrays.py::TestOutputArrays::test_finalise_method_copies_device_to_host PASSED
tests/batchsolving/arrays/test_batchoutputarrays.py::test_output_arrays_with_different_configs[output_test_overrides0] PASSED
tests/batchsolving/arrays/test_batchoutputarrays.py::test_output_arrays_with_different_configs[output_test_overrides1] PASSED
tests/batchsolving/arrays/test_batchoutputarrays.py::test_output_arrays_with_different_configs[output_test_overrides2] PASSED
tests/batchsolving/arrays/test_batchoutputarrays.py::TestOutputArraysSpecialCases::test_allocation_with_different_solver_sizes PASSED
tests/batchsolving/arrays/test_batchoutputarrays.py::TestOutputArraysSpecialCases::test_active_outputs_after_allocation PASSED
tests/batchsolving/test_SolverKernel.py::test_kernel_builds PASSED
tests/batchsolving/test_SolverKernel.py::test_algorithm_change PASSED
tests/batchsolving/test_SolverKernel.py::test_getters_get PASSED
tests/batchsolving/test_SolverKernel.py::test_all_lower_plumbing PASSED
tests/batchsolving/test_SolverKernel.py::test_bogus_update_fails PASSED
tests/batchsolving/test_batch_grid_builder.py::test_combinatorial_and_verbatim_grid PASSED
tests/batchsolving/test_batch_grid_builder.py::test_grid_arrays PASSED
tests/batchsolving/test_batch_grid_builder.py::test_call_with_request PASSED
tests/batchsolving/test_batch_grid_builder.py::test_unique_cartesian_product PASSED
tests/batchsolving/test_batch_grid_builder.py::test_combinatorial_grid PASSED
tests/batchsolving/test_batch_grid_builder.py::test_verbatim_grid PASSED
tests/batchsolving/test_batch_grid_builder.py::test_generate_grid PASSED
tests/batchsolving/test_batch_grid_builder.py::test_grid_size_errors PASSED
tests/batchsolving/test_batch_grid_builder.py::test_combine_grids PASSED
tests/batchsolving/test_batch_grid_builder.py::test_extend_grid_to_array PASSED
tests/batchsolving/test_batch_grid_builder.py::test_generate_array PASSED
tests/batchsolving/test_batch_grid_builder.py::test_grid_arrays_1each[batch_settings0] PASSED
tests/batchsolving/test_batch_grid_builder.py::test_grid_arrays_1each[batch_settings1] PASSED
tests/batchsolving/test_batch_grid_builder.py::test_grid_arrays_2and2[batch_settings0] PASSED
tests/batchsolving/test_batch_grid_builder.py::test_grid_arrays_2and2[batch_settings1] PASSED
tests/batchsolving/test_batch_grid_builder.py::test_grid_arrays_verbatim_mismatch[batch_settings0] PASSED
tests/batchsolving/test_batch_grid_builder.py::test_grid_arrays_empty_inputs[batch_settings0] PASSED
tests/batchsolving/test_batch_grid_builder.py::test_grid_arrays_empty_inputs[batch_settings1] PASSED
tests/batchsolving/test_batch_grid_builder.py::test_docstring_examples PASSED
tests/batchsolving/test_config_plumbing.py::test_comprehensive_config_plumbing[backwards_euler-fixed] 
=== Testing default settings ===

=== Creating updates with all different values ===

=== Updating solver ===
Updated keys: ['algorithm', 'atol', 'deadband_max', 'deadband_min', 'driver_del_t', 'driver_function', 'dt', 'dt_max', 'dt_min', 'dt_save', 'dt_summarise', 'kd', 'ki', 'kp', 'krylov_tolerance', 'max_gain', 'max_linear_iters', 'max_newton_iters', 'mem_proportion', 'min_gain', 'newton_damping', 'newton_tolerance', 'output_types', 'preconditioner_order', 'rtol', 'saved_observable_indices', 'saved_state_indices', 'step_controller', 'summarised_observable_indices', 'summarised_state_indices']

=== Testing updated settings ===

=== All assertions passed! ===
PASSED
tests/batchsolving/test_config_plumbing.py::test_comprehensive_config_plumbing[crank_nicolson-i] 
=== Testing default settings ===

=== Creating updates with all different values ===

=== Updating solver ===
Updated keys: ['algorithm', 'atol', 'deadband_max', 'deadband_min', 'driver_del_t', 'driver_function', 'dt', 'dt_max', 'dt_min', 'dt_save', 'dt_summarise', 'kd', 'ki', 'kp', 'krylov_tolerance', 'max_gain', 'max_linear_iters', 'max_newton_iters', 'mem_proportion', 'min_gain', 'newton_damping', 'newton_tolerance', 'output_types', 'preconditioner_order', 'rtol', 'saved_observable_indices', 'saved_state_indices', 'step_controller', 'summarised_observable_indices', 'summarised_state_indices']

=== Testing updated settings ===

=== All assertions passed! ===
PASSED
tests/batchsolving/test_config_plumbing.py::test_comprehensive_config_plumbing[rk23-gustafsson] 
=== Testing default settings ===

=== Creating updates with all different values ===

=== Updating solver ===
Updated keys: ['algorithm', 'atol', 'deadband_max', 'deadband_min', 'driver_del_t', 'driver_function', 'dt', 'dt_max', 'dt_min', 'dt_save', 'dt_summarise', 'kd', 'ki', 'kp', 'krylov_tolerance', 'max_gain', 'max_linear_iters', 'max_newton_iters', 'mem_proportion', 'min_gain', 'newton_damping', 'newton_tolerance', 'output_types', 'preconditioner_order', 'rtol', 'saved_observable_indices', 'saved_state_indices', 'step_controller', 'summarised_observable_indices', 'summarised_state_indices']

=== Testing updated settings ===

=== All assertions passed! ===
PASSED
tests/batchsolving/test_config_plumbing.py::test_comprehensive_config_plumbing[rk45-pid] 
=== Testing default settings ===

=== Creating updates with all different values ===

=== Updating solver ===
Updated keys: ['algorithm', 'atol', 'deadband_max', 'deadband_min', 'driver_del_t', 'driver_function', 'dt', 'dt_max', 'dt_min', 'dt_save', 'dt_summarise', 'kd', 'ki', 'kp', 'krylov_tolerance', 'max_gain', 'max_linear_iters', 'max_newton_iters', 'mem_proportion', 'min_gain', 'newton_damping', 'newton_tolerance', 'output_types', 'preconditioner_order', 'rtol', 'saved_observable_indices', 'saved_state_indices', 'step_controller', 'summarised_observable_indices', 'summarised_state_indices']

=== Testing updated settings ===

=== All assertions passed! ===
PASSED
tests/batchsolving/test_config_plumbing.py::test_comprehensive_config_plumbing[dopri54-pi] 
=== Testing default settings ===

=== Creating updates with all different values ===

=== Updating solver ===
Updated keys: ['algorithm', 'atol', 'deadband_max', 'deadband_min', 'driver_del_t', 'driver_function', 'dt', 'dt_max', 'dt_min', 'dt_save', 'dt_summarise', 'kd', 'ki', 'kp', 'krylov_tolerance', 'max_gain', 'max_linear_iters', 'max_newton_iters', 'mem_proportion', 'min_gain', 'newton_damping', 'newton_tolerance', 'output_types', 'preconditioner_order', 'rtol', 'saved_observable_indices', 'saved_state_indices', 'step_controller', 'summarised_observable_indices', 'summarised_state_indices']

=== Testing updated settings ===

=== All assertions passed! ===
PASSED
tests/batchsolving/test_config_plumbing.py::test_comprehensive_config_plumbing[tsit5-pi] 
=== Testing default settings ===

=== Creating updates with all different values ===

=== Updating solver ===
Updated keys: ['algorithm', 'atol', 'deadband_max', 'deadband_min', 'driver_del_t', 'driver_function', 'dt', 'dt_max', 'dt_min', 'dt_save', 'dt_summarise', 'kd', 'ki', 'kp', 'krylov_tolerance', 'max_gain', 'max_linear_iters', 'max_newton_iters', 'mem_proportion', 'min_gain', 'newton_damping', 'newton_tolerance', 'output_types', 'preconditioner_order', 'rtol', 'saved_observable_indices', 'saved_state_indices', 'step_controller', 'summarised_observable_indices', 'summarised_state_indices']

=== Testing updated settings ===

=== All assertions passed! ===
PASSED
tests/batchsolving/test_solver.py::test_solver_initialization PASSED
tests/batchsolving/test_solver.py::test_solver_properties PASSED
tests/batchsolving/test_solver.py::test_variable_indices_methods PASSED
tests/batchsolving/test_solver.py::test_saved_variables_properties PASSED
tests/batchsolving/test_solver.py::test_summarised_variables_properties PASSED
tests/batchsolving/test_solver.py::test_output_properties PASSED
tests/batchsolving/test_solver.py::test_solve_info_property PASSED
tests/batchsolving/test_solver.py::test_update_basic PASSED
tests/batchsolving/test_solver.py::test_update_with_kwargs PASSED
tests/batchsolving/test_solver.py::test_update_unrecognized_keys PASSED
tests/batchsolving/test_solver.py::test_update_silent_mode PASSED
tests/batchsolving/test_solver.py::test_update_saved_variables PASSED
tests/batchsolving/test_solver.py::test_memory_settings_update PASSED
tests/batchsolving/test_solver.py::test_data_properties_after_solve PASSED
tests/batchsolving/test_solver.py::test_output_length_and_summaries_length PASSED
tests/batchsolving/test_solver.py::test_chunk_related_properties PASSED
tests/batchsolving/test_solver.py::test_variable_labels_properties PASSED
tests/batchsolving/test_solver.py::test_solve_ivp_function PASSED
tests/batchsolving/test_solver.py::test_solver_with_different_algorithms PASSED
tests/batchsolving/test_solver.py::test_solver_output_types PASSED
tests/batchsolving/test_solver.py::test_solver_summary_legend PASSED
tests/batchsolving/test_solver.py::test_solver_save_time_property PASSED
tests/batchsolving/test_solver.py::test_solver_state_and_observable_summaries PASSED
tests/batchsolving/test_solver.py::test_solver_num_runs_property PASSED
tests/batchsolving/test_solver.py::test_classify_inputs_dict PASSED
tests/batchsolving/test_solver.py::test_classify_inputs_mixed PASSED
tests/batchsolving/test_solver.py::test_classify_inputs_array PASSED
tests/batchsolving/test_solver.py::test_classify_inputs_mismatched_runs PASSED
tests/batchsolving/test_solver.py::test_classify_inputs_wrong_var_count PASSED
tests/batchsolving/test_solver.py::test_classify_inputs_1d_arrays PASSED
tests/batchsolving/test_solver.py::test_validate_arrays_dtype_cast PASSED
tests/batchsolving/test_solver.py::test_build_grid_returns_correct_shape PASSED
tests/batchsolving/test_solver.py::test_build_grid_combinatorial PASSED
tests/batchsolving/test_solver.py::test_build_grid_precision PASSED
tests/batchsolving/test_solver_buffer_locations.py::TestBufferLocationFiltering::test_buffer_location_params_recognized_at_init PASSED
tests/batchsolving/test_solver_buffer_locations.py::TestBufferLocationFiltering::test_buffer_location_all_params_defined PASSED
tests/batchsolving/test_solver_buffer_locations.py::TestBufferLocationFiltering::test_buffer_location_invalid_value_rejected PASSED
tests/batchsolving/test_solver_buffer_locations.py::TestBufferLocationFiltering::test_buffer_location_update_recognized PASSED
tests/batchsolving/test_solver_buffer_locations.py::TestBufferLocationFiltering::test_buffer_size_update_changes_indices PASSED
tests/batchsolving/test_solver_buffer_locations.py::TestBufferLocationFiltering::test_buffer_location_preserved_on_unrelated_update PASSED
tests/batchsolving/test_solver_buffer_locations.py::TestBufferLocationFiltering::test_buffer_location_cache_invalidation PASSED
tests/batchsolving/test_solver_buffer_locations.py::TestAlgorithmBufferLocationFiltering::test_erk_buffer_location_from_init PASSED
tests/batchsolving/test_solver_buffer_locations.py::TestAlgorithmBufferLocationFiltering::test_erk_buffer_locations_local PASSED
tests/batchsolving/test_solver_buffer_locations.py::TestAlgorithmBufferLocationFiltering::test_erk_buffer_locations_shared PASSED
tests/batchsolving/test_solver_buffer_locations.py::TestAlgorithmBufferLocationFiltering::test_algorithm_buffer_location_params_combined PASSED
tests/batchsolving/test_solveresult.py::TestSolveResultStaticMethods::test_combine_time_domain_arrays[True-True-<lambda>] PASSED
tests/batchsolving/test_solveresult.py::TestSolveResultStaticMethods::test_combine_time_domain_arrays[True-False-<lambda>] PASSED
tests/batchsolving/test_solveresult.py::TestSolveResultStaticMethods::test_combine_time_domain_arrays[False-True-<lambda>] PASSED
tests/batchsolving/test_solveresult.py::TestSolveResultStaticMethods::test_combine_time_domain_arrays[False-False-<lambda>] PASSED
tests/batchsolving/test_solveresult.py::TestSolveResultStaticMethods::test_combine_summaries_array[True-True-<lambda>] PASSED
tests/batchsolving/test_solveresult.py::TestSolveResultStaticMethods::test_combine_summaries_array[True-False-<lambda>] PASSED
tests/batchsolving/test_solveresult.py::TestSolveResultStaticMethods::test_combine_summaries_array[False-True-<lambda>] PASSED
tests/batchsolving/test_solveresult.py::TestSolveResultStaticMethods::test_combine_summaries_array[False-False-<lambda>] PASSED
tests/batchsolving/test_solveresult.py::TestSolveResultStaticMethods::test_cleave_time_with_time_saved PASSED
tests/batchsolving/test_solveresult.py::TestSolveResultStaticMethods::test_cleave_time_without_time_saved PASSED
tests/batchsolving/test_solveresult.py::TestSolveResultDefaultBehavior::test_default_instantiation PASSED
tests/batchsolving/test_solveresult.py::TestSolveResultDefaultBehavior::test_custom_stride_order PASSED
tests/batchsolving/test_solveresult.py::TestSolveResultErrorHandling::test_empty_summaries_per_summary_arrays PASSED
tests/batchsolving/test_system_interface.py::test_from_system PASSED
tests/batchsolving/test_system_interface.py::test_update[updates0-linear] PASSED
tests/batchsolving/test_system_interface.py::test_update[updates1-linear] PASSED
tests/batchsolving/test_system_interface.py::test_update[updates2-linear] PASSED
tests/batchsolving/test_system_interface.py::test_update_invalid[updates0] PASSED
tests/batchsolving/test_system_interface.py::test_update_invalid[updates1] PASSED
tests/batchsolving/test_system_interface.py::test_state_indices PASSED
tests/batchsolving/test_system_interface.py::test_observable_indices PASSED
tests/batchsolving/test_system_interface.py::test_parameter_indices PASSED
tests/batchsolving/test_utils.py::TestEnsureNonzeroSize::test_int_zero PASSED
tests/batchsolving/test_utils.py::TestEnsureNonzeroSize::test_int_positive PASSED
tests/batchsolving/test_utils.py::TestEnsureNonzeroSize::test_int_negative PASSED
tests/batchsolving/test_utils.py::TestEnsureNonzeroSize::test_tuple_with_zeros PASSED
tests/batchsolving/test_utils.py::TestEnsureNonzeroSize::test_tuple_without_zeros PASSED
tests/batchsolving/test_utils.py::TestEnsureNonzeroSize::test_tuple_empty PASSED
tests/batchsolving/test_utils.py::TestEnsureNonzeroSize::test_tuple_single_zero PASSED
tests/batchsolving/test_utils.py::TestEnsureNonzeroSize::test_tuple_single_nonzero PASSED
tests/batchsolving/test_utils.py::TestEnsureNonzeroSize::test_other_types PASSED
tests/batchsolving/test_utils.py::TestIsCudaArray::test_cuda_array_detection PASSED
tests/batchsolving/test_utils.py::TestIsCudaArray::test_numpy_array_detection PASSED
tests/batchsolving/test_utils.py::TestIsCudaArray::test_non_array_detection PASSED
tests/batchsolving/test_utils.py::TestIsCudaArray::test_mock_array_like_in_cudasim PASSED
tests/batchsolving/test_utils.py::TestCudaArrayValidator::test_valid_cuda_array_no_dimensions PASSED
tests/batchsolving/test_utils.py::TestCudaArrayValidator::test_valid_cuda_array_correct_dimensions PASSED
tests/batchsolving/test_utils.py::TestCudaArrayValidator::test_valid_cuda_array_wrong_dimensions PASSED
tests/batchsolving/test_utils.py::TestCudaArrayValidator::test_invalid_non_cuda_array PASSED
tests/batchsolving/test_utils.py::TestCudaArrayValidator::test_invalid_non_array PASSED
tests/batchsolving/test_utils.py::TestOptionalCudaArrayValidator::test_none_value PASSED
tests/batchsolving/test_utils.py::TestOptionalCudaArrayValidator::test_none_value_with_dimensions PASSED
tests/batchsolving/test_utils.py::TestOptionalCudaArrayValidator::test_valid_cuda_array PASSED
tests/batchsolving/test_utils.py::TestOptionalCudaArrayValidator::test_valid_cuda_array_correct_dimensions PASSED
tests/batchsolving/test_utils.py::TestOptionalCudaArrayValidator::test_valid_cuda_array_wrong_dimensions PASSED
tests/batchsolving/test_utils.py::TestOptionalCudaArrayValidator::test_invalid_non_array PASSED
tests/batchsolving/test_utils.py::TestOptionalCudaArrayValidator3D::test_none_value PASSED
tests/batchsolving/test_utils.py::TestOptionalCudaArrayValidator3D::test_valid_3d_cuda_array PASSED
tests/batchsolving/test_utils.py::TestOptionalCudaArrayValidator3D::test_invalid_2d_cuda_array PASSED
tests/batchsolving/test_utils.py::TestOptionalCudaArrayValidator3D::test_invalid_non_array PASSED
tests/batchsolving/test_utils.py::TestOptionalCudaArrayValidator2D::test_none_value PASSED
tests/batchsolving/test_utils.py::TestOptionalCudaArrayValidator2D::test_valid_2d_cuda_array PASSED
tests/batchsolving/test_utils.py::TestOptionalCudaArrayValidator2D::test_invalid_3d_cuda_array PASSED
tests/batchsolving/test_utils.py::TestOptionalCudaArrayValidator2D::test_invalid_non_array PASSED
tests/batchsolving/test_utils.py::TestCudaArrayValidator3D::test_valid_3d_cuda_array PASSED
tests/batchsolving/test_utils.py::TestCudaArrayValidator3D::test_invalid_2d_cuda_array PASSED
tests/batchsolving/test_utils.py::TestCudaArrayValidator3D::test_invalid_non_array PASSED
tests/batchsolving/test_utils.py::TestCudaArrayValidator2D::test_valid_2d_cuda_array PASSED
tests/batchsolving/test_utils.py::TestCudaArrayValidator2D::test_invalid_3d_cuda_array PASSED
tests/batchsolving/test_utils.py::TestCudaArrayValidator2D::test_invalid_1d_cuda_array PASSED
tests/batchsolving/test_utils.py::TestCudaArrayValidator2D::test_invalid_non_array PASSED
tests/integrators/algorithms/test_buffer_settings.py::TestERKBufferSettings::test_default_locations PASSED
tests/integrators/algorithms/test_buffer_settings.py::TestERKBufferSettings::test_boolean_flags PASSED
tests/integrators/algorithms/test_buffer_settings.py::TestERKBufferSettings::test_stage_cache_aliases_rhs_when_rhs_shared PASSED
tests/integrators/algorithms/test_buffer_settings.py::TestERKBufferSettings::test_stage_cache_aliases_accumulator_when_only_acc_shared PASSED
tests/integrators/algorithms/test_buffer_settings.py::TestERKBufferSettings::test_stage_cache_needs_persistent_local_when_both_local PASSED
tests/integrators/algorithms/test_buffer_settings.py::TestERKBufferSettings::test_accumulator_length PASSED
tests/integrators/algorithms/test_buffer_settings.py::TestERKBufferSettings::test_single_stage_accumulator_length PASSED
tests/integrators/algorithms/test_buffer_settings.py::TestERKBufferSettings::test_shared_memory_elements PASSED
tests/integrators/algorithms/test_buffer_settings.py::TestERKBufferSettings::test_local_sizes_property PASSED
tests/integrators/algorithms/test_buffer_settings.py::TestERKBufferSettings::test_local_sizes_nonzero PASSED
tests/integrators/algorithms/test_buffer_settings.py::TestERKBufferSettings::test_shared_indices_property PASSED
tests/integrators/algorithms/test_buffer_settings.py::TestDIRKBufferSettings::test_default_locations PASSED
tests/integrators/algorithms/test_buffer_settings.py::TestDIRKBufferSettings::test_boolean_flags PASSED
tests/integrators/algorithms/test_buffer_settings.py::TestDIRKBufferSettings::test_stage_base_aliases_accumulator_multistage PASSED
tests/integrators/algorithms/test_buffer_settings.py::TestDIRKBufferSettings::test_stage_base_no_alias_single_stage PASSED
tests/integrators/algorithms/test_buffer_settings.py::TestDIRKBufferSettings::test_solver_scratch_elements PASSED
tests/integrators/algorithms/test_buffer_settings.py::TestDIRKBufferSettings::test_shared_memory_elements_multistage PASSED
tests/integrators/algorithms/test_buffer_settings.py::TestDIRKBufferSettings::test_local_sizes_property PASSED
tests/integrators/algorithms/test_buffer_settings.py::TestDIRKBufferSettings::test_shared_indices_property PASSED
tests/integrators/algorithms/test_buffer_settings.py::TestFIRKBufferSettings::test_default_locations PASSED
tests/integrators/algorithms/test_buffer_settings.py::TestFIRKBufferSettings::test_boolean_flags PASSED
tests/integrators/algorithms/test_buffer_settings.py::TestFIRKBufferSettings::test_all_stages_n PASSED
tests/integrators/algorithms/test_buffer_settings.py::TestFIRKBufferSettings::test_solver_scratch_elements PASSED
tests/integrators/algorithms/test_buffer_settings.py::TestFIRKBufferSettings::test_stage_driver_stack_elements PASSED
tests/integrators/algorithms/test_buffer_settings.py::TestFIRKBufferSettings::test_shared_memory_elements PASSED
tests/integrators/algorithms/test_buffer_settings.py::TestFIRKBufferSettings::test_local_memory_elements PASSED
tests/integrators/algorithms/test_buffer_settings.py::TestFIRKBufferSettings::test_local_sizes_property PASSED
tests/integrators/algorithms/test_buffer_settings.py::TestFIRKBufferSettings::test_shared_indices_property PASSED
tests/integrators/algorithms/test_buffer_settings.py::TestRosenbrockBufferSettings::test_default_locations PASSED
tests/integrators/algorithms/test_buffer_settings.py::TestRosenbrockBufferSettings::test_boolean_flags PASSED
tests/integrators/algorithms/test_buffer_settings.py::TestRosenbrockBufferSettings::test_stage_store_elements PASSED
tests/integrators/algorithms/test_buffer_settings.py::TestRosenbrockBufferSettings::test_shared_memory_elements PASSED
tests/integrators/algorithms/test_buffer_settings.py::TestRosenbrockBufferSettings::test_local_memory_elements PASSED
tests/integrators/algorithms/test_buffer_settings.py::TestRosenbrockBufferSettings::test_local_sizes_property PASSED
tests/integrators/algorithms/test_buffer_settings.py::TestRosenbrockBufferSettings::test_shared_indices_property PASSED
tests/integrators/algorithms/test_buffer_settings.py::TestRosenbrockBufferSettings::test_invalid_location_raises PASSED
tests/integrators/algorithms/test_dirk_tableaus.py::test_dirk_tableau_registry_contains_expected_entries[implicit_midpoint] PASSED
tests/integrators/algorithms/test_dirk_tableaus.py::test_dirk_tableau_registry_contains_expected_entries[trapezoidal_dirk] PASSED
tests/integrators/algorithms/test_dirk_tableaus.py::test_dirk_tableau_registry_contains_expected_entries[lobatto_iiic_3] PASSED
tests/integrators/algorithms/test_dirk_tableaus.py::test_dirk_tableau_registry_contains_expected_entries[sdirk_2_2] PASSED
tests/integrators/algorithms/test_dirk_tableaus.py::test_dirk_tableau_default_matches_registry PASSED
tests/integrators/algorithms/test_dirk_tableaus.py::test_dirk_step_accepts_tableau_instance PASSED
tests/integrators/algorithms/test_generic_erk_tableaus.py::test_registry_contains_expected_tableaus PASSED
tests/integrators/algorithms/test_generic_erk_tableaus.py::test_default_tableau_is_registered PASSED
tests/integrators/algorithms/test_generic_erk_tableaus.py::test_step_accepts_registered_tableau[erk_step_settings_override0] PASSED
tests/integrators/algorithms/test_last_step_caching_integration.py::test_rosenbrock_last_step_caching_properties[rodas4p-5-4] PASSED
tests/integrators/algorithms/test_last_step_caching_integration.py::test_rosenbrock_last_step_caching_properties[rodas5p-7-6] PASSED
tests/integrators/algorithms/test_last_step_caching_integration.py::test_firk_last_step_caching_properties PASSED
tests/integrators/algorithms/test_rosenbrock_tableaus.py::test_rosenbrock_registry_contains_expected_tableaus PASSED
tests/integrators/algorithms/test_rosenbrock_tableaus.py::test_rosenbrock_step_function_accepts_registry_key PASSED
tests/integrators/algorithms/test_step_algorithms.py::test_algorithm_factory_resolves_tableau_alias[erk] PASSED
tests/integrators/algorithms/test_step_algorithms.py::test_algorithm_factory_resolves_tableau_alias[dirk] PASSED
tests/integrators/algorithms/test_step_algorithms.py::test_algorithm_factory_resolves_tableau_alias[firk] PASSED
tests/integrators/algorithms/test_step_algorithms.py::test_algorithm_factory_resolves_tableau_alias[rosenbrock] PASSED
tests/integrators/algorithms/test_step_algorithms.py::test_cpu_reference_resolves_tableau_alias[erk] PASSED
tests/integrators/algorithms/test_step_algorithms.py::test_cpu_reference_resolves_tableau_alias[dirk] PASSED
tests/integrators/algorithms/test_step_algorithms.py::test_cpu_reference_resolves_tableau_alias[firk] PASSED
tests/integrators/algorithms/test_step_algorithms.py::test_cpu_reference_resolves_tableau_alias[rosenbrock] PASSED
tests/integrators/algorithms/test_step_algorithms.py::test_tableau_controller_defaults[ERKStep-tableau0-expected_dict0] PASSED
tests/integrators/algorithms/test_step_algorithms.py::test_tableau_controller_defaults[ERKStep-tableau1-expected_dict1] PASSED
tests/integrators/algorithms/test_step_algorithms.py::test_tableau_controller_defaults[ERKStep-tableau2-expected_dict2] PASSED
tests/integrators/algorithms/test_step_algorithms.py::test_tableau_controller_defaults[ERKStep-tableau3-expected_dict3] PASSED
tests/integrators/algorithms/test_step_algorithms.py::test_tableau_controller_defaults[DIRKStep-tableau4-expected_dict4] PASSED
tests/integrators/algorithms/test_step_algorithms.py::test_tableau_controller_defaults[FIRKStep-tableau5-expected_dict5] PASSED
tests/integrators/algorithms/test_step_algorithms.py::test_tableau_controller_defaults[GenericRosenbrockWStep-tableau6-expected_dict6] PASSED
tests/integrators/algorithms/test_tableau_properties.py::test_b_matches_a_row_rodas4p PASSED
tests/integrators/algorithms/test_tableau_properties.py::test_b_matches_a_row_rodas5p PASSED
tests/integrators/algorithms/test_tableau_properties.py::test_b_matches_a_row_radauiia5 PASSED
tests/integrators/algorithms/test_tableau_properties.py::test_b_matches_a_row_ros3p_none PASSED
tests/integrators/algorithms/test_tableau_properties.py::test_b_hat_matches_a_row_rodas4p PASSED
tests/integrators/algorithms/test_tableau_properties.py::test_b_hat_matches_a_row_none_when_no_b_hat PASSED
tests/integrators/algorithms/test_tableau_properties.py::test_floating_point_tolerance PASSED
tests/integrators/cpu_reference/test_cpu_utils.py::test_cpu_driver_evaluator_matches_gpu_time_alignment[float32-5e-06-5e-06] PASSED
tests/integrators/cpu_reference/test_cpu_utils.py::test_cpu_driver_evaluator_matches_gpu_time_alignment[float64-1e-12-1e-12] PASSED
tests/integrators/loops/test_buffer_settings.py::TestLoopBufferSettings::test_boolean_flags_from_locations PASSED
tests/integrators/loops/test_buffer_settings.py::TestLoopBufferSettings::test_invalid_location_raises PASSED
tests/integrators/loops/test_buffer_settings.py::TestLoopBufferSettings::test_negative_size_raises PASSED
tests/integrators/loops/test_buffer_settings.py::TestLoopBufferSettings::test_shared_memory_elements_all_local PASSED
tests/integrators/loops/test_buffer_settings.py::TestLoopBufferSettings::test_shared_memory_elements_calculation PASSED
tests/integrators/loops/test_buffer_settings.py::TestLoopBufferSettings::test_zero_size_buffers PASSED
tests/integrators/loops/test_buffer_settings.py::TestLoopBufferSettings::test_local_memory_elements_all_shared PASSED
tests/integrators/loops/test_buffer_settings.py::TestLoopBufferSettings::test_property_aliases PASSED
tests/integrators/loops/test_buffer_settings.py::TestLoopBufferSettings::test_counters_with_n_counters_positive PASSED
tests/integrators/loops/test_buffer_settings.py::TestLoopBufferSettingsIndices::test_shared_indices_all_shared PASSED
tests/integrators/loops/test_buffer_settings.py::TestLoopBufferSettingsIndices::test_shared_indices_mixed_locations PASSED
tests/integrators/loops/test_buffer_settings.py::TestLoopBufferSettingsIndices::test_shared_indices_all_local PASSED
tests/integrators/loops/test_buffer_settings.py::TestLoopBufferSettingsIndices::test_scratch_slice_starts_at_local_end PASSED
tests/integrators/loops/test_buffer_settings.py::TestLoopSliceIndicesProperties::test_n_states_property PASSED
tests/integrators/loops/test_buffer_settings.py::TestLoopSliceIndicesProperties::test_loop_shared_elements_property PASSED
tests/integrators/loops/test_buffer_settings.py::TestLoopLocalSizes::test_local_sizes_property PASSED
tests/integrators/loops/test_buffer_settings.py::TestLoopLocalSizes::test_nonzero_returns_one_for_zero_size PASSED
tests/integrators/loops/test_buffer_settings.py::TestLoopLocalSizes::test_nonzero_returns_value_for_nonzero_size PASSED
tests/integrators/loops/test_buffer_settings.py::TestLoopSliceIndices::test_shared_indices_property PASSED
tests/integrators/loops/test_buffer_settings.py::TestLoopSliceIndices::test_shared_indices_matches_calculate_shared_indices PASSED
tests/integrators/loops/test_interp_vs_symbolic.py::test_time_driver_array_matches_function [[0 0 0 0]
 [0 0 0 0]
 [0 0 0 0]
 [0 0 0 0]
 [0 0 0 0]
 [0 0 0 0]
 [0 0 0 0]
 [0 0 0 0]
 [0 0 0 0]
 [0 0 0 0]
 [0 0 0 0]
 [0 0 0 0]
 [0 0 0 0]
 [0 0 0 0]
 [0 0 0 0]
 [0 0 0 0]
 [0 0 0 0]
 [0 0 0 0]
 [0 0 0 0]
 [0 0 0 0]
 [0 0 0 0]
 [0 0 0 0]
 [0 0 0 0]
 [0 0 0 0]
 [0 0 0 0]
 [0 0 0 0]
 [0 0 0 0]
 [0 0 0 0]
 [0 0 0 0]
 [0 0 0 0]
 [0 0 0 0]
 [0 0 0 0]
 [0 0 0 0]
 [0 0 0 0]
 [0 0 0 0]
 [0 0 0 0]
 [0 0 0 0]
 [0 0 0 0]
 [0 0 0 0]
 [0 0 0 0]
 [0 0 0 0]
 [0 0 0 0]
 [0 0 0 0]
 [0 0 0 0]
 [0 0 0 0]
 [0 0 0 0]
 [0 0 0 0]
 [0 0 0 0]
 [0 0 0 0]
 [0 0 0 0]
 [0 0 0 0]
 [0 0 0 0]
 [0 0 0 0]
 [0 0 0 0]
 [0 0 0 0]
 [0 0 0 0]
 [0 0 0 0]
 [0 0 0 0]
 [0 0 0 0]
 [0 0 0 0]
 [0 0 0 0]
 [0 0 0 0]
 [0 0 0 0]
 [0 0 0 0]
 [0 0 0 0]
 [0 0 0 0]
 [0 0 0 0]
 [0 0 0 0]
 [0 0 0 0]
 [0 0 0 0]
 [0 0 0 0]
 [0 0 0 0]
 [0 0 0 0]
 [0 0 0 0]
 [0 0 0 0]
 [0 0 0 0]
 [0 0 0 0]
 [0 0 0 0]
 [0 0 0 0]
 [0 0 0 0]
 [0 0 0 0]
 [0 0 0 0]
 [0 0 0 0]
 [0 0 0 0]
 [0 0 0 0]
 [0 0 0 0]
 [0 0 0 0]
 [0 0 0 0]
 [0 0 0 0]
 [0 0 0 0]
 [0 0 0 0]
 [0 0 0 0]
 [0 0 0 0]
 [0 0 0 0]
 [0 0 0 0]
 [0 0 0 0]
 [0 0 0 0]
 [0 0 0 0]
 [0 0 0 0]
 [0 0 0 0]
 [0 0 0 0]
 [0 0 0 0]
 [0 0 0 0]
 [0 0 0 0]
 [0 0 0 0]
 [0 0 0 0]
 [0 0 0 0]
 [0 0 0 0]
 [0 0 0 0]
 [0 0 0 0]
 [0 0 0 0]
 [0 0 0 0]
 [0 0 0 0]
 [0 0 0 0]
 [0 0 0 0]
 [0 0 0 0]
 [0 0 0 0]
 [0 0 0 0]
 [0 0 0 0]
 [0 0 0 0]
 [0 0 0 0]
 [0 0 0 0]
 [0 0 0 0]
 [0 0 0 0]
 [0 0 0 0]
 [0 0 0 0]]
PASSED
tests/integrators/loops/test_ode_loop.py::test_getters FAILED
tests/integrators/matrix_free_solvers/test_buffer_settings.py::TestLinearSolverBufferSettings::test_default_locations PASSED
tests/integrators/matrix_free_solvers/test_buffer_settings.py::TestLinearSolverBufferSettings::test_boolean_flags PASSED
tests/integrators/matrix_free_solvers/test_buffer_settings.py::TestLinearSolverBufferSettings::test_shared_memory_elements_both_shared PASSED
tests/integrators/matrix_free_solvers/test_buffer_settings.py::TestLinearSolverBufferSettings::test_shared_memory_elements_both_local PASSED
tests/integrators/matrix_free_solvers/test_buffer_settings.py::TestLinearSolverBufferSettings::test_local_memory_elements_both_local PASSED
tests/integrators/matrix_free_solvers/test_buffer_settings.py::TestLinearSolverBufferSettings::test_invalid_n_raises PASSED
tests/integrators/matrix_free_solvers/test_buffer_settings.py::TestLinearSolverBufferSettings::test_invalid_location_raises PASSED
tests/integrators/matrix_free_solvers/test_buffer_settings.py::TestLinearSolverBufferSettings::test_local_sizes_property PASSED
tests/integrators/matrix_free_solvers/test_buffer_settings.py::TestLinearSolverBufferSettings::test_local_sizes_nonzero PASSED
tests/integrators/matrix_free_solvers/test_buffer_settings.py::TestLinearSolverBufferSettings::test_shared_indices_property PASSED
tests/integrators/matrix_free_solvers/test_buffer_settings.py::TestLinearSolverBufferSettings::test_shared_indices_local_gives_empty_slices PASSED
tests/integrators/matrix_free_solvers/test_linear_solver.py::test_neumann_preconditioner[linear-1] PASSED
tests/integrators/matrix_free_solvers/test_linear_solver.py::test_neumann_preconditioner[linear-2] PASSED
tests/integrators/matrix_free_solvers/test_linear_solver.py::test_linear_solver_placeholder[steepest_descent] PASSED
tests/integrators/matrix_free_solvers/test_linear_solver.py::test_linear_solver_placeholder[minimal_residual] PASSED
tests/integrators/matrix_free_solvers/test_linear_solver.py::test_linear_solver_symbolic[0-steepest_descent-linear] PASSED
tests/integrators/matrix_free_solvers/test_linear_solver.py::test_linear_solver_symbolic[0-steepest_descent-coupled_linear] PASSED
tests/integrators/matrix_free_solvers/test_linear_solver.py::test_linear_solver_symbolic[0-minimal_residual-linear] PASSED
tests/integrators/matrix_free_solvers/test_linear_solver.py::test_linear_solver_symbolic[0-minimal_residual-coupled_linear] PASSED
tests/integrators/matrix_free_solvers/test_linear_solver.py::test_linear_solver_symbolic[1-steepest_descent-linear] PASSED
tests/integrators/matrix_free_solvers/test_linear_solver.py::test_linear_solver_symbolic[1-steepest_descent-coupled_linear] PASSED
tests/integrators/matrix_free_solvers/test_linear_solver.py::test_linear_solver_symbolic[1-minimal_residual-linear] PASSED
tests/integrators/matrix_free_solvers/test_linear_solver.py::test_linear_solver_symbolic[1-minimal_residual-coupled_linear] PASSED
tests/integrators/matrix_free_solvers/test_linear_solver.py::test_linear_solver_symbolic[2-steepest_descent-linear] PASSED
tests/integrators/matrix_free_solvers/test_linear_solver.py::test_linear_solver_symbolic[2-steepest_descent-coupled_linear] PASSED
tests/integrators/matrix_free_solvers/test_linear_solver.py::test_linear_solver_symbolic[2-minimal_residual-linear] PASSED
tests/integrators/matrix_free_solvers/test_linear_solver.py::test_linear_solver_symbolic[2-minimal_residual-coupled_linear] PASSED
tests/integrators/matrix_free_solvers/test_linear_solver.py::test_linear_solver_max_iters_exceeded PASSED
tests/integrators/matrix_free_solvers/test_newton_krylov.py::test_newton_krylov_placeholder PASSED
tests/integrators/matrix_free_solvers/test_newton_krylov.py::test_newton_krylov_symbolic[0-linear] PASSED
tests/integrators/matrix_free_solvers/test_newton_krylov.py::test_newton_krylov_symbolic[0-nonlinear] PASSED
tests/integrators/matrix_free_solvers/test_newton_krylov.py::test_newton_krylov_symbolic[0-stiff] PASSED
tests/integrators/matrix_free_solvers/test_newton_krylov.py::test_newton_krylov_symbolic[0-coupled_linear] PASSED
tests/integrators/matrix_free_solvers/test_newton_krylov.py::test_newton_krylov_symbolic[0-coupled_nonlinear] PASSED
tests/integrators/matrix_free_solvers/test_newton_krylov.py::test_newton_krylov_symbolic[1-linear] PASSED
tests/integrators/matrix_free_solvers/test_newton_krylov.py::test_newton_krylov_symbolic[1-nonlinear] PASSED
tests/integrators/matrix_free_solvers/test_newton_krylov.py::test_newton_krylov_symbolic[1-stiff] PASSED
tests/integrators/matrix_free_solvers/test_newton_krylov.py::test_newton_krylov_symbolic[1-coupled_linear] PASSED
tests/integrators/matrix_free_solvers/test_newton_krylov.py::test_newton_krylov_symbolic[1-coupled_nonlinear] PASSED
tests/integrators/matrix_free_solvers/test_newton_krylov.py::test_newton_krylov_symbolic[2-linear] PASSED
tests/integrators/matrix_free_solvers/test_newton_krylov.py::test_newton_krylov_symbolic[2-nonlinear] PASSED
tests/integrators/matrix_free_solvers/test_newton_krylov.py::test_newton_krylov_symbolic[2-stiff] PASSED
tests/integrators/matrix_free_solvers/test_newton_krylov.py::test_newton_krylov_symbolic[2-coupled_linear] PASSED
tests/integrators/matrix_free_solvers/test_newton_krylov.py::test_newton_krylov_symbolic[2-coupled_nonlinear] PASSED
tests/integrators/matrix_free_solvers/test_newton_krylov.py::test_newton_krylov_failure PASSED
tests/integrators/matrix_free_solvers/test_newton_krylov.py::test_newton_krylov_max_newton_iters_exceeded PASSED
tests/integrators/matrix_free_solvers/test_newton_krylov.py::test_newton_krylov_linear_solver_failure_propagates PASSED
tests/integrators/test_SingleIntegratorRun.py::test_default_step_controller_settings_applied PASSED
tests/integrators/test_SingleIntegratorRun.py::test_step_controller_overrides_take_precedence[crank_nicolson-overrides0] PASSED
tests/integrators/test_SingleIntegratorRun.py::test_errorless_euler_with_adaptive_warns_and_replaces PASSED
tests/integrators/test_SingleIntegratorRun.py::test_errorless_rk4_tableau_with_adaptive_warns PASSED
tests/integrators/test_SingleIntegratorRun.py::test_adaptive_tableau_with_adaptive_succeeds PASSED
tests/integrators/test_SingleIntegratorRun.py::test_errorless_euler_with_fixed_succeeds PASSED
tests/integrators/test_SingleIntegratorRun.py::test_warning_message_contains_algorithm_and_controller PASSED
tests/integrators/test_array_interpolator.py::test_driver_del_t_matches_cubic_reference PASSED
tests/integrators/test_array_interpolator.py::test_cpu_driver_derivative_matches_gpu_reference PASSED
tests/integrators/test_array_interpolator.py::test_symbolic_time_derivative_matches_interpolated PASSED
tests/integrators/test_array_interpolator.py::test_build_coefficients_matches_polynomial PASSED
tests/integrators/test_array_interpolator.py::test_device_interpolation_matches_cpu PASSED
tests/integrators/test_array_interpolator.py::test_get_interpolated_matches_kernel_output PASSED
tests/integrators/test_array_interpolator.py::test_get_interpolated_requires_one_dimensional_input PASSED
tests/integrators/test_array_interpolator.py::test_wrap_vs_clamp_evaluation PASSED
tests/integrators/test_array_interpolator.py::test_non_wrap_returns_zero_outside_range PASSED
tests/integrators/test_array_interpolator.py::test_non_wrap_defaults_to_clamped_boundary PASSED
tests/integrators/test_array_interpolator.py::test_wrap_repeats_periodically PASSED
tests/integrators/test_array_interpolator.py::test_polynomial_samples_are_reproduced[1] PASSED
tests/integrators/test_array_interpolator.py::test_polynomial_samples_are_reproduced[2] PASSED
tests/integrators/test_array_interpolator.py::test_polynomial_samples_are_reproduced[3] PASSED
tests/integrators/test_array_interpolator.py::test_polynomial_samples_are_reproduced[4] PASSED
tests/integrators/test_array_interpolator.py::test_polynomial_samples_are_reproduced[5] PASSED
tests/integrators/test_array_interpolator.py::test_order_three_matches_scipy_reference[natural] PASSED
tests/integrators/test_array_interpolator.py::test_order_three_matches_scipy_reference[periodic] PASSED
tests/integrators/test_array_interpolator.py::test_order_three_matches_scipy_reference[clamped] PASSED
tests/integrators/test_array_interpolator.py::test_order_three_matches_scipy_reference[not-a-knot] PASSED
tests/integrators/test_array_interpolator.py::test_natural_boundary_supports_higher_orders PASSED
tests/integrators/test_array_interpolator.py::test_periodic_boundary_respects_general_order PASSED
tests/integrators/test_array_interpolator.py::test_cubic_interpolation_matches_analytic PASSED
tests/memory/test_array_requests.py::TestArrayRequests::test_size[array_request_override0] PASSED
tests/memory/test_array_requests.py::TestArrayRequests::test_size[array_request_override1] PASSED
tests/memory/test_array_requests.py::TestArrayRequests::test_size[array_request_override2] PASSED
tests/memory/test_array_requests.py::TestArrayRequests::test_instantiation[array_request_override0] PASSED
tests/memory/test_array_requests.py::TestArrayRequests::test_default_stride_ordering PASSED
tests/memory/test_array_requests.py::TestArrayRequests::test_array_response[array_request_override0] PASSED
tests/memory/test_array_requests.py::TestArrayRequests::test_array_response[array_request_override1] PASSED
tests/memory/test_array_requests.py::TestArrayRequests::test_array_response[array_request_override2] PASSED
tests/memory/test_stream_groups.py::TestStreamGroups::test_add_instance PASSED
tests/memory/test_stream_groups.py::TestStreamGroups::test_get_group PASSED
tests/memory/test_stream_groups.py::TestStreamGroups::test_change_group PASSED
tests/memory/test_stream_groups.py::TestStreamGroups::test_get_stream PASSED
tests/memory/test_stream_groups.py::TestStreamGroups::test_reinit_streams PASSED
tests/memory/test_stream_groups.py::TestStreamGroups::test_get_instances_in_group PASSED
tests/odesystems/symbolic/test_cellml.py::test_load_simple_cellml_model PASSED
tests/odesystems/symbolic/test_cellml.py::test_load_complex_cellml_model PASSED
tests/odesystems/symbolic/test_cellml.py::test_algebraic_equations_as_observables[] PASSED
[...]
    step_recognized |= self._algo_step.update(updates_dict, silent=True)

tests/batchsolving/test_config_plumbing.py::test_comprehensive_config_plumbing[crank_nicolson-i]
  /workspace/repo/src/cubie/integrators/SingleIntegratorRunCore.py:447: UserWarning: Parameters {dt, kd, ki, kp, max_newton_iters, step_controller} are not recognized by AdaptiveIController; updates have been ignored.
    ctrl_rcgnzd |= self._step_controller.update(updates_dict, silent=True)

tests/batchsolving/test_config_plumbing.py::test_comprehensive_config_plumbing[rk23-gustafsson]
tests/batchsolving/test_config_plumbing.py::test_comprehensive_config_plumbing[rk45-pid]
tests/batchsolving/test_config_plumbing.py::test_comprehensive_config_plumbing[dopri54-pi]
tests/batchsolving/test_config_plumbing.py::test_comprehensive_config_plumbing[tsit5-pi]
  /workspace/repo/src/cubie/integrators/SingleIntegratorRunCore.py:438: UserWarning: Parameters {algorithm, driver_del_t, krylov_tolerance, max_linear_iters, max_newton_iters, newton_damping, newton_tolerance, preconditioner_order} are not recognized by ERKStep; updates have been ignored.
    step_recognized |= self._algo_step.update(updates_dict, silent=True)

tests/batchsolving/test_config_plumbing.py::test_comprehensive_config_plumbing[rk23-gustafsson]
  /workspace/repo/src/cubie/integrators/SingleIntegratorRunCore.py:447: UserWarning: Parameters {dt, kd, ki, kp, step_controller} are not recognized by GustafssonController; updates have been ignored.
    ctrl_rcgnzd |= self._step_controller.update(updates_dict, silent=True)

tests/batchsolving/test_config_plumbing.py::test_comprehensive_config_plumbing[rk45-pid]
  /workspace/repo/src/cubie/integrators/SingleIntegratorRunCore.py:447: UserWarning: Parameters {dt, max_newton_iters, step_controller} are not recognized by AdaptivePIDController; updates have been ignored.
    ctrl_rcgnzd |= self._step_controller.update(updates_dict, silent=True)

tests/batchsolving/test_config_plumbing.py::test_comprehensive_config_plumbing[dopri54-pi]
tests/batchsolving/test_config_plumbing.py::test_comprehensive_config_plumbing[tsit5-pi]
  /workspace/repo/src/cubie/integrators/SingleIntegratorRunCore.py:447: UserWarning: Parameters {dt, kd, max_newton_iters, step_controller} are not recognized by AdaptivePIController; updates have been ignored.
    ctrl_rcgnzd |= self._step_controller.update(updates_dict, silent=True)

tests/odesystems/symbolic/test_cellml.py::test_integration_with_solve_ivp
  /workspace/repo/src/cubie/batchsolving/BatchGridBuilder.py:762: UserWarning: Provided input data has 1 variables, but there are 0 settable values. Missing values will be filled with default values, and extras ignored.
    warn(

tests/outputhandling/summarymetrics/test_summary_metrics.py::test_real_summary_metrics_edge_cases
  /workspace/repo/src/cubie/outputhandling/summarymetrics/metrics.py:519: UserWarning: Metric 'peaks' has a callable size but parameter is set to 0. This results in a sizeof 0, which is likely not what you want
    self._get_size(metric, self._buffer_sizes)

tests/outputhandling/summarymetrics/test_summary_metrics.py::test_real_summary_metrics_edge_cases
  /workspace/repo/src/cubie/outputhandling/summarymetrics/metrics.py:718: UserWarning: Metric 'peaks' has a callable size but parameter is set to 0. This results in a sizeof 0, which is likely not what you want
    self._get_size(metric, self._output_sizes)

-- Docs: https://docs.pytest.org/en/stable/how-to/capture-warnings.html
-------------- generated xml file: /artifacts/pytest-results.xml ---------------
================================ tests coverage ================================
_______________ coverage: platform linux, python 3.12.3-final-0 ________________

Name                                                                  Stmts   Miss Branch BrPart  Cover   Missing
-----------------------------------------------------------------------------------------------------------------
src/cubie/BufferSettings.py                                              11      0      0      0   100%
src/cubie/CUDAFactory.py                                                152     15     70     10    85%   519, 582, 706->687, 711->714, 727, 738-744, 770, 772, 807, 820-822
src/cubie/__init__.py                                                    16      2      0      0    88%   38-40
src/cubie/_utils.py                                                     163     19     58     10    87%   45, 59, 183, 232-233, 300-302, 431, 444, 446, 448, 467, 470, 484, 499, 504, 514, 627
src/cubie/batchsolving/BatchGridBuilder.py                              178     22     78     15    83%   352, 387, 391, 571->573, 573->575, 577-582, 600, 617, 628-629, 644-646, 661-665, 676, 710->712, 747, 753
src/cubie/batchsolving/BatchSolverConfig.py                              20      0      0      0   100%
src/cubie/batchsolving/BatchSolverKernel.py                             362     22     36      7    92%   125, 127, 340-341, 404-414, 458-462, 478->481, 706, 930, 1075, 1117, 1123, 1129, 1135, 1151, 1155, 1166
src/cubie/batchsolving/SystemInterface.py                                59      5     22      5    88%   108, 110, 112, 178, 277
src/cubie/batchsolving/__init__.py                                       16      0      0      0   100%
src/cubie/batchsolving/_utils.py                                         18      0      4      0   100%
src/cubie/batchsolving/arrays/BaseArrayManager.py                       281     34    116     12    86%   423->426, 520-521, 526, 537-543, 555->567, 559->567, 704, 720-741, 773, 787-790, 870, 898-901, 912-915
src/cubie/batchsolving/arrays/BatchInputArrays.py                        94      6     16      5    90%   201->203, 286->284, 290->288, 355, 364-368
src/cubie/batchsolving/arrays/BatchOutputArrays.py                      138      1     14      1    99%   454
src/cubie/batchsolving/arrays/__init__.py                                 0      0      0      0   100%
src/cubie/batchsolving/solver.py                                        326     21     78     14    91%   180->182, 182->184, 184->186, 186->188, 254-255, 325, 366, 510, 579, 658, 728, 731, 733, 743-746, 752, 765, 775, 786, 840, 951, 956, 961, 1089
src/cubie/batchsolving/solveresult.py                                   233     18     80     16    88%   49, 232, 281->289, 283, 285, 290-295, 325, 347-348, 379->391, 387, 406, 633->635, 635->639, 648-649, 664-665, 692->694, 694->697
src/cubie/cuda_simsafe.py                                                26      3      6      2    84%   164, 173, 249
src/cubie/integrators/IntegratorRunSettings.py                           12      1      0      0    92%   47
src/cubie/integrators/SingleIntegratorRun.py                            322      5      4      1    98%   48, 147, 153, 324, 337
src/cubie/integrators/SingleIntegratorRunCore.py                        167      8     58     13    91%   103, 249, 251, 253, 364->367, 406, 410, 412, 439->444, 448->459, 490, 491->494, 505->513
src/cubie/integrators/__init__.py                                        15      0      0      0   100%
src/cubie/integrators/algorithms/__init__.py                             68     10     30      6    82%   133, 150, 192->194, 198, 203-210, 223-224
src/cubie/integrators/algorithms/backwards_euler.py                      49      3      0      0    94%   278, 308, 323
src/cubie/integrators/algorithms/backwards_euler_predict_correct.py       8      1      0      0    88%   189
src/cubie/integrators/algorithms/base_algorithm_step.py                 232     15     42      8    91%   76, 113, 170-172, 351, 372, 384, 392, 475, 478, 504, 521, 527, 533
src/cubie/integrators/algorithms/crank_nicolson.py                       40      1      0      0    98%   333
src/cubie/integrators/algorithms/explicit_euler.py                       38      0      0      0   100%
src/cubie/integrators/algorithms/generic_dirk.py                        201     21     42     12    83%   187, 213->215, 215->217, 217->221, 222, 231-241, 254, 301-302, 481, 483, 485, 487, 1058, 1076
src/cubie/integrators/algorithms/generic_dirk_tableaus.py                30      0      0      0   100%
src/cubie/integrators/algorithms/generic_erk.py                         136      1     26      4    97%   186->188, 188->191, 191->193, 243
src/cubie/integrators/algorithms/generic_erk_tableaus.py                 22      0      0      0   100%
src/cubie/integrators/algorithms/generic_firk.py                        199      9     34     12    91%   187->189, 189->191, 191->193, 193->195, 204->206, 206->208, 208->210, 210->212, 457, 459, 461, 463, 877, 901-902, 926, 932
src/cubie/integrators/algorithms/generic_firk_tableaus.py                11      0      0      0   100%
src/cubie/integrators/algorithms/generic_rosenbrock_w.py                174      5     28     10    93%   165->167, 167->169, 169->171, 180->182, 182->184, 184->186, 402, 404, 406, 433, 973
src/cubie/integrators/algorithms/generic_rosenbrockw_tableaus.py         54      5      2      0    88%   49-53
src/cubie/integrators/algorithms/ode_explicitstep.py                     26      2      0      0    92%   92, 98
src/cubie/integrators/algorithms/ode_implicitstep.py                    123     14      0      0    89%   121-138, 309, 315, 326, 332, 338, 344, 356, 362, 374, 380, 386
src/cubie/integrators/array_interpolator.py                             315     25    112     24    89%   253-254, 259, 267, 273, 303, 310, 312, 317, 324, 327, 478, 481, 483, 490, 519, 552, 556, 701, 707, 735, 755, 760, 862->896, 866->896, 882, 897
src/cubie/integrators/loops/__init__.py                                   2      0      0      0   100%
src/cubie/integrators/loops/ode_loop.py                                 444     34     76     18    90%   147, 157, 333, 339, 349, 384, 407, 411, 413, 415, 417, 419, 422->424, 425, 427, 439, 443, 541-544, 550-553, 559-560, 770, 776, 1458, 1464, 1470, 1476, 1482, 1488, 1513, 1516, 1518, 1530
src/cubie/integrators/loops/ode_loop_config.py                           94      3      0      0    97%   81-82, 283
src/cubie/integrators/matrix_free_solvers/__init__.py                     9      0      0      0   100%
src/cubie/integrators/matrix_free_solvers/linear_solver.py              104      2     20      6    94%   108->110, 110->112, 210, 221->225, 447, 460->464
src/cubie/integrators/matrix_free_solvers/newton_krylov.py               19      1      2      1    90%   72
src/cubie/integrators/step_control/__init__.py                           29      3      6      3    83%   68->70, 74, 92-93
src/cubie/integrators/step_control/adaptive_I_controller.py              29      0      0      0   100%
src/cubie/integrators/step_control/adaptive_PID_controller.py            62      0      0      0   100%
src/cubie/integrators/step_control/adaptive_PI_controller.py             52      3      0      0    94%   136-139
src/cubie/integrators/step_control/adaptive_step_controller.py          100      8     12      5    87%   49-51, 105, 107-113, 116, 132
src/cubie/integrators/step_control/base_step_controller.py               74      7     10      4    87%   66, 126, 132, 206, 209, 211, 238
src/cubie/integrators/step_control/fixed_step_controller.py              46      0      0      0   100%
src/cubie/integrators/step_control/gustafsson_controller.py              53      3      0      0    94%   53-56
src/cubie/memory/__init__.py                                              4      0      0      0   100%
src/cubie/memory/array_requests.py                                       26      0      6      0   100%
src/cubie/memory/cupy_emm.py                                            115     58     20      7    47%   53, 56, 60-63, 122->125, 127, 152->exit, 153->exit, 183-202, 218-231, 254-271, 286, 299, 322-324, 343-344, 349, 368, 379-387, 403-405, 424, 435-444, 460-462
src/cubie/memory/mem_manager.py                                         391     34    134     14    89%   50, 89->exit, 95-102, 218, 311-324, 378, 413-439, 545, 604, 699, 711, 748, 831->830, 975, 984, 1101, 1428->1437
src/cubie/memory/stream_groups.py                                        51      4     20      4    89%   64, 66, 94, 195
src/cubie/odesystems/ODEData.py                                          67      4      0      0    94%   162, 167, 172, 177
src/cubie/odesystems/SystemValues.py                                    129      7     70      9    92%   98, 143, 148->145, 194->exit, 259, 427, 429, 452, 494
src/cubie/odesystems/__init__.py                                          5      0      0      0   100%
src/cubie/odesystems/baseODE.py                                         116     12     20      8    85%   179, 213, 216, 218, 233, 264, 267, 269, 281, 332, 357, 409
src/cubie/odesystems/symbolic/__init__.py                                10      0      0      0   100%
src/cubie/odesystems/symbolic/codegen/__init__.py                         5      0      0      0   100%
src/cubie/odesystems/symbolic/codegen/_stage_utils.py                    23      0      4      0   100%
src/cubie/odesystems/symbolic/codegen/dxdt.py                            55      3     12      4    90%   98, 101->112, 153, 175
src/cubie/odesystems/symbolic/codegen/jacobian.py                       127     12     54     11    85%   41->43, 43->38, 47-53, 90, 137->143, 169->171, 174, 192->199, 195, 315, 326
src/cubie/odesystems/symbolic/codegen/linear_operators.py               284     20     92     16    90%   226, 240, 251, 266, 286, 298, 306-309, 315, 454-455, 513->521, 606, 628, 680, 700, 721-722, 726
src/cubie/odesystems/symbolic/codegen/nonlinear_residuals.py            153      7     48      6    94%   169, 174, 249, 279, 297, 368-369
src/cubie/odesystems/symbolic/codegen/numba_cuda_printer.py             108      5     24      4    93%   99->103, 389-391, 401-402, 425->427
src/cubie/odesystems/symbolic/codegen/preconditioners.py                181      8     52      8    93%   210, 234, 253, 332, 354, 400, 416, 436
src/cubie/odesystems/symbolic/codegen/time_derivative.py                 68      3     20      3    93%   93, 131, 141
src/cubie/odesystems/symbolic/indexedbasemaps.py                        168      8     36      5    93%   72-74, 95-100, 108->111, 128->131, 157
src/cubie/odesystems/symbolic/odefile.py                                 67      1     28      1    98%   127
src/cubie/odesystems/symbolic/parsing/__init__.py                         5      0      0      0   100%
src/cubie/odesystems/symbolic/parsing/auxiliary_caching.py              242     50    102     13    77%   119->125, 168, 185-259, 271, 286, 295, 336-337, 339, 371-372, 418, 439, 458-469, 485-486, 540-541
src/cubie/odesystems/symbolic/parsing/cellml.py                         119      6     62      7    93%   97, 229->233, 236, 259-261, 270, 319->306, 327->326, 333
src/cubie/odesystems/symbolic/parsing/jvp_equations.py                  216     17     68      5    89%   104->103, 113, 125->124, 140->135, 163, 294-308
src/cubie/odesystems/symbolic/parsing/parser.py                         492     55    210     31    87%   82->88, 85->88, 142-143, 156, 161, 173, 190, 195, 204, 211, 341, 357, 369, 381, 398, 572-573, 625->629, 630, 633, 641, 813-823, 826, 839, 849, 863, 868-883, 995-996, 1075, 1119-1136, 1244, 1345, 1372, 1397, 1406->1405, 1430->1429, 1454, 1482->1486
src/cubie/odesystems/symbolic/sym_utils.py                               99      6     46      4    93%   160-161, 166-167, 171-172, 186->190
src/cubie/odesystems/symbolic/symbolicODE.py                            156     10     38      5    92%   177, 181-184, 281, 320, 335, 345, 549, 553
src/cubie/outputhandling/__init__.py                                      5      0      0      0   100%
src/cubie/outputhandling/output_config.py                               269      3     64      6    97%   52->exit, 54, 345->350, 377->382, 810, 812
src/cubie/outputhandling/output_functions.py                            121      4     12      4    94%   165, 168, 170, 181
src/cubie/outputhandling/output_sizes.py                                 84      0      4      1    99%   55->53
src/cubie/outputhandling/save_state.py                                   10      0      0      0   100%
src/cubie/outputhandling/save_summaries.py                               40      1      2      0    98%   60
src/cubie/outputhandling/summarymetrics/__init__.py                      21      0      0      0   100%
src/cubie/outputhandling/summarymetrics/d2xdt2_extrema.py                12      0      0      0   100%
src/cubie/outputhandling/summarymetrics/d2xdt2_max.py                    12      0      0      0   100%
src/cubie/outputhandling/summarymetrics/d2xdt2_min.py                    12      0      0      0   100%
src/cubie/outputhandling/summarymetrics/dxdt_extrema.py                  12      0      0      0   100%
src/cubie/outputhandling/summarymetrics/dxdt_max.py                      12      0      0      0   100%
src/cubie/outputhandling/summarymetrics/dxdt_min.py                      12      0      0      0   100%
src/cubie/outputhandling/summarymetrics/extrema.py                       10      0      0      0   100%
src/cubie/outputhandling/summarymetrics/max.py                           10      0      0      0   100%
src/cubie/outputhandling/summarymetrics/max_magnitude.py                 11      0      0      0   100%
src/cubie/outputhandling/summarymetrics/mean.py                          10      0      0      0   100%
src/cubie/outputhandling/summarymetrics/mean_std.py                      11      0      0      0   100%
src/cubie/outputhandling/summarymetrics/mean_std_rms.py                  12      0      0      0   100%
src/cubie/outputhandling/summarymetrics/metrics.py                      200      8     48      1    96%   392->389, 565-573
src/cubie/outputhandling/summarymetrics/min.py                           11      0      0      0   100%
src/cubie/outputhandling/summarymetrics/negative_peaks.py                11      0      0      0   100%
src/cubie/outputhandling/summarymetrics/peaks.py                         11      0      0      0   100%
src/cubie/outputhandling/summarymetrics/rms.py                           12      0      0      0   100%
src/cubie/outputhandling/summarymetrics/std.py                           12      0      0      0   100%
src/cubie/outputhandling/summarymetrics/std_rms.py                       12      0      0      0   100%
src/cubie/outputhandling/update_summaries.py                             33      1      2      0    97%   61
src/cubie/time_logger.py                                                116      4     72      8    94%   112, 162, 260->256, 301->292, 302->292, 332->exit, 355, 361
-----------------------------------------------------------------------------------------------------------------
TOTAL                                                                 10038    709   2452    409    90%
Coverage XML written to file coverage.xml
=========================== short test summary info ============================
FAILED tests/integrators/loops/test_ode_loop.py::test_getters - numba.core.errors.TypingError: Failed in cuda mode pipeline (step: nopython frontend)
Invalid use of none with parameters (array(float32, 1d, C), array(float32, 1d, C), array(float32, 1d, C), array(float32, 1d, C), float32)
No type info available for none as a callable.
During: resolving callee type: none
During: typing of call at /workspace/repo/src/cubie/integrators/loops/ode_loop.py (1111)


File "src/cubie/integrators/loops/ode_loop.py", line 1111:
        def loop_fn(
            <source elided>
            if n_observables > int32(0):
                observables_fn(
                ^

During: Pass nopython_type_inference
FAILED tests/test_CUDAFactory.py::test_specialize_and_compile_records_timing - assert None is not None
== 2 failed, 1129 passed, 176 deselected, 130 warnings in 4335.15s (1:12:15) ===
