============================= test session starts ==============================
platform linux -- Python 3.12.3, pytest-9.0.2, pluggy-1.6.0 -- /opt/venv/bin/python
cachedir: .pytest_cache
rootdir: /workspace/repo
configfile: pyproject.toml
testpaths: tests
plugins: cov-7.0.0, xdist-3.8.0, durations-1.6.1
created: 8/8 workers
8 workers [1186 items]

scheduling tests via LoadScheduling

tests/batchsolving/arrays/test_basearraymanager.py::TestCheckIncomingArrays::test_check_incoming_arrays_type_fail 
tests/batchsolving/arrays/test_batchinputarrays.py::test_input_arrays_with_different_systems[solver_settings_override0] 
tests/batchsolving/arrays/test_basearraymanager.py::TestArrayContainer::test_attach_existing_label 
tests/batchsolving/test_SolverKernel.py::TestActiveOutputsFromCompileFlags::test_partial_flags 
tests/odesystems/symbolic/test_solver_helpers.py::test_neumann_preconditioner_expression[0.5-2.0-0.1-3-] 
tests/integrators/loops/test_ode_loop.py::test_loop[backwards_euler_pc] 
tests/batchsolving/test_solver.py::test_variable_labels_properties 
tests/batchsolving/test_batch_input_handler.py::test_call_combinatorial_1each 
[gw0] [  0%] PASSED tests/batchsolving/arrays/test_basearraymanager.py::TestArrayContainer::test_attach_existing_label 
[gw4] [  0%] PASSED tests/batchsolving/test_SolverKernel.py::TestActiveOutputsFromCompileFlags::test_partial_flags 
tests/batchsolving/test_batch_input_handler.py::test_combinatorial_and_verbatim_grid 
tests/batchsolving/arrays/test_basearraymanager.py::TestArrayContainer::test_attach_nonexistent_label 
[gw0] [  0%] PASSED tests/batchsolving/arrays/test_basearraymanager.py::TestArrayContainer::test_attach_nonexistent_label 
[gw1] [  0%] PASSED tests/batchsolving/arrays/test_basearraymanager.py::TestCheckIncomingArrays::test_check_incoming_arrays_type_fail 
tests/batchsolving/arrays/test_basearraymanager.py::TestAttachExternalArrays::test_attach_external_arrays_success 
[gw1] [  0%] PASSED tests/batchsolving/arrays/test_basearraymanager.py::TestAttachExternalArrays::test_attach_external_arrays_success 
tests/batchsolving/arrays/test_basearraymanager.py::TestAttachExternalArrays::test_attach_external_arrays_with_failures 
tests/batchsolving/arrays/test_basearraymanager.py::TestArrayContainer::test_delete_existing_label 
[gw0] [  0%] PASSED tests/batchsolving/arrays/test_basearraymanager.py::TestArrayContainer::test_delete_existing_label 
tests/batchsolving/arrays/test_basearraymanager.py::TestArrayContainer::test_delete_nonexistent_label 
[gw1] [  0%] PASSED tests/batchsolving/arrays/test_basearraymanager.py::TestAttachExternalArrays::test_attach_external_arrays_with_failures 
tests/batchsolving/arrays/test_basearraymanager.py::TestUpdateHostArrays::test_update_host_arrays_success 
[gw1] [  0%] PASSED tests/batchsolving/arrays/test_basearraymanager.py::TestUpdateHostArrays::test_update_host_arrays_success 
tests/batchsolving/arrays/test_basearraymanager.py::TestUpdateHostArrays::test_update_host_arrays_shape_change 
[gw0] [  0%] PASSED tests/batchsolving/arrays/test_basearraymanager.py::TestArrayContainer::test_delete_nonexistent_label 
tests/batchsolving/arrays/test_basearraymanager.py::TestArrayContainer::test_delete_all 
[gw0] [  0%] PASSED tests/batchsolving/arrays/test_basearraymanager.py::TestArrayContainer::test_delete_all 
tests/batchsolving/arrays/test_basearraymanager.py::TestBaseArrayManager::test_initialization 
[gw1] [  0%] PASSED tests/batchsolving/arrays/test_basearraymanager.py::TestUpdateHostArrays::test_update_host_arrays_shape_change 
tests/batchsolving/arrays/test_basearraymanager.py::TestUpdateHostArrays::test_update_host_arrays_size_mismatch 
[gw1] [  1%] PASSED tests/batchsolving/arrays/test_basearraymanager.py::TestUpdateHostArrays::test_update_host_arrays_size_mismatch 
tests/batchsolving/arrays/test_basearraymanager.py::TestUpdateHostArrays::test_update_host_arrays_nonexistent_array 
[gw1] [  1%] PASSED tests/batchsolving/arrays/test_basearraymanager.py::TestUpdateHostArrays::test_update_host_arrays_nonexistent_array 
[gw0] [  1%] PASSED tests/batchsolving/arrays/test_basearraymanager.py::TestBaseArrayManager::test_initialization 
tests/batchsolving/arrays/test_basearraymanager.py::TestBaseArrayManager::test_register_with_memory_manager 
tests/batchsolving/arrays/test_basearraymanager.py::TestUpdateHostArrays::test_update_host_arrays_no_change 
[gw1] [  1%] PASSED tests/batchsolving/arrays/test_basearraymanager.py::TestUpdateHostArrays::test_update_host_arrays_no_change 
[gw0] [  1%] PASSED tests/batchsolving/arrays/test_basearraymanager.py::TestBaseArrayManager::test_register_with_memory_manager 
tests/batchsolving/arrays/test_basearraymanager.py::TestBaseArrayManager::test_on_allocation_complete 
[gw0] [  1%] PASSED tests/batchsolving/arrays/test_basearraymanager.py::TestBaseArrayManager::test_on_allocation_complete 
tests/batchsolving/arrays/test_basearraymanager.py::TestUpdateSizes::test_update_sizes_success 
tests/batchsolving/arrays/test_basearraymanager.py::TestBaseArrayManager::test_request_allocation_single_force 
[gw1] [  1%] PASSED tests/batchsolving/arrays/test_basearraymanager.py::TestUpdateSizes::test_update_sizes_success 
tests/batchsolving/arrays/test_basearraymanager.py::TestUpdateSizes::test_update_sizes_wrong_type 
[gw1] [  1%] PASSED tests/batchsolving/arrays/test_basearraymanager.py::TestUpdateSizes::test_update_sizes_wrong_type 
tests/batchsolving/arrays/test_basearraymanager.py::TestMemoryManagerIntegration::test_memory_manager_registration 
[gw1] [  1%] PASSED tests/batchsolving/arrays/test_basearraymanager.py::TestMemoryManagerIntegration::test_memory_manager_registration 
[gw0] [  1%] PASSED tests/batchsolving/arrays/test_basearraymanager.py::TestBaseArrayManager::test_request_allocation_single_force 
tests/batchsolving/arrays/test_basearraymanager.py::TestBaseArrayManager::test_request_allocation_group_force 
tests/batchsolving/arrays/test_basearraymanager.py::TestMemoryManagerIntegration::test_memory_manager_proportion_handling[arraytest_overrides0] 
[gw1] [  1%] PASSED tests/batchsolving/arrays/test_basearraymanager.py::TestMemoryManagerIntegration::test_memory_manager_proportion_handling[arraytest_overrides0] 
tests/batchsolving/arrays/test_basearraymanager.py::TestMemoryManagerIntegration::test_memory_manager_proportion_handling[arraytest_overrides1] 
[gw0] [  1%] PASSED tests/batchsolving/arrays/test_basearraymanager.py::TestBaseArrayManager::test_request_allocation_group_force 
tests/batchsolving/arrays/test_basearraymanager.py::TestBaseArrayManager::test_request_allocation_auto_single 
[gw0] [  2%] PASSED tests/batchsolving/arrays/test_basearraymanager.py::TestBaseArrayManager::test_request_allocation_auto_single 
[gw1] [  2%] PASSED tests/batchsolving/arrays/test_basearraymanager.py::TestMemoryManagerIntegration::test_memory_manager_proportion_handling[arraytest_overrides1] 
tests/batchsolving/arrays/test_basearraymanager.py::TestMemoryManagerIntegration::test_memory_manager_proportion_handling[arraytest_overrides2] 
[gw1] [  2%] PASSED tests/batchsolving/arrays/test_basearraymanager.py::TestMemoryManagerIntegration::test_memory_manager_proportion_handling[arraytest_overrides2] 
tests/batchsolving/arrays/test_basearraymanager.py::TestMemoryManagerIntegration::test_stream_group_management[arraytest_overrides0] 
[gw1] [  2%] PASSED tests/batchsolving/arrays/test_basearraymanager.py::TestMemoryManagerIntegration::test_stream_group_management[arraytest_overrides0] 
tests/batchsolving/arrays/test_basearraymanager.py::TestMemoryManagerIntegration::test_stream_group_management[arraytest_overrides1] 
tests/batchsolving/arrays/test_basearraymanager.py::TestBaseArrayManager::test_request_allocation_auto_group 
[gw0] [  2%] PASSED tests/batchsolving/arrays/test_basearraymanager.py::TestBaseArrayManager::test_request_allocation_auto_group 
[gw1] [  2%] PASSED tests/batchsolving/arrays/test_basearraymanager.py::TestMemoryManagerIntegration::test_stream_group_management[arraytest_overrides1] 
tests/batchsolving/arrays/test_basearraymanager.py::TestMemoryManagerIntegration::test_allocation_with_settings 
tests/batchsolving/arrays/test_basearraymanager.py::TestBaseArrayManager::test_invalidate_hook_functionality 
[gw0] [  2%] PASSED tests/batchsolving/arrays/test_basearraymanager.py::TestBaseArrayManager::test_invalidate_hook_functionality 
[gw1] [  2%] PASSED tests/batchsolving/arrays/test_basearraymanager.py::TestMemoryManagerIntegration::test_allocation_with_settings 
tests/batchsolving/arrays/test_basearraymanager.py::test_array_manager_with_different_configs[arraytest_overrides0] 
tests/batchsolving/arrays/test_basearraymanager.py::TestBaseArrayManager::test_arrays_equal_both_none 
[gw1] [  2%] PASSED tests/batchsolving/arrays/test_basearraymanager.py::test_array_manager_with_different_configs[arraytest_overrides0] 
tests/batchsolving/arrays/test_basearraymanager.py::test_array_manager_with_different_configs[arraytest_overrides1] 
[gw1] [  2%] PASSED tests/batchsolving/arrays/test_basearraymanager.py::test_array_manager_with_different_configs[arraytest_overrides1] 
tests/batchsolving/arrays/test_basearraymanager.py::test_array_manager_with_different_configs[arraytest_overrides2] 
[gw0] [  2%] PASSED tests/batchsolving/arrays/test_basearraymanager.py::TestBaseArrayManager::test_arrays_equal_both_none 
tests/batchsolving/arrays/test_basearraymanager.py::TestBaseArrayManager::test_arrays_equal_one_none 
[gw0] [  2%] PASSED tests/batchsolving/arrays/test_basearraymanager.py::TestBaseArrayManager::test_arrays_equal_one_none 
tests/batchsolving/arrays/test_basearraymanager.py::TestBaseArrayManager::test_arrays_equal_same_arrays 
[gw0] [  3%] PASSED tests/batchsolving/arrays/test_basearraymanager.py::TestBaseArrayManager::test_arrays_equal_same_arrays 
tests/batchsolving/arrays/test_basearraymanager.py::TestBaseArrayManager::test_arrays_equal_different_arrays 
[gw0] [  3%] PASSED tests/batchsolving/arrays/test_basearraymanager.py::TestBaseArrayManager::test_arrays_equal_different_arrays 
tests/batchsolving/arrays/test_basearraymanager.py::TestBaseArrayManager::test_arrays_equal_shape_only_same_shape 
[gw1] [  3%] PASSED tests/batchsolving/arrays/test_basearraymanager.py::test_array_manager_with_different_configs[arraytest_overrides2] 
tests/batchsolving/arrays/test_basearraymanager.py::test_array_manager_with_different_configs[arraytest_overrides3] 
[gw0] [  3%] PASSED tests/batchsolving/arrays/test_basearraymanager.py::TestBaseArrayManager::test_arrays_equal_shape_only_same_shape 
[gw1] [  3%] PASSED tests/batchsolving/arrays/test_basearraymanager.py::test_array_manager_with_different_configs[arraytest_overrides3] 
tests/batchsolving/arrays/test_basearraymanager.py::TestBaseArrayManager::test_arrays_equal_shape_only_different_shape 
tests/batchsolving/arrays/test_basearraymanager.py::test_allocation_response_matches_settings[arraytest_overrides0] 
[gw0] [  3%] PASSED tests/batchsolving/arrays/test_basearraymanager.py::TestBaseArrayManager::test_arrays_equal_shape_only_different_shape 
tests/batchsolving/arrays/test_basearraymanager.py::TestBaseArrayManager::test_arrays_equal_shape_only_3d 
[gw1] [  3%] PASSED tests/batchsolving/arrays/test_basearraymanager.py::test_allocation_response_matches_settings[arraytest_overrides0] 
tests/batchsolving/arrays/test_basearraymanager.py::test_allocation_response_matches_settings[arraytest_overrides1] 
[gw0] [  3%] PASSED tests/batchsolving/arrays/test_basearraymanager.py::TestBaseArrayManager::test_arrays_equal_shape_only_3d 
[gw1] [  3%] PASSED tests/batchsolving/arrays/test_basearraymanager.py::test_allocation_response_matches_settings[arraytest_overrides1] 
tests/batchsolving/arrays/test_basearraymanager.py::TestBaseArrayManager::test_arrays_equal_shape_only_different_dtype 
tests/batchsolving/arrays/test_basearraymanager.py::test_memory_integration_with_settings[arraytest_overrides0] 
[gw0] [  3%] PASSED tests/batchsolving/arrays/test_basearraymanager.py::TestBaseArrayManager::test_arrays_equal_shape_only_different_dtype 
tests/batchsolving/arrays/test_basearraymanager.py::TestBaseArrayManager::test_update_host_array_no_change 
[gw1] [  3%] PASSED tests/batchsolving/arrays/test_basearraymanager.py::test_memory_integration_with_settings[arraytest_overrides0] 
tests/batchsolving/arrays/test_basearraymanager.py::test_memory_integration_with_settings[arraytest_overrides1] 
[gw0] [  3%] PASSED tests/batchsolving/arrays/test_basearraymanager.py::TestBaseArrayManager::test_update_host_array_no_change 
tests/batchsolving/arrays/test_basearraymanager.py::TestBaseArrayManager::test_update_host_array_shape_change 
[gw1] [  4%] PASSED tests/batchsolving/arrays/test_basearraymanager.py::test_memory_integration_with_settings[arraytest_overrides1] 
tests/batchsolving/arrays/test_batchinputarrays.py::TestInputArrayContainer::test_container_arrays_after_init 
[gw0] [  4%] PASSED tests/batchsolving/arrays/test_basearraymanager.py::TestBaseArrayManager::test_update_host_array_shape_change 
tests/batchsolving/arrays/test_basearraymanager.py::TestBaseArrayManager::test_update_host_array_zero_shape 
[gw1] [  4%] PASSED tests/batchsolving/arrays/test_batchinputarrays.py::TestInputArrayContainer::test_container_arrays_after_init 
[gw0] [  4%] PASSED tests/batchsolving/arrays/test_basearraymanager.py::TestBaseArrayManager::test_update_host_array_zero_shape 
tests/batchsolving/arrays/test_batchinputarrays.py::TestInputArrayContainer::test_container_stride_order 
[gw1] [  4%] PASSED tests/batchsolving/arrays/test_batchinputarrays.py::TestInputArrayContainer::test_container_stride_order 
tests/batchsolving/arrays/test_basearraymanager.py::TestBaseArrayManager::test_update_host_array_value_change 
tests/batchsolving/arrays/test_batchinputarrays.py::TestInputArrayContainer::test_host_factory 
[gw1] [  4%] PASSED tests/batchsolving/arrays/test_batchinputarrays.py::TestInputArrayContainer::test_host_factory 
tests/batchsolving/arrays/test_batchinputarrays.py::TestInputArrayContainer::test_device_factory 
[gw0] [  4%] PASSED tests/batchsolving/arrays/test_basearraymanager.py::TestBaseArrayManager::test_update_host_array_value_change 
[gw1] [  4%] PASSED tests/batchsolving/arrays/test_batchinputarrays.py::TestInputArrayContainer::test_device_factory 
tests/batchsolving/arrays/test_batchinputarrays.py::TestInputArrays::test_initialization_container_types 
tests/batchsolving/arrays/test_basearraymanager.py::TestBaseArrayManager::test_chunk_placeholders 
[gw0] [  4%] PASSED tests/batchsolving/arrays/test_basearraymanager.py::TestBaseArrayManager::test_chunk_placeholders 
tests/batchsolving/arrays/test_basearraymanager.py::TestBaseArrayManager::test_initialize_device_zeros 
[gw6] [  4%] PASSED tests/batchsolving/test_batch_input_handler.py::test_call_combinatorial_1each 
tests/batchsolving/test_batch_input_handler.py::test_call_verbatim_mismatch_raises 
[gw6] [  4%] PASSED tests/batchsolving/test_batch_input_handler.py::test_call_verbatim_mismatch_raises 
tests/batchsolving/test_batch_input_handler.py::test_call_empty_dict_values 
[gw4] [  4%] PASSED tests/batchsolving/test_batch_input_handler.py::test_combinatorial_and_verbatim_grid 
tests/batchsolving/test_batch_input_handler.py::test_call_with_request 
[gw6] [  5%] PASSED tests/batchsolving/test_batch_input_handler.py::test_call_empty_dict_values 
tests/batchsolving/test_batch_input_handler.py::test_process_single_input_none 
[gw4] [  5%] PASSED tests/batchsolving/test_batch_input_handler.py::test_call_with_request 
tests/batchsolving/test_batch_input_handler.py::test_unique_cartesian_product 
[gw6] [  5%] PASSED tests/batchsolving/test_batch_input_handler.py::test_process_single_input_none 
tests/batchsolving/test_batch_input_handler.py::test_process_single_input_dict_combinatorial 
[gw4] [  5%] PASSED tests/batchsolving/test_batch_input_handler.py::test_unique_cartesian_product 
[gw6] [  5%] PASSED tests/batchsolving/test_batch_input_handler.py::test_process_single_input_dict_combinatorial 
tests/batchsolving/test_batch_input_handler.py::test_combinatorial_grid 
[gw4] [  5%] PASSED tests/batchsolving/test_batch_input_handler.py::test_combinatorial_grid 
tests/batchsolving/test_batch_input_handler.py::test_process_single_input_dict_verbatim 
tests/batchsolving/test_batch_input_handler.py::test_verbatim_grid 
[gw4] [  5%] PASSED tests/batchsolving/test_batch_input_handler.py::test_verbatim_grid 
tests/batchsolving/test_batch_input_handler.py::test_generate_grid 
[gw4] [  5%] PASSED tests/batchsolving/test_batch_input_handler.py::test_generate_grid 
tests/batchsolving/test_batch_input_handler.py::test_grid_size_errors 
[gw4] [  5%] PASSED tests/batchsolving/test_batch_input_handler.py::test_grid_size_errors 
[gw6] [  5%] PASSED tests/batchsolving/test_batch_input_handler.py::test_process_single_input_dict_verbatim 
tests/batchsolving/test_batch_input_handler.py::test_process_single_input_array 
tests/batchsolving/test_batch_input_handler.py::test_combine_grids 
[gw4] [  5%] PASSED tests/batchsolving/test_batch_input_handler.py::test_combine_grids 
[gw6] [  5%] PASSED tests/batchsolving/test_batch_input_handler.py::test_process_single_input_array 
tests/batchsolving/test_batch_input_handler.py::test_process_single_input_invalid_type 
[gw6] [  6%] PASSED tests/batchsolving/test_batch_input_handler.py::test_process_single_input_invalid_type 
tests/batchsolving/test_batch_input_handler.py::test_align_run_counts_combinatorial 
tests/batchsolving/test_batch_input_handler.py::test_extend_grid_to_array 
[gw4] [  6%] PASSED tests/batchsolving/test_batch_input_handler.py::test_extend_grid_to_array 
tests/batchsolving/test_batch_input_handler.py::test_generate_array 
[gw6] [  6%] PASSED tests/batchsolving/test_batch_input_handler.py::test_align_run_counts_combinatorial 
[gw4] [  6%] PASSED tests/batchsolving/test_batch_input_handler.py::test_generate_array 
tests/batchsolving/test_batch_input_handler.py::test_align_run_counts_verbatim 
tests/batchsolving/test_batch_input_handler.py::test_call_input_types[dict-dict] 
[gw6] [  6%] PASSED tests/batchsolving/test_batch_input_handler.py::test_align_run_counts_verbatim 
tests/batchsolving/test_batch_input_handler.py::test_call_positional_argument_order 
[gw4] [  6%] PASSED tests/batchsolving/test_batch_input_handler.py::test_call_input_types[dict-dict] 
[gw6] [  6%] PASSED tests/batchsolving/test_batch_input_handler.py::test_call_positional_argument_order 
tests/batchsolving/test_batch_input_handler.py::test_call_input_types[dict-seq] 
tests/batchsolving/test_batch_input_handler.py::test_call_device_arrays_passthrough 
[gw4] [  6%] PASSED tests/batchsolving/test_batch_input_handler.py::test_call_input_types[dict-seq] 
tests/batchsolving/test_batch_input_handler.py::test_call_input_types[dict-array] 
[gw4] [  6%] PASSED tests/batchsolving/test_batch_input_handler.py::test_call_input_types[dict-array] 
tests/batchsolving/test_batch_input_handler.py::test_call_input_types[dict-None] 
[gw6] [  6%] PASSED tests/batchsolving/test_batch_input_handler.py::test_call_device_arrays_passthrough 
tests/batchsolving/test_config_plumbing.py::test_comprehensive_config_plumbing[backwards_euler-fixed] 
[gw4] [  6%] PASSED tests/batchsolving/test_batch_input_handler.py::test_call_input_types[dict-None] 
tests/batchsolving/test_batch_input_handler.py::test_call_input_types[seq-dict] 
[gw4] [  6%] PASSED tests/batchsolving/test_batch_input_handler.py::test_call_input_types[seq-dict] 
tests/batchsolving/test_batch_input_handler.py::test_call_input_types[seq-seq] 
[gw4] [  7%] PASSED tests/batchsolving/test_batch_input_handler.py::test_call_input_types[seq-seq] 
tests/batchsolving/test_batch_input_handler.py::test_call_input_types[seq-array] 
[gw4] [  7%] PASSED tests/batchsolving/test_batch_input_handler.py::test_call_input_types[seq-array] 
tests/batchsolving/test_batch_input_handler.py::test_call_input_types[seq-None] 
[gw4] [  7%] PASSED tests/batchsolving/test_batch_input_handler.py::test_call_input_types[seq-None] 
tests/batchsolving/test_batch_input_handler.py::test_call_input_types[array-dict] 
[gw4] [  7%] PASSED tests/batchsolving/test_batch_input_handler.py::test_call_input_types[array-dict] 
tests/batchsolving/test_batch_input_handler.py::test_call_input_types[array-seq] 
[gw4] [  7%] PASSED tests/batchsolving/test_batch_input_handler.py::test_call_input_types[array-seq] 
tests/batchsolving/test_batch_input_handler.py::test_call_input_types[array-array] 
[gw4] [  7%] PASSED tests/batchsolving/test_batch_input_handler.py::test_call_input_types[array-array] 
tests/batchsolving/test_batch_input_handler.py::test_call_input_types[array-None] 
[gw4] [  7%] PASSED tests/batchsolving/test_batch_input_handler.py::test_call_input_types[array-None] 
tests/batchsolving/test_batch_input_handler.py::test_call_input_types[None-dict] 
[gw4] [  7%] PASSED tests/batchsolving/test_batch_input_handler.py::test_call_input_types[None-dict] 
tests/batchsolving/test_batch_input_handler.py::test_call_input_types[None-seq] 
[gw4] [  7%] PASSED tests/batchsolving/test_batch_input_handler.py::test_call_input_types[None-seq] 
tests/batchsolving/test_batch_input_handler.py::test_call_input_types[None-array] 
[gw4] [  7%] PASSED tests/batchsolving/test_batch_input_handler.py::test_call_input_types[None-array] 
tests/batchsolving/test_batch_input_handler.py::test_call_input_types[None-None] 
[gw4] [  7%] PASSED tests/batchsolving/test_batch_input_handler.py::test_call_input_types[None-None] 
tests/batchsolving/test_batch_input_handler.py::test_call_outputs 
[gw4] [  8%] PASSED tests/batchsolving/test_batch_input_handler.py::test_call_outputs 
tests/batchsolving/test_batch_input_handler.py::test_docstring_examples 
[gw4] [  8%] PASSED tests/batchsolving/test_batch_input_handler.py::test_docstring_examples 
tests/batchsolving/test_batch_input_handler.py::test_single_param_dict_sweep 
[gw4] [  8%] PASSED tests/batchsolving/test_batch_input_handler.py::test_single_param_dict_sweep 
tests/batchsolving/test_batch_input_handler.py::test_single_state_dict_single_run 
[gw4] [  8%] PASSED tests/batchsolving/test_batch_input_handler.py::test_single_state_dict_single_run 
tests/batchsolving/test_batch_input_handler.py::test_states_dict_params_sweep 
[gw4] [  8%] PASSED tests/batchsolving/test_batch_input_handler.py::test_states_dict_params_sweep 
tests/batchsolving/test_batch_input_handler.py::test_combinatorial_states_params 
[gw4] [  8%] PASSED tests/batchsolving/test_batch_input_handler.py::test_combinatorial_states_params 
tests/batchsolving/test_batch_input_handler.py::test_1d_param_array_single_run 
[gw4] [  8%] PASSED tests/batchsolving/test_batch_input_handler.py::test_1d_param_array_single_run 
tests/batchsolving/test_batch_input_handler.py::test_1d_state_array_partial_warning 
[gw4] [  8%] PASSED tests/batchsolving/test_batch_input_handler.py::test_1d_state_array_partial_warning 
tests/batchsolving/test_batch_input_handler.py::test_empty_inputs_returns_defaults 
[gw4] [  8%] PASSED tests/batchsolving/test_batch_input_handler.py::test_empty_inputs_returns_defaults 
tests/batchsolving/test_batch_input_handler.py::test_verbatim_single_run_broadcast 
[gw4] [  8%] PASSED tests/batchsolving/test_batch_input_handler.py::test_verbatim_single_run_broadcast 
tests/batchsolving/test_utils.py::TestEnsureNonzeroSize::test_int_positive 
[gw4] [  8%] PASSED tests/batchsolving/test_utils.py::TestEnsureNonzeroSize::test_int_positive 
tests/batchsolving/test_utils.py::TestEnsureNonzeroSize::test_int_negative 
[gw4] [  8%] PASSED tests/batchsolving/test_utils.py::TestEnsureNonzeroSize::test_int_negative 
tests/batchsolving/test_utils.py::TestEnsureNonzeroSize::test_tuple_with_zeros 
[gw4] [  9%] PASSED tests/batchsolving/test_utils.py::TestEnsureNonzeroSize::test_tuple_with_zeros 
tests/batchsolving/test_utils.py::TestEnsureNonzeroSize::test_tuple_without_zeros 
[gw4] [  9%] PASSED tests/batchsolving/test_utils.py::TestEnsureNonzeroSize::test_tuple_without_zeros 
tests/batchsolving/test_utils.py::TestEnsureNonzeroSize::test_tuple_empty 
[gw4] [  9%] PASSED tests/batchsolving/test_utils.py::TestEnsureNonzeroSize::test_tuple_empty 
tests/batchsolving/test_utils.py::TestEnsureNonzeroSize::test_tuple_single_zero 
[gw4] [  9%] PASSED tests/batchsolving/test_utils.py::TestEnsureNonzeroSize::test_tuple_single_zero 
tests/batchsolving/test_utils.py::TestEnsureNonzeroSize::test_tuple_single_nonzero 
[gw4] [  9%] PASSED tests/batchsolving/test_utils.py::TestEnsureNonzeroSize::test_tuple_single_nonzero 
tests/batchsolving/test_utils.py::TestEnsureNonzeroSize::test_other_types 
[gw4] [  9%] PASSED tests/batchsolving/test_utils.py::TestEnsureNonzeroSize::test_other_types 
tests/batchsolving/test_utils.py::TestIsCudaArray::test_cuda_array_detection 
[gw4] [  9%] PASSED tests/batchsolving/test_utils.py::TestIsCudaArray::test_cuda_array_detection 
tests/batchsolving/test_utils.py::TestIsCudaArray::test_numpy_array_detection 
[gw4] [  9%] PASSED tests/batchsolving/test_utils.py::TestIsCudaArray::test_numpy_array_detection 
tests/batchsolving/test_utils.py::TestIsCudaArray::test_non_array_detection 
[gw4] [  9%] PASSED tests/batchsolving/test_utils.py::TestIsCudaArray::test_non_array_detection 
tests/batchsolving/test_utils.py::TestIsCudaArray::test_mock_array_like_in_cudasim 
[gw4] [  9%] PASSED tests/batchsolving/test_utils.py::TestIsCudaArray::test_mock_array_like_in_cudasim 
tests/batchsolving/test_utils.py::TestCudaArrayValidator::test_valid_cuda_array_no_dimensions 
[gw4] [  9%] PASSED tests/batchsolving/test_utils.py::TestCudaArrayValidator::test_valid_cuda_array_no_dimensions 
tests/batchsolving/test_utils.py::TestCudaArrayValidator::test_valid_cuda_array_correct_dimensions 
[gw4] [  9%] PASSED tests/batchsolving/test_utils.py::TestCudaArrayValidator::test_valid_cuda_array_correct_dimensions 
tests/batchsolving/test_utils.py::TestCudaArrayValidator::test_valid_cuda_array_wrong_dimensions 
[gw4] [ 10%] PASSED tests/batchsolving/test_utils.py::TestCudaArrayValidator::test_valid_cuda_array_wrong_dimensions 
tests/batchsolving/test_utils.py::TestCudaArrayValidator::test_invalid_non_cuda_array 
[gw4] [ 10%] PASSED tests/batchsolving/test_utils.py::TestCudaArrayValidator::test_invalid_non_cuda_array 
tests/batchsolving/test_utils.py::TestCudaArrayValidator::test_invalid_non_array 
[gw4] [ 10%] PASSED tests/batchsolving/test_utils.py::TestCudaArrayValidator::test_invalid_non_array 
tests/batchsolving/test_utils.py::TestOptionalCudaArrayValidator::test_none_value 
[gw4] [ 10%] PASSED tests/batchsolving/test_utils.py::TestOptionalCudaArrayValidator::test_none_value 
tests/batchsolving/test_utils.py::TestOptionalCudaArrayValidator::test_none_value_with_dimensions 
[gw4] [ 10%] PASSED tests/batchsolving/test_utils.py::TestOptionalCudaArrayValidator::test_none_value_with_dimensions 
tests/batchsolving/test_utils.py::TestOptionalCudaArrayValidator::test_valid_cuda_array 
[gw4] [ 10%] PASSED tests/batchsolving/test_utils.py::TestOptionalCudaArrayValidator::test_valid_cuda_array 
tests/batchsolving/test_utils.py::TestOptionalCudaArrayValidator::test_valid_cuda_array_correct_dimensions 
[gw4] [ 10%] PASSED tests/batchsolving/test_utils.py::TestOptionalCudaArrayValidator::test_valid_cuda_array_correct_dimensions 
tests/batchsolving/test_utils.py::TestOptionalCudaArrayValidator::test_valid_cuda_array_wrong_dimensions 
[gw4] [ 10%] PASSED tests/batchsolving/test_utils.py::TestOptionalCudaArrayValidator::test_valid_cuda_array_wrong_dimensions 
tests/batchsolving/test_utils.py::TestOptionalCudaArrayValidator::test_invalid_non_array 
[gw4] [ 10%] PASSED tests/batchsolving/test_utils.py::TestOptionalCudaArrayValidator::test_invalid_non_array 
tests/batchsolving/test_utils.py::TestOptionalCudaArrayValidator3D::test_none_value 
[gw4] [ 10%] PASSED tests/batchsolving/test_utils.py::TestOptionalCudaArrayValidator3D::test_none_value 
tests/batchsolving/test_utils.py::TestOptionalCudaArrayValidator3D::test_valid_3d_cuda_array 
[gw4] [ 10%] PASSED tests/batchsolving/test_utils.py::TestOptionalCudaArrayValidator3D::test_valid_3d_cuda_array 
tests/batchsolving/test_utils.py::TestOptionalCudaArrayValidator3D::test_invalid_2d_cuda_array 
[gw4] [ 10%] PASSED tests/batchsolving/test_utils.py::TestOptionalCudaArrayValidator3D::test_invalid_2d_cuda_array 
tests/batchsolving/test_utils.py::TestOptionalCudaArrayValidator3D::test_invalid_non_array 
[gw4] [ 11%] PASSED tests/batchsolving/test_utils.py::TestOptionalCudaArrayValidator3D::test_invalid_non_array 
tests/batchsolving/test_utils.py::TestOptionalCudaArrayValidator2D::test_none_value 
[gw4] [ 11%] PASSED tests/batchsolving/test_utils.py::TestOptionalCudaArrayValidator2D::test_none_value 
tests/batchsolving/test_utils.py::TestOptionalCudaArrayValidator2D::test_valid_2d_cuda_array 
[gw4] [ 11%] PASSED tests/batchsolving/test_utils.py::TestOptionalCudaArrayValidator2D::test_valid_2d_cuda_array 
tests/batchsolving/test_utils.py::TestOptionalCudaArrayValidator2D::test_invalid_3d_cuda_array 
[gw4] [ 11%] PASSED tests/batchsolving/test_utils.py::TestOptionalCudaArrayValidator2D::test_invalid_3d_cuda_array 
tests/batchsolving/test_utils.py::TestOptionalCudaArrayValidator2D::test_invalid_non_array 
[gw4] [ 11%] PASSED tests/batchsolving/test_utils.py::TestOptionalCudaArrayValidator2D::test_invalid_non_array 
tests/batchsolving/test_utils.py::TestCudaArrayValidator3D::test_valid_3d_cuda_array 
[gw4] [ 11%] PASSED tests/batchsolving/test_utils.py::TestCudaArrayValidator3D::test_valid_3d_cuda_array 
tests/batchsolving/test_utils.py::TestCudaArrayValidator3D::test_invalid_2d_cuda_array 
[gw4] [ 11%] PASSED tests/batchsolving/test_utils.py::TestCudaArrayValidator3D::test_invalid_2d_cuda_array 
tests/batchsolving/test_utils.py::TestCudaArrayValidator3D::test_invalid_non_array 
[gw4] [ 11%] PASSED tests/batchsolving/test_utils.py::TestCudaArrayValidator3D::test_invalid_non_array 
tests/batchsolving/test_utils.py::TestCudaArrayValidator2D::test_valid_2d_cuda_array 
[gw4] [ 11%] PASSED tests/batchsolving/test_utils.py::TestCudaArrayValidator2D::test_valid_2d_cuda_array 
tests/batchsolving/test_utils.py::TestCudaArrayValidator2D::test_invalid_3d_cuda_array 
[gw4] [ 11%] PASSED tests/batchsolving/test_utils.py::TestCudaArrayValidator2D::test_invalid_3d_cuda_array 
tests/batchsolving/test_utils.py::TestCudaArrayValidator2D::test_invalid_1d_cuda_array 
[gw4] [ 11%] PASSED tests/batchsolving/test_utils.py::TestCudaArrayValidator2D::test_invalid_1d_cuda_array 
tests/batchsolving/test_utils.py::TestCudaArrayValidator2D::test_invalid_non_array 
[gw4] [ 11%] PASSED tests/batchsolving/test_utils.py::TestCudaArrayValidator2D::test_invalid_non_array 
tests/integrators/algorithms/test_step_algorithms.py::test_two_steps[crank_nicolson] 
[gw2] [ 12%] PASSED tests/batchsolving/arrays/test_batchinputarrays.py::test_input_arrays_with_different_systems[solver_settings_override0] 
tests/batchsolving/arrays/test_batchoutputarrays.py::test_dtype[solver_settings_override0] 
[gw7] [ 12%] PASSED tests/batchsolving/test_solver.py::test_variable_labels_properties 
tests/batchsolving/test_solver.py::test_solve_ivp_function 
[gw3] [ 12%] PASSED tests/odesystems/symbolic/test_solver_helpers.py::test_neumann_preconditioner_expression[0.5-2.0-0.1-3-] 
tests/outputhandling/test_output_functions.py::test_all_summaries_long_run[large_dataset-float32] 
[gw1] [ 12%] PASSED tests/batchsolving/arrays/test_batchinputarrays.py::TestInputArrays::test_initialization_container_types 
tests/batchsolving/arrays/test_batchinputarrays.py::TestInputArrays::test_from_solver_factory 
[gw1] [ 12%] PASSED tests/batchsolving/arrays/test_batchinputarrays.py::TestInputArrays::test_from_solver_factory 
tests/batchsolving/arrays/test_batchinputarrays.py::TestInputArrays::test_allocation_and_getters_not_none 
[gw1] [ 12%] PASSED tests/batchsolving/arrays/test_batchinputarrays.py::TestInputArrays::test_allocation_and_getters_not_none 
tests/batchsolving/arrays/test_batchinputarrays.py::TestInputArrays::test_call_method_updates_host_arrays 
[gw1] [ 12%] PASSED tests/batchsolving/arrays/test_batchinputarrays.py::TestInputArrays::test_call_method_updates_host_arrays 
tests/batchsolving/arrays/test_batchinputarrays.py::TestInputArrays::test_call_method_size_change_triggers_reallocation 
[gw1] [ 12%] PASSED tests/batchsolving/arrays/test_batchinputarrays.py::TestInputArrays::test_call_method_size_change_triggers_reallocation 
tests/batchsolving/arrays/test_batchinputarrays.py::TestInputArrays::test_update_from_solver 
[gw1] [ 12%] PASSED tests/batchsolving/arrays/test_batchinputarrays.py::TestInputArrays::test_update_from_solver 
tests/batchsolving/arrays/test_batchinputarrays.py::TestInputArrays::test_initialise_method 
[gw0] [ 12%] PASSED tests/batchsolving/arrays/test_basearraymanager.py::TestBaseArrayManager::test_initialize_device_zeros 
tests/batchsolving/arrays/test_basearraymanager.py::TestCheckSizesAndTypes::test_check_type_returns_dict 
[gw0] [ 12%] PASSED tests/batchsolving/arrays/test_basearraymanager.py::TestCheckSizesAndTypes::test_check_type_returns_dict 
tests/batchsolving/arrays/test_basearraymanager.py::TestCheckSizesAndTypes::test_check_type_all_correct 
[gw0] [ 12%] PASSED tests/batchsolving/arrays/test_basearraymanager.py::TestCheckSizesAndTypes::test_check_type_all_correct 
tests/batchsolving/arrays/test_basearraymanager.py::TestCheckSizesAndTypes::test_check_type_with_none_arrays 
[gw0] [ 13%] PASSED tests/batchsolving/arrays/test_basearraymanager.py::TestCheckSizesAndTypes::test_check_type_with_none_arrays 
[gw2] [ 13%] PASSED tests/batchsolving/arrays/test_batchoutputarrays.py::test_dtype[solver_settings_override0] 
tests/batchsolving/arrays/test_basearraymanager.py::TestCheckSizesAndTypes::test_check_sizes_returns_dict 
tests/batchsolving/arrays/test_batchoutputarrays.py::test_output_arrays_with_different_systems[solver_settings_override0] 
[gw0] [ 13%] PASSED tests/batchsolving/arrays/test_basearraymanager.py::TestCheckSizesAndTypes::test_check_sizes_returns_dict 
tests/batchsolving/arrays/test_basearraymanager.py::TestCheckSizesAndTypes::test_check_sizes_correct_shapes 
[gw0] [ 13%] PASSED tests/batchsolving/arrays/test_basearraymanager.py::TestCheckSizesAndTypes::test_check_sizes_correct_shapes 
tests/batchsolving/arrays/test_basearraymanager.py::TestCheckSizesAndTypes::test_check_sizes_wrong_shapes 
[gw0] [ 13%] PASSED tests/batchsolving/arrays/test_basearraymanager.py::TestCheckSizesAndTypes::test_check_sizes_wrong_shapes 
tests/batchsolving/arrays/test_basearraymanager.py::TestCheckSizesAndTypes::test_check_sizes_with_chunking 
[gw0] [ 13%] PASSED tests/batchsolving/arrays/test_basearraymanager.py::TestCheckSizesAndTypes::test_check_sizes_with_chunking 
tests/batchsolving/arrays/test_basearraymanager.py::TestCheckSizesAndTypes::test_check_sizes_invalid_location 
[gw0] [ 13%] PASSED tests/batchsolving/arrays/test_basearraymanager.py::TestCheckSizesAndTypes::test_check_sizes_invalid_location 
tests/batchsolving/arrays/test_basearraymanager.py::TestCheckIncomingArrays::test_check_incoming_arrays_all_pass 
[gw0] [ 13%] PASSED tests/batchsolving/arrays/test_basearraymanager.py::TestCheckIncomingArrays::test_check_incoming_arrays_all_pass 
tests/batchsolving/arrays/test_basearraymanager.py::TestCheckIncomingArrays::test_check_incoming_arrays_size_fail 
[gw0] [ 13%] PASSED tests/batchsolving/arrays/test_basearraymanager.py::TestCheckIncomingArrays::test_check_incoming_arrays_size_fail 
tests/batchsolving/test_solveresult.py::TestNaNProcessing::test_multiple_errors_all_set_to_nan 
[gw2] [ 13%] PASSED tests/batchsolving/arrays/test_batchoutputarrays.py::test_output_arrays_with_different_systems[solver_settings_override0] 
tests/batchsolving/test_batch_input_handler.py::test_input_handler_precision_enforcement[solver_settings_override0] 
[gw2] [ 13%] PASSED tests/batchsolving/test_batch_input_handler.py::test_input_handler_precision_enforcement[solver_settings_override0] 
tests/batchsolving/test_solver.py::test_manual_proportion[solver_settings_override0] 
[gw1] [ 13%] PASSED tests/batchsolving/arrays/test_batchinputarrays.py::TestInputArrays::test_initialise_method 
tests/batchsolving/arrays/test_batchinputarrays.py::TestInputArrays::test_dtype[solver_settings_override0] 
[gw2] [ 14%] PASSED tests/batchsolving/test_solver.py::test_manual_proportion[solver_settings_override0] 
tests/batchsolving/test_solver.py::test_time_precision_independent_of_state_precision[solver_settings_override0] 
[gw3] [ 14%] PASSED tests/outputhandling/test_output_functions.py::test_all_summaries_long_run[large_dataset-float32] 
tests/outputhandling/test_output_functions.py::test_all_summaries_long_window[large_dataset-solver_settings_override0] 
[gw1] [ 14%] PASSED tests/batchsolving/arrays/test_batchinputarrays.py::TestInputArrays::test_dtype[solver_settings_override0] 
tests/batchsolving/test_solveresult.py::TestSolveResultStaticMethods::test_combine_time_domain_arrays[False-True-<lambda>] 
[gw1] [ 14%] PASSED tests/batchsolving/test_solveresult.py::TestSolveResultStaticMethods::test_combine_time_domain_arrays[False-True-<lambda>] 
tests/batchsolving/test_solveresult.py::TestSolveResultStaticMethods::test_combine_time_domain_arrays[False-False-<lambda>] 
[gw1] [ 14%] PASSED tests/batchsolving/test_solveresult.py::TestSolveResultStaticMethods::test_combine_time_domain_arrays[False-False-<lambda>] 
tests/batchsolving/test_solveresult.py::TestSolveResultStaticMethods::test_combine_summaries_array[True-True-<lambda>] 
[gw1] [ 14%] PASSED tests/batchsolving/test_solveresult.py::TestSolveResultStaticMethods::test_combine_summaries_array[True-True-<lambda>] 
tests/batchsolving/test_solveresult.py::TestSolveResultStaticMethods::test_combine_summaries_array[True-False-<lambda>] 
[gw1] [ 14%] PASSED tests/batchsolving/test_solveresult.py::TestSolveResultStaticMethods::test_combine_summaries_array[True-False-<lambda>] 
tests/batchsolving/test_solveresult.py::TestSolveResultStaticMethods::test_combine_summaries_array[False-True-<lambda>] 
[gw1] [ 14%] PASSED tests/batchsolving/test_solveresult.py::TestSolveResultStaticMethods::test_combine_summaries_array[False-True-<lambda>] 
tests/batchsolving/test_solveresult.py::TestSolveResultStaticMethods::test_combine_summaries_array[False-False-<lambda>] 
[gw1] [ 14%] PASSED tests/batchsolving/test_solveresult.py::TestSolveResultStaticMethods::test_combine_summaries_array[False-False-<lambda>] 
tests/batchsolving/test_solveresult.py::TestSolveResultStaticMethods::test_cleave_time_with_time_saved 
[gw1] [ 14%] PASSED tests/batchsolving/test_solveresult.py::TestSolveResultStaticMethods::test_cleave_time_with_time_saved 
tests/batchsolving/test_solveresult.py::TestSolveResultStaticMethods::test_cleave_time_without_time_saved 
[gw1] [ 14%] PASSED tests/batchsolving/test_solveresult.py::TestSolveResultStaticMethods::test_cleave_time_without_time_saved 
tests/batchsolving/test_solveresult.py::TestSolveResultInstantiation::test_instantiation_type_equivalence 
[gw2] [ 15%] PASSED tests/batchsolving/test_solver.py::test_time_precision_independent_of_state_precision[solver_settings_override0] 
tests/integrators/algorithms/test_rosenbrock_tableaus.py::test_rosenbrock_step_accepts_registry_tableau[solver_settings_override0] 
[gw3] [ 15%] PASSED tests/outputhandling/test_output_functions.py::test_all_summaries_long_window[large_dataset-solver_settings_override0] 
tests/outputhandling/test_output_functions.py::test_save_time[output_test_settings_overrides0] 
[gw3] [ 15%] PASSED tests/outputhandling/test_output_functions.py::test_save_time[output_test_settings_overrides0] 
tests/outputhandling/test_output_functions.py::test_all_summaries_long_run[large_dataset-float64] 
[gw2] [ 15%] PASSED tests/integrators/algorithms/test_rosenbrock_tableaus.py::test_rosenbrock_step_accepts_registry_tableau[solver_settings_override0] 
tests/integrators/algorithms/test_step_algorithms.py::test_two_steps[euler] 
[gw3] [ 15%] PASSED tests/outputhandling/test_output_functions.py::test_all_summaries_long_run[large_dataset-float64] 
tests/outputhandling/test_output_functions.py::test_all_summaries_long_window[large_dataset-solver_settings_override1] 
[gw3] [ 15%] PASSED tests/outputhandling/test_output_functions.py::test_all_summaries_long_window[large_dataset-solver_settings_override1] 
tests/batchsolving/arrays/test_batchinputarrays.py::TestInputArrays::test_dtype[solver_settings_override1] 
[gw3] [ 15%] PASSED tests/batchsolving/arrays/test_batchinputarrays.py::TestInputArrays::test_dtype[solver_settings_override1] 
tests/batchsolving/arrays/test_batchinputarrays.py::test_input_arrays_with_different_systems[solver_settings_override1] 
[gw3] [ 15%] PASSED tests/batchsolving/arrays/test_batchinputarrays.py::test_input_arrays_with_different_systems[solver_settings_override1] 
tests/batchsolving/arrays/test_batchoutputarrays.py::test_dtype[solver_settings_override1] 
[gw3] [ 15%] PASSED tests/batchsolving/arrays/test_batchoutputarrays.py::test_dtype[solver_settings_override1] 
tests/batchsolving/arrays/test_batchoutputarrays.py::test_output_arrays_with_different_systems[solver_settings_override1] 
[gw2] [ 15%] PASSED tests/integrators/algorithms/test_step_algorithms.py::test_two_steps[euler] 
tests/integrators/algorithms/test_step_algorithms.py::test_against_euler[euler] 
[gw3] [ 15%] PASSED tests/batchsolving/arrays/test_batchoutputarrays.py::test_output_arrays_with_different_systems[solver_settings_override1] 
tests/batchsolving/test_batch_input_handler.py::test_input_handler_precision_enforcement[solver_settings_override1] 
[gw3] [ 15%] PASSED tests/batchsolving/test_batch_input_handler.py::test_input_handler_precision_enforcement[solver_settings_override1] 
tests/batchsolving/test_solver.py::test_time_precision_independent_of_state_precision[solver_settings_override1] 
[gw3] [ 16%] PASSED tests/batchsolving/test_solver.py::test_time_precision_independent_of_state_precision[solver_settings_override1] 
tests/integrators/algorithms/test_step_algorithms.py::test_two_steps[backwards_euler] 
[gw2] [ 16%] PASSED tests/integrators/algorithms/test_step_algorithms.py::test_against_euler[euler] 
tests/integrators/algorithms/test_step_algorithms.py::test_algorithm[euler] 
[gw0] [ 16%] PASSED tests/batchsolving/test_solveresult.py::TestNaNProcessing::test_multiple_errors_all_set_to_nan 
tests/batchsolving/test_solveresult.py::TestSolveSpecFields::test_solvespec_has_all_expected_attributes 
[gw0] [ 16%] PASSED tests/batchsolving/test_solveresult.py::TestSolveSpecFields::test_solvespec_has_all_expected_attributes 
tests/batchsolving/test_system_interface.py::test_from_system 
[gw0] [ 16%] PASSED tests/batchsolving/test_system_interface.py::test_from_system 
tests/batchsolving/test_system_interface.py::test_update[updates0] 
[gw0] [ 16%] PASSED tests/batchsolving/test_system_interface.py::test_update[updates0] 
tests/batchsolving/test_system_interface.py::test_update[updates1] 
[gw0] [ 16%] PASSED tests/batchsolving/test_system_interface.py::test_update[updates1] 
tests/batchsolving/test_system_interface.py::test_update[updates2] 
[gw0] [ 16%] PASSED tests/batchsolving/test_system_interface.py::test_update[updates2] 
tests/batchsolving/test_system_interface.py::test_update_invalid[updates0] 
[gw0] [ 16%] PASSED tests/batchsolving/test_system_interface.py::test_update_invalid[updates0] 
tests/batchsolving/test_system_interface.py::test_update_invalid[updates1] 
[gw0] [ 16%] PASSED tests/batchsolving/test_system_interface.py::test_update_invalid[updates1] 
tests/batchsolving/test_system_interface.py::test_state_indices 
[gw0] [ 16%] PASSED tests/batchsolving/test_system_interface.py::test_state_indices 
tests/batchsolving/test_system_interface.py::test_observable_indices 
[gw0] [ 16%] PASSED tests/batchsolving/test_system_interface.py::test_observable_indices 
tests/batchsolving/test_system_interface.py::test_parameter_indices 
[gw0] [ 17%] PASSED tests/batchsolving/test_system_interface.py::test_parameter_indices 
tests/batchsolving/test_system_interface.py::test_resolve_variable_labels_none_returns_none_tuple 
[gw0] [ 17%] PASSED tests/batchsolving/test_system_interface.py::test_resolve_variable_labels_none_returns_none_tuple 
tests/batchsolving/test_system_interface.py::test_resolve_variable_labels_empty_returns_empty_arrays 
[gw0] [ 17%] PASSED tests/batchsolving/test_system_interface.py::test_resolve_variable_labels_empty_returns_empty_arrays 
tests/batchsolving/test_system_interface.py::test_resolve_variable_labels_states_only 
[gw0] [ 17%] PASSED tests/batchsolving/test_system_interface.py::test_resolve_variable_labels_states_only 
tests/batchsolving/test_system_interface.py::test_resolve_variable_labels_observables_only 
[gw0] [ 17%] PASSED tests/batchsolving/test_system_interface.py::test_resolve_variable_labels_observables_only 
tests/batchsolving/test_system_interface.py::test_resolve_variable_labels_mixed 
[gw0] [ 17%] PASSED tests/batchsolving/test_system_interface.py::test_resolve_variable_labels_mixed 
tests/batchsolving/test_system_interface.py::test_resolve_variable_labels_invalid_raises 
[gw0] [ 17%] PASSED tests/batchsolving/test_system_interface.py::test_resolve_variable_labels_invalid_raises 
tests/batchsolving/test_system_interface.py::test_resolve_variable_labels_silent_mode 
[gw0] [ 17%] PASSED tests/batchsolving/test_system_interface.py::test_resolve_variable_labels_silent_mode 
tests/batchsolving/test_system_interface.py::test_resolve_variable_labels_partial_invalid_raises 
[gw0] [ 17%] PASSED tests/batchsolving/test_system_interface.py::test_resolve_variable_labels_partial_invalid_raises 
tests/batchsolving/test_system_interface.py::test_merge_variable_inputs_all_none_returns_full 
[gw0] [ 17%] PASSED tests/batchsolving/test_system_interface.py::test_merge_variable_inputs_all_none_returns_full 
tests/batchsolving/test_system_interface.py::test_merge_variable_inputs_empty_labels 
[gw0] [ 17%] PASSED tests/batchsolving/test_system_interface.py::test_merge_variable_inputs_empty_labels 
tests/batchsolving/test_system_interface.py::test_merge_variable_inputs_empty_indices 
[gw0] [ 17%] PASSED tests/batchsolving/test_system_interface.py::test_merge_variable_inputs_empty_indices 
tests/batchsolving/test_system_interface.py::test_merge_variable_inputs_union 
[gw0] [ 18%] PASSED tests/batchsolving/test_system_interface.py::test_merge_variable_inputs_union 
tests/batchsolving/test_system_interface.py::test_merge_variable_inputs_deduplication 
[gw0] [ 18%] PASSED tests/batchsolving/test_system_interface.py::test_merge_variable_inputs_deduplication 
tests/batchsolving/test_system_interface.py::test_convert_variable_labels_mutates_dict 
[gw0] [ 18%] PASSED tests/batchsolving/test_system_interface.py::test_convert_variable_labels_mutates_dict 
tests/batchsolving/test_system_interface.py::test_convert_variable_labels_pops_label_keys 
[gw0] [ 18%] PASSED tests/batchsolving/test_system_interface.py::test_convert_variable_labels_pops_label_keys 
tests/batchsolving/test_system_interface.py::test_convert_variable_labels_summarised_defaults_to_saved 
[gw0] [ 18%] PASSED tests/batchsolving/test_system_interface.py::test_convert_variable_labels_summarised_defaults_to_saved 
tests/batchsolving/test_utils.py::TestEnsureNonzeroSize::test_int_zero 
[gw0] [ 18%] PASSED tests/batchsolving/test_utils.py::TestEnsureNonzeroSize::test_int_zero 
tests/integrators/matrix_free_solvers/test_linear_solver.py::test_linear_solver_symbolic[0-steepest_descent-linear] 
[gw2] [ 18%] PASSED tests/integrators/algorithms/test_step_algorithms.py::test_algorithm[euler] 
tests/integrators/loops/test_ode_loop.py::test_loop[euler] 
[gw0] [ 18%] PASSED tests/integrators/matrix_free_solvers/test_linear_solver.py::test_linear_solver_symbolic[0-steepest_descent-linear] 
tests/integrators/matrix_free_solvers/test_linear_solver.py::test_linear_solver_symbolic[0-steepest_descent-coupled_linear] 
[gw7] [ 18%] PASSED tests/batchsolving/test_solver.py::test_solve_ivp_function 
tests/batchsolving/test_solver.py::test_solver_with_different_algorithms 
[gw7] [ 18%] PASSED tests/batchsolving/test_solver.py::test_solver_with_different_algorithms 
tests/batchsolving/test_solver.py::test_solver_output_types 
[gw7] [ 18%] PASSED tests/batchsolving/test_solver.py::test_solver_output_types 
tests/batchsolving/test_solver.py::test_solver_summary_legend 
[gw7] [ 18%] PASSED tests/batchsolving/test_solver.py::test_solver_summary_legend 
tests/batchsolving/test_solver.py::test_solver_save_time_property 
[gw7] [ 19%] PASSED tests/batchsolving/test_solver.py::test_solver_save_time_property 
tests/batchsolving/test_solver.py::test_solver_state_and_observable_summaries 
[gw7] [ 19%] PASSED tests/batchsolving/test_solver.py::test_solver_state_and_observable_summaries 
tests/batchsolving/test_solver.py::test_solver_num_runs_property 
[gw7] [ 19%] PASSED tests/batchsolving/test_solver.py::test_solver_num_runs_property 
tests/batchsolving/test_solver.py::test_build_grid_returns_correct_shape 
[gw7] [ 19%] PASSED tests/batchsolving/test_solver.py::test_build_grid_returns_correct_shape 
tests/batchsolving/test_solver.py::test_build_grid_combinatorial 
[gw7] [ 19%] PASSED tests/batchsolving/test_solver.py::test_build_grid_combinatorial 
tests/batchsolving/test_solver.py::test_build_grid_precision 
[gw7] [ 19%] PASSED tests/batchsolving/test_solver.py::test_build_grid_precision 
tests/batchsolving/test_solver.py::test_solve_with_prebuilt_arrays 
[gw0] [ 19%] PASSED tests/integrators/matrix_free_solvers/test_linear_solver.py::test_linear_solver_symbolic[0-steepest_descent-coupled_linear] 
tests/integrators/matrix_free_solvers/test_linear_solver.py::test_linear_solver_symbolic[0-minimal_residual-linear] 
[gw1] [ 19%] PASSED tests/batchsolving/test_solveresult.py::TestSolveResultInstantiation::test_instantiation_type_equivalence 
tests/batchsolving/test_solveresult.py::TestSolveResultInstantiation::test_from_solver_full_instantiation 
[gw1] [ 19%] PASSED tests/batchsolving/test_solveresult.py::TestSolveResultInstantiation::test_from_solver_full_instantiation 
tests/batchsolving/test_solveresult.py::TestSolveResultInstantiation::test_from_solver_numpy_instantiation 
[gw1] [ 19%] PASSED tests/batchsolving/test_solveresult.py::TestSolveResultInstantiation::test_from_solver_numpy_instantiation 
tests/batchsolving/test_solveresult.py::TestSolveResultInstantiation::test_from_solver_numpy_per_summary_instantiation 
[gw1] [ 19%] PASSED tests/batchsolving/test_solveresult.py::TestSolveResultInstantiation::test_from_solver_numpy_per_summary_instantiation 
tests/batchsolving/test_solveresult.py::TestSolveResultInstantiation::test_from_solver_pandas_instantiation 
[gw1] [ 19%] PASSED tests/batchsolving/test_solveresult.py::TestSolveResultInstantiation::test_from_solver_pandas_instantiation 
tests/batchsolving/test_solveresult.py::TestSolveResultFromSolver::test_time_domain_legend_from_solver 
[gw1] [ 20%] PASSED tests/batchsolving/test_solveresult.py::TestSolveResultFromSolver::test_time_domain_legend_from_solver 
tests/batchsolving/test_solveresult.py::TestSolveResultFromSolver::test_summary_legend_from_solver 
[gw1] [ 20%] PASSED tests/batchsolving/test_solveresult.py::TestSolveResultFromSolver::test_summary_legend_from_solver 
tests/batchsolving/test_solveresult.py::TestSolveResultFromSolver::test_stride_order_from_solver 
[gw1] [ 20%] PASSED tests/batchsolving/test_solveresult.py::TestSolveResultFromSolver::test_stride_order_from_solver 
tests/batchsolving/test_solveresult.py::TestSolveResultProperties::test_as_numpy_property 
[gw1] [ 20%] PASSED tests/batchsolving/test_solveresult.py::TestSolveResultProperties::test_as_numpy_property 
tests/batchsolving/test_solveresult.py::TestSolveResultProperties::test_per_summary_arrays_property 
[gw1] [ 20%] PASSED tests/batchsolving/test_solveresult.py::TestSolveResultProperties::test_per_summary_arrays_property 
tests/batchsolving/test_solveresult.py::TestSolveResultProperties::test_as_pandas_property 
[gw1] [ 20%] PASSED tests/batchsolving/test_solveresult.py::TestSolveResultProperties::test_as_pandas_property 
tests/batchsolving/test_solveresult.py::TestSolveResultProperties::test_active_outputs_property 
[gw1] [ 20%] PASSED tests/batchsolving/test_solveresult.py::TestSolveResultProperties::test_active_outputs_property 
tests/batchsolving/test_solveresult.py::TestSolveResultDefaultBehavior::test_default_instantiation 
[gw1] [ 20%] PASSED tests/batchsolving/test_solveresult.py::TestSolveResultDefaultBehavior::test_default_instantiation 
tests/batchsolving/test_solveresult.py::TestSolveResultDefaultBehavior::test_custom_stride_order 
[gw1] [ 20%] PASSED tests/batchsolving/test_solveresult.py::TestSolveResultDefaultBehavior::test_custom_stride_order 
tests/batchsolving/test_solveresult.py::TestSolveResultPandasIntegration::test_pandas_shape_consistency 
[gw1] [ 20%] PASSED tests/batchsolving/test_solveresult.py::TestSolveResultPandasIntegration::test_pandas_shape_consistency 
tests/batchsolving/test_solveresult.py::TestSolveResultPandasIntegration::test_pandas_time_indexing 
[gw1] [ 20%] PASSED tests/batchsolving/test_solveresult.py::TestSolveResultPandasIntegration::test_pandas_time_indexing 
tests/batchsolving/test_solveresult.py::TestSolveResultErrorHandling::test_empty_summaries_per_summary_arrays 
[gw1] [ 20%] PASSED tests/batchsolving/test_solveresult.py::TestSolveResultErrorHandling::test_empty_summaries_per_summary_arrays 
tests/batchsolving/test_solveresult.py::test_status_codes_attribute 
[gw1] [ 21%] PASSED tests/batchsolving/test_solveresult.py::test_status_codes_attribute 
tests/batchsolving/test_solveresult.py::TestNaNProcessing::test_nan_processing_with_simulated_errors 
[gw0] [ 21%] PASSED tests/integrators/matrix_free_solvers/test_linear_solver.py::test_linear_solver_symbolic[0-minimal_residual-linear] 
tests/integrators/matrix_free_solvers/test_linear_solver.py::test_linear_solver_symbolic[0-minimal_residual-coupled_linear] 
[gw2] [ 21%] PASSED tests/integrators/loops/test_ode_loop.py::test_loop[euler] 
tests/integrators/loops/test_ode_loop.py::test_all_summary_metrics_numerical_check[combined metrics] 
[gw0] [ 21%] PASSED tests/integrators/matrix_free_solvers/test_linear_solver.py::test_linear_solver_symbolic[0-minimal_residual-coupled_linear] 
tests/integrators/matrix_free_solvers/test_linear_solver.py::test_linear_solver_symbolic[1-steepest_descent-linear] 
[gw1] [ 21%] PASSED tests/batchsolving/test_solveresult.py::TestNaNProcessing::test_nan_processing_with_simulated_errors 
tests/batchsolving/test_solveresult.py::TestNaNProcessing::test_nan_disabled_preserves_error_data 
[gw1] [ 21%] PASSED tests/batchsolving/test_solveresult.py::TestNaNProcessing::test_nan_disabled_preserves_error_data 
tests/batchsolving/test_solveresult.py::TestNaNProcessing::test_successful_runs_unchanged_with_nan_enabled 
[gw1] [ 21%] PASSED tests/batchsolving/test_solveresult.py::TestNaNProcessing::test_successful_runs_unchanged_with_nan_enabled 
tests/integrators/algorithms/test_step_algorithms.py::test_cpu_reference_resolves_tableau_alias[firk] 
[gw1] [ 21%] PASSED tests/integrators/algorithms/test_step_algorithms.py::test_cpu_reference_resolves_tableau_alias[firk] 
tests/integrators/algorithms/test_step_algorithms.py::test_cpu_reference_resolves_tableau_alias[rosenbrock] 
[gw1] [ 21%] PASSED tests/integrators/algorithms/test_step_algorithms.py::test_cpu_reference_resolves_tableau_alias[rosenbrock] 
tests/integrators/algorithms/test_step_algorithms.py::test_tableau_controller_defaults[ERKStep-tableau0-expected_dict0] 
[gw1] [ 21%] PASSED tests/integrators/algorithms/test_step_algorithms.py::test_tableau_controller_defaults[ERKStep-tableau0-expected_dict0] 
tests/integrators/algorithms/test_step_algorithms.py::test_tableau_controller_defaults[ERKStep-tableau1-expected_dict1] 
[gw1] [ 21%] PASSED tests/integrators/algorithms/test_step_algorithms.py::test_tableau_controller_defaults[ERKStep-tableau1-expected_dict1] 
tests/integrators/algorithms/test_step_algorithms.py::test_tableau_controller_defaults[ERKStep-tableau2-expected_dict2] 
[gw1] [ 22%] PASSED tests/integrators/algorithms/test_step_algorithms.py::test_tableau_controller_defaults[ERKStep-tableau2-expected_dict2] 
tests/integrators/algorithms/test_step_algorithms.py::test_tableau_controller_defaults[ERKStep-tableau3-expected_dict3] 
[gw1] [ 22%] PASSED tests/integrators/algorithms/test_step_algorithms.py::test_tableau_controller_defaults[ERKStep-tableau3-expected_dict3] 
tests/integrators/algorithms/test_step_algorithms.py::test_tableau_controller_defaults[DIRKStep-tableau4-expected_dict4] 
[gw1] [ 22%] PASSED tests/integrators/algorithms/test_step_algorithms.py::test_tableau_controller_defaults[DIRKStep-tableau4-expected_dict4] 
tests/integrators/algorithms/test_step_algorithms.py::test_tableau_controller_defaults[FIRKStep-tableau5-expected_dict5] 
[gw1] [ 22%] PASSED tests/integrators/algorithms/test_step_algorithms.py::test_tableau_controller_defaults[FIRKStep-tableau5-expected_dict5] 
tests/integrators/algorithms/test_step_algorithms.py::test_tableau_controller_defaults[GenericRosenbrockWStep-tableau6-expected_dict6] 
[gw1] [ 22%] PASSED tests/integrators/algorithms/test_step_algorithms.py::test_tableau_controller_defaults[GenericRosenbrockWStep-tableau6-expected_dict6] 
tests/integrators/algorithms/test_tableau_properties.py::test_b_matches_a_row_radauiia5 
[gw1] [ 22%] PASSED tests/integrators/algorithms/test_tableau_properties.py::test_b_matches_a_row_radauiia5 
tests/integrators/algorithms/test_tableau_properties.py::test_b_matches_a_row_ros3p_none 
[gw1] [ 22%] PASSED tests/integrators/algorithms/test_tableau_properties.py::test_b_matches_a_row_ros3p_none 
tests/integrators/algorithms/test_tableau_properties.py::test_b_hat_matches_a_row_none_when_no_b_hat 
[gw1] [ 22%] PASSED tests/integrators/algorithms/test_tableau_properties.py::test_b_hat_matches_a_row_none_when_no_b_hat 
tests/integrators/algorithms/test_tableau_properties.py::test_floating_point_tolerance 
[gw1] [ 22%] PASSED tests/integrators/algorithms/test_tableau_properties.py::test_floating_point_tolerance 
tests/integrators/cpu_reference/test_cpu_utils.py::test_cpu_driver_evaluator_matches_gpu_time_alignment[float32-5e-06-5e-06] 
[gw1] [ 22%] PASSED tests/integrators/cpu_reference/test_cpu_utils.py::test_cpu_driver_evaluator_matches_gpu_time_alignment[float32-5e-06-5e-06] 
tests/integrators/cpu_reference/test_cpu_utils.py::test_cpu_driver_evaluator_matches_gpu_time_alignment[float64-1e-12-1e-12] 
[gw1] [ 22%] PASSED tests/integrators/cpu_reference/test_cpu_utils.py::test_cpu_driver_evaluator_matches_gpu_time_alignment[float64-1e-12-1e-12] 
tests/integrators/loops/test_buffer_settings.py::TestIVPLoopBufferRegistration::test_ivploop_registers_buffers 
[gw1] [ 22%] PASSED tests/integrators/loops/test_buffer_settings.py::TestIVPLoopBufferRegistration::test_ivploop_registers_buffers 
tests/integrators/loops/test_buffer_settings.py::TestIVPLoopBufferRegistration::test_ivploop_accepts_location_parameters 
[gw1] [ 23%] PASSED tests/integrators/loops/test_buffer_settings.py::TestIVPLoopBufferRegistration::test_ivploop_accepts_location_parameters 
tests/integrators/loops/test_buffer_settings.py::TestIVPLoopBufferRegistration::test_ivploop_all_local_zero_shared 
[gw1] [ 23%] PASSED tests/integrators/loops/test_buffer_settings.py::TestIVPLoopBufferRegistration::test_ivploop_all_local_zero_shared 
tests/integrators/loops/test_buffer_settings.py::TestBufferRegistryIntegration::test_get_allocator_returns_callable 
[gw1] [ 23%] PASSED tests/integrators/loops/test_buffer_settings.py::TestBufferRegistryIntegration::test_get_allocator_returns_callable 
tests/integrators/loops/test_buffer_settings.py::TestBufferRegistryIntegration::test_clear_factory_removes_registrations 
[gw1] [ 23%] PASSED tests/integrators/loops/test_buffer_settings.py::TestBufferRegistryIntegration::test_clear_factory_removes_registrations 
tests/integrators/loops/test_interp_vs_symbolic.py::test_time_driver_array_matches_function 
[gw0] [ 23%] PASSED tests/integrators/matrix_free_solvers/test_linear_solver.py::test_linear_solver_symbolic[1-steepest_descent-linear] 
tests/integrators/matrix_free_solvers/test_linear_solver.py::test_linear_solver_symbolic[1-steepest_descent-coupled_linear] 
[gw7] [ 23%] PASSED tests/batchsolving/test_solver.py::test_solve_with_prebuilt_arrays 
tests/batchsolving/test_solver.py::test_solve_array_path_matches_dict_path 
[gw7] [ 23%] PASSED tests/batchsolving/test_solver.py::test_solve_array_path_matches_dict_path 
tests/batchsolving/test_solver.py::test_solve_dict_path_backward_compatible 
[gw7] [ 23%] PASSED tests/batchsolving/test_solver.py::test_solve_dict_path_backward_compatible 
tests/batchsolving/test_solver.py::test_solve_ivp_save_every_param 
[gw0] [ 23%] PASSED tests/integrators/matrix_free_solvers/test_linear_solver.py::test_linear_solver_symbolic[1-steepest_descent-coupled_linear] 
tests/integrators/matrix_free_solvers/test_linear_solver.py::test_linear_solver_symbolic[1-minimal_residual-linear] 
[gw5] [ 23%] PASSED tests/integrators/loops/test_ode_loop.py::test_loop[backwards_euler_pc] 
tests/integrators/loops/test_ode_loop.py::test_all_summary_metrics_numerical_check[1st generation metrics] 
[gw0] [ 23%] PASSED tests/integrators/matrix_free_solvers/test_linear_solver.py::test_linear_solver_symbolic[1-minimal_residual-linear] 
tests/integrators/matrix_free_solvers/test_linear_solver.py::test_linear_solver_symbolic[1-minimal_residual-coupled_linear] 
[gw3] [ 23%] PASSED tests/integrators/algorithms/test_step_algorithms.py::test_two_steps[backwards_euler] 
tests/integrators/algorithms/test_step_algorithms.py::test_against_euler[backwards_euler] 
[gw0] [ 24%] PASSED tests/integrators/matrix_free_solvers/test_linear_solver.py::test_linear_solver_symbolic[1-minimal_residual-coupled_linear] 
tests/integrators/matrix_free_solvers/test_linear_solver.py::test_linear_solver_symbolic[2-steepest_descent-linear] 
[gw6] [ 24%] PASSED tests/batchsolving/test_config_plumbing.py::test_comprehensive_config_plumbing[backwards_euler-fixed] 
tests/batchsolving/test_config_plumbing.py::test_comprehensive_config_plumbing[crank_nicolson-i] 
[gw7] [ 24%] PASSED tests/batchsolving/test_solver.py::test_solve_ivp_save_every_param 
tests/batchsolving/test_solver.py::test_solve_ivp_positional_argument_order 
[gw1] [ 24%] PASSED tests/integrators/loops/test_interp_vs_symbolic.py::test_time_driver_array_matches_function 
tests/integrators/loops/test_ode_loop.py::test_getters 
[gw1] [ 24%] PASSED tests/integrators/loops/test_ode_loop.py::test_getters 
tests/integrators/loops/test_ode_loop.py::test_initial_observable_seed_matches_reference 
[gw0] [ 24%] PASSED tests/integrators/matrix_free_solvers/test_linear_solver.py::test_linear_solver_symbolic[2-steepest_descent-linear] 
tests/integrators/matrix_free_solvers/test_linear_solver.py::test_linear_solver_symbolic[2-steepest_descent-coupled_linear] 
[gw0] [ 24%] PASSED tests/integrators/matrix_free_solvers/test_linear_solver.py::test_linear_solver_symbolic[2-steepest_descent-coupled_linear] 
tests/integrators/matrix_free_solvers/test_linear_solver.py::test_linear_solver_symbolic[2-minimal_residual-linear] 
[gw4] [ 24%] PASSED tests/integrators/algorithms/test_step_algorithms.py::test_two_steps[crank_nicolson] 
tests/integrators/algorithms/test_step_algorithms.py::test_against_euler[crank_nicolson] 
[gw3] [ 24%] PASSED tests/integrators/algorithms/test_step_algorithms.py::test_against_euler[backwards_euler] 
tests/integrators/algorithms/test_step_algorithms.py::test_algorithm[backwards_euler] 
[gw3] [ 24%] PASSED tests/integrators/algorithms/test_step_algorithms.py::test_algorithm[backwards_euler] 
tests/integrators/loops/test_ode_loop.py::test_loop[backwards_euler] 
[gw7] [ 24%] PASSED tests/batchsolving/test_solver.py::test_solve_ivp_positional_argument_order 
tests/batchsolving/test_solver.py::test_output_variable_labels_separated_for_states_only[save_variables-saved] 
[gw7] [ 24%] PASSED tests/batchsolving/test_solver.py::test_output_variable_labels_separated_for_states_only[save_variables-saved] 
tests/batchsolving/test_solver.py::test_output_variable_labels_separated_for_states_only[summarise_variables-summarised] 
[gw7] [ 25%] PASSED tests/batchsolving/test_solver.py::test_output_variable_labels_separated_for_states_only[summarise_variables-summarised] 
tests/batchsolving/test_solver.py::test_output_variable_labels_separated_for_observables_only[save_variables-saved] 
[gw7] [ 25%] PASSED tests/batchsolving/test_solver.py::test_output_variable_labels_separated_for_observables_only[save_variables-saved] 
tests/batchsolving/test_solver.py::test_output_variable_labels_separated_for_observables_only[summarise_variables-summarised] 
[gw7] [ 25%] PASSED tests/batchsolving/test_solver.py::test_output_variable_labels_separated_for_observables_only[summarise_variables-summarised] 
tests/batchsolving/test_solver.py::test_output_variable_labels_separated_for_mixed[save_variables-saved] 
[gw7] [ 25%] PASSED tests/batchsolving/test_solver.py::test_output_variable_labels_separated_for_mixed[save_variables-saved] 
tests/batchsolving/test_solver.py::test_output_variable_labels_separated_for_mixed[summarise_variables-summarised] 
[gw7] [ 25%] PASSED tests/batchsolving/test_solver.py::test_output_variable_labels_separated_for_mixed[summarise_variables-summarised] 
tests/batchsolving/test_solver.py::test_output_variable_labels_union_with_existing_indices[save_variables-saved-saved_state_indices] 
[gw7] [ 25%] PASSED tests/batchsolving/test_solver.py::test_output_variable_labels_union_with_existing_indices[save_variables-saved-saved_state_indices] 
tests/batchsolving/test_solver.py::test_output_variable_labels_union_with_existing_indices[summarise_variables-summarised-summarised_state_indices] 
[gw7] [ 25%] PASSED tests/batchsolving/test_solver.py::test_output_variable_labels_union_with_existing_indices[summarise_variables-summarised-summarised_state_indices] 
tests/batchsolving/test_solver.py::test_output_variable_labels_empty_list_explicit_none[save_variables-saved] 
[gw7] [ 25%] PASSED tests/batchsolving/test_solver.py::test_output_variable_labels_empty_list_explicit_none[save_variables-saved] 
tests/batchsolving/test_solver.py::test_output_variable_labels_empty_list_explicit_none[summarise_variables-summarised] 
[gw7] [ 25%] PASSED tests/batchsolving/test_solver.py::test_output_variable_labels_empty_list_explicit_none[summarise_variables-summarised] 
tests/batchsolving/test_solver.py::test_output_variable_labels_none_means_use_all_defaults 
[gw7] [ 25%] PASSED tests/batchsolving/test_solver.py::test_output_variable_labels_none_means_use_all_defaults 
tests/batchsolving/test_solver.py::test_output_variable_labels_invalid_name_raises[save_variables] 
[gw7] [ 25%] PASSED tests/batchsolving/test_solver.py::test_output_variable_labels_invalid_name_raises[save_variables] 
tests/batchsolving/test_solver.py::test_output_variable_labels_invalid_name_raises[summarise_variables] 
[gw7] [ 25%] PASSED tests/batchsolving/test_solver.py::test_output_variable_labels_invalid_name_raises[summarise_variables] 
tests/batchsolving/test_solver.py::test_save_variables_error_includes_available_names 
[gw7] [ 26%] PASSED tests/batchsolving/test_solver.py::test_save_variables_error_includes_available_names 
tests/batchsolving/test_solver.py::test_array_only_fast_path 
[gw7] [ 26%] PASSED tests/batchsolving/test_solver.py::test_array_only_fast_path 
tests/batchsolving/test_solver.py::test_solve_ivp_with_save_variables 
[gw5] [ 26%] PASSED tests/integrators/loops/test_ode_loop.py::test_all_summary_metrics_numerical_check[1st generation metrics] 
tests/integrators/step_control/test_controller_equivalence_sequences.py::TestControllerEquivalence::test_sequential_acceptance_matches[pid] 
[gw2] [ 26%] PASSED tests/integrators/loops/test_ode_loop.py::test_all_summary_metrics_numerical_check[combined metrics] 
tests/integrators/loops/test_ode_loop.py::test_float32_small_timestep_accumulation[] 
[gw0] [ 26%] PASSED tests/integrators/matrix_free_solvers/test_linear_solver.py::test_linear_solver_symbolic[2-minimal_residual-linear] 
tests/integrators/matrix_free_solvers/test_linear_solver.py::test_linear_solver_symbolic[2-minimal_residual-coupled_linear] 
[gw1] [ 26%] PASSED tests/integrators/loops/test_ode_loop.py::test_initial_observable_seed_matches_reference 
tests/integrators/matrix_free_solvers/test_linear_solver.py::test_linear_solver_placeholder[steepest_descent] 
[gw5] [ 26%] PASSED tests/integrators/step_control/test_controller_equivalence_sequences.py::TestControllerEquivalence::test_sequential_acceptance_matches[pid] 
tests/integrators/step_control/test_controller_equivalence_sequences.py::TestControllerEquivalence::test_rejection_retains_previous_state[pid] 
[gw0] [ 26%] PASSED tests/integrators/matrix_free_solvers/test_linear_solver.py::test_linear_solver_symbolic[2-minimal_residual-coupled_linear] 
tests/integrators/matrix_free_solvers/test_linear_solver.py::test_linear_solver_max_iters_exceeded 
[gw5] [ 26%] PASSED tests/integrators/step_control/test_controller_equivalence_sequences.py::TestControllerEquivalence::test_rejection_retains_previous_state[pid] 
tests/batchsolving/arrays/test_batchoutputarrays.py::TestOutputArrayContainer::test_container_arrays_after_init 
[gw5] [ 26%] PASSED tests/batchsolving/arrays/test_batchoutputarrays.py::TestOutputArrayContainer::test_container_arrays_after_init 
tests/batchsolving/arrays/test_batchoutputarrays.py::TestOutputArrayContainer::test_container_stride_order 
[gw5] [ 26%] PASSED tests/batchsolving/arrays/test_batchoutputarrays.py::TestOutputArrayContainer::test_container_stride_order 
tests/batchsolving/arrays/test_batchoutputarrays.py::TestOutputArrayContainer::test_container_memory_type_default 
[gw5] [ 26%] PASSED tests/batchsolving/arrays/test_batchoutputarrays.py::TestOutputArrayContainer::test_container_memory_type_default 
tests/batchsolving/arrays/test_batchoutputarrays.py::TestOutputArrayContainer::test_host_factory 
[gw5] [ 27%] PASSED tests/batchsolving/arrays/test_batchoutputarrays.py::TestOutputArrayContainer::test_host_factory 
tests/batchsolving/arrays/test_batchoutputarrays.py::TestOutputArrayContainer::test_device_factory 
[gw5] [ 27%] PASSED tests/batchsolving/arrays/test_batchoutputarrays.py::TestOutputArrayContainer::test_device_factory 
tests/batchsolving/arrays/test_batchoutputarrays.py::TestOutputArrays::test_initialization_container_types 
[gw5] [ 27%] PASSED tests/batchsolving/arrays/test_batchoutputarrays.py::TestOutputArrays::test_initialization_container_types 
tests/batchsolving/arrays/test_batchoutputarrays.py::TestOutputArrays::test_from_solver_factory 
[gw5] [ 27%] PASSED tests/batchsolving/arrays/test_batchoutputarrays.py::TestOutputArrays::test_from_solver_factory 
tests/batchsolving/arrays/test_batchoutputarrays.py::TestOutputArrays::test_allocation_and_getters_not_none 
[gw5] [ 27%] PASSED tests/batchsolving/arrays/test_batchoutputarrays.py::TestOutputArrays::test_allocation_and_getters_not_none 
tests/batchsolving/arrays/test_batchoutputarrays.py::TestOutputArrays::test_getters_return_none_before_allocation 
[gw5] [ 27%] PASSED tests/batchsolving/arrays/test_batchoutputarrays.py::TestOutputArrays::test_getters_return_none_before_allocation 
tests/batchsolving/arrays/test_batchoutputarrays.py::TestOutputArrays::test_call_method_allocates_arrays 
[gw5] [ 27%] PASSED tests/batchsolving/arrays/test_batchoutputarrays.py::TestOutputArrays::test_call_method_allocates_arrays 
tests/batchsolving/arrays/test_batchoutputarrays.py::TestOutputArrays::test_reallocation_on_size_change 
[gw5] [ 27%] PASSED tests/batchsolving/arrays/test_batchoutputarrays.py::TestOutputArrays::test_reallocation_on_size_change 
tests/batchsolving/arrays/test_batchoutputarrays.py::TestOutputArrays::test_chunking_affects_device_array_size 
[gw5] [ 27%] PASSED tests/batchsolving/arrays/test_batchoutputarrays.py::TestOutputArrays::test_chunking_affects_device_array_size 
tests/batchsolving/arrays/test_batchoutputarrays.py::TestOutputArrays::test_update_from_solver 
[gw5] [ 27%] PASSED tests/batchsolving/arrays/test_batchoutputarrays.py::TestOutputArrays::test_update_from_solver 
tests/batchsolving/arrays/test_batchoutputarrays.py::TestOutputArrays::test_update_from_solver_fast_path 
[gw5] [ 27%] PASSED tests/batchsolving/arrays/test_batchoutputarrays.py::TestOutputArrays::test_update_from_solver_fast_path 
tests/batchsolving/arrays/test_batchoutputarrays.py::TestOutputArrays::test_initialise_method 
[gw5] [ 27%] PASSED tests/batchsolving/arrays/test_batchoutputarrays.py::TestOutputArrays::test_initialise_method 
tests/batchsolving/arrays/test_batchoutputarrays.py::TestOutputArrays::test_finalise_method_copies_device_to_host 
[gw1] [ 28%] PASSED tests/integrators/matrix_free_solvers/test_linear_solver.py::test_linear_solver_placeholder[steepest_descent] 
tests/integrators/matrix_free_solvers/test_linear_solver.py::test_linear_solver_placeholder[minimal_residual] 
[gw0] [ 28%] PASSED tests/integrators/matrix_free_solvers/test_linear_solver.py::test_linear_solver_max_iters_exceeded 
tests/integrators/matrix_free_solvers/test_newton_krylov.py::test_newton_krylov_placeholder 
[gw5] [ 28%] PASSED tests/batchsolving/arrays/test_batchoutputarrays.py::TestOutputArrays::test_finalise_method_copies_device_to_host 
tests/batchsolving/arrays/test_batchoutputarrays.py::test_output_arrays_with_different_configs[output_test_overrides0] 
[gw5] [ 28%] PASSED tests/batchsolving/arrays/test_batchoutputarrays.py::test_output_arrays_with_different_configs[output_test_overrides0] 
tests/batchsolving/arrays/test_batchoutputarrays.py::test_output_arrays_with_different_configs[output_test_overrides1] 
[gw5] [ 28%] PASSED tests/batchsolving/arrays/test_batchoutputarrays.py::test_output_arrays_with_different_configs[output_test_overrides1] 
tests/batchsolving/arrays/test_batchoutputarrays.py::test_output_arrays_with_different_configs[output_test_overrides2] 
[gw5] [ 28%] PASSED tests/batchsolving/arrays/test_batchoutputarrays.py::test_output_arrays_with_different_configs[output_test_overrides2] 
tests/batchsolving/arrays/test_batchoutputarrays.py::TestOutputArraysSpecialCases::test_allocation_with_different_solver_sizes 
[gw5] [ 28%] PASSED tests/batchsolving/arrays/test_batchoutputarrays.py::TestOutputArraysSpecialCases::test_allocation_with_different_solver_sizes 
tests/batchsolving/test_SolverKernel.py::test_kernel_builds 
[gw7] [ 28%] PASSED tests/batchsolving/test_solver.py::test_solve_ivp_with_save_variables 
tests/batchsolving/test_solver.py::test_solver_solve_with_save_variables 
[gw1] [ 28%] PASSED tests/integrators/matrix_free_solvers/test_linear_solver.py::test_linear_solver_placeholder[minimal_residual] 
tests/integrators/matrix_free_solvers/test_newton_krylov.py::test_newton_krylov_symbolic[2-linear] 
[gw2] [ 28%] PASSED tests/integrators/loops/test_ode_loop.py::test_float32_small_timestep_accumulation[] 
tests/integrators/loops/test_ode_loop.py::test_large_t0_with_small_steps[float32] 
[gw0] [ 28%] PASSED tests/integrators/matrix_free_solvers/test_newton_krylov.py::test_newton_krylov_placeholder 
tests/integrators/matrix_free_solvers/test_newton_krylov.py::test_newton_krylov_symbolic[0-linear] 
[gw1] [ 29%] PASSED tests/integrators/matrix_free_solvers/test_newton_krylov.py::test_newton_krylov_symbolic[2-linear] 
tests/integrators/matrix_free_solvers/test_newton_krylov.py::test_newton_krylov_symbolic[2-nonlinear] 
[gw0] [ 29%] PASSED tests/integrators/matrix_free_solvers/test_newton_krylov.py::test_newton_krylov_symbolic[0-linear] 
tests/integrators/matrix_free_solvers/test_newton_krylov.py::test_newton_krylov_symbolic[0-nonlinear] 
[gw2] [ 29%] PASSED tests/integrators/loops/test_ode_loop.py::test_large_t0_with_small_steps[float32] 
tests/integrators/loops/test_ode_loop.py::test_adaptive_controller_with_float32[] 
[gw7] [ 29%] PASSED tests/batchsolving/test_solver.py::test_solver_solve_with_save_variables 
tests/batchsolving/test_solver.py::test_solve_ivp_with_summarise_variables 
[gw5] [ 29%] PASSED tests/batchsolving/test_SolverKernel.py::test_kernel_builds 
tests/batchsolving/test_SolverKernel.py::test_algorithm_change 
[gw5] [ 29%] PASSED tests/batchsolving/test_SolverKernel.py::test_algorithm_change 
tests/batchsolving/test_SolverKernel.py::test_getters_get 
[gw5] [ 29%] PASSED tests/batchsolving/test_SolverKernel.py::test_getters_get 
tests/batchsolving/test_SolverKernel.py::test_all_lower_plumbing 
[gw3] [ 29%] PASSED tests/integrators/loops/test_ode_loop.py::test_loop[backwards_euler] 
tests/integrators/loops/test_ode_loop.py::test_all_summary_metrics_numerical_check[no combos] 
[gw1] [ 29%] PASSED tests/integrators/matrix_free_solvers/test_newton_krylov.py::test_newton_krylov_symbolic[2-nonlinear] 
tests/integrators/matrix_free_solvers/test_newton_krylov.py::test_newton_krylov_symbolic[2-stiff] 
[gw0] [ 29%] PASSED tests/integrators/matrix_free_solvers/test_newton_krylov.py::test_newton_krylov_symbolic[0-nonlinear] 
tests/integrators/matrix_free_solvers/test_newton_krylov.py::test_newton_krylov_symbolic[0-stiff] 
[gw7] [ 29%] PASSED tests/batchsolving/test_solver.py::test_solve_ivp_with_summarise_variables 
tests/batchsolving/test_solver.py::test_system_no_observables_default 
[gw7] [ 29%] PASSED tests/batchsolving/test_solver.py::test_system_no_observables_default 
tests/batchsolving/test_solveresult.py::TestSolveResultStaticMethods::test_combine_time_domain_arrays[True-True-<lambda>] 
[gw7] [ 30%] PASSED tests/batchsolving/test_solveresult.py::TestSolveResultStaticMethods::test_combine_time_domain_arrays[True-True-<lambda>] 
tests/batchsolving/test_solveresult.py::TestSolveResultStaticMethods::test_combine_time_domain_arrays[True-False-<lambda>] 
[gw7] [ 30%] PASSED tests/batchsolving/test_solveresult.py::TestSolveResultStaticMethods::test_combine_time_domain_arrays[True-False-<lambda>] 
tests/integrators/test_SingleIntegratorRun.py::test_errorless_euler_with_adaptive_warns_and_replaces 
[gw7] [ 30%] PASSED tests/integrators/test_SingleIntegratorRun.py::test_errorless_euler_with_adaptive_warns_and_replaces 
tests/integrators/test_SingleIntegratorRun.py::test_errorless_rk4_tableau_with_adaptive_warns 
[gw7] [ 30%] PASSED tests/integrators/test_SingleIntegratorRun.py::test_errorless_rk4_tableau_with_adaptive_warns 
tests/integrators/test_SingleIntegratorRun.py::test_adaptive_tableau_with_adaptive_succeeds 
[gw7] [ 30%] PASSED tests/integrators/test_SingleIntegratorRun.py::test_adaptive_tableau_with_adaptive_succeeds 
tests/integrators/test_SingleIntegratorRun.py::test_errorless_euler_with_fixed_succeeds 
[gw7] [ 30%] PASSED tests/integrators/test_SingleIntegratorRun.py::test_errorless_euler_with_fixed_succeeds 
tests/integrators/test_SingleIntegratorRun.py::test_warning_message_contains_algorithm_and_controller 
[gw7] [ 30%] PASSED tests/integrators/test_SingleIntegratorRun.py::test_warning_message_contains_algorithm_and_controller 
tests/integrators/test_array_interpolator.py::test_driver_del_t_matches_cubic_reference 
[gw7] [ 30%] PASSED tests/integrators/test_array_interpolator.py::test_driver_del_t_matches_cubic_reference 
tests/integrators/test_array_interpolator.py::test_cpu_driver_derivative_matches_gpu_reference 
[gw4] [ 30%] PASSED tests/integrators/algorithms/test_step_algorithms.py::test_against_euler[crank_nicolson] 
tests/integrators/algorithms/test_step_algorithms.py::test_algorithm[crank_nicolson] 
[gw7] [ 30%] PASSED tests/integrators/test_array_interpolator.py::test_cpu_driver_derivative_matches_gpu_reference 
tests/integrators/test_array_interpolator.py::test_symbolic_time_derivative_matches_interpolated 
[...]
/tmp/numba-cuda/numba_cuda/numba/cuda/typing/cffi_utils.py                     109     78     38      0    21%   20, 35-38, 43-49, 57-59, 71-98, 113-139, 144-171, 178-182, 193-211, 219
/tmp/numba-cuda/numba_cuda/numba/cuda/typing/cmathdecl.py                       28      0      0      0   100%
/tmp/numba-cuda/numba_cuda/numba/cuda/typing/collections.py                     91     44     24      3    45%   27-29, 35-38, 46-49, 62-63, 64->exit, 73-82, 88-91, 103, 107-111, 122-138
/tmp/numba-cuda/numba_cuda/numba/cuda/typing/context.py                        435     98    184     21    75%   36-42, 68-69, 85, 91-94, 102-103, 127-131, 168-189, 199-202, 215, 221->exit, 283, 287->exit, 309-314, 335-339, 369, 380-384, 412->exit, 482->484, 497, 513-515, 526, 590, 604, 613, 634-645, 680->exit, 684-692, 715, 727, 729, 738, 759, 766-784
/tmp/numba-cuda/numba_cuda/numba/cuda/typing/ctypes_utils.py                    52     41     20      0    15%   38-56, 63-78, 82-89, 97, 104-123
/tmp/numba-cuda/numba_cuda/numba/cuda/typing/enumdecl.py                        36      5      6      2    79%   28, 39-40, 53, 64
/tmp/numba-cuda/numba_cuda/numba/cuda/typing/npdatetime.py                     200     94     66      1    40%   25-31, 36-45, 51-54, 60-66, 75-90, 99-114, 168-174, 211-228, 237-248, 256-264, 270-273, 310-322
/tmp/numba-cuda/numba_cuda/numba/cuda/typing/npydecl.py                        298    145    118     18    44%   46-47, 50-51, 69-70, 73-74, 84-94, 100, 112, 120-121, 135-136, 143->191, 148-185, 242-243, 245, 251, 281-286, 299, 486-517, 568->572, 570->572, 582-591, 600-625, 629-637, 643-661, 670, 678-685, 698-703, 709-721, 727-741, 749
/tmp/numba-cuda/numba_cuda/numba/cuda/typing/templates.py                      625    245    148     40    57%   30->34, 48-53, 57, 61, 65, 69, 75-82, 88, 94, 97, 100-104, 112, 123, 129-141, 147-150, 156, 159, 164-171, 174-177, 206, 224, 231, 234, 239-240, 245-253, 260-272, 278-279, 324-325, 340-348, 369-371, 389->391, 400-408, 413-428, 449-453, 461-468, 469->473, 481, 482->489, 485, 490, 502-520, 534-551, 556, 592, 594-600, 614-622, 627-636, 639-640, 643-644, 650-652, 655-657, 677-756, 763, 837-840, 847, 854->857, 862->864, 894-908, 911-925, 1050, 1070-1084, 1123-1125, 1152-1156, 1161-1166, 1170-1172, 1176, 1196-1203, 1209-1251, 1328->1330, 1385, 1393->1403, 1398
/tmp/numba-cuda/numba_cuda/numba/cuda/typing/typeof.py                         225     96     68     12    51%   52, 63-65, 72-75, 77->85, 83, 96-102, 107-110, 121, 127, 151-156, 164-167, 177, 187, 194, 200-205, 210-216, 227-228, 233-247, 252-253, 259-260, 263-264, 272, 277, 282, 288, 292, 297, 302, 307-310, 322-357
/tmp/numba-cuda/numba_cuda/numba/cuda/ufuncs.py                                175    167     12      0     4%   23, 29-746
/tmp/numba-cuda/numba_cuda/numba/cuda/utils.py                                 339    178     92      7    43%   48->50, 61-67, 176, 212-218, 222-231, 235, 239, 247, 250, 257-261, 268, 271-273, 276, 279-280, 283-284, 287-291, 299-301, 304, 309, 312, 333->329, 334->329, 347-353, 366-375, 411-414, 423-431, 435-451, 464-466, 473-480, 508-570, 614-615, 622, 633-638, 643-644, 647-648, 652-672, 681, 686-688, 695-707, 724
/tmp/numba-cuda/numba_cuda/numba/cuda/vector_types.py                          101     15     22      0    81%   43, 81-82, 124-148
/tmp/numba-cuda/numba_cuda/numba/cuda/vectorizers.py                           131     83     16      0    33%   20-21, 34, 37-64, 67-87, 96-97, 100, 108-110, 113, 116-117, 120, 123, 128-129, 133, 136, 141-144, 160, 163, 171-173, 176, 179, 182, 185-197, 212-213, 216-218, 221, 224, 228, 244-245, 250, 254, 257-260
src/cubie/CUDAFactory.py                                                       164     11     50      9    91%   101->99, 119, 156, 160, 211, 389, 470, 497, 529, 531, 550, 556
src/cubie/__init__.py                                                           15      2      0      0    87%   38-40
src/cubie/_utils.py                                                            183     17     72     11    89%   68, 82, 219, 268-269, 336, 465, 478, 480, 482, 501, 504, 518, 533, 538, 548, 662, 731->728
src/cubie/batchsolving/BatchInputHandler.py                                    208     37    114     20    77%   375, 410-411, 415, 419, 587-588, 624, 630, 647, 688-705, 725, 808-810, 847, 868, 889, 900->904, 901->904, 908-918, 923, 926->928, 944->946
src/cubie/batchsolving/BatchSolverConfig.py                                     28      0      0      0   100%
src/cubie/batchsolving/BatchSolverKernel.py                                    413     33     58     12    89%   138, 140, 319, 324, 449-455, 468, 512-513, 586-596, 638-641, 657->660, 843, 904, 933-936, 1199, 1241, 1247, 1253, 1259, 1275, 1279, 1290
src/cubie/batchsolving/SystemInterface.py                                      102      5     36      5    93%   123, 125, 127, 193, 290
src/cubie/batchsolving/__init__.py                                              16      0      0      0   100%
src/cubie/batchsolving/_utils.py                                                18      0      4      0   100%
src/cubie/batchsolving/arrays/BaseArrayManager.py                              279     34    116     12    86%   433->436, 530-531, 536, 547-553, 565->577, 569->577, 714, 730-751, 783, 797-800, 880, 907-910, 921-924
src/cubie/batchsolving/arrays/BatchInputArrays.py                               94      6     16      5    90%   209->211, 294->292, 298->296, 363, 372-376
src/cubie/batchsolving/arrays/BatchOutputArrays.py                             118      1     14      1    98%   363
src/cubie/batchsolving/arrays/__init__.py                                        0      0      0      0   100%
src/cubie/batchsolving/solver.py                                               305     21     54     13    90%   218->220, 220->222, 222->224, 224->226, 297-298, 522, 527, 599, 602, 604, 610, 617-620, 626, 639, 649, 660, 705, 710, 725, 836, 841, 846, 979
src/cubie/batchsolving/solveresult.py                                          234     18     80     16    88%   66, 256, 309->317, 311, 313, 318-323, 353, 375-376, 407->419, 415, 434, 664->666, 666->670, 679-680, 697-698, 727->729, 729->732
src/cubie/buffer_registry.py                                                   263     11    102      1    95%   138-147, 650->exit, 938, 943
src/cubie/cuda_simsafe.py                                                       26      2      6      2    88%   170, 192
src/cubie/integrators/IntegratorRunSettings.py                                  10      1      0      0    90%   41
src/cubie/integrators/SingleIntegratorRun.py                                   314      8      8      1    97%   48, 146, 152, 232, 238, 283, 363, 376
src/cubie/integrators/SingleIntegratorRunCore.py                               225      8     72     13    93%   101, 367, 369, 371, 461->464, 503, 506, 508, 532->537, 541->552, 568, 569->572, 585->593
src/cubie/integrators/__init__.py                                               15      0      0      0   100%
src/cubie/integrators/algorithms/__init__.py                                    62      8     28      5    83%   91, 108, 150->152, 156, 161-168
src/cubie/integrators/algorithms/backwards_euler.py                             46      2      0      0    96%   312, 327
src/cubie/integrators/algorithms/backwards_euler_predict_correct.py              6      0      0      0   100%
src/cubie/integrators/algorithms/base_algorithm_step.py                        222     17     48     10    89%   119, 121, 123, 160, 240-242, 432, 444, 542, 545, 565-567, 575, 586, 646
src/cubie/integrators/algorithms/crank_nicolson.py                              38      0      0      0   100%
src/cubie/integrators/algorithms/explicit_euler.py                              26      0      0      0   100%
src/cubie/integrators/algorithms/generic_dirk.py                                69      1      2      1    97%   210
src/cubie/integrators/algorithms/generic_dirk_tableaus.py                       31      0      0      0   100%
src/cubie/integrators/algorithms/generic_erk.py                                 49      0      2      0   100%
src/cubie/integrators/algorithms/generic_erk_tableaus.py                        22      0      0      0   100%
src/cubie/integrators/algorithms/generic_firk.py                                78      2      2      0    98%   135, 553
src/cubie/integrators/algorithms/generic_firk_tableaus.py                       30      3      6      3    83%   57, 59, 69
src/cubie/integrators/algorithms/generic_rosenbrock_w.py                        83      4      4      1    92%   242, 760-762
src/cubie/integrators/algorithms/generic_rosenbrockw_tableaus.py                52      5      2      0    87%   49-53
src/cubie/integrators/algorithms/ode_explicitstep.py                            20      0      0      0   100%
src/cubie/integrators/algorithms/ode_implicitstep.py                           120     11      8      1    91%   71-81, 133, 165, 334, 340, 346, 409-411
src/cubie/integrators/array_interpolator.py                                    315     25    112     24    89%   272-273, 278, 287, 293, 324, 331, 333, 340, 347, 350, 506, 509, 511, 517, 545, 578, 582, 730, 736, 768, 788, 793, 898->932, 902->932, 918, 933
src/cubie/integrators/loops/__init__.py                                          2      0      0      0   100%
src/cubie/integrators/loops/ode_loop.py                                        172      8      8      2    94%   342, 348, 956, 962, 968, 974, 1004, 1021
src/cubie/integrators/loops/ode_loop_config.py                                  90      2     12      1    97%   240, 257
src/cubie/integrators/matrix_free_solvers/__init__.py                            9      0      0      0   100%
src/cubie/integrators/matrix_free_solvers/linear_solver.py                     114     11      4      1    90%   94, 99, 115, 550, 569, 574, 594, 599, 604, 609, 622
src/cubie/integrators/matrix_free_solvers/newton_krylov.py                     140     10      4      1    92%   125, 144, 527, 559, 602, 610, 618, 633-635
src/cubie/integrators/step_control/__init__.py                                  24      1      4      2    89%   68->70, 74
src/cubie/integrators/step_control/adaptive_I_controller.py                     29      0      0      0   100%
src/cubie/integrators/step_control/adaptive_PID_controller.py                   67      0      0      0   100%
src/cubie/integrators/step_control/adaptive_PI_controller.py                    56      3      0      0    95%   100-102
src/cubie/integrators/step_control/adaptive_step_controller.py                 104      7     14      5    88%   56-57, 111, 113-119, 122, 137
src/cubie/integrators/step_control/base_step_controller.py                      80      7     10      4    88%   86, 168, 174, 248, 251, 253, 280
src/cubie/integrators/step_control/fixed_step_controller.py                     47      0      0      0   100%
src/cubie/integrators/step_control/gustafsson_controller.py                     56      3      0      0    95%   60-64
src/cubie/memory/__init__.py                                                     4      0      0      0   100%
src/cubie/memory/array_requests.py                                              26      0      6      0   100%
src/cubie/memory/cupy_emm.py                                                   115     58     20      7    47%   53, 56, 60-63, 122->125, 127, 152->exit, 153->exit, 183-202, 218-231, 254-271, 286, 299, 322-324, 343-344, 349, 368, 379-387, 403-405, 424, 435-444, 460-462
src/cubie/memory/mem_manager.py                                                390     35    134     15    89%   53, 92->exit, 98-105, 221, 314-327, 381, 416-442, 548, 581, 607, 702, 714, 751, 834->833, 978, 987, 1104, 1431->1440
src/cubie/memory/stream_groups.py                                               51      4     20      4    89%   64, 66, 94, 195
src/cubie/odesystems/ODEData.py                                                 67      4      2      0    94%   157, 162, 167, 172
src/cubie/odesystems/SystemValues.py                                           135      6     72      7    94%   107, 152, 157->154, 269, 437, 439, 510
src/cubie/odesystems/__init__.py                                                 5      0      0      0   100%
src/cubie/odesystems/baseODE.py                                                117     12     20      8    85%   175, 209, 212, 214, 234, 265, 268, 270, 282, 332, 357, 411
src/cubie/odesystems/symbolic/__init__.py                                       10      0      0      0   100%
src/cubie/odesystems/symbolic/codegen/__init__.py                                5      0      0      0   100%
src/cubie/odesystems/symbolic/codegen/_stage_utils.py                           23      0      4      0   100%
src/cubie/odesystems/symbolic/codegen/dxdt.py                                   55      3     12      4    90%   100, 103->114, 155, 177
src/cubie/odesystems/symbolic/codegen/jacobian.py                              127     12     54     11    85%   41->43, 43->38, 47-53, 90, 137->143, 169->171, 174, 192->199, 195, 315, 326
src/cubie/odesystems/symbolic/codegen/linear_operators.py                      286     20     92     16    90%   256, 272, 283, 298, 318, 330, 338-341, 347, 482-483, 541->549, 634, 656, 708, 728, 749-750, 754
src/cubie/odesystems/symbolic/codegen/nonlinear_residuals.py                   153      7     48      6    94%   173, 178, 253, 283, 301, 372-373
src/cubie/odesystems/symbolic/codegen/numba_cuda_printer.py                    108      5     24      4    93%   99->103, 389-391, 401-402, 425->427
src/cubie/odesystems/symbolic/codegen/preconditioners.py                       181      8     52      8    93%   217, 241, 260, 339, 361, 407, 423, 443
src/cubie/odesystems/symbolic/codegen/time_derivative.py                        68      3     20      3    93%   94, 132, 142
src/cubie/odesystems/symbolic/indexedbasemaps.py                               168      8     36      5    93%   72-74, 95-100, 108->111, 128->131, 157
src/cubie/odesystems/symbolic/odefile.py                                        67      1     28      1    98%   127
src/cubie/odesystems/symbolic/parsing/__init__.py                                5      0      0      0   100%
src/cubie/odesystems/symbolic/parsing/auxiliary_caching.py                     242     50    102     13    77%   119->125, 168, 185-259, 271, 286, 295, 336-337, 339, 371-372, 418, 439, 458-469, 485-486, 540-541
src/cubie/odesystems/symbolic/parsing/cellml.py                                130      7     72     11    91%   97, 229->233, 236, 245->266, 250->249, 254, 259->266, 282-284, 293, 342->329, 350->349, 356
src/cubie/odesystems/symbolic/parsing/jvp_equations.py                         216     17     68      5    89%   104->103, 113, 125->124, 140->135, 163, 294-308
src/cubie/odesystems/symbolic/parsing/parser.py                                519     63    218     32    86%   89->95, 92->95, 149-150, 163, 168, 180, 197, 202, 211, 218, 348, 364, 376, 388, 405, 579-580, 632->636, 637, 640, 648, 839-851, 869, 872, 882, 896, 901-916, 1028-1029, 1115-1125, 1181, 1216-1233, 1341, 1442, 1469, 1492, 1501->1500, 1522->1521, 1546, 1574->1578
src/cubie/odesystems/symbolic/sym_utils.py                                     103      0     46      2    99%   126->121, 128->121
src/cubie/odesystems/symbolic/symbolicODE.py                                   155      9     38      5    93%   177, 181-182, 284, 323, 338, 348, 555, 559
src/cubie/outputhandling/__init__.py                                             5      0      0      0   100%
src/cubie/outputhandling/output_config.py                                      265      4     54      6    97%   64->exit, 66, 334->339, 366->371, 665, 817, 819
src/cubie/outputhandling/output_functions.py                                   134      2     10      2    97%   167, 178
src/cubie/outputhandling/output_sizes.py                                        84      0      4      1    99%   55->53
src/cubie/outputhandling/save_state.py                                          11      0      0      0   100%
src/cubie/outputhandling/save_summaries.py                                      40      1      2      0    98%   60
src/cubie/outputhandling/summarymetrics/__init__.py                             22      0      0      0   100%
src/cubie/outputhandling/summarymetrics/d2xdt2_extrema.py                       12      0      0      0   100%
src/cubie/outputhandling/summarymetrics/d2xdt2_max.py                           12      0      0      0   100%
src/cubie/outputhandling/summarymetrics/d2xdt2_min.py                           12      3      0      0    75%   58-141
src/cubie/outputhandling/summarymetrics/dxdt_extrema.py                         12      0      0      0   100%
src/cubie/outputhandling/summarymetrics/dxdt_max.py                             12      0      0      0   100%
src/cubie/outputhandling/summarymetrics/dxdt_min.py                             12      3      0      0    75%   57-136
src/cubie/outputhandling/summarymetrics/extrema.py                              10      0      0      0   100%
src/cubie/outputhandling/summarymetrics/max.py                                  10      0      0      0   100%
src/cubie/outputhandling/summarymetrics/max_magnitude.py                        11      0      0      0   100%
src/cubie/outputhandling/summarymetrics/mean.py                                 10      0      0      0   100%
src/cubie/outputhandling/summarymetrics/mean_std.py                             11      2      0      0    82%   59-155
src/cubie/outputhandling/summarymetrics/mean_std_rms.py                         12      0      0      0   100%
src/cubie/outputhandling/summarymetrics/metrics.py                             199      8     50      2    95%   323->325, 397->394, 573-581
src/cubie/outputhandling/summarymetrics/min.py                                  11      2      0      0    82%   53-129
src/cubie/outputhandling/summarymetrics/negative_peaks.py                       11      0      0      0   100%
src/cubie/outputhandling/summarymetrics/peaks.py                                11      0      0      0   100%
src/cubie/outputhandling/summarymetrics/rms.py                                  12      0      0      0   100%
src/cubie/outputhandling/summarymetrics/std.py                                  12      2      0      0    83%   56-149
src/cubie/outputhandling/summarymetrics/std_rms.py                              12      2      0      0    83%   60-163
src/cubie/outputhandling/update_summaries.py                                    33      1      2      0    97%   61
src/cubie/time_logger.py                                                       232     52    146     20    75%   66->68, 78-81, 102-105, 123-126, 147-157, 240, 290, 387->383, 429->419, 484-495, 505-508, 514, 527->570, 532, 548-558, 565, 586, 592, 644-647, 668, 674-688
------------------------------------------------------------------------------------------------------------------------
TOTAL                                                                        73266  35945  18312   1622    46%
Coverage XML written to file coverage.xml
================ 1186 passed, 140 warnings in 760.67s (0:12:40) ================
